[2026-01-03T14:36:52.961+0000] {local_task_job_runner.py:120} INFO - ::group::Pre task execution logs
[2026-01-03T14:36:53.018+0000] {taskinstance.py:2076} INFO - Dependencies all met for dep_context=non-requeueable deps ti=<TaskInstance: PythonAndBranPythonDemo.check_file scheduled__2026-01-03T06:10:00+00:00 [queued]>
[2026-01-03T14:36:53.042+0000] {taskinstance.py:2076} INFO - Dependencies all met for dep_context=requeueable deps ti=<TaskInstance: PythonAndBranPythonDemo.check_file scheduled__2026-01-03T06:10:00+00:00 [queued]>
[2026-01-03T14:36:53.043+0000] {taskinstance.py:2306} INFO - Starting attempt 1 of 1
[2026-01-03T14:36:53.156+0000] {taskinstance.py:2330} INFO - Executing <Task(BranchPythonOperator): check_file> on 2026-01-03 06:10:00+00:00
[2026-01-03T14:36:53.166+0000] {standard_task_runner.py:63} INFO - Started process 3823 to run task
[2026-01-03T14:36:53.176+0000] {standard_task_runner.py:90} INFO - Running: ['airflow', 'tasks', 'run', 'PythonAndBranPythonDemo', 'check_file', 'scheduled__2026-01-03T06:10:00+00:00', '--job-id', '89', '--raw', '--subdir', 'DAGS_FOLDER/PythonAndBranchPythonExample.py', '--cfg-path', '/tmp/tmpwdep9grj']
[2026-01-03T14:36:53.189+0000] {standard_task_runner.py:91} INFO - Job 89: Subtask check_file
[2026-01-03T14:36:53.398+0000] {task_command.py:426} INFO - Running <TaskInstance: PythonAndBranPythonDemo.check_file scheduled__2026-01-03T06:10:00+00:00 [running]> on host 2606720bf4f4
[2026-01-03T14:36:53.686+0000] {taskinstance.py:2648} INFO - Exporting env vars: AIRFLOW_CTX_DAG_OWNER='airflow' AIRFLOW_CTX_DAG_ID='PythonAndBranPythonDemo' AIRFLOW_CTX_TASK_ID='check_file' AIRFLOW_CTX_EXECUTION_DATE='2026-01-03T06:10:00+00:00' AIRFLOW_CTX_TRY_NUMBER='1' AIRFLOW_CTX_DAG_RUN_ID='scheduled__2026-01-03T06:10:00+00:00'
[2026-01-03T14:36:53.688+0000] {taskinstance.py:430} INFO - ::endgroup::
[2026-01-03T14:36:53.705+0000] {baseoperator.py:399} WARNING - BranchPythonOperator.execute cannot be called outside TaskInstance!
[2026-01-03T14:36:53.707+0000] {python.py:237} INFO - Done. Returned value was: load_data_bigquery_task
[2026-01-03T14:36:53.708+0000] {branch.py:36} INFO - Branch into load_data_bigquery_task
[2026-01-03T14:36:53.709+0000] {skipmixin.py:178} INFO - Following branch load_data_bigquery_task
[2026-01-03T14:36:53.739+0000] {skipmixin.py:246} INFO - Skipping tasks []
[2026-01-03T14:36:53.823+0000] {taskinstance.py:441} INFO - ::group::Post task execution logs
[2026-01-03T14:36:53.958+0000] {taskinstance.py:1206} INFO - Marking task as SUCCESS. dag_id=PythonAndBranPythonDemo, task_id=check_file, run_id=scheduled__2026-01-03T06:10:00+00:00, execution_date=20260103T061000, start_date=20260103T143653, end_date=20260103T143653
[2026-01-03T14:36:54.076+0000] {local_task_job_runner.py:240} INFO - Task exited with return code 0
[2026-01-03T14:36:54.185+0000] {taskinstance.py:3498} INFO - 1 downstream tasks scheduled from follow-on schedule check
[2026-01-03T14:36:54.226+0000] {local_task_job_runner.py:222} INFO - ::endgroup::
