[2026-01-02T10:43:48.061+0000] {manager.py:470} INFO - Processing files using up to 1 processes at a time 
[2026-01-02T10:43:48.064+0000] {manager.py:471} INFO - Process each file at most once every 30 seconds
[2026-01-02T10:43:48.067+0000] {manager.py:472} INFO - Checking for new files in /opt/airflow/dags every 300 seconds
[2026-01-02T10:43:48.068+0000] {manager.py:737} INFO - Searching for files in /opt/airflow/dags
[2026-01-02T10:43:48.071+0000] {manager.py:740} INFO - There are 0 files in /opt/airflow/dags
[2026-01-02T10:48:48.370+0000] {manager.py:737} INFO - Searching for files in /opt/airflow/dags
[2026-01-02T10:48:48.376+0000] {manager.py:740} INFO - There are 0 files in /opt/airflow/dags
[2026-01-02T10:53:48.383+0000] {manager.py:737} INFO - Searching for files in /opt/airflow/dags
[2026-01-02T10:53:48.408+0000] {manager.py:740} INFO - There are 1 files in /opt/airflow/dags
[2026-01-02T10:54:00.888+0000] {manager.py:878} INFO - 
================================================================================
DAG File Processing Stats

File Path                      PID    Runtime      # DAGs    # Errors  Last Runtime    Last Run
-----------------------------  -----  ---------  --------  ----------  --------------  -------------------
/opt/airflow/dags/irst_dag.py                           1           0  0.93s           2026-01-02T10:53:49
================================================================================
[2026-01-02T10:54:32.617+0000] {manager.py:878} INFO - 
================================================================================
DAG File Processing Stats

File Path                      PID    Runtime      # DAGs    # Errors  Last Runtime    Last Run
-----------------------------  -----  ---------  --------  ----------  --------------  -------------------
/opt/airflow/dags/irst_dag.py                           1           0  0.31s           2026-01-02T10:54:20
================================================================================
[2026-01-02T10:55:03.689+0000] {manager.py:878} INFO - 
================================================================================
DAG File Processing Stats

File Path                      PID    Runtime      # DAGs    # Errors  Last Runtime    Last Run
-----------------------------  -----  ---------  --------  ----------  --------------  -------------------
/opt/airflow/dags/irst_dag.py                           1           0  0.41s           2026-01-02T10:54:51
================================================================================
[2026-01-02T10:55:39.762+0000] {manager.py:878} INFO - 
================================================================================
DAG File Processing Stats

File Path                      PID    Runtime      # DAGs    # Errors  Last Runtime    Last Run
-----------------------------  -----  ---------  --------  ----------  --------------  -------------------
/opt/airflow/dags/irst_dag.py                           1           0  0.31s           2026-01-02T10:55:21
================================================================================
[2026-01-02T10:56:09.855+0000] {manager.py:878} INFO - 
================================================================================
DAG File Processing Stats

File Path                      PID    Runtime      # DAGs    # Errors  Last Runtime    Last Run
-----------------------------  -----  ---------  --------  ----------  --------------  -------------------
/opt/airflow/dags/irst_dag.py                           1           0  0.42s           2026-01-02T10:55:52
================================================================================
