[2026-01-13T02:50:43.100+0000] {processor.py:161} INFO - Started process (PID=4371) to work on /opt/airflow/dags/DagDependency.py
[2026-01-13T02:50:43.113+0000] {processor.py:830} INFO - Processing file /opt/airflow/dags/DagDependency.py for tasks to queue
[2026-01-13T02:50:43.119+0000] {logging_mixin.py:188} INFO - [2026-01-13T02:50:43.118+0000] {dagbag.py:545} INFO - Filling up the DagBag from /opt/airflow/dags/DagDependency.py
[2026-01-13T02:50:43.389+0000] {logging_mixin.py:188} INFO - [2026-01-13T02:50:43.271+0000] {dagbag.py:355} ERROR - Failed to import: /opt/airflow/dags/DagDependency.py
Traceback (most recent call last):
  File "/home/airflow/.local/lib/python3.10/site-packages/airflow/models/dagbag.py", line 351, in parse
    loader.exec_module(new_module)
  File "<frozen importlib._bootstrap_external>", line 883, in exec_module
  File "<frozen importlib._bootstrap>", line 241, in _call_with_frames_removed
  File "/opt/airflow/dags/DagDependency.py", line 39, in <module>
    sleep_task=PythonOperator(
  File "/home/airflow/.local/lib/python3.10/site-packages/airflow/models/baseoperator.py", line 484, in apply_defaults
    result = func(self, **kwargs, default_args=default_args)
  File "/home/airflow/.local/lib/python3.10/site-packages/airflow/operators/python.py", line 220, in __init__
    super().__init__(**kwargs)
  File "/home/airflow/.local/lib/python3.10/site-packages/airflow/models/baseoperator.py", line 484, in apply_defaults
    result = func(self, **kwargs, default_args=default_args)
  File "/home/airflow/.local/lib/python3.10/site-packages/airflow/models/baseoperator.py", line 881, in __init__
    raise AirflowException(
airflow.exceptions.AirflowException: Invalid arguments were passed to PythonOperator (task_id: sleep_task). Invalid arguments were:
**kwargs: {'provider_context': True}
[2026-01-13T02:50:43.393+0000] {processor.py:842} WARNING - No viable dags retrieved from /opt/airflow/dags/DagDependency.py
[2026-01-13T02:50:44.027+0000] {processor.py:183} INFO - Processing /opt/airflow/dags/DagDependency.py took 0.953 seconds
[2026-01-13T02:51:14.604+0000] {processor.py:161} INFO - Started process (PID=4380) to work on /opt/airflow/dags/DagDependency.py
[2026-01-13T02:51:14.610+0000] {processor.py:830} INFO - Processing file /opt/airflow/dags/DagDependency.py for tasks to queue
[2026-01-13T02:51:14.615+0000] {logging_mixin.py:188} INFO - [2026-01-13T02:51:14.614+0000] {dagbag.py:545} INFO - Filling up the DagBag from /opt/airflow/dags/DagDependency.py
[2026-01-13T02:51:14.805+0000] {logging_mixin.py:188} INFO - [2026-01-13T02:51:14.792+0000] {dagbag.py:355} ERROR - Failed to import: /opt/airflow/dags/DagDependency.py
Traceback (most recent call last):
  File "/home/airflow/.local/lib/python3.10/site-packages/airflow/models/dagbag.py", line 351, in parse
    loader.exec_module(new_module)
  File "<frozen importlib._bootstrap_external>", line 883, in exec_module
  File "<frozen importlib._bootstrap>", line 241, in _call_with_frames_removed
  File "/opt/airflow/dags/DagDependency.py", line 39, in <module>
    sleep_task=PythonOperator(
  File "/home/airflow/.local/lib/python3.10/site-packages/airflow/models/baseoperator.py", line 484, in apply_defaults
    result = func(self, **kwargs, default_args=default_args)
  File "/home/airflow/.local/lib/python3.10/site-packages/airflow/operators/python.py", line 220, in __init__
    super().__init__(**kwargs)
  File "/home/airflow/.local/lib/python3.10/site-packages/airflow/models/baseoperator.py", line 484, in apply_defaults
    result = func(self, **kwargs, default_args=default_args)
  File "/home/airflow/.local/lib/python3.10/site-packages/airflow/models/baseoperator.py", line 881, in __init__
    raise AirflowException(
airflow.exceptions.AirflowException: Invalid arguments were passed to PythonOperator (task_id: sleep_task). Invalid arguments were:
**kwargs: {'provider_context': True}
[2026-01-13T02:51:14.806+0000] {processor.py:842} WARNING - No viable dags retrieved from /opt/airflow/dags/DagDependency.py
[2026-01-13T02:51:14.936+0000] {processor.py:183} INFO - Processing /opt/airflow/dags/DagDependency.py took 0.348 seconds
