[2026-01-13T02:50:40.616+0000] {processor.py:161} INFO - Started process (PID=4370) to work on /opt/airflow/dags/DagDependencyChaild.py
[2026-01-13T02:50:40.621+0000] {processor.py:830} INFO - Processing file /opt/airflow/dags/DagDependencyChaild.py for tasks to queue
[2026-01-13T02:50:40.626+0000] {logging_mixin.py:188} INFO - [2026-01-13T02:50:40.625+0000] {dagbag.py:545} INFO - Filling up the DagBag from /opt/airflow/dags/DagDependencyChaild.py
[2026-01-13T02:50:40.784+0000] {logging_mixin.py:188} INFO - [2026-01-13T02:50:40.732+0000] {dagbag.py:355} ERROR - Failed to import: /opt/airflow/dags/DagDependencyChaild.py
Traceback (most recent call last):
  File "/home/airflow/.local/lib/python3.10/site-packages/airflow/models/dagbag.py", line 351, in parse
    loader.exec_module(new_module)
  File "<frozen importlib._bootstrap_external>", line 883, in exec_module
  File "<frozen importlib._bootstrap>", line 241, in _call_with_frames_removed
  File "/opt/airflow/dags/DagDependencyChaild.py", line 7, in <module>
    from airflow.providers.standard.sensors.external_task import ExternalTaskSensor
ModuleNotFoundError: No module named 'airflow.providers.standard'
[2026-01-13T02:50:40.801+0000] {processor.py:842} WARNING - No viable dags retrieved from /opt/airflow/dags/DagDependencyChaild.py
[2026-01-13T02:50:41.094+0000] {processor.py:183} INFO - Processing /opt/airflow/dags/DagDependencyChaild.py took 0.512 seconds
[2026-01-13T02:51:12.057+0000] {processor.py:161} INFO - Started process (PID=4379) to work on /opt/airflow/dags/DagDependencyChaild.py
[2026-01-13T02:51:12.062+0000] {processor.py:830} INFO - Processing file /opt/airflow/dags/DagDependencyChaild.py for tasks to queue
[2026-01-13T02:51:12.066+0000] {logging_mixin.py:188} INFO - [2026-01-13T02:51:12.065+0000] {dagbag.py:545} INFO - Filling up the DagBag from /opt/airflow/dags/DagDependencyChaild.py
[2026-01-13T02:51:12.376+0000] {logging_mixin.py:188} INFO - [2026-01-13T02:51:12.160+0000] {dagbag.py:355} ERROR - Failed to import: /opt/airflow/dags/DagDependencyChaild.py
Traceback (most recent call last):
  File "/home/airflow/.local/lib/python3.10/site-packages/airflow/models/dagbag.py", line 351, in parse
    loader.exec_module(new_module)
  File "<frozen importlib._bootstrap_external>", line 883, in exec_module
  File "<frozen importlib._bootstrap>", line 241, in _call_with_frames_removed
  File "/opt/airflow/dags/DagDependencyChaild.py", line 7, in <module>
    from airflow.providers.standard.sensors.external_task import ExternalTaskSensor
ModuleNotFoundError: No module named 'airflow.providers.standard'
[2026-01-13T02:51:12.388+0000] {processor.py:842} WARNING - No viable dags retrieved from /opt/airflow/dags/DagDependencyChaild.py
[2026-01-13T02:51:13.342+0000] {processor.py:183} INFO - Processing /opt/airflow/dags/DagDependencyChaild.py took 1.304 seconds
