[2026-01-03T01:57:42.731+0000] {local_task_job_runner.py:120} INFO - ::group::Pre task execution logs
[2026-01-03T01:57:42.888+0000] {taskinstance.py:2076} INFO - Dependencies all met for dep_context=non-requeueable deps ti=<TaskInstance: simple_3_task_dag.task_1_start scheduled__2026-01-02T00:00:00+00:00 [queued]>
[2026-01-03T01:57:42.999+0000] {taskinstance.py:2076} INFO - Dependencies all met for dep_context=requeueable deps ti=<TaskInstance: simple_3_task_dag.task_1_start scheduled__2026-01-02T00:00:00+00:00 [queued]>
[2026-01-03T01:57:43.004+0000] {taskinstance.py:2306} INFO - Starting attempt 1 of 1
[2026-01-03T01:57:43.189+0000] {taskinstance.py:2330} INFO - Executing <Task(BashOperator): task_1_start> on 2026-01-02 00:00:00+00:00
[2026-01-03T01:57:43.208+0000] {standard_task_runner.py:63} INFO - Started process 742 to run task
[2026-01-03T01:57:43.250+0000] {standard_task_runner.py:90} INFO - Running: ['airflow', 'tasks', 'run', 'simple_3_task_dag', 'task_1_start', 'scheduled__2026-01-02T00:00:00+00:00', '--job-id', '10', '--raw', '--subdir', 'DAGS_FOLDER/irst_dag.py', '--cfg-path', '/tmp/tmpktp8czj2']
[2026-01-03T01:57:43.255+0000] {standard_task_runner.py:91} INFO - Job 10: Subtask task_1_start
[2026-01-03T01:57:44.252+0000] {task_command.py:426} INFO - Running <TaskInstance: simple_3_task_dag.task_1_start scheduled__2026-01-02T00:00:00+00:00 [running]> on host 2606720bf4f4
[2026-01-03T01:57:44.893+0000] {taskinstance.py:2648} INFO - Exporting env vars: AIRFLOW_CTX_DAG_OWNER='airflow' AIRFLOW_CTX_DAG_ID='simple_3_task_dag' AIRFLOW_CTX_TASK_ID='task_1_start' AIRFLOW_CTX_EXECUTION_DATE='2026-01-02T00:00:00+00:00' AIRFLOW_CTX_TRY_NUMBER='1' AIRFLOW_CTX_DAG_RUN_ID='scheduled__2026-01-02T00:00:00+00:00'
[2026-01-03T01:57:44.895+0000] {taskinstance.py:430} INFO - ::endgroup::
[2026-01-03T01:57:45.007+0000] {subprocess.py:63} INFO - Tmp dir root location: /tmp
[2026-01-03T01:57:45.012+0000] {subprocess.py:75} INFO - Running command: ['/usr/bin/bash', '-c', "echo 'Task 1: Start'"]
[2026-01-03T01:57:45.032+0000] {subprocess.py:86} INFO - Output:
[2026-01-03T01:57:45.132+0000] {subprocess.py:93} INFO - Task 1: Start
[2026-01-03T01:57:45.152+0000] {subprocess.py:97} INFO - Command exited with return code 0
[2026-01-03T01:57:45.155+0000] {taskinstance.py:441} INFO - ::group::Post task execution logs
[2026-01-03T01:57:45.406+0000] {taskinstance.py:1206} INFO - Marking task as SUCCESS. dag_id=simple_3_task_dag, task_id=task_1_start, run_id=scheduled__2026-01-02T00:00:00+00:00, execution_date=20260102T000000, start_date=20260103T015742, end_date=20260103T015745
[2026-01-03T01:57:45.558+0000] {local_task_job_runner.py:240} INFO - Task exited with return code 0
[2026-01-03T01:57:45.762+0000] {taskinstance.py:3498} INFO - 1 downstream tasks scheduled from follow-on schedule check
[2026-01-03T01:57:45.800+0000] {local_task_job_runner.py:222} INFO - ::endgroup::
