[2026-01-26T14:38:47.021+0000] {processor.py:161} INFO - Started process (PID=52) to work on /opt/airflow/dags/BackfillerExampleDemo.py
[2026-01-26T14:38:47.023+0000] {processor.py:830} INFO - Processing file /opt/airflow/dags/BackfillerExampleDemo.py for tasks to queue
[2026-01-26T14:38:47.028+0000] {logging_mixin.py:188} INFO - [2026-01-26T14:38:47.027+0000] {dagbag.py:545} INFO - Filling up the DagBag from /opt/airflow/dags/BackfillerExampleDemo.py
[2026-01-26T14:38:47.080+0000] {processor.py:840} INFO - DAG(s) 'BackFileExampleDemo' retrieved from /opt/airflow/dags/BackfillerExampleDemo.py
[2026-01-26T14:38:47.114+0000] {logging_mixin.py:188} INFO - [2026-01-26T14:38:47.113+0000] {dag.py:3096} INFO - Sync 1 DAGs
[2026-01-26T14:38:47.177+0000] {logging_mixin.py:188} INFO - [2026-01-26T14:38:47.176+0000] {dag.py:3954} INFO - Setting next_dagrun for BackFileExampleDemo to 2026-01-25 00:00:00+00:00, run_after=2026-01-26 00:00:00+00:00
[2026-01-26T14:38:47.279+0000] {processor.py:183} INFO - Processing /opt/airflow/dags/BackfillerExampleDemo.py took 0.273 seconds
[2026-01-26T14:39:17.722+0000] {processor.py:161} INFO - Started process (PID=80) to work on /opt/airflow/dags/BackfillerExampleDemo.py
[2026-01-26T14:39:17.724+0000] {processor.py:830} INFO - Processing file /opt/airflow/dags/BackfillerExampleDemo.py for tasks to queue
[2026-01-26T14:39:17.729+0000] {logging_mixin.py:188} INFO - [2026-01-26T14:39:17.728+0000] {dagbag.py:545} INFO - Filling up the DagBag from /opt/airflow/dags/BackfillerExampleDemo.py
[2026-01-26T14:39:17.759+0000] {processor.py:840} INFO - DAG(s) 'BackFileExampleDemo' retrieved from /opt/airflow/dags/BackfillerExampleDemo.py
[2026-01-26T14:39:17.917+0000] {logging_mixin.py:188} INFO - [2026-01-26T14:39:17.916+0000] {dag.py:3096} INFO - Sync 1 DAGs
[2026-01-26T14:39:17.946+0000] {logging_mixin.py:188} INFO - [2026-01-26T14:39:17.946+0000] {dag.py:3954} INFO - Setting next_dagrun for BackFileExampleDemo to 2026-01-26 00:00:00+00:00, run_after=2026-01-27 00:00:00+00:00
[2026-01-26T14:39:18.019+0000] {processor.py:183} INFO - Processing /opt/airflow/dags/BackfillerExampleDemo.py took 0.306 seconds
[2026-01-26T14:39:53.726+0000] {processor.py:161} INFO - Started process (PID=52) to work on /opt/airflow/dags/BackfillerExampleDemo.py
[2026-01-26T14:39:53.730+0000] {processor.py:830} INFO - Processing file /opt/airflow/dags/BackfillerExampleDemo.py for tasks to queue
[2026-01-26T14:39:53.741+0000] {logging_mixin.py:188} INFO - [2026-01-26T14:39:53.738+0000] {dagbag.py:545} INFO - Filling up the DagBag from /opt/airflow/dags/BackfillerExampleDemo.py
[2026-01-26T14:39:53.807+0000] {processor.py:840} INFO - DAG(s) 'BackFileExampleDemo' retrieved from /opt/airflow/dags/BackfillerExampleDemo.py
[2026-01-26T14:39:53.838+0000] {logging_mixin.py:188} INFO - [2026-01-26T14:39:53.838+0000] {dag.py:3096} INFO - Sync 1 DAGs
[2026-01-26T14:39:53.902+0000] {logging_mixin.py:188} INFO - [2026-01-26T14:39:53.901+0000] {dag.py:3954} INFO - Setting next_dagrun for BackFileExampleDemo to 2026-01-26 00:00:00+00:00, run_after=2026-01-27 00:00:00+00:00
[2026-01-26T14:39:54.034+0000] {processor.py:183} INFO - Processing /opt/airflow/dags/BackfillerExampleDemo.py took 0.328 seconds
[2026-01-26T14:40:24.619+0000] {processor.py:161} INFO - Started process (PID=71) to work on /opt/airflow/dags/BackfillerExampleDemo.py
[2026-01-26T14:40:24.621+0000] {processor.py:830} INFO - Processing file /opt/airflow/dags/BackfillerExampleDemo.py for tasks to queue
[2026-01-26T14:40:24.626+0000] {logging_mixin.py:188} INFO - [2026-01-26T14:40:24.625+0000] {dagbag.py:545} INFO - Filling up the DagBag from /opt/airflow/dags/BackfillerExampleDemo.py
[2026-01-26T14:40:24.655+0000] {processor.py:840} INFO - DAG(s) 'BackFileExampleDemo' retrieved from /opt/airflow/dags/BackfillerExampleDemo.py
[2026-01-26T14:40:24.818+0000] {logging_mixin.py:188} INFO - [2026-01-26T14:40:24.817+0000] {dag.py:3096} INFO - Sync 1 DAGs
[2026-01-26T14:40:24.852+0000] {logging_mixin.py:188} INFO - [2026-01-26T14:40:24.852+0000] {dag.py:3954} INFO - Setting next_dagrun for BackFileExampleDemo to 2026-01-26 00:00:00+00:00, run_after=2026-01-27 00:00:00+00:00
[2026-01-26T14:40:24.930+0000] {processor.py:183} INFO - Processing /opt/airflow/dags/BackfillerExampleDemo.py took 0.320 seconds
[2026-01-26T14:40:55.224+0000] {processor.py:161} INFO - Started process (PID=81) to work on /opt/airflow/dags/BackfillerExampleDemo.py
[2026-01-26T14:40:55.225+0000] {processor.py:830} INFO - Processing file /opt/airflow/dags/BackfillerExampleDemo.py for tasks to queue
[2026-01-26T14:40:55.228+0000] {logging_mixin.py:188} INFO - [2026-01-26T14:40:55.227+0000] {dagbag.py:545} INFO - Filling up the DagBag from /opt/airflow/dags/BackfillerExampleDemo.py
[2026-01-26T14:40:55.248+0000] {processor.py:840} INFO - DAG(s) 'BackFileExampleDemo' retrieved from /opt/airflow/dags/BackfillerExampleDemo.py
[2026-01-26T14:40:55.276+0000] {logging_mixin.py:188} INFO - [2026-01-26T14:40:55.275+0000] {dag.py:3096} INFO - Sync 1 DAGs
[2026-01-26T14:40:55.302+0000] {logging_mixin.py:188} INFO - [2026-01-26T14:40:55.302+0000] {dag.py:3954} INFO - Setting next_dagrun for BackFileExampleDemo to 2026-01-26 00:00:00+00:00, run_after=2026-01-27 00:00:00+00:00
[2026-01-26T14:40:55.369+0000] {processor.py:183} INFO - Processing /opt/airflow/dags/BackfillerExampleDemo.py took 0.151 seconds
[2026-01-26T14:41:25.659+0000] {processor.py:161} INFO - Started process (PID=91) to work on /opt/airflow/dags/BackfillerExampleDemo.py
[2026-01-26T14:41:25.660+0000] {processor.py:830} INFO - Processing file /opt/airflow/dags/BackfillerExampleDemo.py for tasks to queue
[2026-01-26T14:41:25.663+0000] {logging_mixin.py:188} INFO - [2026-01-26T14:41:25.663+0000] {dagbag.py:545} INFO - Filling up the DagBag from /opt/airflow/dags/BackfillerExampleDemo.py
[2026-01-26T14:41:25.688+0000] {processor.py:840} INFO - DAG(s) 'BackFileExampleDemo' retrieved from /opt/airflow/dags/BackfillerExampleDemo.py
[2026-01-26T14:41:25.724+0000] {logging_mixin.py:188} INFO - [2026-01-26T14:41:25.723+0000] {dag.py:3096} INFO - Sync 1 DAGs
[2026-01-26T14:41:25.751+0000] {logging_mixin.py:188} INFO - [2026-01-26T14:41:25.751+0000] {dag.py:3954} INFO - Setting next_dagrun for BackFileExampleDemo to 2026-01-26 00:00:00+00:00, run_after=2026-01-27 00:00:00+00:00
[2026-01-26T14:41:25.824+0000] {processor.py:183} INFO - Processing /opt/airflow/dags/BackfillerExampleDemo.py took 0.171 seconds
[2026-01-26T14:41:56.141+0000] {processor.py:161} INFO - Started process (PID=101) to work on /opt/airflow/dags/BackfillerExampleDemo.py
[2026-01-26T14:41:56.143+0000] {processor.py:830} INFO - Processing file /opt/airflow/dags/BackfillerExampleDemo.py for tasks to queue
[2026-01-26T14:41:56.147+0000] {logging_mixin.py:188} INFO - [2026-01-26T14:41:56.146+0000] {dagbag.py:545} INFO - Filling up the DagBag from /opt/airflow/dags/BackfillerExampleDemo.py
[2026-01-26T14:41:56.174+0000] {processor.py:840} INFO - DAG(s) 'BackFileExampleDemo' retrieved from /opt/airflow/dags/BackfillerExampleDemo.py
[2026-01-26T14:41:56.202+0000] {logging_mixin.py:188} INFO - [2026-01-26T14:41:56.202+0000] {dag.py:3096} INFO - Sync 1 DAGs
[2026-01-26T14:41:56.225+0000] {logging_mixin.py:188} INFO - [2026-01-26T14:41:56.225+0000] {dag.py:3954} INFO - Setting next_dagrun for BackFileExampleDemo to 2026-01-26 00:00:00+00:00, run_after=2026-01-27 00:00:00+00:00
[2026-01-26T14:41:56.287+0000] {processor.py:183} INFO - Processing /opt/airflow/dags/BackfillerExampleDemo.py took 0.157 seconds
[2026-01-26T14:42:26.770+0000] {processor.py:161} INFO - Started process (PID=111) to work on /opt/airflow/dags/BackfillerExampleDemo.py
[2026-01-26T14:42:26.772+0000] {processor.py:830} INFO - Processing file /opt/airflow/dags/BackfillerExampleDemo.py for tasks to queue
[2026-01-26T14:42:26.774+0000] {logging_mixin.py:188} INFO - [2026-01-26T14:42:26.774+0000] {dagbag.py:545} INFO - Filling up the DagBag from /opt/airflow/dags/BackfillerExampleDemo.py
[2026-01-26T14:42:26.802+0000] {processor.py:840} INFO - DAG(s) 'BackFileExampleDemo' retrieved from /opt/airflow/dags/BackfillerExampleDemo.py
[2026-01-26T14:42:26.834+0000] {logging_mixin.py:188} INFO - [2026-01-26T14:42:26.833+0000] {dag.py:3096} INFO - Sync 1 DAGs
[2026-01-26T14:42:26.859+0000] {logging_mixin.py:188} INFO - [2026-01-26T14:42:26.859+0000] {dag.py:3954} INFO - Setting next_dagrun for BackFileExampleDemo to 2026-01-26 00:00:00+00:00, run_after=2026-01-27 00:00:00+00:00
[2026-01-26T14:42:26.930+0000] {processor.py:183} INFO - Processing /opt/airflow/dags/BackfillerExampleDemo.py took 0.169 seconds
[2026-01-26T14:42:57.178+0000] {processor.py:161} INFO - Started process (PID=121) to work on /opt/airflow/dags/BackfillerExampleDemo.py
[2026-01-26T14:42:57.180+0000] {processor.py:830} INFO - Processing file /opt/airflow/dags/BackfillerExampleDemo.py for tasks to queue
[2026-01-26T14:42:57.182+0000] {logging_mixin.py:188} INFO - [2026-01-26T14:42:57.181+0000] {dagbag.py:545} INFO - Filling up the DagBag from /opt/airflow/dags/BackfillerExampleDemo.py
[2026-01-26T14:42:57.208+0000] {processor.py:840} INFO - DAG(s) 'BackFileExampleDemo' retrieved from /opt/airflow/dags/BackfillerExampleDemo.py
[2026-01-26T14:42:57.262+0000] {logging_mixin.py:188} INFO - [2026-01-26T14:42:57.261+0000] {dag.py:3096} INFO - Sync 1 DAGs
[2026-01-26T14:42:57.331+0000] {logging_mixin.py:188} INFO - [2026-01-26T14:42:57.331+0000] {dag.py:3954} INFO - Setting next_dagrun for BackFileExampleDemo to 2026-01-26 00:00:00+00:00, run_after=2026-01-27 00:00:00+00:00
[2026-01-26T14:42:57.456+0000] {processor.py:183} INFO - Processing /opt/airflow/dags/BackfillerExampleDemo.py took 0.285 seconds
[2026-01-26T14:43:27.992+0000] {processor.py:161} INFO - Started process (PID=131) to work on /opt/airflow/dags/BackfillerExampleDemo.py
[2026-01-26T14:43:27.994+0000] {processor.py:830} INFO - Processing file /opt/airflow/dags/BackfillerExampleDemo.py for tasks to queue
[2026-01-26T14:43:28.000+0000] {logging_mixin.py:188} INFO - [2026-01-26T14:43:27.999+0000] {dagbag.py:545} INFO - Filling up the DagBag from /opt/airflow/dags/BackfillerExampleDemo.py
[2026-01-26T14:43:28.028+0000] {processor.py:840} INFO - DAG(s) 'BackFileExampleDemo' retrieved from /opt/airflow/dags/BackfillerExampleDemo.py
[2026-01-26T14:43:28.061+0000] {logging_mixin.py:188} INFO - [2026-01-26T14:43:28.061+0000] {dag.py:3096} INFO - Sync 1 DAGs
[2026-01-26T14:43:28.094+0000] {logging_mixin.py:188} INFO - [2026-01-26T14:43:28.094+0000] {dag.py:3954} INFO - Setting next_dagrun for BackFileExampleDemo to 2026-01-26 00:00:00+00:00, run_after=2026-01-27 00:00:00+00:00
[2026-01-26T14:43:28.166+0000] {processor.py:183} INFO - Processing /opt/airflow/dags/BackfillerExampleDemo.py took 0.183 seconds
[2026-01-26T14:43:58.996+0000] {processor.py:161} INFO - Started process (PID=141) to work on /opt/airflow/dags/BackfillerExampleDemo.py
[2026-01-26T14:43:58.998+0000] {processor.py:830} INFO - Processing file /opt/airflow/dags/BackfillerExampleDemo.py for tasks to queue
[2026-01-26T14:43:59.000+0000] {logging_mixin.py:188} INFO - [2026-01-26T14:43:59.000+0000] {dagbag.py:545} INFO - Filling up the DagBag from /opt/airflow/dags/BackfillerExampleDemo.py
[2026-01-26T14:43:59.026+0000] {processor.py:840} INFO - DAG(s) 'BackFileExampleDemo' retrieved from /opt/airflow/dags/BackfillerExampleDemo.py
[2026-01-26T14:43:59.072+0000] {logging_mixin.py:188} INFO - [2026-01-26T14:43:59.071+0000] {dag.py:3096} INFO - Sync 1 DAGs
[2026-01-26T14:43:59.118+0000] {logging_mixin.py:188} INFO - [2026-01-26T14:43:59.117+0000] {dag.py:3954} INFO - Setting next_dagrun for BackFileExampleDemo to 2026-01-26 00:00:00+00:00, run_after=2026-01-27 00:00:00+00:00
[2026-01-26T14:43:59.215+0000] {processor.py:183} INFO - Processing /opt/airflow/dags/BackfillerExampleDemo.py took 0.224 seconds
[2026-01-26T14:44:30.344+0000] {processor.py:161} INFO - Started process (PID=151) to work on /opt/airflow/dags/BackfillerExampleDemo.py
[2026-01-26T14:44:30.346+0000] {processor.py:830} INFO - Processing file /opt/airflow/dags/BackfillerExampleDemo.py for tasks to queue
[2026-01-26T14:44:30.351+0000] {logging_mixin.py:188} INFO - [2026-01-26T14:44:30.350+0000] {dagbag.py:545} INFO - Filling up the DagBag from /opt/airflow/dags/BackfillerExampleDemo.py
[2026-01-26T14:44:30.377+0000] {processor.py:840} INFO - DAG(s) 'BackFileExampleDemo' retrieved from /opt/airflow/dags/BackfillerExampleDemo.py
[2026-01-26T14:44:30.433+0000] {logging_mixin.py:188} INFO - [2026-01-26T14:44:30.432+0000] {dag.py:3096} INFO - Sync 1 DAGs
[2026-01-26T14:44:30.461+0000] {logging_mixin.py:188} INFO - [2026-01-26T14:44:30.461+0000] {dag.py:3954} INFO - Setting next_dagrun for BackFileExampleDemo to 2026-01-26 00:00:00+00:00, run_after=2026-01-27 00:00:00+00:00
[2026-01-26T14:44:30.536+0000] {processor.py:183} INFO - Processing /opt/airflow/dags/BackfillerExampleDemo.py took 0.199 seconds
[2026-01-26T14:45:01.217+0000] {processor.py:161} INFO - Started process (PID=161) to work on /opt/airflow/dags/BackfillerExampleDemo.py
[2026-01-26T14:45:01.218+0000] {processor.py:830} INFO - Processing file /opt/airflow/dags/BackfillerExampleDemo.py for tasks to queue
[2026-01-26T14:45:01.220+0000] {logging_mixin.py:188} INFO - [2026-01-26T14:45:01.220+0000] {dagbag.py:545} INFO - Filling up the DagBag from /opt/airflow/dags/BackfillerExampleDemo.py
[2026-01-26T14:45:01.242+0000] {processor.py:840} INFO - DAG(s) 'BackFileExampleDemo' retrieved from /opt/airflow/dags/BackfillerExampleDemo.py
[2026-01-26T14:45:01.269+0000] {logging_mixin.py:188} INFO - [2026-01-26T14:45:01.269+0000] {dag.py:3096} INFO - Sync 1 DAGs
[2026-01-26T14:45:01.298+0000] {logging_mixin.py:188} INFO - [2026-01-26T14:45:01.298+0000] {dag.py:3954} INFO - Setting next_dagrun for BackFileExampleDemo to 2026-01-26 00:00:00+00:00, run_after=2026-01-27 00:00:00+00:00
[2026-01-26T14:45:01.385+0000] {processor.py:183} INFO - Processing /opt/airflow/dags/BackfillerExampleDemo.py took 0.174 seconds
[2026-01-26T14:45:32.116+0000] {processor.py:161} INFO - Started process (PID=171) to work on /opt/airflow/dags/BackfillerExampleDemo.py
[2026-01-26T14:45:32.120+0000] {processor.py:830} INFO - Processing file /opt/airflow/dags/BackfillerExampleDemo.py for tasks to queue
[2026-01-26T14:45:32.128+0000] {logging_mixin.py:188} INFO - [2026-01-26T14:45:32.127+0000] {dagbag.py:545} INFO - Filling up the DagBag from /opt/airflow/dags/BackfillerExampleDemo.py
[2026-01-26T14:45:32.201+0000] {processor.py:840} INFO - DAG(s) 'BackFileExampleDemo' retrieved from /opt/airflow/dags/BackfillerExampleDemo.py
[2026-01-26T14:45:32.416+0000] {logging_mixin.py:188} INFO - [2026-01-26T14:45:32.416+0000] {dag.py:3096} INFO - Sync 1 DAGs
[2026-01-26T14:45:32.496+0000] {logging_mixin.py:188} INFO - [2026-01-26T14:45:32.496+0000] {dag.py:3954} INFO - Setting next_dagrun for BackFileExampleDemo to 2026-01-26 00:00:00+00:00, run_after=2026-01-27 00:00:00+00:00
[2026-01-26T14:45:32.616+0000] {processor.py:183} INFO - Processing /opt/airflow/dags/BackfillerExampleDemo.py took 0.516 seconds
[2026-01-26T14:46:02.894+0000] {processor.py:161} INFO - Started process (PID=181) to work on /opt/airflow/dags/BackfillerExampleDemo.py
[2026-01-26T14:46:02.896+0000] {processor.py:830} INFO - Processing file /opt/airflow/dags/BackfillerExampleDemo.py for tasks to queue
[2026-01-26T14:46:02.898+0000] {logging_mixin.py:188} INFO - [2026-01-26T14:46:02.898+0000] {dagbag.py:545} INFO - Filling up the DagBag from /opt/airflow/dags/BackfillerExampleDemo.py
[2026-01-26T14:46:02.922+0000] {processor.py:840} INFO - DAG(s) 'BackFileExampleDemo' retrieved from /opt/airflow/dags/BackfillerExampleDemo.py
[2026-01-26T14:46:02.960+0000] {logging_mixin.py:188} INFO - [2026-01-26T14:46:02.960+0000] {dag.py:3096} INFO - Sync 1 DAGs
[2026-01-26T14:46:02.989+0000] {logging_mixin.py:188} INFO - [2026-01-26T14:46:02.989+0000] {dag.py:3954} INFO - Setting next_dagrun for BackFileExampleDemo to 2026-01-26 00:00:00+00:00, run_after=2026-01-27 00:00:00+00:00
[2026-01-26T14:46:03.067+0000] {processor.py:183} INFO - Processing /opt/airflow/dags/BackfillerExampleDemo.py took 0.181 seconds
[2026-01-26T14:46:33.943+0000] {processor.py:161} INFO - Started process (PID=191) to work on /opt/airflow/dags/BackfillerExampleDemo.py
[2026-01-26T14:46:33.945+0000] {processor.py:830} INFO - Processing file /opt/airflow/dags/BackfillerExampleDemo.py for tasks to queue
[2026-01-26T14:46:33.948+0000] {logging_mixin.py:188} INFO - [2026-01-26T14:46:33.948+0000] {dagbag.py:545} INFO - Filling up the DagBag from /opt/airflow/dags/BackfillerExampleDemo.py
[2026-01-26T14:46:33.971+0000] {processor.py:840} INFO - DAG(s) 'BackFileExampleDemo' retrieved from /opt/airflow/dags/BackfillerExampleDemo.py
[2026-01-26T14:46:34.011+0000] {logging_mixin.py:188} INFO - [2026-01-26T14:46:34.010+0000] {dag.py:3096} INFO - Sync 1 DAGs
[2026-01-26T14:46:34.046+0000] {logging_mixin.py:188} INFO - [2026-01-26T14:46:34.046+0000] {dag.py:3954} INFO - Setting next_dagrun for BackFileExampleDemo to 2026-01-26 00:00:00+00:00, run_after=2026-01-27 00:00:00+00:00
[2026-01-26T14:46:34.129+0000] {processor.py:183} INFO - Processing /opt/airflow/dags/BackfillerExampleDemo.py took 0.192 seconds
[2026-01-26T14:47:04.555+0000] {processor.py:161} INFO - Started process (PID=201) to work on /opt/airflow/dags/BackfillerExampleDemo.py
[2026-01-26T14:47:04.557+0000] {processor.py:830} INFO - Processing file /opt/airflow/dags/BackfillerExampleDemo.py for tasks to queue
[2026-01-26T14:47:04.563+0000] {logging_mixin.py:188} INFO - [2026-01-26T14:47:04.562+0000] {dagbag.py:545} INFO - Filling up the DagBag from /opt/airflow/dags/BackfillerExampleDemo.py
[2026-01-26T14:47:04.585+0000] {processor.py:840} INFO - DAG(s) 'BackFileExampleDemo' retrieved from /opt/airflow/dags/BackfillerExampleDemo.py
[2026-01-26T14:47:04.618+0000] {logging_mixin.py:188} INFO - [2026-01-26T14:47:04.618+0000] {dag.py:3096} INFO - Sync 1 DAGs
[2026-01-26T14:47:04.645+0000] {logging_mixin.py:188} INFO - [2026-01-26T14:47:04.645+0000] {dag.py:3954} INFO - Setting next_dagrun for BackFileExampleDemo to 2026-01-26 00:00:00+00:00, run_after=2026-01-27 00:00:00+00:00
[2026-01-26T14:47:04.716+0000] {processor.py:183} INFO - Processing /opt/airflow/dags/BackfillerExampleDemo.py took 0.171 seconds
[2026-01-26T14:47:35.393+0000] {processor.py:161} INFO - Started process (PID=211) to work on /opt/airflow/dags/BackfillerExampleDemo.py
[2026-01-26T14:47:35.394+0000] {processor.py:830} INFO - Processing file /opt/airflow/dags/BackfillerExampleDemo.py for tasks to queue
[2026-01-26T14:47:35.397+0000] {logging_mixin.py:188} INFO - [2026-01-26T14:47:35.396+0000] {dagbag.py:545} INFO - Filling up the DagBag from /opt/airflow/dags/BackfillerExampleDemo.py
[2026-01-26T14:47:35.420+0000] {processor.py:840} INFO - DAG(s) 'BackFileExampleDemo' retrieved from /opt/airflow/dags/BackfillerExampleDemo.py
[2026-01-26T14:47:35.454+0000] {logging_mixin.py:188} INFO - [2026-01-26T14:47:35.453+0000] {dag.py:3096} INFO - Sync 1 DAGs
[2026-01-26T14:47:35.485+0000] {logging_mixin.py:188} INFO - [2026-01-26T14:47:35.485+0000] {dag.py:3954} INFO - Setting next_dagrun for BackFileExampleDemo to 2026-01-26 00:00:00+00:00, run_after=2026-01-27 00:00:00+00:00
[2026-01-26T14:47:35.562+0000] {processor.py:183} INFO - Processing /opt/airflow/dags/BackfillerExampleDemo.py took 0.180 seconds
[2026-01-26T14:48:06.758+0000] {processor.py:161} INFO - Started process (PID=221) to work on /opt/airflow/dags/BackfillerExampleDemo.py
[2026-01-26T14:48:06.760+0000] {processor.py:830} INFO - Processing file /opt/airflow/dags/BackfillerExampleDemo.py for tasks to queue
[2026-01-26T14:48:06.763+0000] {logging_mixin.py:188} INFO - [2026-01-26T14:48:06.763+0000] {dagbag.py:545} INFO - Filling up the DagBag from /opt/airflow/dags/BackfillerExampleDemo.py
[2026-01-26T14:48:06.782+0000] {processor.py:840} INFO - DAG(s) 'BackFileExampleDemo' retrieved from /opt/airflow/dags/BackfillerExampleDemo.py
[2026-01-26T14:48:06.810+0000] {logging_mixin.py:188} INFO - [2026-01-26T14:48:06.810+0000] {dag.py:3096} INFO - Sync 1 DAGs
[2026-01-26T14:48:06.845+0000] {logging_mixin.py:188} INFO - [2026-01-26T14:48:06.845+0000] {dag.py:3954} INFO - Setting next_dagrun for BackFileExampleDemo to 2026-01-26 00:00:00+00:00, run_after=2026-01-27 00:00:00+00:00
[2026-01-26T14:48:07.264+0000] {processor.py:183} INFO - Processing /opt/airflow/dags/BackfillerExampleDemo.py took 0.513 seconds
[2026-01-26T14:48:38.436+0000] {processor.py:161} INFO - Started process (PID=231) to work on /opt/airflow/dags/BackfillerExampleDemo.py
[2026-01-26T14:48:38.438+0000] {processor.py:830} INFO - Processing file /opt/airflow/dags/BackfillerExampleDemo.py for tasks to queue
[2026-01-26T14:48:38.445+0000] {logging_mixin.py:188} INFO - [2026-01-26T14:48:38.444+0000] {dagbag.py:545} INFO - Filling up the DagBag from /opt/airflow/dags/BackfillerExampleDemo.py
[2026-01-26T14:48:38.503+0000] {processor.py:840} INFO - DAG(s) 'BackFileExampleDemo' retrieved from /opt/airflow/dags/BackfillerExampleDemo.py
[2026-01-26T14:48:38.609+0000] {logging_mixin.py:188} INFO - [2026-01-26T14:48:38.608+0000] {dag.py:3096} INFO - Sync 1 DAGs
[2026-01-26T14:48:38.685+0000] {logging_mixin.py:188} INFO - [2026-01-26T14:48:38.685+0000] {dag.py:3954} INFO - Setting next_dagrun for BackFileExampleDemo to 2026-01-26 00:00:00+00:00, run_after=2026-01-27 00:00:00+00:00
[2026-01-26T14:48:38.921+0000] {processor.py:183} INFO - Processing /opt/airflow/dags/BackfillerExampleDemo.py took 0.498 seconds
[2026-01-26T14:49:09.964+0000] {processor.py:161} INFO - Started process (PID=241) to work on /opt/airflow/dags/BackfillerExampleDemo.py
[2026-01-26T14:49:09.966+0000] {processor.py:830} INFO - Processing file /opt/airflow/dags/BackfillerExampleDemo.py for tasks to queue
[2026-01-26T14:49:09.969+0000] {logging_mixin.py:188} INFO - [2026-01-26T14:49:09.969+0000] {dagbag.py:545} INFO - Filling up the DagBag from /opt/airflow/dags/BackfillerExampleDemo.py
[2026-01-26T14:49:09.995+0000] {processor.py:840} INFO - DAG(s) 'BackFileExampleDemo' retrieved from /opt/airflow/dags/BackfillerExampleDemo.py
[2026-01-26T14:49:10.033+0000] {logging_mixin.py:188} INFO - [2026-01-26T14:49:10.032+0000] {dag.py:3096} INFO - Sync 1 DAGs
[2026-01-26T14:49:10.069+0000] {logging_mixin.py:188} INFO - [2026-01-26T14:49:10.069+0000] {dag.py:3954} INFO - Setting next_dagrun for BackFileExampleDemo to 2026-01-26 00:00:00+00:00, run_after=2026-01-27 00:00:00+00:00
[2026-01-26T14:49:10.150+0000] {processor.py:183} INFO - Processing /opt/airflow/dags/BackfillerExampleDemo.py took 0.194 seconds
[2026-01-26T14:49:40.650+0000] {processor.py:161} INFO - Started process (PID=251) to work on /opt/airflow/dags/BackfillerExampleDemo.py
[2026-01-26T14:49:40.652+0000] {processor.py:830} INFO - Processing file /opt/airflow/dags/BackfillerExampleDemo.py for tasks to queue
[2026-01-26T14:49:40.656+0000] {logging_mixin.py:188} INFO - [2026-01-26T14:49:40.655+0000] {dagbag.py:545} INFO - Filling up the DagBag from /opt/airflow/dags/BackfillerExampleDemo.py
[2026-01-26T14:49:40.683+0000] {processor.py:840} INFO - DAG(s) 'BackFileExampleDemo' retrieved from /opt/airflow/dags/BackfillerExampleDemo.py
[2026-01-26T14:49:40.718+0000] {logging_mixin.py:188} INFO - [2026-01-26T14:49:40.717+0000] {dag.py:3096} INFO - Sync 1 DAGs
[2026-01-26T14:49:40.746+0000] {logging_mixin.py:188} INFO - [2026-01-26T14:49:40.746+0000] {dag.py:3954} INFO - Setting next_dagrun for BackFileExampleDemo to 2026-01-26 00:00:00+00:00, run_after=2026-01-27 00:00:00+00:00
[2026-01-26T14:49:40.831+0000] {processor.py:183} INFO - Processing /opt/airflow/dags/BackfillerExampleDemo.py took 0.188 seconds
[2026-01-26T14:50:11.687+0000] {processor.py:161} INFO - Started process (PID=261) to work on /opt/airflow/dags/BackfillerExampleDemo.py
[2026-01-26T14:50:11.690+0000] {processor.py:830} INFO - Processing file /opt/airflow/dags/BackfillerExampleDemo.py for tasks to queue
[2026-01-26T14:50:11.693+0000] {logging_mixin.py:188} INFO - [2026-01-26T14:50:11.692+0000] {dagbag.py:545} INFO - Filling up the DagBag from /opt/airflow/dags/BackfillerExampleDemo.py
[2026-01-26T14:50:11.720+0000] {processor.py:840} INFO - DAG(s) 'BackFileExampleDemo' retrieved from /opt/airflow/dags/BackfillerExampleDemo.py
[2026-01-26T14:50:11.761+0000] {logging_mixin.py:188} INFO - [2026-01-26T14:50:11.760+0000] {dag.py:3096} INFO - Sync 1 DAGs
[2026-01-26T14:50:11.793+0000] {logging_mixin.py:188} INFO - [2026-01-26T14:50:11.792+0000] {dag.py:3954} INFO - Setting next_dagrun for BackFileExampleDemo to 2026-01-26 00:00:00+00:00, run_after=2026-01-27 00:00:00+00:00
[2026-01-26T14:50:11.865+0000] {processor.py:183} INFO - Processing /opt/airflow/dags/BackfillerExampleDemo.py took 0.186 seconds
[2026-01-26T14:50:42.862+0000] {processor.py:161} INFO - Started process (PID=271) to work on /opt/airflow/dags/BackfillerExampleDemo.py
[2026-01-26T14:50:42.864+0000] {processor.py:830} INFO - Processing file /opt/airflow/dags/BackfillerExampleDemo.py for tasks to queue
[2026-01-26T14:50:42.870+0000] {logging_mixin.py:188} INFO - [2026-01-26T14:50:42.869+0000] {dagbag.py:545} INFO - Filling up the DagBag from /opt/airflow/dags/BackfillerExampleDemo.py
[2026-01-26T14:50:42.907+0000] {processor.py:840} INFO - DAG(s) 'BackFileExampleDemo' retrieved from /opt/airflow/dags/BackfillerExampleDemo.py
[2026-01-26T14:50:42.949+0000] {logging_mixin.py:188} INFO - [2026-01-26T14:50:42.948+0000] {dag.py:3096} INFO - Sync 1 DAGs
[2026-01-26T14:50:42.981+0000] {logging_mixin.py:188} INFO - [2026-01-26T14:50:42.980+0000] {dag.py:3954} INFO - Setting next_dagrun for BackFileExampleDemo to 2026-01-26 00:00:00+00:00, run_after=2026-01-27 00:00:00+00:00
[2026-01-26T14:50:43.054+0000] {processor.py:183} INFO - Processing /opt/airflow/dags/BackfillerExampleDemo.py took 0.201 seconds
[2026-01-26T14:51:14.174+0000] {processor.py:161} INFO - Started process (PID=281) to work on /opt/airflow/dags/BackfillerExampleDemo.py
[2026-01-26T14:51:14.176+0000] {processor.py:830} INFO - Processing file /opt/airflow/dags/BackfillerExampleDemo.py for tasks to queue
[2026-01-26T14:51:14.180+0000] {logging_mixin.py:188} INFO - [2026-01-26T14:51:14.180+0000] {dagbag.py:545} INFO - Filling up the DagBag from /opt/airflow/dags/BackfillerExampleDemo.py
[2026-01-26T14:51:14.211+0000] {processor.py:840} INFO - DAG(s) 'BackFileExampleDemo' retrieved from /opt/airflow/dags/BackfillerExampleDemo.py
[2026-01-26T14:51:14.250+0000] {logging_mixin.py:188} INFO - [2026-01-26T14:51:14.249+0000] {dag.py:3096} INFO - Sync 1 DAGs
[2026-01-26T14:51:14.278+0000] {logging_mixin.py:188} INFO - [2026-01-26T14:51:14.277+0000] {dag.py:3954} INFO - Setting next_dagrun for BackFileExampleDemo to 2026-01-26 00:00:00+00:00, run_after=2026-01-27 00:00:00+00:00
[2026-01-26T14:51:14.474+0000] {processor.py:183} INFO - Processing /opt/airflow/dags/BackfillerExampleDemo.py took 0.308 seconds
[2026-01-26T14:51:45.469+0000] {processor.py:161} INFO - Started process (PID=291) to work on /opt/airflow/dags/BackfillerExampleDemo.py
[2026-01-26T14:51:45.471+0000] {processor.py:830} INFO - Processing file /opt/airflow/dags/BackfillerExampleDemo.py for tasks to queue
[2026-01-26T14:51:45.482+0000] {logging_mixin.py:188} INFO - [2026-01-26T14:51:45.481+0000] {dagbag.py:545} INFO - Filling up the DagBag from /opt/airflow/dags/BackfillerExampleDemo.py
[2026-01-26T14:51:45.718+0000] {processor.py:840} INFO - DAG(s) 'BackFileExampleDemo' retrieved from /opt/airflow/dags/BackfillerExampleDemo.py
[2026-01-26T14:51:46.042+0000] {logging_mixin.py:188} INFO - [2026-01-26T14:51:46.041+0000] {dag.py:3096} INFO - Sync 1 DAGs
[2026-01-26T14:51:46.172+0000] {logging_mixin.py:188} INFO - [2026-01-26T14:51:46.172+0000] {dag.py:3954} INFO - Setting next_dagrun for BackFileExampleDemo to 2026-01-26 00:00:00+00:00, run_after=2026-01-27 00:00:00+00:00
[2026-01-26T14:51:46.315+0000] {processor.py:183} INFO - Processing /opt/airflow/dags/BackfillerExampleDemo.py took 0.865 seconds
[2026-01-26T14:52:16.891+0000] {processor.py:161} INFO - Started process (PID=301) to work on /opt/airflow/dags/BackfillerExampleDemo.py
[2026-01-26T14:52:16.894+0000] {processor.py:830} INFO - Processing file /opt/airflow/dags/BackfillerExampleDemo.py for tasks to queue
[2026-01-26T14:52:16.899+0000] {logging_mixin.py:188} INFO - [2026-01-26T14:52:16.899+0000] {dagbag.py:545} INFO - Filling up the DagBag from /opt/airflow/dags/BackfillerExampleDemo.py
[2026-01-26T14:52:16.936+0000] {processor.py:840} INFO - DAG(s) 'BackFileExampleDemo' retrieved from /opt/airflow/dags/BackfillerExampleDemo.py
[2026-01-26T14:52:17.000+0000] {logging_mixin.py:188} INFO - [2026-01-26T14:52:16.998+0000] {dag.py:3096} INFO - Sync 1 DAGs
[2026-01-26T14:52:17.039+0000] {logging_mixin.py:188} INFO - [2026-01-26T14:52:17.039+0000] {dag.py:3954} INFO - Setting next_dagrun for BackFileExampleDemo to 2026-01-26 00:00:00+00:00, run_after=2026-01-27 00:00:00+00:00
[2026-01-26T14:52:17.117+0000] {processor.py:183} INFO - Processing /opt/airflow/dags/BackfillerExampleDemo.py took 0.238 seconds
[2026-01-26T14:52:47.602+0000] {processor.py:161} INFO - Started process (PID=311) to work on /opt/airflow/dags/BackfillerExampleDemo.py
[2026-01-26T14:52:47.604+0000] {processor.py:830} INFO - Processing file /opt/airflow/dags/BackfillerExampleDemo.py for tasks to queue
[2026-01-26T14:52:47.608+0000] {logging_mixin.py:188} INFO - [2026-01-26T14:52:47.608+0000] {dagbag.py:545} INFO - Filling up the DagBag from /opt/airflow/dags/BackfillerExampleDemo.py
[2026-01-26T14:52:47.646+0000] {processor.py:840} INFO - DAG(s) 'BackFileExampleDemo' retrieved from /opt/airflow/dags/BackfillerExampleDemo.py
[2026-01-26T14:52:47.698+0000] {logging_mixin.py:188} INFO - [2026-01-26T14:52:47.698+0000] {dag.py:3096} INFO - Sync 1 DAGs
[2026-01-26T14:52:47.739+0000] {logging_mixin.py:188} INFO - [2026-01-26T14:52:47.739+0000] {dag.py:3954} INFO - Setting next_dagrun for BackFileExampleDemo to 2026-01-26 00:00:00+00:00, run_after=2026-01-27 00:00:00+00:00
[2026-01-26T14:52:47.836+0000] {processor.py:183} INFO - Processing /opt/airflow/dags/BackfillerExampleDemo.py took 0.242 seconds
[2026-01-26T14:53:19.001+0000] {processor.py:161} INFO - Started process (PID=321) to work on /opt/airflow/dags/BackfillerExampleDemo.py
[2026-01-26T14:53:19.002+0000] {processor.py:830} INFO - Processing file /opt/airflow/dags/BackfillerExampleDemo.py for tasks to queue
[2026-01-26T14:53:19.005+0000] {logging_mixin.py:188} INFO - [2026-01-26T14:53:19.005+0000] {dagbag.py:545} INFO - Filling up the DagBag from /opt/airflow/dags/BackfillerExampleDemo.py
[2026-01-26T14:53:19.035+0000] {processor.py:840} INFO - DAG(s) 'BackFileExampleDemo' retrieved from /opt/airflow/dags/BackfillerExampleDemo.py
[2026-01-26T14:53:19.080+0000] {logging_mixin.py:188} INFO - [2026-01-26T14:53:19.080+0000] {dag.py:3096} INFO - Sync 1 DAGs
[2026-01-26T14:53:19.114+0000] {logging_mixin.py:188} INFO - [2026-01-26T14:53:19.114+0000] {dag.py:3954} INFO - Setting next_dagrun for BackFileExampleDemo to 2026-01-26 00:00:00+00:00, run_after=2026-01-27 00:00:00+00:00
[2026-01-26T14:53:19.197+0000] {processor.py:183} INFO - Processing /opt/airflow/dags/BackfillerExampleDemo.py took 0.203 seconds
[2026-01-26T14:53:49.486+0000] {processor.py:161} INFO - Started process (PID=331) to work on /opt/airflow/dags/BackfillerExampleDemo.py
[2026-01-26T14:53:49.488+0000] {processor.py:830} INFO - Processing file /opt/airflow/dags/BackfillerExampleDemo.py for tasks to queue
[2026-01-26T14:53:49.491+0000] {logging_mixin.py:188} INFO - [2026-01-26T14:53:49.491+0000] {dagbag.py:545} INFO - Filling up the DagBag from /opt/airflow/dags/BackfillerExampleDemo.py
[2026-01-26T14:53:49.518+0000] {processor.py:840} INFO - DAG(s) 'BackFileExampleDemo' retrieved from /opt/airflow/dags/BackfillerExampleDemo.py
[2026-01-26T14:53:49.553+0000] {logging_mixin.py:188} INFO - [2026-01-26T14:53:49.552+0000] {dag.py:3096} INFO - Sync 1 DAGs
[2026-01-26T14:53:49.586+0000] {logging_mixin.py:188} INFO - [2026-01-26T14:53:49.586+0000] {dag.py:3954} INFO - Setting next_dagrun for BackFileExampleDemo to 2026-01-26 00:00:00+00:00, run_after=2026-01-27 00:00:00+00:00
[2026-01-26T14:53:49.682+0000] {processor.py:183} INFO - Processing /opt/airflow/dags/BackfillerExampleDemo.py took 0.203 seconds
[2026-01-26T14:54:20.306+0000] {processor.py:161} INFO - Started process (PID=341) to work on /opt/airflow/dags/BackfillerExampleDemo.py
[2026-01-26T14:54:20.308+0000] {processor.py:830} INFO - Processing file /opt/airflow/dags/BackfillerExampleDemo.py for tasks to queue
[2026-01-26T14:54:20.311+0000] {logging_mixin.py:188} INFO - [2026-01-26T14:54:20.310+0000] {dagbag.py:545} INFO - Filling up the DagBag from /opt/airflow/dags/BackfillerExampleDemo.py
[2026-01-26T14:54:20.337+0000] {processor.py:840} INFO - DAG(s) 'BackFileExampleDemo' retrieved from /opt/airflow/dags/BackfillerExampleDemo.py
[2026-01-26T14:54:20.376+0000] {logging_mixin.py:188} INFO - [2026-01-26T14:54:20.375+0000] {dag.py:3096} INFO - Sync 1 DAGs
[2026-01-26T14:54:20.407+0000] {logging_mixin.py:188} INFO - [2026-01-26T14:54:20.407+0000] {dag.py:3954} INFO - Setting next_dagrun for BackFileExampleDemo to 2026-01-26 00:00:00+00:00, run_after=2026-01-27 00:00:00+00:00
[2026-01-26T14:54:20.474+0000] {processor.py:183} INFO - Processing /opt/airflow/dags/BackfillerExampleDemo.py took 0.177 seconds
[2026-01-26T14:54:51.265+0000] {processor.py:161} INFO - Started process (PID=351) to work on /opt/airflow/dags/BackfillerExampleDemo.py
[2026-01-26T14:54:51.268+0000] {processor.py:830} INFO - Processing file /opt/airflow/dags/BackfillerExampleDemo.py for tasks to queue
[2026-01-26T14:54:51.272+0000] {logging_mixin.py:188} INFO - [2026-01-26T14:54:51.271+0000] {dagbag.py:545} INFO - Filling up the DagBag from /opt/airflow/dags/BackfillerExampleDemo.py
[2026-01-26T14:54:51.307+0000] {processor.py:840} INFO - DAG(s) 'BackFileExampleDemo' retrieved from /opt/airflow/dags/BackfillerExampleDemo.py
[2026-01-26T14:54:51.356+0000] {logging_mixin.py:188} INFO - [2026-01-26T14:54:51.356+0000] {dag.py:3096} INFO - Sync 1 DAGs
[2026-01-26T14:54:51.386+0000] {logging_mixin.py:188} INFO - [2026-01-26T14:54:51.386+0000] {dag.py:3954} INFO - Setting next_dagrun for BackFileExampleDemo to 2026-01-26 00:00:00+00:00, run_after=2026-01-27 00:00:00+00:00
[2026-01-26T14:54:51.463+0000] {processor.py:183} INFO - Processing /opt/airflow/dags/BackfillerExampleDemo.py took 0.206 seconds
[2026-01-26T14:55:22.133+0000] {processor.py:161} INFO - Started process (PID=361) to work on /opt/airflow/dags/BackfillerExampleDemo.py
[2026-01-26T14:55:22.135+0000] {processor.py:830} INFO - Processing file /opt/airflow/dags/BackfillerExampleDemo.py for tasks to queue
[2026-01-26T14:55:22.139+0000] {logging_mixin.py:188} INFO - [2026-01-26T14:55:22.138+0000] {dagbag.py:545} INFO - Filling up the DagBag from /opt/airflow/dags/BackfillerExampleDemo.py
[2026-01-26T14:55:22.167+0000] {processor.py:840} INFO - DAG(s) 'BackFileExampleDemo' retrieved from /opt/airflow/dags/BackfillerExampleDemo.py
[2026-01-26T14:55:22.202+0000] {logging_mixin.py:188} INFO - [2026-01-26T14:55:22.202+0000] {dag.py:3096} INFO - Sync 1 DAGs
[2026-01-26T14:55:22.235+0000] {logging_mixin.py:188} INFO - [2026-01-26T14:55:22.235+0000] {dag.py:3954} INFO - Setting next_dagrun for BackFileExampleDemo to 2026-01-26 00:00:00+00:00, run_after=2026-01-27 00:00:00+00:00
[2026-01-26T14:55:22.301+0000] {processor.py:183} INFO - Processing /opt/airflow/dags/BackfillerExampleDemo.py took 0.176 seconds
[2026-01-26T14:55:53.442+0000] {processor.py:161} INFO - Started process (PID=371) to work on /opt/airflow/dags/BackfillerExampleDemo.py
[2026-01-26T14:55:53.443+0000] {processor.py:830} INFO - Processing file /opt/airflow/dags/BackfillerExampleDemo.py for tasks to queue
[2026-01-26T14:55:53.447+0000] {logging_mixin.py:188} INFO - [2026-01-26T14:55:53.446+0000] {dagbag.py:545} INFO - Filling up the DagBag from /opt/airflow/dags/BackfillerExampleDemo.py
[2026-01-26T14:55:53.472+0000] {processor.py:840} INFO - DAG(s) 'BackFileExampleDemo' retrieved from /opt/airflow/dags/BackfillerExampleDemo.py
[2026-01-26T14:55:53.506+0000] {logging_mixin.py:188} INFO - [2026-01-26T14:55:53.505+0000] {dag.py:3096} INFO - Sync 1 DAGs
[2026-01-26T14:55:53.540+0000] {logging_mixin.py:188} INFO - [2026-01-26T14:55:53.540+0000] {dag.py:3954} INFO - Setting next_dagrun for BackFileExampleDemo to 2026-01-26 00:00:00+00:00, run_after=2026-01-27 00:00:00+00:00
[2026-01-26T14:55:53.614+0000] {processor.py:183} INFO - Processing /opt/airflow/dags/BackfillerExampleDemo.py took 0.178 seconds
[2026-01-26T14:56:23.953+0000] {processor.py:161} INFO - Started process (PID=381) to work on /opt/airflow/dags/BackfillerExampleDemo.py
[2026-01-26T14:56:23.955+0000] {processor.py:830} INFO - Processing file /opt/airflow/dags/BackfillerExampleDemo.py for tasks to queue
[2026-01-26T14:56:23.958+0000] {logging_mixin.py:188} INFO - [2026-01-26T14:56:23.957+0000] {dagbag.py:545} INFO - Filling up the DagBag from /opt/airflow/dags/BackfillerExampleDemo.py
[2026-01-26T14:56:23.998+0000] {processor.py:840} INFO - DAG(s) 'BackFileExampleDemo' retrieved from /opt/airflow/dags/BackfillerExampleDemo.py
[2026-01-26T14:56:24.037+0000] {logging_mixin.py:188} INFO - [2026-01-26T14:56:24.037+0000] {dag.py:3096} INFO - Sync 1 DAGs
[2026-01-26T14:56:24.068+0000] {logging_mixin.py:188} INFO - [2026-01-26T14:56:24.067+0000] {dag.py:3954} INFO - Setting next_dagrun for BackFileExampleDemo to 2026-01-26 00:00:00+00:00, run_after=2026-01-27 00:00:00+00:00
[2026-01-26T14:56:24.131+0000] {processor.py:183} INFO - Processing /opt/airflow/dags/BackfillerExampleDemo.py took 0.187 seconds
[2026-01-26T14:56:54.948+0000] {processor.py:161} INFO - Started process (PID=391) to work on /opt/airflow/dags/BackfillerExampleDemo.py
[2026-01-26T14:56:54.950+0000] {processor.py:830} INFO - Processing file /opt/airflow/dags/BackfillerExampleDemo.py for tasks to queue
[2026-01-26T14:56:54.954+0000] {logging_mixin.py:188} INFO - [2026-01-26T14:56:54.952+0000] {dagbag.py:545} INFO - Filling up the DagBag from /opt/airflow/dags/BackfillerExampleDemo.py
[2026-01-26T14:56:54.983+0000] {processor.py:840} INFO - DAG(s) 'BackFileExampleDemo' retrieved from /opt/airflow/dags/BackfillerExampleDemo.py
[2026-01-26T14:56:55.022+0000] {logging_mixin.py:188} INFO - [2026-01-26T14:56:55.021+0000] {dag.py:3096} INFO - Sync 1 DAGs
[2026-01-26T14:56:55.057+0000] {logging_mixin.py:188} INFO - [2026-01-26T14:56:55.057+0000] {dag.py:3954} INFO - Setting next_dagrun for BackFileExampleDemo to 2026-01-26 00:00:00+00:00, run_after=2026-01-27 00:00:00+00:00
[2026-01-26T14:56:55.144+0000] {processor.py:183} INFO - Processing /opt/airflow/dags/BackfillerExampleDemo.py took 0.203 seconds
[2026-01-26T14:57:32.549+0000] {processor.py:161} INFO - Started process (PID=52) to work on /opt/airflow/dags/BackfillerExampleDemo.py
[2026-01-26T14:57:32.552+0000] {processor.py:830} INFO - Processing file /opt/airflow/dags/BackfillerExampleDemo.py for tasks to queue
[2026-01-26T14:57:32.556+0000] {logging_mixin.py:188} INFO - [2026-01-26T14:57:32.556+0000] {dagbag.py:545} INFO - Filling up the DagBag from /opt/airflow/dags/BackfillerExampleDemo.py
[2026-01-26T14:57:32.602+0000] {processor.py:840} INFO - DAG(s) 'BackFileExampleDemo' retrieved from /opt/airflow/dags/BackfillerExampleDemo.py
[2026-01-26T14:57:32.629+0000] {logging_mixin.py:188} INFO - [2026-01-26T14:57:32.629+0000] {dag.py:3096} INFO - Sync 1 DAGs
[2026-01-26T14:57:32.676+0000] {logging_mixin.py:188} INFO - [2026-01-26T14:57:32.676+0000] {dag.py:3954} INFO - Setting next_dagrun for BackFileExampleDemo to 2026-01-26 00:00:00+00:00, run_after=2026-01-27 00:00:00+00:00
[2026-01-26T14:57:32.758+0000] {processor.py:183} INFO - Processing /opt/airflow/dags/BackfillerExampleDemo.py took 0.228 seconds
[2026-01-26T14:58:04.400+0000] {processor.py:161} INFO - Started process (PID=71) to work on /opt/airflow/dags/BackfillerExampleDemo.py
[2026-01-26T14:58:04.413+0000] {processor.py:830} INFO - Processing file /opt/airflow/dags/BackfillerExampleDemo.py for tasks to queue
[2026-01-26T14:58:04.424+0000] {logging_mixin.py:188} INFO - [2026-01-26T14:58:04.424+0000] {dagbag.py:545} INFO - Filling up the DagBag from /opt/airflow/dags/BackfillerExampleDemo.py
[2026-01-26T14:58:04.566+0000] {processor.py:840} INFO - DAG(s) 'BackFileExampleDemo' retrieved from /opt/airflow/dags/BackfillerExampleDemo.py
[2026-01-26T14:58:04.988+0000] {logging_mixin.py:188} INFO - [2026-01-26T14:58:04.987+0000] {dag.py:3096} INFO - Sync 1 DAGs
[2026-01-26T14:58:05.055+0000] {logging_mixin.py:188} INFO - [2026-01-26T14:58:05.054+0000] {dag.py:3954} INFO - Setting next_dagrun for BackFileExampleDemo to 2026-01-26 00:00:00+00:00, run_after=2026-01-27 00:00:00+00:00
[2026-01-26T14:58:05.205+0000] {processor.py:183} INFO - Processing /opt/airflow/dags/BackfillerExampleDemo.py took 0.829 seconds
[2026-01-26T14:58:35.919+0000] {processor.py:161} INFO - Started process (PID=81) to work on /opt/airflow/dags/BackfillerExampleDemo.py
[2026-01-26T14:58:35.920+0000] {processor.py:830} INFO - Processing file /opt/airflow/dags/BackfillerExampleDemo.py for tasks to queue
[2026-01-26T14:58:35.924+0000] {logging_mixin.py:188} INFO - [2026-01-26T14:58:35.923+0000] {dagbag.py:545} INFO - Filling up the DagBag from /opt/airflow/dags/BackfillerExampleDemo.py
[2026-01-26T14:58:35.949+0000] {processor.py:840} INFO - DAG(s) 'BackFileExampleDemo' retrieved from /opt/airflow/dags/BackfillerExampleDemo.py
[2026-01-26T14:58:35.985+0000] {logging_mixin.py:188} INFO - [2026-01-26T14:58:35.984+0000] {dag.py:3096} INFO - Sync 1 DAGs
[2026-01-26T14:58:36.021+0000] {logging_mixin.py:188} INFO - [2026-01-26T14:58:36.021+0000] {dag.py:3954} INFO - Setting next_dagrun for BackFileExampleDemo to 2026-01-26 00:00:00+00:00, run_after=2026-01-27 00:00:00+00:00
[2026-01-26T14:58:36.102+0000] {processor.py:183} INFO - Processing /opt/airflow/dags/BackfillerExampleDemo.py took 0.190 seconds
[2026-01-26T14:59:06.812+0000] {processor.py:161} INFO - Started process (PID=91) to work on /opt/airflow/dags/BackfillerExampleDemo.py
[2026-01-26T14:59:06.814+0000] {processor.py:830} INFO - Processing file /opt/airflow/dags/BackfillerExampleDemo.py for tasks to queue
[2026-01-26T14:59:06.817+0000] {logging_mixin.py:188} INFO - [2026-01-26T14:59:06.816+0000] {dagbag.py:545} INFO - Filling up the DagBag from /opt/airflow/dags/BackfillerExampleDemo.py
[2026-01-26T14:59:06.847+0000] {processor.py:840} INFO - DAG(s) 'BackFileExampleDemo' retrieved from /opt/airflow/dags/BackfillerExampleDemo.py
[2026-01-26T14:59:06.887+0000] {logging_mixin.py:188} INFO - [2026-01-26T14:59:06.886+0000] {dag.py:3096} INFO - Sync 1 DAGs
[2026-01-26T14:59:06.925+0000] {logging_mixin.py:188} INFO - [2026-01-26T14:59:06.925+0000] {dag.py:3954} INFO - Setting next_dagrun for BackFileExampleDemo to 2026-01-26 00:00:00+00:00, run_after=2026-01-27 00:00:00+00:00
[2026-01-26T14:59:07.020+0000] {processor.py:183} INFO - Processing /opt/airflow/dags/BackfillerExampleDemo.py took 0.217 seconds
[2026-01-26T14:59:37.553+0000] {processor.py:161} INFO - Started process (PID=101) to work on /opt/airflow/dags/BackfillerExampleDemo.py
[2026-01-26T14:59:37.557+0000] {processor.py:830} INFO - Processing file /opt/airflow/dags/BackfillerExampleDemo.py for tasks to queue
[2026-01-26T14:59:37.562+0000] {logging_mixin.py:188} INFO - [2026-01-26T14:59:37.561+0000] {dagbag.py:545} INFO - Filling up the DagBag from /opt/airflow/dags/BackfillerExampleDemo.py
[2026-01-26T14:59:37.614+0000] {processor.py:840} INFO - DAG(s) 'BackFileExampleDemo' retrieved from /opt/airflow/dags/BackfillerExampleDemo.py
[2026-01-26T14:59:37.666+0000] {logging_mixin.py:188} INFO - [2026-01-26T14:59:37.665+0000] {dag.py:3096} INFO - Sync 1 DAGs
[2026-01-26T14:59:37.698+0000] {logging_mixin.py:188} INFO - [2026-01-26T14:59:37.698+0000] {dag.py:3954} INFO - Setting next_dagrun for BackFileExampleDemo to 2026-01-26 00:00:00+00:00, run_after=2026-01-27 00:00:00+00:00
[2026-01-26T14:59:37.769+0000] {processor.py:183} INFO - Processing /opt/airflow/dags/BackfillerExampleDemo.py took 0.227 seconds
[2026-01-26T15:00:08.279+0000] {processor.py:161} INFO - Started process (PID=111) to work on /opt/airflow/dags/BackfillerExampleDemo.py
[2026-01-26T15:00:08.282+0000] {processor.py:830} INFO - Processing file /opt/airflow/dags/BackfillerExampleDemo.py for tasks to queue
[2026-01-26T15:00:08.288+0000] {logging_mixin.py:188} INFO - [2026-01-26T15:00:08.287+0000] {dagbag.py:545} INFO - Filling up the DagBag from /opt/airflow/dags/BackfillerExampleDemo.py
[2026-01-26T15:00:08.390+0000] {processor.py:840} INFO - DAG(s) 'BackFileExampleDemo' retrieved from /opt/airflow/dags/BackfillerExampleDemo.py
[2026-01-26T15:00:08.445+0000] {logging_mixin.py:188} INFO - [2026-01-26T15:00:08.444+0000] {dag.py:3096} INFO - Sync 1 DAGs
[2026-01-26T15:00:08.487+0000] {logging_mixin.py:188} INFO - [2026-01-26T15:00:08.487+0000] {dag.py:3954} INFO - Setting next_dagrun for BackFileExampleDemo to 2026-01-26 00:00:00+00:00, run_after=2026-01-27 00:00:00+00:00
[2026-01-26T15:00:08.579+0000] {processor.py:183} INFO - Processing /opt/airflow/dags/BackfillerExampleDemo.py took 0.313 seconds
[2026-01-26T15:00:39.216+0000] {processor.py:161} INFO - Started process (PID=121) to work on /opt/airflow/dags/BackfillerExampleDemo.py
[2026-01-26T15:00:39.218+0000] {processor.py:830} INFO - Processing file /opt/airflow/dags/BackfillerExampleDemo.py for tasks to queue
[2026-01-26T15:00:39.221+0000] {logging_mixin.py:188} INFO - [2026-01-26T15:00:39.221+0000] {dagbag.py:545} INFO - Filling up the DagBag from /opt/airflow/dags/BackfillerExampleDemo.py
[2026-01-26T15:00:39.252+0000] {processor.py:840} INFO - DAG(s) 'BackFileExampleDemo' retrieved from /opt/airflow/dags/BackfillerExampleDemo.py
[2026-01-26T15:00:39.288+0000] {logging_mixin.py:188} INFO - [2026-01-26T15:00:39.288+0000] {dag.py:3096} INFO - Sync 1 DAGs
[2026-01-26T15:00:39.320+0000] {logging_mixin.py:188} INFO - [2026-01-26T15:00:39.319+0000] {dag.py:3954} INFO - Setting next_dagrun for BackFileExampleDemo to 2026-01-26 00:00:00+00:00, run_after=2026-01-27 00:00:00+00:00
[2026-01-26T15:00:39.404+0000] {processor.py:183} INFO - Processing /opt/airflow/dags/BackfillerExampleDemo.py took 0.197 seconds
[2026-01-26T15:01:09.947+0000] {processor.py:161} INFO - Started process (PID=131) to work on /opt/airflow/dags/BackfillerExampleDemo.py
[2026-01-26T15:01:09.949+0000] {processor.py:830} INFO - Processing file /opt/airflow/dags/BackfillerExampleDemo.py for tasks to queue
[2026-01-26T15:01:09.951+0000] {logging_mixin.py:188} INFO - [2026-01-26T15:01:09.950+0000] {dagbag.py:545} INFO - Filling up the DagBag from /opt/airflow/dags/BackfillerExampleDemo.py
[2026-01-26T15:01:09.971+0000] {processor.py:840} INFO - DAG(s) 'BackFileExampleDemo' retrieved from /opt/airflow/dags/BackfillerExampleDemo.py
[2026-01-26T15:01:10.000+0000] {logging_mixin.py:188} INFO - [2026-01-26T15:01:09.999+0000] {dag.py:3096} INFO - Sync 1 DAGs
[2026-01-26T15:01:10.032+0000] {logging_mixin.py:188} INFO - [2026-01-26T15:01:10.032+0000] {dag.py:3954} INFO - Setting next_dagrun for BackFileExampleDemo to 2026-01-26 00:00:00+00:00, run_after=2026-01-27 00:00:00+00:00
[2026-01-26T15:01:10.120+0000] {processor.py:183} INFO - Processing /opt/airflow/dags/BackfillerExampleDemo.py took 0.179 seconds
[2026-01-26T15:01:41.182+0000] {processor.py:161} INFO - Started process (PID=141) to work on /opt/airflow/dags/BackfillerExampleDemo.py
[2026-01-26T15:01:41.183+0000] {processor.py:830} INFO - Processing file /opt/airflow/dags/BackfillerExampleDemo.py for tasks to queue
[2026-01-26T15:01:41.185+0000] {logging_mixin.py:188} INFO - [2026-01-26T15:01:41.185+0000] {dagbag.py:545} INFO - Filling up the DagBag from /opt/airflow/dags/BackfillerExampleDemo.py
[2026-01-26T15:01:41.209+0000] {processor.py:840} INFO - DAG(s) 'BackFileExampleDemo' retrieved from /opt/airflow/dags/BackfillerExampleDemo.py
[2026-01-26T15:01:41.246+0000] {logging_mixin.py:188} INFO - [2026-01-26T15:01:41.245+0000] {dag.py:3096} INFO - Sync 1 DAGs
[2026-01-26T15:01:41.281+0000] {logging_mixin.py:188} INFO - [2026-01-26T15:01:41.280+0000] {dag.py:3954} INFO - Setting next_dagrun for BackFileExampleDemo to 2026-01-26 00:00:00+00:00, run_after=2026-01-27 00:00:00+00:00
[2026-01-26T15:01:41.372+0000] {processor.py:183} INFO - Processing /opt/airflow/dags/BackfillerExampleDemo.py took 0.196 seconds
[2026-01-26T15:02:11.674+0000] {processor.py:161} INFO - Started process (PID=151) to work on /opt/airflow/dags/BackfillerExampleDemo.py
[2026-01-26T15:02:11.675+0000] {processor.py:830} INFO - Processing file /opt/airflow/dags/BackfillerExampleDemo.py for tasks to queue
[2026-01-26T15:02:11.677+0000] {logging_mixin.py:188} INFO - [2026-01-26T15:02:11.677+0000] {dagbag.py:545} INFO - Filling up the DagBag from /opt/airflow/dags/BackfillerExampleDemo.py
[2026-01-26T15:02:11.712+0000] {processor.py:840} INFO - DAG(s) 'BackFileExampleDemo' retrieved from /opt/airflow/dags/BackfillerExampleDemo.py
[2026-01-26T15:02:11.752+0000] {logging_mixin.py:188} INFO - [2026-01-26T15:02:11.752+0000] {dag.py:3096} INFO - Sync 1 DAGs
[2026-01-26T15:02:11.785+0000] {logging_mixin.py:188} INFO - [2026-01-26T15:02:11.784+0000] {dag.py:3954} INFO - Setting next_dagrun for BackFileExampleDemo to 2026-01-26 00:00:00+00:00, run_after=2026-01-27 00:00:00+00:00
[2026-01-26T15:02:11.863+0000] {processor.py:183} INFO - Processing /opt/airflow/dags/BackfillerExampleDemo.py took 0.198 seconds
[2026-01-26T15:02:43.131+0000] {processor.py:161} INFO - Started process (PID=161) to work on /opt/airflow/dags/BackfillerExampleDemo.py
[2026-01-26T15:02:43.132+0000] {processor.py:830} INFO - Processing file /opt/airflow/dags/BackfillerExampleDemo.py for tasks to queue
[2026-01-26T15:02:43.135+0000] {logging_mixin.py:188} INFO - [2026-01-26T15:02:43.134+0000] {dagbag.py:545} INFO - Filling up the DagBag from /opt/airflow/dags/BackfillerExampleDemo.py
[2026-01-26T15:02:43.161+0000] {processor.py:840} INFO - DAG(s) 'BackFileExampleDemo' retrieved from /opt/airflow/dags/BackfillerExampleDemo.py
[2026-01-26T15:02:43.220+0000] {logging_mixin.py:188} INFO - [2026-01-26T15:02:43.220+0000] {dag.py:3096} INFO - Sync 1 DAGs
[2026-01-26T15:02:43.285+0000] {logging_mixin.py:188} INFO - [2026-01-26T15:02:43.285+0000] {dag.py:3954} INFO - Setting next_dagrun for BackFileExampleDemo to 2026-01-26 00:00:00+00:00, run_after=2026-01-27 00:00:00+00:00
[2026-01-26T15:02:43.393+0000] {processor.py:183} INFO - Processing /opt/airflow/dags/BackfillerExampleDemo.py took 0.271 seconds
[2026-01-26T15:06:39.312+0000] {processor.py:161} INFO - Started process (PID=53) to work on /opt/airflow/dags/BackfillerExampleDemo.py
[2026-01-26T15:06:39.319+0000] {processor.py:830} INFO - Processing file /opt/airflow/dags/BackfillerExampleDemo.py for tasks to queue
[2026-01-26T15:06:39.324+0000] {logging_mixin.py:188} INFO - [2026-01-26T15:06:39.324+0000] {dagbag.py:545} INFO - Filling up the DagBag from /opt/airflow/dags/BackfillerExampleDemo.py
[2026-01-26T15:06:39.393+0000] {processor.py:840} INFO - DAG(s) 'BackFileExampleDemo' retrieved from /opt/airflow/dags/BackfillerExampleDemo.py
[2026-01-26T15:06:39.443+0000] {logging_mixin.py:188} INFO - [2026-01-26T15:06:39.442+0000] {dag.py:3096} INFO - Sync 1 DAGs
[2026-01-26T15:06:39.521+0000] {logging_mixin.py:188} INFO - [2026-01-26T15:06:39.521+0000] {dag.py:3954} INFO - Setting next_dagrun for BackFileExampleDemo to 2026-01-26 00:00:00+00:00, run_after=2026-01-27 00:00:00+00:00
[2026-01-26T15:06:39.666+0000] {processor.py:183} INFO - Processing /opt/airflow/dags/BackfillerExampleDemo.py took 0.375 seconds
[2026-01-26T15:07:10.264+0000] {processor.py:161} INFO - Started process (PID=83) to work on /opt/airflow/dags/BackfillerExampleDemo.py
[2026-01-26T15:07:10.266+0000] {processor.py:830} INFO - Processing file /opt/airflow/dags/BackfillerExampleDemo.py for tasks to queue
[2026-01-26T15:07:10.269+0000] {logging_mixin.py:188} INFO - [2026-01-26T15:07:10.269+0000] {dagbag.py:545} INFO - Filling up the DagBag from /opt/airflow/dags/BackfillerExampleDemo.py
[2026-01-26T15:07:10.294+0000] {processor.py:840} INFO - DAG(s) 'BackFileExampleDemo' retrieved from /opt/airflow/dags/BackfillerExampleDemo.py
[2026-01-26T15:07:10.431+0000] {logging_mixin.py:188} INFO - [2026-01-26T15:07:10.430+0000] {dag.py:3096} INFO - Sync 1 DAGs
[2026-01-26T15:07:10.459+0000] {logging_mixin.py:188} INFO - [2026-01-26T15:07:10.459+0000] {dag.py:3954} INFO - Setting next_dagrun for BackFileExampleDemo to 2026-01-26 00:00:00+00:00, run_after=2026-01-27 00:00:00+00:00
[2026-01-26T15:07:10.546+0000] {processor.py:183} INFO - Processing /opt/airflow/dags/BackfillerExampleDemo.py took 0.294 seconds
[2026-01-26T15:09:17.377+0000] {processor.py:161} INFO - Started process (PID=52) to work on /opt/airflow/dags/BackfillerExampleDemo.py
[2026-01-26T15:09:17.379+0000] {processor.py:830} INFO - Processing file /opt/airflow/dags/BackfillerExampleDemo.py for tasks to queue
[2026-01-26T15:09:17.383+0000] {logging_mixin.py:188} INFO - [2026-01-26T15:09:17.382+0000] {dagbag.py:545} INFO - Filling up the DagBag from /opt/airflow/dags/BackfillerExampleDemo.py
[2026-01-26T15:09:17.422+0000] {processor.py:840} INFO - DAG(s) 'BackFileExampleDemo' retrieved from /opt/airflow/dags/BackfillerExampleDemo.py
[2026-01-26T15:09:17.452+0000] {logging_mixin.py:188} INFO - [2026-01-26T15:09:17.452+0000] {dag.py:3096} INFO - Sync 1 DAGs
[2026-01-26T15:09:17.506+0000] {logging_mixin.py:188} INFO - [2026-01-26T15:09:17.506+0000] {dag.py:3954} INFO - Setting next_dagrun for BackFileExampleDemo to 2026-01-26 00:00:00+00:00, run_after=2026-01-27 00:00:00+00:00
[2026-01-26T15:09:17.591+0000] {processor.py:183} INFO - Processing /opt/airflow/dags/BackfillerExampleDemo.py took 0.227 seconds
[2026-01-26T15:09:48.619+0000] {processor.py:161} INFO - Started process (PID=71) to work on /opt/airflow/dags/BackfillerExampleDemo.py
[2026-01-26T15:09:48.621+0000] {processor.py:830} INFO - Processing file /opt/airflow/dags/BackfillerExampleDemo.py for tasks to queue
[2026-01-26T15:09:48.625+0000] {logging_mixin.py:188} INFO - [2026-01-26T15:09:48.624+0000] {dagbag.py:545} INFO - Filling up the DagBag from /opt/airflow/dags/BackfillerExampleDemo.py
[2026-01-26T15:09:48.664+0000] {processor.py:840} INFO - DAG(s) 'BackFileExampleDemo' retrieved from /opt/airflow/dags/BackfillerExampleDemo.py
[2026-01-26T15:09:48.839+0000] {logging_mixin.py:188} INFO - [2026-01-26T15:09:48.838+0000] {dag.py:3096} INFO - Sync 1 DAGs
[2026-01-26T15:09:48.866+0000] {logging_mixin.py:188} INFO - [2026-01-26T15:09:48.865+0000] {dag.py:3954} INFO - Setting next_dagrun for BackFileExampleDemo to 2026-01-26 00:00:00+00:00, run_after=2026-01-27 00:00:00+00:00
[2026-01-26T15:09:48.954+0000] {processor.py:183} INFO - Processing /opt/airflow/dags/BackfillerExampleDemo.py took 0.345 seconds
[2026-01-26T15:10:19.230+0000] {processor.py:161} INFO - Started process (PID=81) to work on /opt/airflow/dags/BackfillerExampleDemo.py
[2026-01-26T15:10:19.232+0000] {processor.py:830} INFO - Processing file /opt/airflow/dags/BackfillerExampleDemo.py for tasks to queue
[2026-01-26T15:10:19.236+0000] {logging_mixin.py:188} INFO - [2026-01-26T15:10:19.236+0000] {dagbag.py:545} INFO - Filling up the DagBag from /opt/airflow/dags/BackfillerExampleDemo.py
[2026-01-26T15:10:19.265+0000] {processor.py:840} INFO - DAG(s) 'BackFileExampleDemo' retrieved from /opt/airflow/dags/BackfillerExampleDemo.py
[2026-01-26T15:10:19.306+0000] {logging_mixin.py:188} INFO - [2026-01-26T15:10:19.306+0000] {dag.py:3096} INFO - Sync 1 DAGs
[2026-01-26T15:10:19.342+0000] {logging_mixin.py:188} INFO - [2026-01-26T15:10:19.342+0000] {dag.py:3954} INFO - Setting next_dagrun for BackFileExampleDemo to 2026-01-26 00:00:00+00:00, run_after=2026-01-27 00:00:00+00:00
[2026-01-26T15:10:19.451+0000] {processor.py:183} INFO - Processing /opt/airflow/dags/BackfillerExampleDemo.py took 0.230 seconds
[2026-01-26T15:12:37.940+0000] {processor.py:161} INFO - Started process (PID=52) to work on /opt/airflow/dags/BackfillerExampleDemo.py
[2026-01-26T15:12:37.946+0000] {processor.py:830} INFO - Processing file /opt/airflow/dags/BackfillerExampleDemo.py for tasks to queue
[2026-01-26T15:12:37.955+0000] {logging_mixin.py:188} INFO - [2026-01-26T15:12:37.953+0000] {dagbag.py:545} INFO - Filling up the DagBag from /opt/airflow/dags/BackfillerExampleDemo.py
[2026-01-26T15:12:38.015+0000] {processor.py:840} INFO - DAG(s) 'BackFileExampleDemo' retrieved from /opt/airflow/dags/BackfillerExampleDemo.py
[2026-01-26T15:12:38.046+0000] {logging_mixin.py:188} INFO - [2026-01-26T15:12:38.045+0000] {dag.py:3096} INFO - Sync 1 DAGs
[2026-01-26T15:12:38.129+0000] {logging_mixin.py:188} INFO - [2026-01-26T15:12:38.129+0000] {dag.py:3954} INFO - Setting next_dagrun for BackFileExampleDemo to 2026-01-26 00:00:00+00:00, run_after=2026-01-27 00:00:00+00:00
[2026-01-26T15:12:38.261+0000] {processor.py:183} INFO - Processing /opt/airflow/dags/BackfillerExampleDemo.py took 0.338 seconds
[2026-01-26T15:13:25.214+0000] {processor.py:161} INFO - Started process (PID=52) to work on /opt/airflow/dags/BackfillerExampleDemo.py
[2026-01-26T15:13:25.216+0000] {processor.py:830} INFO - Processing file /opt/airflow/dags/BackfillerExampleDemo.py for tasks to queue
[2026-01-26T15:13:25.221+0000] {logging_mixin.py:188} INFO - [2026-01-26T15:13:25.220+0000] {dagbag.py:545} INFO - Filling up the DagBag from /opt/airflow/dags/BackfillerExampleDemo.py
[2026-01-26T15:13:25.254+0000] {processor.py:840} INFO - DAG(s) 'BackFileExampleDemo' retrieved from /opt/airflow/dags/BackfillerExampleDemo.py
[2026-01-26T15:13:25.277+0000] {logging_mixin.py:188} INFO - [2026-01-26T15:13:25.277+0000] {dag.py:3096} INFO - Sync 1 DAGs
[2026-01-26T15:13:25.313+0000] {logging_mixin.py:188} INFO - [2026-01-26T15:13:25.312+0000] {dag.py:3954} INFO - Setting next_dagrun for BackFileExampleDemo to 2026-01-26 00:00:00+00:00, run_after=2026-01-27 00:00:00+00:00
[2026-01-26T15:13:25.396+0000] {processor.py:183} INFO - Processing /opt/airflow/dags/BackfillerExampleDemo.py took 0.196 seconds
[2026-01-26T15:13:55.594+0000] {processor.py:161} INFO - Started process (PID=82) to work on /opt/airflow/dags/BackfillerExampleDemo.py
[2026-01-26T15:13:55.598+0000] {processor.py:830} INFO - Processing file /opt/airflow/dags/BackfillerExampleDemo.py for tasks to queue
[2026-01-26T15:13:55.605+0000] {logging_mixin.py:188} INFO - [2026-01-26T15:13:55.604+0000] {dagbag.py:545} INFO - Filling up the DagBag from /opt/airflow/dags/BackfillerExampleDemo.py
[2026-01-26T15:13:55.651+0000] {processor.py:840} INFO - DAG(s) 'BackFileExampleDemo' retrieved from /opt/airflow/dags/BackfillerExampleDemo.py
[2026-01-26T15:13:55.898+0000] {logging_mixin.py:188} INFO - [2026-01-26T15:13:55.895+0000] {dag.py:3096} INFO - Sync 1 DAGs
[2026-01-26T15:13:55.943+0000] {logging_mixin.py:188} INFO - [2026-01-26T15:13:55.943+0000] {dag.py:3954} INFO - Setting next_dagrun for BackFileExampleDemo to 2026-01-26 00:00:00+00:00, run_after=2026-01-27 00:00:00+00:00
[2026-01-26T15:13:56.058+0000] {processor.py:183} INFO - Processing /opt/airflow/dags/BackfillerExampleDemo.py took 0.480 seconds
[2026-01-26T15:14:26.735+0000] {processor.py:161} INFO - Started process (PID=92) to work on /opt/airflow/dags/BackfillerExampleDemo.py
[2026-01-26T15:14:26.737+0000] {processor.py:830} INFO - Processing file /opt/airflow/dags/BackfillerExampleDemo.py for tasks to queue
[2026-01-26T15:14:26.741+0000] {logging_mixin.py:188} INFO - [2026-01-26T15:14:26.741+0000] {dagbag.py:545} INFO - Filling up the DagBag from /opt/airflow/dags/BackfillerExampleDemo.py
[2026-01-26T15:14:26.766+0000] {processor.py:840} INFO - DAG(s) 'BackFileExampleDemo' retrieved from /opt/airflow/dags/BackfillerExampleDemo.py
[2026-01-26T15:14:26.802+0000] {logging_mixin.py:188} INFO - [2026-01-26T15:14:26.802+0000] {dag.py:3096} INFO - Sync 1 DAGs
[2026-01-26T15:14:26.837+0000] {logging_mixin.py:188} INFO - [2026-01-26T15:14:26.836+0000] {dag.py:3954} INFO - Setting next_dagrun for BackFileExampleDemo to 2026-01-26 00:00:00+00:00, run_after=2026-01-27 00:00:00+00:00
[2026-01-26T15:14:26.922+0000] {processor.py:183} INFO - Processing /opt/airflow/dags/BackfillerExampleDemo.py took 0.195 seconds
[2026-01-26T15:14:57.985+0000] {processor.py:161} INFO - Started process (PID=102) to work on /opt/airflow/dags/BackfillerExampleDemo.py
[2026-01-26T15:14:57.987+0000] {processor.py:830} INFO - Processing file /opt/airflow/dags/BackfillerExampleDemo.py for tasks to queue
[2026-01-26T15:14:57.991+0000] {logging_mixin.py:188} INFO - [2026-01-26T15:14:57.990+0000] {dagbag.py:545} INFO - Filling up the DagBag from /opt/airflow/dags/BackfillerExampleDemo.py
[2026-01-26T15:14:58.021+0000] {processor.py:840} INFO - DAG(s) 'BackFileExampleDemo' retrieved from /opt/airflow/dags/BackfillerExampleDemo.py
[2026-01-26T15:14:58.066+0000] {logging_mixin.py:188} INFO - [2026-01-26T15:14:58.065+0000] {dag.py:3096} INFO - Sync 1 DAGs
[2026-01-26T15:14:58.110+0000] {logging_mixin.py:188} INFO - [2026-01-26T15:14:58.109+0000] {dag.py:3954} INFO - Setting next_dagrun for BackFileExampleDemo to 2026-01-26 00:00:00+00:00, run_after=2026-01-27 00:00:00+00:00
[2026-01-26T15:14:58.215+0000] {processor.py:183} INFO - Processing /opt/airflow/dags/BackfillerExampleDemo.py took 0.239 seconds
[2026-01-26T15:15:28.621+0000] {processor.py:161} INFO - Started process (PID=112) to work on /opt/airflow/dags/BackfillerExampleDemo.py
[2026-01-26T15:15:28.623+0000] {processor.py:830} INFO - Processing file /opt/airflow/dags/BackfillerExampleDemo.py for tasks to queue
[2026-01-26T15:15:28.627+0000] {logging_mixin.py:188} INFO - [2026-01-26T15:15:28.626+0000] {dagbag.py:545} INFO - Filling up the DagBag from /opt/airflow/dags/BackfillerExampleDemo.py
[2026-01-26T15:15:28.649+0000] {processor.py:840} INFO - DAG(s) 'BackFileExampleDemo' retrieved from /opt/airflow/dags/BackfillerExampleDemo.py
[2026-01-26T15:15:28.679+0000] {logging_mixin.py:188} INFO - [2026-01-26T15:15:28.678+0000] {dag.py:3096} INFO - Sync 1 DAGs
[2026-01-26T15:15:28.713+0000] {logging_mixin.py:188} INFO - [2026-01-26T15:15:28.712+0000] {dag.py:3954} INFO - Setting next_dagrun for BackFileExampleDemo to 2026-01-26 00:00:00+00:00, run_after=2026-01-27 00:00:00+00:00
[2026-01-26T15:15:28.802+0000] {processor.py:183} INFO - Processing /opt/airflow/dags/BackfillerExampleDemo.py took 0.188 seconds
[2026-01-26T15:15:59.393+0000] {processor.py:161} INFO - Started process (PID=122) to work on /opt/airflow/dags/BackfillerExampleDemo.py
[2026-01-26T15:15:59.395+0000] {processor.py:830} INFO - Processing file /opt/airflow/dags/BackfillerExampleDemo.py for tasks to queue
[2026-01-26T15:15:59.400+0000] {logging_mixin.py:188} INFO - [2026-01-26T15:15:59.399+0000] {dagbag.py:545} INFO - Filling up the DagBag from /opt/airflow/dags/BackfillerExampleDemo.py
[2026-01-26T15:15:59.444+0000] {processor.py:840} INFO - DAG(s) 'BackFileExampleDemo' retrieved from /opt/airflow/dags/BackfillerExampleDemo.py
[2026-01-26T15:15:59.488+0000] {logging_mixin.py:188} INFO - [2026-01-26T15:15:59.487+0000] {dag.py:3096} INFO - Sync 1 DAGs
[2026-01-26T15:15:59.521+0000] {logging_mixin.py:188} INFO - [2026-01-26T15:15:59.521+0000] {dag.py:3954} INFO - Setting next_dagrun for BackFileExampleDemo to 2026-01-26 00:00:00+00:00, run_after=2026-01-27 00:00:00+00:00
[2026-01-26T15:15:59.622+0000] {processor.py:183} INFO - Processing /opt/airflow/dags/BackfillerExampleDemo.py took 0.236 seconds
[2026-01-26T15:16:29.818+0000] {processor.py:161} INFO - Started process (PID=132) to work on /opt/airflow/dags/BackfillerExampleDemo.py
[2026-01-26T15:16:29.820+0000] {processor.py:830} INFO - Processing file /opt/airflow/dags/BackfillerExampleDemo.py for tasks to queue
[2026-01-26T15:16:29.825+0000] {logging_mixin.py:188} INFO - [2026-01-26T15:16:29.824+0000] {dagbag.py:545} INFO - Filling up the DagBag from /opt/airflow/dags/BackfillerExampleDemo.py
[2026-01-26T15:16:29.861+0000] {processor.py:840} INFO - DAG(s) 'BackFileExampleDemo' retrieved from /opt/airflow/dags/BackfillerExampleDemo.py
[2026-01-26T15:16:29.927+0000] {logging_mixin.py:188} INFO - [2026-01-26T15:16:29.926+0000] {dag.py:3096} INFO - Sync 1 DAGs
[2026-01-26T15:16:29.965+0000] {logging_mixin.py:188} INFO - [2026-01-26T15:16:29.965+0000] {dag.py:3954} INFO - Setting next_dagrun for BackFileExampleDemo to 2026-01-26 00:00:00+00:00, run_after=2026-01-27 00:00:00+00:00
[2026-01-26T15:16:30.055+0000] {processor.py:183} INFO - Processing /opt/airflow/dags/BackfillerExampleDemo.py took 0.247 seconds
[2026-01-26T15:17:00.827+0000] {processor.py:161} INFO - Started process (PID=142) to work on /opt/airflow/dags/BackfillerExampleDemo.py
[2026-01-26T15:17:00.830+0000] {processor.py:830} INFO - Processing file /opt/airflow/dags/BackfillerExampleDemo.py for tasks to queue
[2026-01-26T15:17:00.834+0000] {logging_mixin.py:188} INFO - [2026-01-26T15:17:00.833+0000] {dagbag.py:545} INFO - Filling up the DagBag from /opt/airflow/dags/BackfillerExampleDemo.py
[2026-01-26T15:17:00.869+0000] {processor.py:840} INFO - DAG(s) 'BackFileExampleDemo' retrieved from /opt/airflow/dags/BackfillerExampleDemo.py
[2026-01-26T15:17:00.909+0000] {logging_mixin.py:188} INFO - [2026-01-26T15:17:00.909+0000] {dag.py:3096} INFO - Sync 1 DAGs
[2026-01-26T15:17:00.941+0000] {logging_mixin.py:188} INFO - [2026-01-26T15:17:00.940+0000] {dag.py:3954} INFO - Setting next_dagrun for BackFileExampleDemo to 2026-01-26 00:00:00+00:00, run_after=2026-01-27 00:00:00+00:00
[2026-01-26T15:17:01.019+0000] {processor.py:183} INFO - Processing /opt/airflow/dags/BackfillerExampleDemo.py took 0.202 seconds
[2026-01-26T15:17:31.246+0000] {processor.py:161} INFO - Started process (PID=152) to work on /opt/airflow/dags/BackfillerExampleDemo.py
[2026-01-26T15:17:31.248+0000] {processor.py:830} INFO - Processing file /opt/airflow/dags/BackfillerExampleDemo.py for tasks to queue
[2026-01-26T15:17:31.251+0000] {logging_mixin.py:188} INFO - [2026-01-26T15:17:31.251+0000] {dagbag.py:545} INFO - Filling up the DagBag from /opt/airflow/dags/BackfillerExampleDemo.py
[2026-01-26T15:17:31.285+0000] {processor.py:840} INFO - DAG(s) 'BackFileExampleDemo' retrieved from /opt/airflow/dags/BackfillerExampleDemo.py
[2026-01-26T15:17:31.339+0000] {logging_mixin.py:188} INFO - [2026-01-26T15:17:31.338+0000] {dag.py:3096} INFO - Sync 1 DAGs
[2026-01-26T15:17:31.377+0000] {logging_mixin.py:188} INFO - [2026-01-26T15:17:31.377+0000] {dag.py:3954} INFO - Setting next_dagrun for BackFileExampleDemo to 2026-01-26 00:00:00+00:00, run_after=2026-01-27 00:00:00+00:00
[2026-01-26T15:17:31.461+0000] {processor.py:183} INFO - Processing /opt/airflow/dags/BackfillerExampleDemo.py took 0.226 seconds
[2026-01-26T15:18:13.134+0000] {processor.py:161} INFO - Started process (PID=162) to work on /opt/airflow/dags/BackfillerExampleDemo.py
[2026-01-26T15:18:13.142+0000] {processor.py:830} INFO - Processing file /opt/airflow/dags/BackfillerExampleDemo.py for tasks to queue
[2026-01-26T15:18:13.162+0000] {logging_mixin.py:188} INFO - [2026-01-26T15:18:13.156+0000] {dagbag.py:545} INFO - Filling up the DagBag from /opt/airflow/dags/BackfillerExampleDemo.py
[2026-01-26T15:18:13.562+0000] {processor.py:840} INFO - DAG(s) 'BackFileExampleDemo' retrieved from /opt/airflow/dags/BackfillerExampleDemo.py
[2026-01-26T15:18:14.042+0000] {logging_mixin.py:188} INFO - [2026-01-26T15:18:14.041+0000] {dag.py:3096} INFO - Sync 1 DAGs
[2026-01-26T15:18:15.239+0000] {logging_mixin.py:188} INFO - [2026-01-26T15:18:15.238+0000] {dag.py:3954} INFO - Setting next_dagrun for BackFileExampleDemo to 2026-01-26 00:00:00+00:00, run_after=2026-01-27 00:00:00+00:00
[2026-01-26T15:18:16.554+0000] {processor.py:183} INFO - Processing /opt/airflow/dags/BackfillerExampleDemo.py took 3.455 seconds
[2026-01-26T15:18:49.620+0000] {processor.py:161} INFO - Started process (PID=166) to work on /opt/airflow/dags/BackfillerExampleDemo.py
[2026-01-26T15:18:49.640+0000] {processor.py:830} INFO - Processing file /opt/airflow/dags/BackfillerExampleDemo.py for tasks to queue
[2026-01-26T15:18:49.662+0000] {logging_mixin.py:188} INFO - [2026-01-26T15:18:49.661+0000] {dagbag.py:545} INFO - Filling up the DagBag from /opt/airflow/dags/BackfillerExampleDemo.py
[2026-01-26T15:18:50.006+0000] {processor.py:840} INFO - DAG(s) 'BackFileExampleDemo' retrieved from /opt/airflow/dags/BackfillerExampleDemo.py
[2026-01-26T15:18:50.571+0000] {logging_mixin.py:188} INFO - [2026-01-26T15:18:50.557+0000] {dag.py:3096} INFO - Sync 1 DAGs
[2026-01-26T15:18:51.165+0000] {logging_mixin.py:188} INFO - [2026-01-26T15:18:51.165+0000] {dag.py:3954} INFO - Setting next_dagrun for BackFileExampleDemo to 2026-01-26 00:00:00+00:00, run_after=2026-01-27 00:00:00+00:00
[2026-01-26T15:18:54.115+0000] {processor.py:183} INFO - Processing /opt/airflow/dags/BackfillerExampleDemo.py took 4.533 seconds
[2026-01-26T15:19:25.090+0000] {processor.py:161} INFO - Started process (PID=173) to work on /opt/airflow/dags/BackfillerExampleDemo.py
[2026-01-26T15:19:25.094+0000] {processor.py:830} INFO - Processing file /opt/airflow/dags/BackfillerExampleDemo.py for tasks to queue
[2026-01-26T15:19:25.101+0000] {logging_mixin.py:188} INFO - [2026-01-26T15:19:25.100+0000] {dagbag.py:545} INFO - Filling up the DagBag from /opt/airflow/dags/BackfillerExampleDemo.py
[2026-01-26T15:19:25.193+0000] {processor.py:840} INFO - DAG(s) 'BackFileExampleDemo' retrieved from /opt/airflow/dags/BackfillerExampleDemo.py
[2026-01-26T15:19:25.342+0000] {logging_mixin.py:188} INFO - [2026-01-26T15:19:25.341+0000] {dag.py:3096} INFO - Sync 1 DAGs
[2026-01-26T15:19:25.452+0000] {logging_mixin.py:188} INFO - [2026-01-26T15:19:25.452+0000] {dag.py:3954} INFO - Setting next_dagrun for BackFileExampleDemo to 2026-01-26 00:00:00+00:00, run_after=2026-01-27 00:00:00+00:00
[2026-01-26T15:19:25.741+0000] {processor.py:183} INFO - Processing /opt/airflow/dags/BackfillerExampleDemo.py took 0.666 seconds
[2026-01-26T15:20:35.947+0000] {processor.py:161} INFO - Started process (PID=181) to work on /opt/airflow/dags/BackfillerExampleDemo.py
[2026-01-26T15:20:35.995+0000] {processor.py:830} INFO - Processing file /opt/airflow/dags/BackfillerExampleDemo.py for tasks to queue
[2026-01-26T15:20:36.005+0000] {logging_mixin.py:188} INFO - [2026-01-26T15:20:36.004+0000] {dagbag.py:545} INFO - Filling up the DagBag from /opt/airflow/dags/BackfillerExampleDemo.py
[2026-01-26T15:20:36.339+0000] {processor.py:840} INFO - DAG(s) 'BackFileExampleDemo' retrieved from /opt/airflow/dags/BackfillerExampleDemo.py
[2026-01-26T15:20:42.670+0000] {logging_mixin.py:188} INFO - [2026-01-26T15:20:42.669+0000] {dag.py:3096} INFO - Sync 1 DAGs
[2026-01-26T15:20:43.826+0000] {logging_mixin.py:188} INFO - [2026-01-26T15:20:43.825+0000] {dag.py:3118} INFO - Creating ORM DAG for BackFileExampleDemo
[2026-01-26T15:20:44.350+0000] {logging_mixin.py:188} INFO - [2026-01-26T15:20:44.349+0000] {dag.py:3954} INFO - Setting next_dagrun for BackFileExampleDemo to 2026-01-25 00:00:00+00:00, run_after=2026-01-26 00:00:00+00:00
[2026-01-26T15:20:50.731+0000] {processor.py:183} INFO - Processing /opt/airflow/dags/BackfillerExampleDemo.py took 14.820 seconds
[2026-01-26T15:21:28.865+0000] {processor.py:161} INFO - Started process (PID=209) to work on /opt/airflow/dags/BackfillerExampleDemo.py
[2026-01-26T15:21:28.867+0000] {processor.py:830} INFO - Processing file /opt/airflow/dags/BackfillerExampleDemo.py for tasks to queue
[2026-01-26T15:21:28.871+0000] {logging_mixin.py:188} INFO - [2026-01-26T15:21:28.870+0000] {dagbag.py:545} INFO - Filling up the DagBag from /opt/airflow/dags/BackfillerExampleDemo.py
[2026-01-26T15:21:28.912+0000] {processor.py:840} INFO - DAG(s) 'BackFileExampleDemo' retrieved from /opt/airflow/dags/BackfillerExampleDemo.py
[2026-01-26T15:21:28.952+0000] {logging_mixin.py:188} INFO - [2026-01-26T15:21:28.951+0000] {dag.py:3096} INFO - Sync 1 DAGs
[2026-01-26T15:21:28.984+0000] {logging_mixin.py:188} INFO - [2026-01-26T15:21:28.984+0000] {dag.py:3954} INFO - Setting next_dagrun for BackFileExampleDemo to 2026-01-26 00:00:00+00:00, run_after=2026-01-27 00:00:00+00:00
[2026-01-26T15:21:29.082+0000] {processor.py:183} INFO - Processing /opt/airflow/dags/BackfillerExampleDemo.py took 0.224 seconds
[2026-01-26T15:21:59.989+0000] {processor.py:161} INFO - Started process (PID=218) to work on /opt/airflow/dags/BackfillerExampleDemo.py
[2026-01-26T15:21:59.992+0000] {processor.py:830} INFO - Processing file /opt/airflow/dags/BackfillerExampleDemo.py for tasks to queue
[2026-01-26T15:21:59.999+0000] {logging_mixin.py:188} INFO - [2026-01-26T15:21:59.998+0000] {dagbag.py:545} INFO - Filling up the DagBag from /opt/airflow/dags/BackfillerExampleDemo.py
[2026-01-26T15:22:00.042+0000] {processor.py:840} INFO - DAG(s) 'BackFileExampleDemo' retrieved from /opt/airflow/dags/BackfillerExampleDemo.py
[2026-01-26T15:22:00.094+0000] {logging_mixin.py:188} INFO - [2026-01-26T15:22:00.093+0000] {dag.py:3096} INFO - Sync 1 DAGs
[2026-01-26T15:22:00.168+0000] {logging_mixin.py:188} INFO - [2026-01-26T15:22:00.167+0000] {dag.py:3954} INFO - Setting next_dagrun for BackFileExampleDemo to 2026-01-26 00:00:00+00:00, run_after=2026-01-27 00:00:00+00:00
[2026-01-26T15:22:00.468+0000] {processor.py:183} INFO - Processing /opt/airflow/dags/BackfillerExampleDemo.py took 0.489 seconds
[2026-01-26T15:22:30.628+0000] {processor.py:161} INFO - Started process (PID=228) to work on /opt/airflow/dags/BackfillerExampleDemo.py
[2026-01-26T15:22:30.629+0000] {processor.py:830} INFO - Processing file /opt/airflow/dags/BackfillerExampleDemo.py for tasks to queue
[2026-01-26T15:22:30.633+0000] {logging_mixin.py:188} INFO - [2026-01-26T15:22:30.633+0000] {dagbag.py:545} INFO - Filling up the DagBag from /opt/airflow/dags/BackfillerExampleDemo.py
[2026-01-26T15:22:30.658+0000] {processor.py:840} INFO - DAG(s) 'BackFileExampleDemo' retrieved from /opt/airflow/dags/BackfillerExampleDemo.py
[2026-01-26T15:22:30.690+0000] {logging_mixin.py:188} INFO - [2026-01-26T15:22:30.690+0000] {dag.py:3096} INFO - Sync 1 DAGs
[2026-01-26T15:22:30.721+0000] {logging_mixin.py:188} INFO - [2026-01-26T15:22:30.721+0000] {dag.py:3954} INFO - Setting next_dagrun for BackFileExampleDemo to 2026-01-26 00:00:00+00:00, run_after=2026-01-27 00:00:00+00:00
[2026-01-26T15:22:30.812+0000] {processor.py:183} INFO - Processing /opt/airflow/dags/BackfillerExampleDemo.py took 0.190 seconds
[2026-01-26T15:23:02.148+0000] {processor.py:161} INFO - Started process (PID=238) to work on /opt/airflow/dags/BackfillerExampleDemo.py
[2026-01-26T15:23:02.149+0000] {processor.py:830} INFO - Processing file /opt/airflow/dags/BackfillerExampleDemo.py for tasks to queue
[2026-01-26T15:23:02.153+0000] {logging_mixin.py:188} INFO - [2026-01-26T15:23:02.152+0000] {dagbag.py:545} INFO - Filling up the DagBag from /opt/airflow/dags/BackfillerExampleDemo.py
[2026-01-26T15:23:02.179+0000] {processor.py:840} INFO - DAG(s) 'BackFileExampleDemo' retrieved from /opt/airflow/dags/BackfillerExampleDemo.py
[2026-01-26T15:23:02.216+0000] {logging_mixin.py:188} INFO - [2026-01-26T15:23:02.216+0000] {dag.py:3096} INFO - Sync 1 DAGs
[2026-01-26T15:23:02.245+0000] {logging_mixin.py:188} INFO - [2026-01-26T15:23:02.245+0000] {dag.py:3954} INFO - Setting next_dagrun for BackFileExampleDemo to 2026-01-26 00:00:00+00:00, run_after=2026-01-27 00:00:00+00:00
[2026-01-26T15:23:02.332+0000] {processor.py:183} INFO - Processing /opt/airflow/dags/BackfillerExampleDemo.py took 0.192 seconds
[2026-01-26T15:23:34.256+0000] {processor.py:161} INFO - Started process (PID=248) to work on /opt/airflow/dags/BackfillerExampleDemo.py
[2026-01-26T15:23:34.259+0000] {processor.py:830} INFO - Processing file /opt/airflow/dags/BackfillerExampleDemo.py for tasks to queue
[2026-01-26T15:23:34.265+0000] {logging_mixin.py:188} INFO - [2026-01-26T15:23:34.264+0000] {dagbag.py:545} INFO - Filling up the DagBag from /opt/airflow/dags/BackfillerExampleDemo.py
[2026-01-26T15:23:34.615+0000] {processor.py:840} INFO - DAG(s) 'BackFileExampleDemo' retrieved from /opt/airflow/dags/BackfillerExampleDemo.py
[2026-01-26T15:23:34.833+0000] {logging_mixin.py:188} INFO - [2026-01-26T15:23:34.832+0000] {dag.py:3096} INFO - Sync 1 DAGs
[2026-01-26T15:23:35.257+0000] {logging_mixin.py:188} INFO - [2026-01-26T15:23:35.256+0000] {dag.py:3954} INFO - Setting next_dagrun for BackFileExampleDemo to 2026-01-26 00:00:00+00:00, run_after=2026-01-27 00:00:00+00:00
[2026-01-26T15:23:35.953+0000] {processor.py:183} INFO - Processing /opt/airflow/dags/BackfillerExampleDemo.py took 1.715 seconds
[2026-01-26T15:24:07.039+0000] {processor.py:161} INFO - Started process (PID=258) to work on /opt/airflow/dags/BackfillerExampleDemo.py
[2026-01-26T15:24:07.041+0000] {processor.py:830} INFO - Processing file /opt/airflow/dags/BackfillerExampleDemo.py for tasks to queue
[2026-01-26T15:24:07.044+0000] {logging_mixin.py:188} INFO - [2026-01-26T15:24:07.043+0000] {dagbag.py:545} INFO - Filling up the DagBag from /opt/airflow/dags/BackfillerExampleDemo.py
[2026-01-26T15:24:07.078+0000] {processor.py:840} INFO - DAG(s) 'BackFileExampleDemo' retrieved from /opt/airflow/dags/BackfillerExampleDemo.py
[2026-01-26T15:24:07.122+0000] {logging_mixin.py:188} INFO - [2026-01-26T15:24:07.121+0000] {dag.py:3096} INFO - Sync 1 DAGs
[2026-01-26T15:24:07.164+0000] {logging_mixin.py:188} INFO - [2026-01-26T15:24:07.163+0000] {dag.py:3954} INFO - Setting next_dagrun for BackFileExampleDemo to 2026-01-26 00:00:00+00:00, run_after=2026-01-27 00:00:00+00:00
[2026-01-26T15:24:07.278+0000] {processor.py:183} INFO - Processing /opt/airflow/dags/BackfillerExampleDemo.py took 0.245 seconds
