[2026-01-26T14:39:07.255+0000] {processor.py:161} INFO - Started process (PID=79) to work on /opt/airflow/dags/irst_dag.py
[2026-01-26T14:39:07.259+0000] {processor.py:830} INFO - Processing file /opt/airflow/dags/irst_dag.py for tasks to queue
[2026-01-26T14:39:07.266+0000] {logging_mixin.py:188} INFO - [2026-01-26T14:39:07.265+0000] {dagbag.py:545} INFO - Filling up the DagBag from /opt/airflow/dags/irst_dag.py
[2026-01-26T14:39:07.317+0000] {processor.py:840} INFO - DAG(s) 'simple_3_task_dag' retrieved from /opt/airflow/dags/irst_dag.py
[2026-01-26T14:39:07.343+0000] {logging_mixin.py:188} INFO - [2026-01-26T14:39:07.343+0000] {dag.py:3096} INFO - Sync 1 DAGs
[2026-01-26T14:39:07.395+0000] {logging_mixin.py:188} INFO - [2026-01-26T14:39:07.395+0000] {dag.py:3954} INFO - Setting next_dagrun for simple_3_task_dag to 2026-01-25 00:00:00+00:00, run_after=2026-01-26 00:00:00+00:00
[2026-01-26T14:39:07.477+0000] {processor.py:183} INFO - Processing /opt/airflow/dags/irst_dag.py took 0.242 seconds
[2026-01-26T14:40:06.606+0000] {processor.py:161} INFO - Started process (PID=70) to work on /opt/airflow/dags/irst_dag.py
[2026-01-26T14:40:06.608+0000] {processor.py:830} INFO - Processing file /opt/airflow/dags/irst_dag.py for tasks to queue
[2026-01-26T14:40:06.611+0000] {logging_mixin.py:188} INFO - [2026-01-26T14:40:06.611+0000] {dagbag.py:545} INFO - Filling up the DagBag from /opt/airflow/dags/irst_dag.py
[2026-01-26T14:40:06.649+0000] {processor.py:840} INFO - DAG(s) 'simple_3_task_dag' retrieved from /opt/airflow/dags/irst_dag.py
[2026-01-26T14:40:06.690+0000] {logging_mixin.py:188} INFO - [2026-01-26T14:40:06.689+0000] {dag.py:3096} INFO - Sync 1 DAGs
[2026-01-26T14:40:06.744+0000] {logging_mixin.py:188} INFO - [2026-01-26T14:40:06.744+0000] {dag.py:3954} INFO - Setting next_dagrun for simple_3_task_dag to 2026-01-25 00:00:00+00:00, run_after=2026-01-26 00:00:00+00:00
[2026-01-26T14:40:06.869+0000] {processor.py:183} INFO - Processing /opt/airflow/dags/irst_dag.py took 0.273 seconds
[2026-01-26T14:40:38.444+0000] {processor.py:161} INFO - Started process (PID=80) to work on /opt/airflow/dags/irst_dag.py
[2026-01-26T14:40:38.446+0000] {processor.py:830} INFO - Processing file /opt/airflow/dags/irst_dag.py for tasks to queue
[2026-01-26T14:40:38.448+0000] {logging_mixin.py:188} INFO - [2026-01-26T14:40:38.448+0000] {dagbag.py:545} INFO - Filling up the DagBag from /opt/airflow/dags/irst_dag.py
[2026-01-26T14:40:38.475+0000] {processor.py:840} INFO - DAG(s) 'simple_3_task_dag' retrieved from /opt/airflow/dags/irst_dag.py
[2026-01-26T14:40:38.609+0000] {logging_mixin.py:188} INFO - [2026-01-26T14:40:38.609+0000] {dag.py:3096} INFO - Sync 1 DAGs
[2026-01-26T14:40:38.644+0000] {logging_mixin.py:188} INFO - [2026-01-26T14:40:38.644+0000] {dag.py:3954} INFO - Setting next_dagrun for simple_3_task_dag to 2026-01-25 00:00:00+00:00, run_after=2026-01-26 00:00:00+00:00
[2026-01-26T14:40:38.719+0000] {processor.py:183} INFO - Processing /opt/airflow/dags/irst_dag.py took 0.280 seconds
[2026-01-26T14:41:09.219+0000] {processor.py:161} INFO - Started process (PID=90) to work on /opt/airflow/dags/irst_dag.py
[2026-01-26T14:41:09.221+0000] {processor.py:830} INFO - Processing file /opt/airflow/dags/irst_dag.py for tasks to queue
[2026-01-26T14:41:09.223+0000] {logging_mixin.py:188} INFO - [2026-01-26T14:41:09.223+0000] {dagbag.py:545} INFO - Filling up the DagBag from /opt/airflow/dags/irst_dag.py
[2026-01-26T14:41:09.249+0000] {processor.py:840} INFO - DAG(s) 'simple_3_task_dag' retrieved from /opt/airflow/dags/irst_dag.py
[2026-01-26T14:41:09.281+0000] {logging_mixin.py:188} INFO - [2026-01-26T14:41:09.280+0000] {dag.py:3096} INFO - Sync 1 DAGs
[2026-01-26T14:41:09.309+0000] {logging_mixin.py:188} INFO - [2026-01-26T14:41:09.309+0000] {dag.py:3954} INFO - Setting next_dagrun for simple_3_task_dag to 2026-01-25 00:00:00+00:00, run_after=2026-01-26 00:00:00+00:00
[2026-01-26T14:41:09.380+0000] {processor.py:183} INFO - Processing /opt/airflow/dags/irst_dag.py took 0.168 seconds
[2026-01-26T14:41:40.831+0000] {processor.py:161} INFO - Started process (PID=100) to work on /opt/airflow/dags/irst_dag.py
[2026-01-26T14:41:40.833+0000] {processor.py:830} INFO - Processing file /opt/airflow/dags/irst_dag.py for tasks to queue
[2026-01-26T14:41:40.836+0000] {logging_mixin.py:188} INFO - [2026-01-26T14:41:40.836+0000] {dagbag.py:545} INFO - Filling up the DagBag from /opt/airflow/dags/irst_dag.py
[2026-01-26T14:41:40.864+0000] {processor.py:840} INFO - DAG(s) 'simple_3_task_dag' retrieved from /opt/airflow/dags/irst_dag.py
[2026-01-26T14:41:40.899+0000] {logging_mixin.py:188} INFO - [2026-01-26T14:41:40.899+0000] {dag.py:3096} INFO - Sync 1 DAGs
[2026-01-26T14:41:40.930+0000] {logging_mixin.py:188} INFO - [2026-01-26T14:41:40.930+0000] {dag.py:3954} INFO - Setting next_dagrun for simple_3_task_dag to 2026-01-25 00:00:00+00:00, run_after=2026-01-26 00:00:00+00:00
[2026-01-26T14:41:40.990+0000] {processor.py:183} INFO - Processing /opt/airflow/dags/irst_dag.py took 0.167 seconds
[2026-01-26T14:42:11.458+0000] {processor.py:161} INFO - Started process (PID=110) to work on /opt/airflow/dags/irst_dag.py
[2026-01-26T14:42:11.459+0000] {processor.py:830} INFO - Processing file /opt/airflow/dags/irst_dag.py for tasks to queue
[2026-01-26T14:42:11.462+0000] {logging_mixin.py:188} INFO - [2026-01-26T14:42:11.461+0000] {dagbag.py:545} INFO - Filling up the DagBag from /opt/airflow/dags/irst_dag.py
[2026-01-26T14:42:11.483+0000] {processor.py:840} INFO - DAG(s) 'simple_3_task_dag' retrieved from /opt/airflow/dags/irst_dag.py
[2026-01-26T14:42:11.508+0000] {logging_mixin.py:188} INFO - [2026-01-26T14:42:11.508+0000] {dag.py:3096} INFO - Sync 1 DAGs
[2026-01-26T14:42:11.537+0000] {logging_mixin.py:188} INFO - [2026-01-26T14:42:11.536+0000] {dag.py:3954} INFO - Setting next_dagrun for simple_3_task_dag to 2026-01-25 00:00:00+00:00, run_after=2026-01-26 00:00:00+00:00
[2026-01-26T14:42:11.604+0000] {processor.py:183} INFO - Processing /opt/airflow/dags/irst_dag.py took 0.151 seconds
[2026-01-26T14:42:42.053+0000] {processor.py:161} INFO - Started process (PID=120) to work on /opt/airflow/dags/irst_dag.py
[2026-01-26T14:42:42.054+0000] {processor.py:830} INFO - Processing file /opt/airflow/dags/irst_dag.py for tasks to queue
[2026-01-26T14:42:42.056+0000] {logging_mixin.py:188} INFO - [2026-01-26T14:42:42.056+0000] {dagbag.py:545} INFO - Filling up the DagBag from /opt/airflow/dags/irst_dag.py
[2026-01-26T14:42:42.080+0000] {processor.py:840} INFO - DAG(s) 'simple_3_task_dag' retrieved from /opt/airflow/dags/irst_dag.py
[2026-01-26T14:42:42.114+0000] {logging_mixin.py:188} INFO - [2026-01-26T14:42:42.114+0000] {dag.py:3096} INFO - Sync 1 DAGs
[2026-01-26T14:42:42.153+0000] {logging_mixin.py:188} INFO - [2026-01-26T14:42:42.153+0000] {dag.py:3954} INFO - Setting next_dagrun for simple_3_task_dag to 2026-01-25 00:00:00+00:00, run_after=2026-01-26 00:00:00+00:00
[2026-01-26T14:42:42.233+0000] {processor.py:183} INFO - Processing /opt/airflow/dags/irst_dag.py took 0.186 seconds
[2026-01-26T14:43:12.543+0000] {processor.py:161} INFO - Started process (PID=130) to work on /opt/airflow/dags/irst_dag.py
[2026-01-26T14:43:12.545+0000] {processor.py:830} INFO - Processing file /opt/airflow/dags/irst_dag.py for tasks to queue
[2026-01-26T14:43:12.549+0000] {logging_mixin.py:188} INFO - [2026-01-26T14:43:12.548+0000] {dagbag.py:545} INFO - Filling up the DagBag from /opt/airflow/dags/irst_dag.py
[2026-01-26T14:43:12.580+0000] {processor.py:840} INFO - DAG(s) 'simple_3_task_dag' retrieved from /opt/airflow/dags/irst_dag.py
[2026-01-26T14:43:12.611+0000] {logging_mixin.py:188} INFO - [2026-01-26T14:43:12.611+0000] {dag.py:3096} INFO - Sync 1 DAGs
[2026-01-26T14:43:12.639+0000] {logging_mixin.py:188} INFO - [2026-01-26T14:43:12.639+0000] {dag.py:3954} INFO - Setting next_dagrun for simple_3_task_dag to 2026-01-25 00:00:00+00:00, run_after=2026-01-26 00:00:00+00:00
[2026-01-26T14:43:12.714+0000] {processor.py:183} INFO - Processing /opt/airflow/dags/irst_dag.py took 0.180 seconds
[2026-01-26T14:43:43.535+0000] {processor.py:161} INFO - Started process (PID=140) to work on /opt/airflow/dags/irst_dag.py
[2026-01-26T14:43:43.536+0000] {processor.py:830} INFO - Processing file /opt/airflow/dags/irst_dag.py for tasks to queue
[2026-01-26T14:43:43.539+0000] {logging_mixin.py:188} INFO - [2026-01-26T14:43:43.538+0000] {dagbag.py:545} INFO - Filling up the DagBag from /opt/airflow/dags/irst_dag.py
[2026-01-26T14:43:43.562+0000] {processor.py:840} INFO - DAG(s) 'simple_3_task_dag' retrieved from /opt/airflow/dags/irst_dag.py
[2026-01-26T14:43:43.589+0000] {logging_mixin.py:188} INFO - [2026-01-26T14:43:43.589+0000] {dag.py:3096} INFO - Sync 1 DAGs
[2026-01-26T14:43:43.619+0000] {logging_mixin.py:188} INFO - [2026-01-26T14:43:43.619+0000] {dag.py:3954} INFO - Setting next_dagrun for simple_3_task_dag to 2026-01-25 00:00:00+00:00, run_after=2026-01-26 00:00:00+00:00
[2026-01-26T14:43:43.684+0000] {processor.py:183} INFO - Processing /opt/airflow/dags/irst_dag.py took 0.156 seconds
[2026-01-26T14:44:14.846+0000] {processor.py:161} INFO - Started process (PID=150) to work on /opt/airflow/dags/irst_dag.py
[2026-01-26T14:44:14.849+0000] {processor.py:830} INFO - Processing file /opt/airflow/dags/irst_dag.py for tasks to queue
[2026-01-26T14:44:14.856+0000] {logging_mixin.py:188} INFO - [2026-01-26T14:44:14.856+0000] {dagbag.py:545} INFO - Filling up the DagBag from /opt/airflow/dags/irst_dag.py
[2026-01-26T14:44:14.892+0000] {processor.py:840} INFO - DAG(s) 'simple_3_task_dag' retrieved from /opt/airflow/dags/irst_dag.py
[2026-01-26T14:44:14.933+0000] {logging_mixin.py:188} INFO - [2026-01-26T14:44:14.933+0000] {dag.py:3096} INFO - Sync 1 DAGs
[2026-01-26T14:44:14.967+0000] {logging_mixin.py:188} INFO - [2026-01-26T14:44:14.966+0000] {dag.py:3954} INFO - Setting next_dagrun for simple_3_task_dag to 2026-01-25 00:00:00+00:00, run_after=2026-01-26 00:00:00+00:00
[2026-01-26T14:44:15.041+0000] {processor.py:183} INFO - Processing /opt/airflow/dags/irst_dag.py took 0.210 seconds
[2026-01-26T14:44:45.772+0000] {processor.py:161} INFO - Started process (PID=160) to work on /opt/airflow/dags/irst_dag.py
[2026-01-26T14:44:45.773+0000] {processor.py:830} INFO - Processing file /opt/airflow/dags/irst_dag.py for tasks to queue
[2026-01-26T14:44:45.776+0000] {logging_mixin.py:188} INFO - [2026-01-26T14:44:45.775+0000] {dagbag.py:545} INFO - Filling up the DagBag from /opt/airflow/dags/irst_dag.py
[2026-01-26T14:44:45.798+0000] {processor.py:840} INFO - DAG(s) 'simple_3_task_dag' retrieved from /opt/airflow/dags/irst_dag.py
[2026-01-26T14:44:45.824+0000] {logging_mixin.py:188} INFO - [2026-01-26T14:44:45.823+0000] {dag.py:3096} INFO - Sync 1 DAGs
[2026-01-26T14:44:45.856+0000] {logging_mixin.py:188} INFO - [2026-01-26T14:44:45.855+0000] {dag.py:3954} INFO - Setting next_dagrun for simple_3_task_dag to 2026-01-25 00:00:00+00:00, run_after=2026-01-26 00:00:00+00:00
[2026-01-26T14:44:45.919+0000] {processor.py:183} INFO - Processing /opt/airflow/dags/irst_dag.py took 0.152 seconds
[2026-01-26T14:45:16.701+0000] {processor.py:161} INFO - Started process (PID=170) to work on /opt/airflow/dags/irst_dag.py
[2026-01-26T14:45:16.703+0000] {processor.py:830} INFO - Processing file /opt/airflow/dags/irst_dag.py for tasks to queue
[2026-01-26T14:45:16.705+0000] {logging_mixin.py:188} INFO - [2026-01-26T14:45:16.705+0000] {dagbag.py:545} INFO - Filling up the DagBag from /opt/airflow/dags/irst_dag.py
[2026-01-26T14:45:16.739+0000] {processor.py:840} INFO - DAG(s) 'simple_3_task_dag' retrieved from /opt/airflow/dags/irst_dag.py
[2026-01-26T14:45:16.776+0000] {logging_mixin.py:188} INFO - [2026-01-26T14:45:16.776+0000] {dag.py:3096} INFO - Sync 1 DAGs
[2026-01-26T14:45:16.806+0000] {logging_mixin.py:188} INFO - [2026-01-26T14:45:16.806+0000] {dag.py:3954} INFO - Setting next_dagrun for simple_3_task_dag to 2026-01-25 00:00:00+00:00, run_after=2026-01-26 00:00:00+00:00
[2026-01-26T14:45:16.871+0000] {processor.py:183} INFO - Processing /opt/airflow/dags/irst_dag.py took 0.176 seconds
[2026-01-26T14:45:47.467+0000] {processor.py:161} INFO - Started process (PID=180) to work on /opt/airflow/dags/irst_dag.py
[2026-01-26T14:45:47.468+0000] {processor.py:830} INFO - Processing file /opt/airflow/dags/irst_dag.py for tasks to queue
[2026-01-26T14:45:47.471+0000] {logging_mixin.py:188} INFO - [2026-01-26T14:45:47.471+0000] {dagbag.py:545} INFO - Filling up the DagBag from /opt/airflow/dags/irst_dag.py
[2026-01-26T14:45:47.497+0000] {processor.py:840} INFO - DAG(s) 'simple_3_task_dag' retrieved from /opt/airflow/dags/irst_dag.py
[2026-01-26T14:45:47.535+0000] {logging_mixin.py:188} INFO - [2026-01-26T14:45:47.534+0000] {dag.py:3096} INFO - Sync 1 DAGs
[2026-01-26T14:45:47.570+0000] {logging_mixin.py:188} INFO - [2026-01-26T14:45:47.570+0000] {dag.py:3954} INFO - Setting next_dagrun for simple_3_task_dag to 2026-01-25 00:00:00+00:00, run_after=2026-01-26 00:00:00+00:00
[2026-01-26T14:45:47.650+0000] {processor.py:183} INFO - Processing /opt/airflow/dags/irst_dag.py took 0.190 seconds
[2026-01-26T14:46:18.451+0000] {processor.py:161} INFO - Started process (PID=190) to work on /opt/airflow/dags/irst_dag.py
[2026-01-26T14:46:18.453+0000] {processor.py:830} INFO - Processing file /opt/airflow/dags/irst_dag.py for tasks to queue
[2026-01-26T14:46:18.456+0000] {logging_mixin.py:188} INFO - [2026-01-26T14:46:18.456+0000] {dagbag.py:545} INFO - Filling up the DagBag from /opt/airflow/dags/irst_dag.py
[2026-01-26T14:46:18.478+0000] {processor.py:840} INFO - DAG(s) 'simple_3_task_dag' retrieved from /opt/airflow/dags/irst_dag.py
[2026-01-26T14:46:18.510+0000] {logging_mixin.py:188} INFO - [2026-01-26T14:46:18.510+0000] {dag.py:3096} INFO - Sync 1 DAGs
[2026-01-26T14:46:18.537+0000] {logging_mixin.py:188} INFO - [2026-01-26T14:46:18.536+0000] {dag.py:3954} INFO - Setting next_dagrun for simple_3_task_dag to 2026-01-25 00:00:00+00:00, run_after=2026-01-26 00:00:00+00:00
[2026-01-26T14:46:18.600+0000] {processor.py:183} INFO - Processing /opt/airflow/dags/irst_dag.py took 0.155 seconds
[2026-01-26T14:46:49.194+0000] {processor.py:161} INFO - Started process (PID=200) to work on /opt/airflow/dags/irst_dag.py
[2026-01-26T14:46:49.195+0000] {processor.py:830} INFO - Processing file /opt/airflow/dags/irst_dag.py for tasks to queue
[2026-01-26T14:46:49.198+0000] {logging_mixin.py:188} INFO - [2026-01-26T14:46:49.198+0000] {dagbag.py:545} INFO - Filling up the DagBag from /opt/airflow/dags/irst_dag.py
[2026-01-26T14:46:49.220+0000] {processor.py:840} INFO - DAG(s) 'simple_3_task_dag' retrieved from /opt/airflow/dags/irst_dag.py
[2026-01-26T14:46:49.250+0000] {logging_mixin.py:188} INFO - [2026-01-26T14:46:49.250+0000] {dag.py:3096} INFO - Sync 1 DAGs
[2026-01-26T14:46:49.281+0000] {logging_mixin.py:188} INFO - [2026-01-26T14:46:49.280+0000] {dag.py:3954} INFO - Setting next_dagrun for simple_3_task_dag to 2026-01-25 00:00:00+00:00, run_after=2026-01-26 00:00:00+00:00
[2026-01-26T14:46:49.359+0000] {processor.py:183} INFO - Processing /opt/airflow/dags/irst_dag.py took 0.171 seconds
[2026-01-26T14:47:19.918+0000] {processor.py:161} INFO - Started process (PID=210) to work on /opt/airflow/dags/irst_dag.py
[2026-01-26T14:47:19.920+0000] {processor.py:830} INFO - Processing file /opt/airflow/dags/irst_dag.py for tasks to queue
[2026-01-26T14:47:19.923+0000] {logging_mixin.py:188} INFO - [2026-01-26T14:47:19.922+0000] {dagbag.py:545} INFO - Filling up the DagBag from /opt/airflow/dags/irst_dag.py
[2026-01-26T14:47:19.952+0000] {processor.py:840} INFO - DAG(s) 'simple_3_task_dag' retrieved from /opt/airflow/dags/irst_dag.py
[2026-01-26T14:47:19.991+0000] {logging_mixin.py:188} INFO - [2026-01-26T14:47:19.990+0000] {dag.py:3096} INFO - Sync 1 DAGs
[2026-01-26T14:47:20.025+0000] {logging_mixin.py:188} INFO - [2026-01-26T14:47:20.024+0000] {dag.py:3954} INFO - Setting next_dagrun for simple_3_task_dag to 2026-01-25 00:00:00+00:00, run_after=2026-01-26 00:00:00+00:00
[2026-01-26T14:47:20.099+0000] {processor.py:183} INFO - Processing /opt/airflow/dags/irst_dag.py took 0.189 seconds
[2026-01-26T14:47:50.917+0000] {processor.py:161} INFO - Started process (PID=220) to work on /opt/airflow/dags/irst_dag.py
[2026-01-26T14:47:50.919+0000] {processor.py:830} INFO - Processing file /opt/airflow/dags/irst_dag.py for tasks to queue
[2026-01-26T14:47:50.923+0000] {logging_mixin.py:188} INFO - [2026-01-26T14:47:50.922+0000] {dagbag.py:545} INFO - Filling up the DagBag from /opt/airflow/dags/irst_dag.py
[2026-01-26T14:47:50.953+0000] {processor.py:840} INFO - DAG(s) 'simple_3_task_dag' retrieved from /opt/airflow/dags/irst_dag.py
[2026-01-26T14:47:50.993+0000] {logging_mixin.py:188} INFO - [2026-01-26T14:47:50.993+0000] {dag.py:3096} INFO - Sync 1 DAGs
[2026-01-26T14:47:51.028+0000] {logging_mixin.py:188} INFO - [2026-01-26T14:47:51.028+0000] {dag.py:3954} INFO - Setting next_dagrun for simple_3_task_dag to 2026-01-25 00:00:00+00:00, run_after=2026-01-26 00:00:00+00:00
[2026-01-26T14:47:51.111+0000] {processor.py:183} INFO - Processing /opt/airflow/dags/irst_dag.py took 0.201 seconds
[2026-01-26T14:48:22.482+0000] {processor.py:161} INFO - Started process (PID=230) to work on /opt/airflow/dags/irst_dag.py
[2026-01-26T14:48:22.485+0000] {processor.py:830} INFO - Processing file /opt/airflow/dags/irst_dag.py for tasks to queue
[2026-01-26T14:48:22.489+0000] {logging_mixin.py:188} INFO - [2026-01-26T14:48:22.488+0000] {dagbag.py:545} INFO - Filling up the DagBag from /opt/airflow/dags/irst_dag.py
[2026-01-26T14:48:22.552+0000] {processor.py:840} INFO - DAG(s) 'simple_3_task_dag' retrieved from /opt/airflow/dags/irst_dag.py
[2026-01-26T14:48:22.624+0000] {logging_mixin.py:188} INFO - [2026-01-26T14:48:22.624+0000] {dag.py:3096} INFO - Sync 1 DAGs
[2026-01-26T14:48:22.678+0000] {logging_mixin.py:188} INFO - [2026-01-26T14:48:22.678+0000] {dag.py:3954} INFO - Setting next_dagrun for simple_3_task_dag to 2026-01-25 00:00:00+00:00, run_after=2026-01-26 00:00:00+00:00
[2026-01-26T14:48:22.802+0000] {processor.py:183} INFO - Processing /opt/airflow/dags/irst_dag.py took 0.331 seconds
[2026-01-26T14:48:53.749+0000] {processor.py:161} INFO - Started process (PID=240) to work on /opt/airflow/dags/irst_dag.py
[2026-01-26T14:48:53.752+0000] {processor.py:830} INFO - Processing file /opt/airflow/dags/irst_dag.py for tasks to queue
[2026-01-26T14:48:53.756+0000] {logging_mixin.py:188} INFO - [2026-01-26T14:48:53.755+0000] {dagbag.py:545} INFO - Filling up the DagBag from /opt/airflow/dags/irst_dag.py
[2026-01-26T14:48:53.784+0000] {processor.py:840} INFO - DAG(s) 'simple_3_task_dag' retrieved from /opt/airflow/dags/irst_dag.py
[2026-01-26T14:48:53.821+0000] {logging_mixin.py:188} INFO - [2026-01-26T14:48:53.821+0000] {dag.py:3096} INFO - Sync 1 DAGs
[2026-01-26T14:48:53.852+0000] {logging_mixin.py:188} INFO - [2026-01-26T14:48:53.852+0000] {dag.py:3954} INFO - Setting next_dagrun for simple_3_task_dag to 2026-01-25 00:00:00+00:00, run_after=2026-01-26 00:00:00+00:00
[2026-01-26T14:48:53.917+0000] {processor.py:183} INFO - Processing /opt/airflow/dags/irst_dag.py took 0.176 seconds
[2026-01-26T14:49:24.304+0000] {processor.py:161} INFO - Started process (PID=250) to work on /opt/airflow/dags/irst_dag.py
[2026-01-26T14:49:24.305+0000] {processor.py:830} INFO - Processing file /opt/airflow/dags/irst_dag.py for tasks to queue
[2026-01-26T14:49:24.307+0000] {logging_mixin.py:188} INFO - [2026-01-26T14:49:24.307+0000] {dagbag.py:545} INFO - Filling up the DagBag from /opt/airflow/dags/irst_dag.py
[2026-01-26T14:49:24.331+0000] {processor.py:840} INFO - DAG(s) 'simple_3_task_dag' retrieved from /opt/airflow/dags/irst_dag.py
[2026-01-26T14:49:24.356+0000] {logging_mixin.py:188} INFO - [2026-01-26T14:49:24.355+0000] {dag.py:3096} INFO - Sync 1 DAGs
[2026-01-26T14:49:24.383+0000] {logging_mixin.py:188} INFO - [2026-01-26T14:49:24.383+0000] {dag.py:3954} INFO - Setting next_dagrun for simple_3_task_dag to 2026-01-25 00:00:00+00:00, run_after=2026-01-26 00:00:00+00:00
[2026-01-26T14:49:24.453+0000] {processor.py:183} INFO - Processing /opt/airflow/dags/irst_dag.py took 0.156 seconds
[2026-01-26T14:49:56.322+0000] {processor.py:161} INFO - Started process (PID=260) to work on /opt/airflow/dags/irst_dag.py
[2026-01-26T14:49:56.325+0000] {processor.py:830} INFO - Processing file /opt/airflow/dags/irst_dag.py for tasks to queue
[2026-01-26T14:49:56.330+0000] {logging_mixin.py:188} INFO - [2026-01-26T14:49:56.330+0000] {dagbag.py:545} INFO - Filling up the DagBag from /opt/airflow/dags/irst_dag.py
[2026-01-26T14:49:56.369+0000] {processor.py:840} INFO - DAG(s) 'simple_3_task_dag' retrieved from /opt/airflow/dags/irst_dag.py
[2026-01-26T14:49:56.415+0000] {logging_mixin.py:188} INFO - [2026-01-26T14:49:56.415+0000] {dag.py:3096} INFO - Sync 1 DAGs
[2026-01-26T14:49:56.447+0000] {logging_mixin.py:188} INFO - [2026-01-26T14:49:56.446+0000] {dag.py:3954} INFO - Setting next_dagrun for simple_3_task_dag to 2026-01-25 00:00:00+00:00, run_after=2026-01-26 00:00:00+00:00
[2026-01-26T14:49:56.513+0000] {processor.py:183} INFO - Processing /opt/airflow/dags/irst_dag.py took 0.199 seconds
[2026-01-26T14:50:27.405+0000] {processor.py:161} INFO - Started process (PID=270) to work on /opt/airflow/dags/irst_dag.py
[2026-01-26T14:50:27.407+0000] {processor.py:830} INFO - Processing file /opt/airflow/dags/irst_dag.py for tasks to queue
[2026-01-26T14:50:27.417+0000] {logging_mixin.py:188} INFO - [2026-01-26T14:50:27.416+0000] {dagbag.py:545} INFO - Filling up the DagBag from /opt/airflow/dags/irst_dag.py
[2026-01-26T14:50:27.465+0000] {processor.py:840} INFO - DAG(s) 'simple_3_task_dag' retrieved from /opt/airflow/dags/irst_dag.py
[2026-01-26T14:50:27.514+0000] {logging_mixin.py:188} INFO - [2026-01-26T14:50:27.514+0000] {dag.py:3096} INFO - Sync 1 DAGs
[2026-01-26T14:50:27.566+0000] {logging_mixin.py:188} INFO - [2026-01-26T14:50:27.566+0000] {dag.py:3954} INFO - Setting next_dagrun for simple_3_task_dag to 2026-01-25 00:00:00+00:00, run_after=2026-01-26 00:00:00+00:00
[2026-01-26T14:50:27.667+0000] {processor.py:183} INFO - Processing /opt/airflow/dags/irst_dag.py took 0.280 seconds
[2026-01-26T14:50:58.413+0000] {processor.py:161} INFO - Started process (PID=280) to work on /opt/airflow/dags/irst_dag.py
[2026-01-26T14:50:58.415+0000] {processor.py:830} INFO - Processing file /opt/airflow/dags/irst_dag.py for tasks to queue
[2026-01-26T14:50:58.420+0000] {logging_mixin.py:188} INFO - [2026-01-26T14:50:58.419+0000] {dagbag.py:545} INFO - Filling up the DagBag from /opt/airflow/dags/irst_dag.py
[2026-01-26T14:50:58.467+0000] {processor.py:840} INFO - DAG(s) 'simple_3_task_dag' retrieved from /opt/airflow/dags/irst_dag.py
[2026-01-26T14:50:58.514+0000] {logging_mixin.py:188} INFO - [2026-01-26T14:50:58.514+0000] {dag.py:3096} INFO - Sync 1 DAGs
[2026-01-26T14:50:58.562+0000] {logging_mixin.py:188} INFO - [2026-01-26T14:50:58.561+0000] {dag.py:3954} INFO - Setting next_dagrun for simple_3_task_dag to 2026-01-25 00:00:00+00:00, run_after=2026-01-26 00:00:00+00:00
[2026-01-26T14:50:58.648+0000] {processor.py:183} INFO - Processing /opt/airflow/dags/irst_dag.py took 0.254 seconds
[2026-01-26T14:51:29.863+0000] {processor.py:161} INFO - Started process (PID=290) to work on /opt/airflow/dags/irst_dag.py
[2026-01-26T14:51:29.865+0000] {processor.py:830} INFO - Processing file /opt/airflow/dags/irst_dag.py for tasks to queue
[2026-01-26T14:51:29.868+0000] {logging_mixin.py:188} INFO - [2026-01-26T14:51:29.868+0000] {dagbag.py:545} INFO - Filling up the DagBag from /opt/airflow/dags/irst_dag.py
[2026-01-26T14:51:29.900+0000] {processor.py:840} INFO - DAG(s) 'simple_3_task_dag' retrieved from /opt/airflow/dags/irst_dag.py
[2026-01-26T14:51:29.937+0000] {logging_mixin.py:188} INFO - [2026-01-26T14:51:29.937+0000] {dag.py:3096} INFO - Sync 1 DAGs
[2026-01-26T14:51:29.970+0000] {logging_mixin.py:188} INFO - [2026-01-26T14:51:29.970+0000] {dag.py:3954} INFO - Setting next_dagrun for simple_3_task_dag to 2026-01-25 00:00:00+00:00, run_after=2026-01-26 00:00:00+00:00
[2026-01-26T14:51:30.050+0000] {processor.py:183} INFO - Processing /opt/airflow/dags/irst_dag.py took 0.195 seconds
[2026-01-26T14:52:00.551+0000] {processor.py:161} INFO - Started process (PID=300) to work on /opt/airflow/dags/irst_dag.py
[2026-01-26T14:52:00.554+0000] {processor.py:830} INFO - Processing file /opt/airflow/dags/irst_dag.py for tasks to queue
[2026-01-26T14:52:00.560+0000] {logging_mixin.py:188} INFO - [2026-01-26T14:52:00.558+0000] {dagbag.py:545} INFO - Filling up the DagBag from /opt/airflow/dags/irst_dag.py
[2026-01-26T14:52:00.632+0000] {processor.py:840} INFO - DAG(s) 'simple_3_task_dag' retrieved from /opt/airflow/dags/irst_dag.py
[2026-01-26T14:52:00.728+0000] {logging_mixin.py:188} INFO - [2026-01-26T14:52:00.728+0000] {dag.py:3096} INFO - Sync 1 DAGs
[2026-01-26T14:52:00.800+0000] {logging_mixin.py:188} INFO - [2026-01-26T14:52:00.797+0000] {dag.py:3954} INFO - Setting next_dagrun for simple_3_task_dag to 2026-01-25 00:00:00+00:00, run_after=2026-01-26 00:00:00+00:00
[2026-01-26T14:52:00.927+0000] {processor.py:183} INFO - Processing /opt/airflow/dags/irst_dag.py took 0.392 seconds
[2026-01-26T14:52:31.444+0000] {processor.py:161} INFO - Started process (PID=310) to work on /opt/airflow/dags/irst_dag.py
[2026-01-26T14:52:31.446+0000] {processor.py:830} INFO - Processing file /opt/airflow/dags/irst_dag.py for tasks to queue
[2026-01-26T14:52:31.448+0000] {logging_mixin.py:188} INFO - [2026-01-26T14:52:31.448+0000] {dagbag.py:545} INFO - Filling up the DagBag from /opt/airflow/dags/irst_dag.py
[2026-01-26T14:52:31.479+0000] {processor.py:840} INFO - DAG(s) 'simple_3_task_dag' retrieved from /opt/airflow/dags/irst_dag.py
[2026-01-26T14:52:31.524+0000] {logging_mixin.py:188} INFO - [2026-01-26T14:52:31.524+0000] {dag.py:3096} INFO - Sync 1 DAGs
[2026-01-26T14:52:31.563+0000] {logging_mixin.py:188} INFO - [2026-01-26T14:52:31.562+0000] {dag.py:3954} INFO - Setting next_dagrun for simple_3_task_dag to 2026-01-25 00:00:00+00:00, run_after=2026-01-26 00:00:00+00:00
[2026-01-26T14:52:31.647+0000] {processor.py:183} INFO - Processing /opt/airflow/dags/irst_dag.py took 0.208 seconds
[2026-01-26T14:53:02.479+0000] {processor.py:161} INFO - Started process (PID=320) to work on /opt/airflow/dags/irst_dag.py
[2026-01-26T14:53:02.482+0000] {processor.py:830} INFO - Processing file /opt/airflow/dags/irst_dag.py for tasks to queue
[2026-01-26T14:53:02.486+0000] {logging_mixin.py:188} INFO - [2026-01-26T14:53:02.486+0000] {dagbag.py:545} INFO - Filling up the DagBag from /opt/airflow/dags/irst_dag.py
[2026-01-26T14:53:02.526+0000] {processor.py:840} INFO - DAG(s) 'simple_3_task_dag' retrieved from /opt/airflow/dags/irst_dag.py
[2026-01-26T14:53:02.575+0000] {logging_mixin.py:188} INFO - [2026-01-26T14:53:02.575+0000] {dag.py:3096} INFO - Sync 1 DAGs
[2026-01-26T14:53:02.618+0000] {logging_mixin.py:188} INFO - [2026-01-26T14:53:02.617+0000] {dag.py:3954} INFO - Setting next_dagrun for simple_3_task_dag to 2026-01-25 00:00:00+00:00, run_after=2026-01-26 00:00:00+00:00
[2026-01-26T14:53:02.705+0000] {processor.py:183} INFO - Processing /opt/airflow/dags/irst_dag.py took 0.238 seconds
[2026-01-26T14:53:32.975+0000] {processor.py:161} INFO - Started process (PID=330) to work on /opt/airflow/dags/irst_dag.py
[2026-01-26T14:53:32.977+0000] {processor.py:830} INFO - Processing file /opt/airflow/dags/irst_dag.py for tasks to queue
[2026-01-26T14:53:32.981+0000] {logging_mixin.py:188} INFO - [2026-01-26T14:53:32.981+0000] {dagbag.py:545} INFO - Filling up the DagBag from /opt/airflow/dags/irst_dag.py
[2026-01-26T14:53:33.020+0000] {processor.py:840} INFO - DAG(s) 'simple_3_task_dag' retrieved from /opt/airflow/dags/irst_dag.py
[2026-01-26T14:53:33.064+0000] {logging_mixin.py:188} INFO - [2026-01-26T14:53:33.063+0000] {dag.py:3096} INFO - Sync 1 DAGs
[2026-01-26T14:53:33.103+0000] {logging_mixin.py:188} INFO - [2026-01-26T14:53:33.102+0000] {dag.py:3954} INFO - Setting next_dagrun for simple_3_task_dag to 2026-01-25 00:00:00+00:00, run_after=2026-01-26 00:00:00+00:00
[2026-01-26T14:53:33.191+0000] {processor.py:183} INFO - Processing /opt/airflow/dags/irst_dag.py took 0.226 seconds
[2026-01-26T14:54:03.777+0000] {processor.py:161} INFO - Started process (PID=340) to work on /opt/airflow/dags/irst_dag.py
[2026-01-26T14:54:03.779+0000] {processor.py:830} INFO - Processing file /opt/airflow/dags/irst_dag.py for tasks to queue
[2026-01-26T14:54:03.785+0000] {logging_mixin.py:188} INFO - [2026-01-26T14:54:03.784+0000] {dagbag.py:545} INFO - Filling up the DagBag from /opt/airflow/dags/irst_dag.py
[2026-01-26T14:54:03.837+0000] {processor.py:840} INFO - DAG(s) 'simple_3_task_dag' retrieved from /opt/airflow/dags/irst_dag.py
[2026-01-26T14:54:03.900+0000] {logging_mixin.py:188} INFO - [2026-01-26T14:54:03.899+0000] {dag.py:3096} INFO - Sync 1 DAGs
[2026-01-26T14:54:03.973+0000] {logging_mixin.py:188} INFO - [2026-01-26T14:54:03.973+0000] {dag.py:3954} INFO - Setting next_dagrun for simple_3_task_dag to 2026-01-25 00:00:00+00:00, run_after=2026-01-26 00:00:00+00:00
[2026-01-26T14:54:04.089+0000] {processor.py:183} INFO - Processing /opt/airflow/dags/irst_dag.py took 0.323 seconds
[2026-01-26T14:54:34.714+0000] {processor.py:161} INFO - Started process (PID=350) to work on /opt/airflow/dags/irst_dag.py
[2026-01-26T14:54:34.715+0000] {processor.py:830} INFO - Processing file /opt/airflow/dags/irst_dag.py for tasks to queue
[2026-01-26T14:54:34.718+0000] {logging_mixin.py:188} INFO - [2026-01-26T14:54:34.718+0000] {dagbag.py:545} INFO - Filling up the DagBag from /opt/airflow/dags/irst_dag.py
[2026-01-26T14:54:34.758+0000] {processor.py:840} INFO - DAG(s) 'simple_3_task_dag' retrieved from /opt/airflow/dags/irst_dag.py
[2026-01-26T14:54:34.802+0000] {logging_mixin.py:188} INFO - [2026-01-26T14:54:34.801+0000] {dag.py:3096} INFO - Sync 1 DAGs
[2026-01-26T14:54:34.847+0000] {logging_mixin.py:188} INFO - [2026-01-26T14:54:34.847+0000] {dag.py:3954} INFO - Setting next_dagrun for simple_3_task_dag to 2026-01-25 00:00:00+00:00, run_after=2026-01-26 00:00:00+00:00
[2026-01-26T14:54:34.957+0000] {processor.py:183} INFO - Processing /opt/airflow/dags/irst_dag.py took 0.252 seconds
[2026-01-26T14:55:05.474+0000] {processor.py:161} INFO - Started process (PID=360) to work on /opt/airflow/dags/irst_dag.py
[2026-01-26T14:55:05.475+0000] {processor.py:830} INFO - Processing file /opt/airflow/dags/irst_dag.py for tasks to queue
[2026-01-26T14:55:05.479+0000] {logging_mixin.py:188} INFO - [2026-01-26T14:55:05.479+0000] {dagbag.py:545} INFO - Filling up the DagBag from /opt/airflow/dags/irst_dag.py
[2026-01-26T14:55:05.512+0000] {processor.py:840} INFO - DAG(s) 'simple_3_task_dag' retrieved from /opt/airflow/dags/irst_dag.py
[2026-01-26T14:55:05.550+0000] {logging_mixin.py:188} INFO - [2026-01-26T14:55:05.549+0000] {dag.py:3096} INFO - Sync 1 DAGs
[2026-01-26T14:55:05.581+0000] {logging_mixin.py:188} INFO - [2026-01-26T14:55:05.581+0000] {dag.py:3954} INFO - Setting next_dagrun for simple_3_task_dag to 2026-01-25 00:00:00+00:00, run_after=2026-01-26 00:00:00+00:00
[2026-01-26T14:55:05.658+0000] {processor.py:183} INFO - Processing /opt/airflow/dags/irst_dag.py took 0.192 seconds
[2026-01-26T14:55:36.471+0000] {processor.py:161} INFO - Started process (PID=370) to work on /opt/airflow/dags/irst_dag.py
[2026-01-26T14:55:36.473+0000] {processor.py:830} INFO - Processing file /opt/airflow/dags/irst_dag.py for tasks to queue
[2026-01-26T14:55:36.475+0000] {logging_mixin.py:188} INFO - [2026-01-26T14:55:36.475+0000] {dagbag.py:545} INFO - Filling up the DagBag from /opt/airflow/dags/irst_dag.py
[2026-01-26T14:55:36.500+0000] {processor.py:840} INFO - DAG(s) 'simple_3_task_dag' retrieved from /opt/airflow/dags/irst_dag.py
[2026-01-26T14:55:36.535+0000] {logging_mixin.py:188} INFO - [2026-01-26T14:55:36.535+0000] {dag.py:3096} INFO - Sync 1 DAGs
[2026-01-26T14:55:36.567+0000] {logging_mixin.py:188} INFO - [2026-01-26T14:55:36.566+0000] {dag.py:3954} INFO - Setting next_dagrun for simple_3_task_dag to 2026-01-25 00:00:00+00:00, run_after=2026-01-26 00:00:00+00:00
[2026-01-26T14:55:36.635+0000] {processor.py:183} INFO - Processing /opt/airflow/dags/irst_dag.py took 0.170 seconds
[2026-01-26T14:56:07.319+0000] {processor.py:161} INFO - Started process (PID=380) to work on /opt/airflow/dags/irst_dag.py
[2026-01-26T14:56:07.322+0000] {processor.py:830} INFO - Processing file /opt/airflow/dags/irst_dag.py for tasks to queue
[2026-01-26T14:56:07.326+0000] {logging_mixin.py:188} INFO - [2026-01-26T14:56:07.325+0000] {dagbag.py:545} INFO - Filling up the DagBag from /opt/airflow/dags/irst_dag.py
[2026-01-26T14:56:07.364+0000] {processor.py:840} INFO - DAG(s) 'simple_3_task_dag' retrieved from /opt/airflow/dags/irst_dag.py
[2026-01-26T14:56:07.544+0000] {logging_mixin.py:188} INFO - [2026-01-26T14:56:07.544+0000] {dag.py:3096} INFO - Sync 1 DAGs
[2026-01-26T14:56:07.639+0000] {logging_mixin.py:188} INFO - [2026-01-26T14:56:07.639+0000] {dag.py:3954} INFO - Setting next_dagrun for simple_3_task_dag to 2026-01-25 00:00:00+00:00, run_after=2026-01-26 00:00:00+00:00
[2026-01-26T14:56:07.759+0000] {processor.py:183} INFO - Processing /opt/airflow/dags/irst_dag.py took 0.450 seconds
[2026-01-26T14:56:38.342+0000] {processor.py:161} INFO - Started process (PID=390) to work on /opt/airflow/dags/irst_dag.py
[2026-01-26T14:56:38.343+0000] {processor.py:830} INFO - Processing file /opt/airflow/dags/irst_dag.py for tasks to queue
[2026-01-26T14:56:38.348+0000] {logging_mixin.py:188} INFO - [2026-01-26T14:56:38.347+0000] {dagbag.py:545} INFO - Filling up the DagBag from /opt/airflow/dags/irst_dag.py
[2026-01-26T14:56:38.376+0000] {processor.py:840} INFO - DAG(s) 'simple_3_task_dag' retrieved from /opt/airflow/dags/irst_dag.py
[2026-01-26T14:56:38.409+0000] {logging_mixin.py:188} INFO - [2026-01-26T14:56:38.409+0000] {dag.py:3096} INFO - Sync 1 DAGs
[2026-01-26T14:56:38.435+0000] {logging_mixin.py:188} INFO - [2026-01-26T14:56:38.435+0000] {dag.py:3954} INFO - Setting next_dagrun for simple_3_task_dag to 2026-01-25 00:00:00+00:00, run_after=2026-01-26 00:00:00+00:00
[2026-01-26T14:56:38.521+0000] {processor.py:183} INFO - Processing /opt/airflow/dags/irst_dag.py took 0.187 seconds
[2026-01-26T14:57:46.354+0000] {processor.py:161} INFO - Started process (PID=70) to work on /opt/airflow/dags/irst_dag.py
[2026-01-26T14:57:46.356+0000] {processor.py:830} INFO - Processing file /opt/airflow/dags/irst_dag.py for tasks to queue
[2026-01-26T14:57:46.361+0000] {logging_mixin.py:188} INFO - [2026-01-26T14:57:46.359+0000] {dagbag.py:545} INFO - Filling up the DagBag from /opt/airflow/dags/irst_dag.py
[2026-01-26T14:57:46.410+0000] {processor.py:840} INFO - DAG(s) 'simple_3_task_dag' retrieved from /opt/airflow/dags/irst_dag.py
[2026-01-26T14:57:46.439+0000] {logging_mixin.py:188} INFO - [2026-01-26T14:57:46.439+0000] {dag.py:3096} INFO - Sync 1 DAGs
[2026-01-26T14:57:46.482+0000] {logging_mixin.py:188} INFO - [2026-01-26T14:57:46.481+0000] {dag.py:3954} INFO - Setting next_dagrun for simple_3_task_dag to 2026-01-25 00:00:00+00:00, run_after=2026-01-26 00:00:00+00:00
[2026-01-26T14:57:46.583+0000] {processor.py:183} INFO - Processing /opt/airflow/dags/irst_dag.py took 0.238 seconds
[2026-01-26T14:58:17.967+0000] {processor.py:161} INFO - Started process (PID=80) to work on /opt/airflow/dags/irst_dag.py
[2026-01-26T14:58:17.969+0000] {processor.py:830} INFO - Processing file /opt/airflow/dags/irst_dag.py for tasks to queue
[2026-01-26T14:58:17.973+0000] {logging_mixin.py:188} INFO - [2026-01-26T14:58:17.973+0000] {dagbag.py:545} INFO - Filling up the DagBag from /opt/airflow/dags/irst_dag.py
[2026-01-26T14:58:18.025+0000] {processor.py:840} INFO - DAG(s) 'simple_3_task_dag' retrieved from /opt/airflow/dags/irst_dag.py
[2026-01-26T14:58:18.254+0000] {logging_mixin.py:188} INFO - [2026-01-26T14:58:18.254+0000] {dag.py:3096} INFO - Sync 1 DAGs
[2026-01-26T14:58:18.333+0000] {logging_mixin.py:188} INFO - [2026-01-26T14:58:18.333+0000] {dag.py:3954} INFO - Setting next_dagrun for simple_3_task_dag to 2026-01-25 00:00:00+00:00, run_after=2026-01-26 00:00:00+00:00
[2026-01-26T14:58:18.472+0000] {processor.py:183} INFO - Processing /opt/airflow/dags/irst_dag.py took 0.519 seconds
[2026-01-26T14:58:48.838+0000] {processor.py:161} INFO - Started process (PID=90) to work on /opt/airflow/dags/irst_dag.py
[2026-01-26T14:58:48.839+0000] {processor.py:830} INFO - Processing file /opt/airflow/dags/irst_dag.py for tasks to queue
[2026-01-26T14:58:48.843+0000] {logging_mixin.py:188} INFO - [2026-01-26T14:58:48.842+0000] {dagbag.py:545} INFO - Filling up the DagBag from /opt/airflow/dags/irst_dag.py
[2026-01-26T14:58:48.873+0000] {processor.py:840} INFO - DAG(s) 'simple_3_task_dag' retrieved from /opt/airflow/dags/irst_dag.py
[2026-01-26T14:58:48.907+0000] {logging_mixin.py:188} INFO - [2026-01-26T14:58:48.907+0000] {dag.py:3096} INFO - Sync 1 DAGs
[2026-01-26T14:58:48.943+0000] {logging_mixin.py:188} INFO - [2026-01-26T14:58:48.942+0000] {dag.py:3954} INFO - Setting next_dagrun for simple_3_task_dag to 2026-01-25 00:00:00+00:00, run_after=2026-01-26 00:00:00+00:00
[2026-01-26T14:58:49.272+0000] {processor.py:183} INFO - Processing /opt/airflow/dags/irst_dag.py took 0.441 seconds
[2026-01-26T14:59:19.472+0000] {processor.py:161} INFO - Started process (PID=100) to work on /opt/airflow/dags/irst_dag.py
[2026-01-26T14:59:19.474+0000] {processor.py:830} INFO - Processing file /opt/airflow/dags/irst_dag.py for tasks to queue
[2026-01-26T14:59:19.478+0000] {logging_mixin.py:188} INFO - [2026-01-26T14:59:19.477+0000] {dagbag.py:545} INFO - Filling up the DagBag from /opt/airflow/dags/irst_dag.py
[2026-01-26T14:59:19.521+0000] {processor.py:840} INFO - DAG(s) 'simple_3_task_dag' retrieved from /opt/airflow/dags/irst_dag.py
[2026-01-26T14:59:19.566+0000] {logging_mixin.py:188} INFO - [2026-01-26T14:59:19.566+0000] {dag.py:3096} INFO - Sync 1 DAGs
[2026-01-26T14:59:19.615+0000] {logging_mixin.py:188} INFO - [2026-01-26T14:59:19.614+0000] {dag.py:3954} INFO - Setting next_dagrun for simple_3_task_dag to 2026-01-25 00:00:00+00:00, run_after=2026-01-26 00:00:00+00:00
[2026-01-26T14:59:19.700+0000] {processor.py:183} INFO - Processing /opt/airflow/dags/irst_dag.py took 0.238 seconds
[2026-01-26T14:59:50.069+0000] {processor.py:161} INFO - Started process (PID=110) to work on /opt/airflow/dags/irst_dag.py
[2026-01-26T14:59:50.071+0000] {processor.py:830} INFO - Processing file /opt/airflow/dags/irst_dag.py for tasks to queue
[2026-01-26T14:59:50.075+0000] {logging_mixin.py:188} INFO - [2026-01-26T14:59:50.074+0000] {dagbag.py:545} INFO - Filling up the DagBag from /opt/airflow/dags/irst_dag.py
[2026-01-26T14:59:50.109+0000] {processor.py:840} INFO - DAG(s) 'simple_3_task_dag' retrieved from /opt/airflow/dags/irst_dag.py
[2026-01-26T14:59:50.146+0000] {logging_mixin.py:188} INFO - [2026-01-26T14:59:50.145+0000] {dag.py:3096} INFO - Sync 1 DAGs
[2026-01-26T14:59:50.178+0000] {logging_mixin.py:188} INFO - [2026-01-26T14:59:50.178+0000] {dag.py:3954} INFO - Setting next_dagrun for simple_3_task_dag to 2026-01-25 00:00:00+00:00, run_after=2026-01-26 00:00:00+00:00
[2026-01-26T14:59:50.266+0000] {processor.py:183} INFO - Processing /opt/airflow/dags/irst_dag.py took 0.204 seconds
[2026-01-26T15:00:20.647+0000] {processor.py:161} INFO - Started process (PID=120) to work on /opt/airflow/dags/irst_dag.py
[2026-01-26T15:00:20.649+0000] {processor.py:830} INFO - Processing file /opt/airflow/dags/irst_dag.py for tasks to queue
[2026-01-26T15:00:20.651+0000] {logging_mixin.py:188} INFO - [2026-01-26T15:00:20.651+0000] {dagbag.py:545} INFO - Filling up the DagBag from /opt/airflow/dags/irst_dag.py
[2026-01-26T15:00:20.683+0000] {processor.py:840} INFO - DAG(s) 'simple_3_task_dag' retrieved from /opt/airflow/dags/irst_dag.py
[2026-01-26T15:00:20.713+0000] {logging_mixin.py:188} INFO - [2026-01-26T15:00:20.713+0000] {dag.py:3096} INFO - Sync 1 DAGs
[2026-01-26T15:00:20.741+0000] {logging_mixin.py:188} INFO - [2026-01-26T15:00:20.741+0000] {dag.py:3954} INFO - Setting next_dagrun for simple_3_task_dag to 2026-01-25 00:00:00+00:00, run_after=2026-01-26 00:00:00+00:00
[2026-01-26T15:00:20.815+0000] {processor.py:183} INFO - Processing /opt/airflow/dags/irst_dag.py took 0.175 seconds
[2026-01-26T15:00:51.152+0000] {processor.py:161} INFO - Started process (PID=130) to work on /opt/airflow/dags/irst_dag.py
[2026-01-26T15:00:51.153+0000] {processor.py:830} INFO - Processing file /opt/airflow/dags/irst_dag.py for tasks to queue
[2026-01-26T15:00:51.156+0000] {logging_mixin.py:188} INFO - [2026-01-26T15:00:51.156+0000] {dagbag.py:545} INFO - Filling up the DagBag from /opt/airflow/dags/irst_dag.py
[2026-01-26T15:00:51.188+0000] {processor.py:840} INFO - DAG(s) 'simple_3_task_dag' retrieved from /opt/airflow/dags/irst_dag.py
[2026-01-26T15:00:51.221+0000] {logging_mixin.py:188} INFO - [2026-01-26T15:00:51.221+0000] {dag.py:3096} INFO - Sync 1 DAGs
[2026-01-26T15:00:51.276+0000] {logging_mixin.py:188} INFO - [2026-01-26T15:00:51.276+0000] {dag.py:3954} INFO - Setting next_dagrun for simple_3_task_dag to 2026-01-25 00:00:00+00:00, run_after=2026-01-26 00:00:00+00:00
[2026-01-26T15:00:51.363+0000] {processor.py:183} INFO - Processing /opt/airflow/dags/irst_dag.py took 0.219 seconds
[2026-01-26T15:01:23.502+0000] {processor.py:161} INFO - Started process (PID=140) to work on /opt/airflow/dags/irst_dag.py
[2026-01-26T15:01:23.503+0000] {processor.py:830} INFO - Processing file /opt/airflow/dags/irst_dag.py for tasks to queue
[2026-01-26T15:01:23.506+0000] {logging_mixin.py:188} INFO - [2026-01-26T15:01:23.506+0000] {dagbag.py:545} INFO - Filling up the DagBag from /opt/airflow/dags/irst_dag.py
[2026-01-26T15:01:23.534+0000] {processor.py:840} INFO - DAG(s) 'simple_3_task_dag' retrieved from /opt/airflow/dags/irst_dag.py
[2026-01-26T15:01:23.565+0000] {logging_mixin.py:188} INFO - [2026-01-26T15:01:23.565+0000] {dag.py:3096} INFO - Sync 1 DAGs
[2026-01-26T15:01:23.622+0000] {logging_mixin.py:188} INFO - [2026-01-26T15:01:23.621+0000] {dag.py:3954} INFO - Setting next_dagrun for simple_3_task_dag to 2026-01-25 00:00:00+00:00, run_after=2026-01-26 00:00:00+00:00
[2026-01-26T15:01:23.714+0000] {processor.py:183} INFO - Processing /opt/airflow/dags/irst_dag.py took 0.221 seconds
[2026-01-26T15:01:53.959+0000] {processor.py:161} INFO - Started process (PID=150) to work on /opt/airflow/dags/irst_dag.py
[2026-01-26T15:01:53.961+0000] {processor.py:830} INFO - Processing file /opt/airflow/dags/irst_dag.py for tasks to queue
[2026-01-26T15:01:53.965+0000] {logging_mixin.py:188} INFO - [2026-01-26T15:01:53.965+0000] {dagbag.py:545} INFO - Filling up the DagBag from /opt/airflow/dags/irst_dag.py
[2026-01-26T15:01:54.008+0000] {processor.py:840} INFO - DAG(s) 'simple_3_task_dag' retrieved from /opt/airflow/dags/irst_dag.py
[2026-01-26T15:01:54.086+0000] {logging_mixin.py:188} INFO - [2026-01-26T15:01:54.085+0000] {dag.py:3096} INFO - Sync 1 DAGs
[2026-01-26T15:01:54.153+0000] {logging_mixin.py:188} INFO - [2026-01-26T15:01:54.153+0000] {dag.py:3954} INFO - Setting next_dagrun for simple_3_task_dag to 2026-01-25 00:00:00+00:00, run_after=2026-01-26 00:00:00+00:00
[2026-01-26T15:01:54.244+0000] {processor.py:183} INFO - Processing /opt/airflow/dags/irst_dag.py took 0.293 seconds
[2026-01-26T15:02:24.598+0000] {processor.py:161} INFO - Started process (PID=160) to work on /opt/airflow/dags/irst_dag.py
[2026-01-26T15:02:24.600+0000] {processor.py:830} INFO - Processing file /opt/airflow/dags/irst_dag.py for tasks to queue
[2026-01-26T15:02:24.603+0000] {logging_mixin.py:188} INFO - [2026-01-26T15:02:24.602+0000] {dagbag.py:545} INFO - Filling up the DagBag from /opt/airflow/dags/irst_dag.py
[2026-01-26T15:02:24.634+0000] {processor.py:840} INFO - DAG(s) 'simple_3_task_dag' retrieved from /opt/airflow/dags/irst_dag.py
[2026-01-26T15:02:24.669+0000] {logging_mixin.py:188} INFO - [2026-01-26T15:02:24.668+0000] {dag.py:3096} INFO - Sync 1 DAGs
[2026-01-26T15:02:24.705+0000] {logging_mixin.py:188} INFO - [2026-01-26T15:02:24.705+0000] {dag.py:3954} INFO - Setting next_dagrun for simple_3_task_dag to 2026-01-25 00:00:00+00:00, run_after=2026-01-26 00:00:00+00:00
[2026-01-26T15:02:24.814+0000] {processor.py:183} INFO - Processing /opt/airflow/dags/irst_dag.py took 0.225 seconds
[2026-01-26T15:06:51.807+0000] {processor.py:161} INFO - Started process (PID=72) to work on /opt/airflow/dags/irst_dag.py
[2026-01-26T15:06:51.810+0000] {processor.py:830} INFO - Processing file /opt/airflow/dags/irst_dag.py for tasks to queue
[2026-01-26T15:06:51.815+0000] {logging_mixin.py:188} INFO - [2026-01-26T15:06:51.814+0000] {dagbag.py:545} INFO - Filling up the DagBag from /opt/airflow/dags/irst_dag.py
[2026-01-26T15:06:51.861+0000] {processor.py:840} INFO - DAG(s) 'simple_3_task_dag' retrieved from /opt/airflow/dags/irst_dag.py
[2026-01-26T15:06:51.900+0000] {logging_mixin.py:188} INFO - [2026-01-26T15:06:51.899+0000] {dag.py:3096} INFO - Sync 1 DAGs
[2026-01-26T15:06:51.958+0000] {logging_mixin.py:188} INFO - [2026-01-26T15:06:51.958+0000] {dag.py:3954} INFO - Setting next_dagrun for simple_3_task_dag to 2026-01-25 00:00:00+00:00, run_after=2026-01-26 00:00:00+00:00
[2026-01-26T15:06:52.066+0000] {processor.py:183} INFO - Processing /opt/airflow/dags/irst_dag.py took 0.272 seconds
[2026-01-26T15:07:24.876+0000] {processor.py:161} INFO - Started process (PID=92) to work on /opt/airflow/dags/irst_dag.py
[2026-01-26T15:07:24.877+0000] {processor.py:830} INFO - Processing file /opt/airflow/dags/irst_dag.py for tasks to queue
[2026-01-26T15:07:24.880+0000] {logging_mixin.py:188} INFO - [2026-01-26T15:07:24.880+0000] {dagbag.py:545} INFO - Filling up the DagBag from /opt/airflow/dags/irst_dag.py
[2026-01-26T15:07:24.909+0000] {processor.py:840} INFO - DAG(s) 'simple_3_task_dag' retrieved from /opt/airflow/dags/irst_dag.py
[2026-01-26T15:07:25.067+0000] {logging_mixin.py:188} INFO - [2026-01-26T15:07:25.067+0000] {dag.py:3096} INFO - Sync 1 DAGs
[2026-01-26T15:07:25.118+0000] {logging_mixin.py:188} INFO - [2026-01-26T15:07:25.117+0000] {dag.py:3954} INFO - Setting next_dagrun for simple_3_task_dag to 2026-01-25 00:00:00+00:00, run_after=2026-01-26 00:00:00+00:00
[2026-01-26T15:07:25.238+0000] {processor.py:183} INFO - Processing /opt/airflow/dags/irst_dag.py took 0.373 seconds
[2026-01-26T15:09:30.885+0000] {processor.py:161} INFO - Started process (PID=70) to work on /opt/airflow/dags/irst_dag.py
[2026-01-26T15:09:30.887+0000] {processor.py:830} INFO - Processing file /opt/airflow/dags/irst_dag.py for tasks to queue
[2026-01-26T15:09:30.890+0000] {logging_mixin.py:188} INFO - [2026-01-26T15:09:30.890+0000] {dagbag.py:545} INFO - Filling up the DagBag from /opt/airflow/dags/irst_dag.py
[2026-01-26T15:09:30.927+0000] {processor.py:840} INFO - DAG(s) 'simple_3_task_dag' retrieved from /opt/airflow/dags/irst_dag.py
[2026-01-26T15:09:30.945+0000] {logging_mixin.py:188} INFO - [2026-01-26T15:09:30.944+0000] {dag.py:3096} INFO - Sync 1 DAGs
[2026-01-26T15:09:30.973+0000] {logging_mixin.py:188} INFO - [2026-01-26T15:09:30.972+0000] {dag.py:3954} INFO - Setting next_dagrun for simple_3_task_dag to 2026-01-25 00:00:00+00:00, run_after=2026-01-26 00:00:00+00:00
[2026-01-26T15:09:31.059+0000] {processor.py:183} INFO - Processing /opt/airflow/dags/irst_dag.py took 0.181 seconds
[2026-01-26T15:10:02.101+0000] {processor.py:161} INFO - Started process (PID=80) to work on /opt/airflow/dags/irst_dag.py
[2026-01-26T15:10:02.103+0000] {processor.py:830} INFO - Processing file /opt/airflow/dags/irst_dag.py for tasks to queue
[2026-01-26T15:10:02.105+0000] {logging_mixin.py:188} INFO - [2026-01-26T15:10:02.105+0000] {dagbag.py:545} INFO - Filling up the DagBag from /opt/airflow/dags/irst_dag.py
[2026-01-26T15:10:02.136+0000] {processor.py:840} INFO - DAG(s) 'simple_3_task_dag' retrieved from /opt/airflow/dags/irst_dag.py
[2026-01-26T15:10:02.290+0000] {logging_mixin.py:188} INFO - [2026-01-26T15:10:02.290+0000] {dag.py:3096} INFO - Sync 1 DAGs
[2026-01-26T15:10:02.324+0000] {logging_mixin.py:188} INFO - [2026-01-26T15:10:02.324+0000] {dag.py:3954} INFO - Setting next_dagrun for simple_3_task_dag to 2026-01-25 00:00:00+00:00, run_after=2026-01-26 00:00:00+00:00
[2026-01-26T15:10:02.413+0000] {processor.py:183} INFO - Processing /opt/airflow/dags/irst_dag.py took 0.319 seconds
[2026-01-26T15:10:33.074+0000] {processor.py:161} INFO - Started process (PID=90) to work on /opt/airflow/dags/irst_dag.py
[2026-01-26T15:10:33.075+0000] {processor.py:830} INFO - Processing file /opt/airflow/dags/irst_dag.py for tasks to queue
[2026-01-26T15:10:33.079+0000] {logging_mixin.py:188} INFO - [2026-01-26T15:10:33.078+0000] {dagbag.py:545} INFO - Filling up the DagBag from /opt/airflow/dags/irst_dag.py
[2026-01-26T15:10:33.102+0000] {processor.py:840} INFO - DAG(s) 'simple_3_task_dag' retrieved from /opt/airflow/dags/irst_dag.py
[2026-01-26T15:10:33.135+0000] {logging_mixin.py:188} INFO - [2026-01-26T15:10:33.134+0000] {dag.py:3096} INFO - Sync 1 DAGs
[2026-01-26T15:10:33.167+0000] {logging_mixin.py:188} INFO - [2026-01-26T15:10:33.166+0000] {dag.py:3954} INFO - Setting next_dagrun for simple_3_task_dag to 2026-01-25 00:00:00+00:00, run_after=2026-01-26 00:00:00+00:00
[2026-01-26T15:10:33.236+0000] {processor.py:183} INFO - Processing /opt/airflow/dags/irst_dag.py took 0.170 seconds
[2026-01-26T15:12:50.688+0000] {processor.py:161} INFO - Started process (PID=70) to work on /opt/airflow/dags/irst_dag.py
[2026-01-26T15:12:50.690+0000] {processor.py:830} INFO - Processing file /opt/airflow/dags/irst_dag.py for tasks to queue
[2026-01-26T15:12:50.693+0000] {logging_mixin.py:188} INFO - [2026-01-26T15:12:50.693+0000] {dagbag.py:545} INFO - Filling up the DagBag from /opt/airflow/dags/irst_dag.py
[2026-01-26T15:12:50.732+0000] {processor.py:840} INFO - DAG(s) 'simple_3_task_dag' retrieved from /opt/airflow/dags/irst_dag.py
[2026-01-26T15:12:50.754+0000] {logging_mixin.py:188} INFO - [2026-01-26T15:12:50.753+0000] {dag.py:3096} INFO - Sync 1 DAGs
[2026-01-26T15:12:50.793+0000] {logging_mixin.py:188} INFO - [2026-01-26T15:12:50.793+0000] {dag.py:3954} INFO - Setting next_dagrun for simple_3_task_dag to 2026-01-25 00:00:00+00:00, run_after=2026-01-26 00:00:00+00:00
[2026-01-26T15:12:50.881+0000] {processor.py:183} INFO - Processing /opt/airflow/dags/irst_dag.py took 0.200 seconds
[2026-01-26T15:13:39.710+0000] {processor.py:161} INFO - Started process (PID=81) to work on /opt/airflow/dags/irst_dag.py
[2026-01-26T15:13:39.713+0000] {processor.py:830} INFO - Processing file /opt/airflow/dags/irst_dag.py for tasks to queue
[2026-01-26T15:13:39.725+0000] {logging_mixin.py:188} INFO - [2026-01-26T15:13:39.720+0000] {dagbag.py:545} INFO - Filling up the DagBag from /opt/airflow/dags/irst_dag.py
[2026-01-26T15:13:39.899+0000] {processor.py:840} INFO - DAG(s) 'simple_3_task_dag' retrieved from /opt/airflow/dags/irst_dag.py
[2026-01-26T15:13:39.977+0000] {logging_mixin.py:188} INFO - [2026-01-26T15:13:39.976+0000] {dag.py:3096} INFO - Sync 1 DAGs
[2026-01-26T15:13:40.067+0000] {logging_mixin.py:188} INFO - [2026-01-26T15:13:40.067+0000] {dag.py:3954} INFO - Setting next_dagrun for simple_3_task_dag to 2026-01-25 00:00:00+00:00, run_after=2026-01-26 00:00:00+00:00
[2026-01-26T15:13:40.252+0000] {processor.py:183} INFO - Processing /opt/airflow/dags/irst_dag.py took 0.568 seconds
[2026-01-26T15:14:11.007+0000] {processor.py:161} INFO - Started process (PID=91) to work on /opt/airflow/dags/irst_dag.py
[2026-01-26T15:14:11.010+0000] {processor.py:830} INFO - Processing file /opt/airflow/dags/irst_dag.py for tasks to queue
[2026-01-26T15:14:11.023+0000] {logging_mixin.py:188} INFO - [2026-01-26T15:14:11.022+0000] {dagbag.py:545} INFO - Filling up the DagBag from /opt/airflow/dags/irst_dag.py
[2026-01-26T15:14:11.083+0000] {processor.py:840} INFO - DAG(s) 'simple_3_task_dag' retrieved from /opt/airflow/dags/irst_dag.py
[2026-01-26T15:14:11.497+0000] {logging_mixin.py:188} INFO - [2026-01-26T15:14:11.496+0000] {dag.py:3096} INFO - Sync 1 DAGs
[2026-01-26T15:14:11.612+0000] {logging_mixin.py:188} INFO - [2026-01-26T15:14:11.610+0000] {dag.py:3954} INFO - Setting next_dagrun for simple_3_task_dag to 2026-01-25 00:00:00+00:00, run_after=2026-01-26 00:00:00+00:00
[2026-01-26T15:14:12.117+0000] {processor.py:183} INFO - Processing /opt/airflow/dags/irst_dag.py took 1.132 seconds
[2026-01-26T15:14:42.866+0000] {processor.py:161} INFO - Started process (PID=101) to work on /opt/airflow/dags/irst_dag.py
[2026-01-26T15:14:42.868+0000] {processor.py:830} INFO - Processing file /opt/airflow/dags/irst_dag.py for tasks to queue
[2026-01-26T15:14:42.870+0000] {logging_mixin.py:188} INFO - [2026-01-26T15:14:42.870+0000] {dagbag.py:545} INFO - Filling up the DagBag from /opt/airflow/dags/irst_dag.py
[2026-01-26T15:14:42.906+0000] {processor.py:840} INFO - DAG(s) 'simple_3_task_dag' retrieved from /opt/airflow/dags/irst_dag.py
[2026-01-26T15:14:42.942+0000] {logging_mixin.py:188} INFO - [2026-01-26T15:14:42.942+0000] {dag.py:3096} INFO - Sync 1 DAGs
[2026-01-26T15:14:42.968+0000] {logging_mixin.py:188} INFO - [2026-01-26T15:14:42.968+0000] {dag.py:3954} INFO - Setting next_dagrun for simple_3_task_dag to 2026-01-25 00:00:00+00:00, run_after=2026-01-26 00:00:00+00:00
[2026-01-26T15:14:43.112+0000] {processor.py:183} INFO - Processing /opt/airflow/dags/irst_dag.py took 0.254 seconds
[2026-01-26T15:15:13.323+0000] {processor.py:161} INFO - Started process (PID=111) to work on /opt/airflow/dags/irst_dag.py
[2026-01-26T15:15:13.325+0000] {processor.py:830} INFO - Processing file /opt/airflow/dags/irst_dag.py for tasks to queue
[2026-01-26T15:15:13.330+0000] {logging_mixin.py:188} INFO - [2026-01-26T15:15:13.329+0000] {dagbag.py:545} INFO - Filling up the DagBag from /opt/airflow/dags/irst_dag.py
[2026-01-26T15:15:13.364+0000] {processor.py:840} INFO - DAG(s) 'simple_3_task_dag' retrieved from /opt/airflow/dags/irst_dag.py
[2026-01-26T15:15:13.404+0000] {logging_mixin.py:188} INFO - [2026-01-26T15:15:13.403+0000] {dag.py:3096} INFO - Sync 1 DAGs
[2026-01-26T15:15:13.435+0000] {logging_mixin.py:188} INFO - [2026-01-26T15:15:13.434+0000] {dag.py:3954} INFO - Setting next_dagrun for simple_3_task_dag to 2026-01-25 00:00:00+00:00, run_after=2026-01-26 00:00:00+00:00
[2026-01-26T15:15:13.507+0000] {processor.py:183} INFO - Processing /opt/airflow/dags/irst_dag.py took 0.194 seconds
[2026-01-26T15:15:43.977+0000] {processor.py:161} INFO - Started process (PID=121) to work on /opt/airflow/dags/irst_dag.py
[2026-01-26T15:15:43.980+0000] {processor.py:830} INFO - Processing file /opt/airflow/dags/irst_dag.py for tasks to queue
[2026-01-26T15:15:43.983+0000] {logging_mixin.py:188} INFO - [2026-01-26T15:15:43.983+0000] {dagbag.py:545} INFO - Filling up the DagBag from /opt/airflow/dags/irst_dag.py
[2026-01-26T15:15:44.042+0000] {processor.py:840} INFO - DAG(s) 'simple_3_task_dag' retrieved from /opt/airflow/dags/irst_dag.py
[2026-01-26T15:15:44.099+0000] {logging_mixin.py:188} INFO - [2026-01-26T15:15:44.099+0000] {dag.py:3096} INFO - Sync 1 DAGs
[2026-01-26T15:15:44.147+0000] {logging_mixin.py:188} INFO - [2026-01-26T15:15:44.147+0000] {dag.py:3954} INFO - Setting next_dagrun for simple_3_task_dag to 2026-01-25 00:00:00+00:00, run_after=2026-01-26 00:00:00+00:00
[2026-01-26T15:15:44.239+0000] {processor.py:183} INFO - Processing /opt/airflow/dags/irst_dag.py took 0.270 seconds
[2026-01-26T15:16:14.853+0000] {processor.py:161} INFO - Started process (PID=131) to work on /opt/airflow/dags/irst_dag.py
[2026-01-26T15:16:14.855+0000] {processor.py:830} INFO - Processing file /opt/airflow/dags/irst_dag.py for tasks to queue
[2026-01-26T15:16:14.857+0000] {logging_mixin.py:188} INFO - [2026-01-26T15:16:14.857+0000] {dagbag.py:545} INFO - Filling up the DagBag from /opt/airflow/dags/irst_dag.py
[2026-01-26T15:16:14.885+0000] {processor.py:840} INFO - DAG(s) 'simple_3_task_dag' retrieved from /opt/airflow/dags/irst_dag.py
[2026-01-26T15:16:14.920+0000] {logging_mixin.py:188} INFO - [2026-01-26T15:16:14.920+0000] {dag.py:3096} INFO - Sync 1 DAGs
[2026-01-26T15:16:14.946+0000] {logging_mixin.py:188} INFO - [2026-01-26T15:16:14.945+0000] {dag.py:3954} INFO - Setting next_dagrun for simple_3_task_dag to 2026-01-25 00:00:00+00:00, run_after=2026-01-26 00:00:00+00:00
[2026-01-26T15:16:15.024+0000] {processor.py:183} INFO - Processing /opt/airflow/dags/irst_dag.py took 0.181 seconds
[2026-01-26T15:16:45.339+0000] {processor.py:161} INFO - Started process (PID=141) to work on /opt/airflow/dags/irst_dag.py
[2026-01-26T15:16:45.341+0000] {processor.py:830} INFO - Processing file /opt/airflow/dags/irst_dag.py for tasks to queue
[2026-01-26T15:16:45.345+0000] {logging_mixin.py:188} INFO - [2026-01-26T15:16:45.344+0000] {dagbag.py:545} INFO - Filling up the DagBag from /opt/airflow/dags/irst_dag.py
[2026-01-26T15:16:45.382+0000] {processor.py:840} INFO - DAG(s) 'simple_3_task_dag' retrieved from /opt/airflow/dags/irst_dag.py
[2026-01-26T15:16:45.423+0000] {logging_mixin.py:188} INFO - [2026-01-26T15:16:45.422+0000] {dag.py:3096} INFO - Sync 1 DAGs
[2026-01-26T15:16:45.453+0000] {logging_mixin.py:188} INFO - [2026-01-26T15:16:45.453+0000] {dag.py:3954} INFO - Setting next_dagrun for simple_3_task_dag to 2026-01-25 00:00:00+00:00, run_after=2026-01-26 00:00:00+00:00
[2026-01-26T15:16:45.534+0000] {processor.py:183} INFO - Processing /opt/airflow/dags/irst_dag.py took 0.207 seconds
[2026-01-26T15:17:16.963+0000] {processor.py:161} INFO - Started process (PID=151) to work on /opt/airflow/dags/irst_dag.py
[2026-01-26T15:17:16.965+0000] {processor.py:830} INFO - Processing file /opt/airflow/dags/irst_dag.py for tasks to queue
[2026-01-26T15:17:16.968+0000] {logging_mixin.py:188} INFO - [2026-01-26T15:17:16.968+0000] {dagbag.py:545} INFO - Filling up the DagBag from /opt/airflow/dags/irst_dag.py
[2026-01-26T15:17:17.004+0000] {processor.py:840} INFO - DAG(s) 'simple_3_task_dag' retrieved from /opt/airflow/dags/irst_dag.py
[2026-01-26T15:17:17.055+0000] {logging_mixin.py:188} INFO - [2026-01-26T15:17:17.055+0000] {dag.py:3096} INFO - Sync 1 DAGs
[2026-01-26T15:17:17.100+0000] {logging_mixin.py:188} INFO - [2026-01-26T15:17:17.100+0000] {dag.py:3954} INFO - Setting next_dagrun for simple_3_task_dag to 2026-01-25 00:00:00+00:00, run_after=2026-01-26 00:00:00+00:00
[2026-01-26T15:17:17.199+0000] {processor.py:183} INFO - Processing /opt/airflow/dags/irst_dag.py took 0.245 seconds
[2026-01-26T15:18:06.609+0000] {processor.py:161} INFO - Started process (PID=161) to work on /opt/airflow/dags/irst_dag.py
[2026-01-26T15:18:06.622+0000] {processor.py:830} INFO - Processing file /opt/airflow/dags/irst_dag.py for tasks to queue
[2026-01-26T15:18:06.635+0000] {logging_mixin.py:188} INFO - [2026-01-26T15:18:06.632+0000] {dagbag.py:545} INFO - Filling up the DagBag from /opt/airflow/dags/irst_dag.py
[2026-01-26T15:18:06.823+0000] {processor.py:840} INFO - DAG(s) 'simple_3_task_dag' retrieved from /opt/airflow/dags/irst_dag.py
[2026-01-26T15:18:07.079+0000] {logging_mixin.py:188} INFO - [2026-01-26T15:18:07.079+0000] {dag.py:3096} INFO - Sync 1 DAGs
[2026-01-26T15:18:07.286+0000] {logging_mixin.py:188} INFO - [2026-01-26T15:18:07.286+0000] {dag.py:3954} INFO - Setting next_dagrun for simple_3_task_dag to 2026-01-25 00:00:00+00:00, run_after=2026-01-26 00:00:00+00:00
[2026-01-26T15:18:08.101+0000] {processor.py:183} INFO - Processing /opt/airflow/dags/irst_dag.py took 1.529 seconds
[2026-01-26T15:19:22.838+0000] {processor.py:161} INFO - Started process (PID=172) to work on /opt/airflow/dags/irst_dag.py
[2026-01-26T15:19:22.843+0000] {processor.py:830} INFO - Processing file /opt/airflow/dags/irst_dag.py for tasks to queue
[2026-01-26T15:19:22.848+0000] {logging_mixin.py:188} INFO - [2026-01-26T15:19:22.847+0000] {dagbag.py:545} INFO - Filling up the DagBag from /opt/airflow/dags/irst_dag.py
[2026-01-26T15:19:22.971+0000] {processor.py:840} INFO - DAG(s) 'simple_3_task_dag' retrieved from /opt/airflow/dags/irst_dag.py
[2026-01-26T15:19:23.082+0000] {logging_mixin.py:188} INFO - [2026-01-26T15:19:23.079+0000] {dag.py:3096} INFO - Sync 1 DAGs
[2026-01-26T15:19:23.192+0000] {logging_mixin.py:188} INFO - [2026-01-26T15:19:23.190+0000] {dag.py:3954} INFO - Setting next_dagrun for simple_3_task_dag to 2026-01-25 00:00:00+00:00, run_after=2026-01-26 00:00:00+00:00
[2026-01-26T15:19:23.475+0000] {processor.py:183} INFO - Processing /opt/airflow/dags/irst_dag.py took 0.654 seconds
[2026-01-26T15:21:28.160+0000] {processor.py:161} INFO - Started process (PID=208) to work on /opt/airflow/dags/irst_dag.py
[2026-01-26T15:21:28.164+0000] {processor.py:830} INFO - Processing file /opt/airflow/dags/irst_dag.py for tasks to queue
[2026-01-26T15:21:28.167+0000] {logging_mixin.py:188} INFO - [2026-01-26T15:21:28.166+0000] {dagbag.py:545} INFO - Filling up the DagBag from /opt/airflow/dags/irst_dag.py
[2026-01-26T15:21:28.194+0000] {processor.py:840} INFO - DAG(s) 'simple_3_task_dag' retrieved from /opt/airflow/dags/irst_dag.py
[2026-01-26T15:21:28.225+0000] {logging_mixin.py:188} INFO - [2026-01-26T15:21:28.225+0000] {dag.py:3096} INFO - Sync 1 DAGs
[2026-01-26T15:21:28.256+0000] {logging_mixin.py:188} INFO - [2026-01-26T15:21:28.256+0000] {dag.py:3954} INFO - Setting next_dagrun for simple_3_task_dag to 2026-01-25 00:00:00+00:00, run_after=2026-01-26 00:00:00+00:00
[2026-01-26T15:21:28.340+0000] {processor.py:183} INFO - Processing /opt/airflow/dags/irst_dag.py took 0.188 seconds
[2026-01-26T15:22:01.772+0000] {processor.py:161} INFO - Started process (PID=219) to work on /opt/airflow/dags/irst_dag.py
[2026-01-26T15:22:01.774+0000] {processor.py:830} INFO - Processing file /opt/airflow/dags/irst_dag.py for tasks to queue
[2026-01-26T15:22:01.778+0000] {logging_mixin.py:188} INFO - [2026-01-26T15:22:01.778+0000] {dagbag.py:545} INFO - Filling up the DagBag from /opt/airflow/dags/irst_dag.py
[2026-01-26T15:22:01.806+0000] {processor.py:840} INFO - DAG(s) 'simple_3_task_dag' retrieved from /opt/airflow/dags/irst_dag.py
[2026-01-26T15:22:01.837+0000] {logging_mixin.py:188} INFO - [2026-01-26T15:22:01.837+0000] {dag.py:3096} INFO - Sync 1 DAGs
[2026-01-26T15:22:01.870+0000] {logging_mixin.py:188} INFO - [2026-01-26T15:22:01.869+0000] {dag.py:3954} INFO - Setting next_dagrun for simple_3_task_dag to 2026-01-25 00:00:00+00:00, run_after=2026-01-26 00:00:00+00:00
[2026-01-26T15:22:01.957+0000] {processor.py:183} INFO - Processing /opt/airflow/dags/irst_dag.py took 0.192 seconds
[2026-01-26T15:22:33.153+0000] {processor.py:161} INFO - Started process (PID=229) to work on /opt/airflow/dags/irst_dag.py
[2026-01-26T15:22:33.154+0000] {processor.py:830} INFO - Processing file /opt/airflow/dags/irst_dag.py for tasks to queue
[2026-01-26T15:22:33.157+0000] {logging_mixin.py:188} INFO - [2026-01-26T15:22:33.156+0000] {dagbag.py:545} INFO - Filling up the DagBag from /opt/airflow/dags/irst_dag.py
[2026-01-26T15:22:33.183+0000] {processor.py:840} INFO - DAG(s) 'simple_3_task_dag' retrieved from /opt/airflow/dags/irst_dag.py
[2026-01-26T15:22:33.218+0000] {logging_mixin.py:188} INFO - [2026-01-26T15:22:33.218+0000] {dag.py:3096} INFO - Sync 1 DAGs
[2026-01-26T15:22:33.255+0000] {logging_mixin.py:188} INFO - [2026-01-26T15:22:33.255+0000] {dag.py:3954} INFO - Setting next_dagrun for simple_3_task_dag to 2026-01-25 00:00:00+00:00, run_after=2026-01-26 00:00:00+00:00
[2026-01-26T15:22:33.333+0000] {processor.py:183} INFO - Processing /opt/airflow/dags/irst_dag.py took 0.190 seconds
[2026-01-26T15:23:03.584+0000] {processor.py:161} INFO - Started process (PID=239) to work on /opt/airflow/dags/irst_dag.py
[2026-01-26T15:23:03.586+0000] {processor.py:830} INFO - Processing file /opt/airflow/dags/irst_dag.py for tasks to queue
[2026-01-26T15:23:03.590+0000] {logging_mixin.py:188} INFO - [2026-01-26T15:23:03.589+0000] {dagbag.py:545} INFO - Filling up the DagBag from /opt/airflow/dags/irst_dag.py
[2026-01-26T15:23:03.622+0000] {processor.py:840} INFO - DAG(s) 'simple_3_task_dag' retrieved from /opt/airflow/dags/irst_dag.py
[2026-01-26T15:23:03.654+0000] {logging_mixin.py:188} INFO - [2026-01-26T15:23:03.654+0000] {dag.py:3096} INFO - Sync 1 DAGs
[2026-01-26T15:23:03.679+0000] {logging_mixin.py:188} INFO - [2026-01-26T15:23:03.678+0000] {dag.py:3954} INFO - Setting next_dagrun for simple_3_task_dag to 2026-01-25 00:00:00+00:00, run_after=2026-01-26 00:00:00+00:00
[2026-01-26T15:23:03.753+0000] {processor.py:183} INFO - Processing /opt/airflow/dags/irst_dag.py took 0.177 seconds
[2026-01-26T15:23:38.165+0000] {processor.py:161} INFO - Started process (PID=249) to work on /opt/airflow/dags/irst_dag.py
[2026-01-26T15:23:38.170+0000] {processor.py:830} INFO - Processing file /opt/airflow/dags/irst_dag.py for tasks to queue
[2026-01-26T15:23:38.177+0000] {logging_mixin.py:188} INFO - [2026-01-26T15:23:38.176+0000] {dagbag.py:545} INFO - Filling up the DagBag from /opt/airflow/dags/irst_dag.py
[2026-01-26T15:23:38.422+0000] {processor.py:840} INFO - DAG(s) 'simple_3_task_dag' retrieved from /opt/airflow/dags/irst_dag.py
[2026-01-26T15:23:38.585+0000] {logging_mixin.py:188} INFO - [2026-01-26T15:23:38.585+0000] {dag.py:3096} INFO - Sync 1 DAGs
[2026-01-26T15:23:38.747+0000] {logging_mixin.py:188} INFO - [2026-01-26T15:23:38.746+0000] {dag.py:3954} INFO - Setting next_dagrun for simple_3_task_dag to 2026-01-25 00:00:00+00:00, run_after=2026-01-26 00:00:00+00:00
[2026-01-26T15:23:39.004+0000] {processor.py:183} INFO - Processing /opt/airflow/dags/irst_dag.py took 0.858 seconds
[2026-01-26T15:24:09.649+0000] {processor.py:161} INFO - Started process (PID=259) to work on /opt/airflow/dags/irst_dag.py
[2026-01-26T15:24:09.651+0000] {processor.py:830} INFO - Processing file /opt/airflow/dags/irst_dag.py for tasks to queue
[2026-01-26T15:24:09.656+0000] {logging_mixin.py:188} INFO - [2026-01-26T15:24:09.656+0000] {dagbag.py:545} INFO - Filling up the DagBag from /opt/airflow/dags/irst_dag.py
[2026-01-26T15:24:09.718+0000] {processor.py:840} INFO - DAG(s) 'simple_3_task_dag' retrieved from /opt/airflow/dags/irst_dag.py
[2026-01-26T15:24:09.787+0000] {logging_mixin.py:188} INFO - [2026-01-26T15:24:09.787+0000] {dag.py:3096} INFO - Sync 1 DAGs
[2026-01-26T15:24:09.867+0000] {logging_mixin.py:188} INFO - [2026-01-26T15:24:09.867+0000] {dag.py:3954} INFO - Setting next_dagrun for simple_3_task_dag to 2026-01-25 00:00:00+00:00, run_after=2026-01-26 00:00:00+00:00
