[2026-01-26T14:39:02.211+0000] {processor.py:161} INFO - Started process (PID=75) to work on /opt/airflow/dags/TesDatra.py
[2026-01-26T14:39:02.212+0000] {processor.py:830} INFO - Processing file /opt/airflow/dags/TesDatra.py for tasks to queue
[2026-01-26T14:39:02.216+0000] {logging_mixin.py:188} INFO - [2026-01-26T14:39:02.215+0000] {dagbag.py:545} INFO - Filling up the DagBag from /opt/airflow/dags/TesDatra.py
[2026-01-26T14:39:02.242+0000] {logging_mixin.py:188} INFO - [2026-01-26T14:39:02.235+0000] {dagbag.py:355} ERROR - Failed to import: /opt/airflow/dags/TesDatra.py
Traceback (most recent call last):
  File "/home/airflow/.local/lib/python3.10/site-packages/airflow/models/dagbag.py", line 351, in parse
    loader.exec_module(new_module)
  File "<frozen importlib._bootstrap_external>", line 883, in exec_module
  File "<frozen importlib._bootstrap>", line 241, in _call_with_frames_removed
  File "/opt/airflow/dags/TesDatra.py", line 3, in <module>
    from airflow.providers.standard.operators.empty import EmptyOperator
ModuleNotFoundError: No module named 'airflow.providers.standard'
[2026-01-26T14:39:02.245+0000] {processor.py:842} WARNING - No viable dags retrieved from /opt/airflow/dags/TesDatra.py
[2026-01-26T14:39:02.304+0000] {processor.py:183} INFO - Processing /opt/airflow/dags/TesDatra.py took 0.102 seconds
[2026-01-26T14:39:33.110+0000] {processor.py:161} INFO - Started process (PID=85) to work on /opt/airflow/dags/TesDatra.py
[2026-01-26T14:39:33.112+0000] {processor.py:830} INFO - Processing file /opt/airflow/dags/TesDatra.py for tasks to queue
[2026-01-26T14:39:33.116+0000] {logging_mixin.py:188} INFO - [2026-01-26T14:39:33.115+0000] {dagbag.py:545} INFO - Filling up the DagBag from /opt/airflow/dags/TesDatra.py
[2026-01-26T14:39:33.147+0000] {logging_mixin.py:188} INFO - [2026-01-26T14:39:33.141+0000] {dagbag.py:355} ERROR - Failed to import: /opt/airflow/dags/TesDatra.py
Traceback (most recent call last):
  File "/home/airflow/.local/lib/python3.10/site-packages/airflow/models/dagbag.py", line 351, in parse
    loader.exec_module(new_module)
  File "<frozen importlib._bootstrap_external>", line 883, in exec_module
  File "<frozen importlib._bootstrap>", line 241, in _call_with_frames_removed
  File "/opt/airflow/dags/TesDatra.py", line 3, in <module>
    from airflow.providers.standard.operators.empty import EmptyOperator
ModuleNotFoundError: No module named 'airflow.providers.standard'
[2026-01-26T14:39:33.149+0000] {processor.py:842} WARNING - No viable dags retrieved from /opt/airflow/dags/TesDatra.py
[2026-01-26T14:39:33.224+0000] {processor.py:183} INFO - Processing /opt/airflow/dags/TesDatra.py took 0.129 seconds
[2026-01-26T14:40:02.481+0000] {processor.py:161} INFO - Started process (PID=66) to work on /opt/airflow/dags/TesDatra.py
[2026-01-26T14:40:02.491+0000] {processor.py:830} INFO - Processing file /opt/airflow/dags/TesDatra.py for tasks to queue
[2026-01-26T14:40:02.511+0000] {logging_mixin.py:188} INFO - [2026-01-26T14:40:02.510+0000] {dagbag.py:545} INFO - Filling up the DagBag from /opt/airflow/dags/TesDatra.py
[2026-01-26T14:40:02.569+0000] {logging_mixin.py:188} INFO - [2026-01-26T14:40:02.559+0000] {dagbag.py:355} ERROR - Failed to import: /opt/airflow/dags/TesDatra.py
Traceback (most recent call last):
  File "/home/airflow/.local/lib/python3.10/site-packages/airflow/models/dagbag.py", line 351, in parse
    loader.exec_module(new_module)
  File "<frozen importlib._bootstrap_external>", line 883, in exec_module
  File "<frozen importlib._bootstrap>", line 241, in _call_with_frames_removed
  File "/opt/airflow/dags/TesDatra.py", line 3, in <module>
    from airflow.providers.standard.operators.empty import EmptyOperator
ModuleNotFoundError: No module named 'airflow.providers.standard'
[2026-01-26T14:40:02.573+0000] {processor.py:842} WARNING - No viable dags retrieved from /opt/airflow/dags/TesDatra.py
[2026-01-26T14:40:02.692+0000] {processor.py:183} INFO - Processing /opt/airflow/dags/TesDatra.py took 0.221 seconds
[2026-01-26T14:40:33.613+0000] {processor.py:161} INFO - Started process (PID=76) to work on /opt/airflow/dags/TesDatra.py
[2026-01-26T14:40:33.615+0000] {processor.py:830} INFO - Processing file /opt/airflow/dags/TesDatra.py for tasks to queue
[2026-01-26T14:40:33.617+0000] {logging_mixin.py:188} INFO - [2026-01-26T14:40:33.616+0000] {dagbag.py:545} INFO - Filling up the DagBag from /opt/airflow/dags/TesDatra.py
[2026-01-26T14:40:33.640+0000] {logging_mixin.py:188} INFO - [2026-01-26T14:40:33.635+0000] {dagbag.py:355} ERROR - Failed to import: /opt/airflow/dags/TesDatra.py
Traceback (most recent call last):
  File "/home/airflow/.local/lib/python3.10/site-packages/airflow/models/dagbag.py", line 351, in parse
    loader.exec_module(new_module)
  File "<frozen importlib._bootstrap_external>", line 883, in exec_module
  File "<frozen importlib._bootstrap>", line 241, in _call_with_frames_removed
  File "/opt/airflow/dags/TesDatra.py", line 3, in <module>
    from airflow.providers.standard.operators.empty import EmptyOperator
ModuleNotFoundError: No module named 'airflow.providers.standard'
[2026-01-26T14:40:33.642+0000] {processor.py:842} WARNING - No viable dags retrieved from /opt/airflow/dags/TesDatra.py
[2026-01-26T14:40:33.688+0000] {processor.py:183} INFO - Processing /opt/airflow/dags/TesDatra.py took 0.081 seconds
[2026-01-26T14:41:04.225+0000] {processor.py:161} INFO - Started process (PID=86) to work on /opt/airflow/dags/TesDatra.py
[2026-01-26T14:41:04.226+0000] {processor.py:830} INFO - Processing file /opt/airflow/dags/TesDatra.py for tasks to queue
[2026-01-26T14:41:04.229+0000] {logging_mixin.py:188} INFO - [2026-01-26T14:41:04.228+0000] {dagbag.py:545} INFO - Filling up the DagBag from /opt/airflow/dags/TesDatra.py
[2026-01-26T14:41:04.252+0000] {logging_mixin.py:188} INFO - [2026-01-26T14:41:04.246+0000] {dagbag.py:355} ERROR - Failed to import: /opt/airflow/dags/TesDatra.py
Traceback (most recent call last):
  File "/home/airflow/.local/lib/python3.10/site-packages/airflow/models/dagbag.py", line 351, in parse
    loader.exec_module(new_module)
  File "<frozen importlib._bootstrap_external>", line 883, in exec_module
  File "<frozen importlib._bootstrap>", line 241, in _call_with_frames_removed
  File "/opt/airflow/dags/TesDatra.py", line 3, in <module>
    from airflow.providers.standard.operators.empty import EmptyOperator
ModuleNotFoundError: No module named 'airflow.providers.standard'
[2026-01-26T14:41:04.254+0000] {processor.py:842} WARNING - No viable dags retrieved from /opt/airflow/dags/TesDatra.py
[2026-01-26T14:41:04.299+0000] {processor.py:183} INFO - Processing /opt/airflow/dags/TesDatra.py took 0.080 seconds
[2026-01-26T14:41:34.429+0000] {processor.py:161} INFO - Started process (PID=96) to work on /opt/airflow/dags/TesDatra.py
[2026-01-26T14:41:34.432+0000] {processor.py:830} INFO - Processing file /opt/airflow/dags/TesDatra.py for tasks to queue
[2026-01-26T14:41:34.434+0000] {logging_mixin.py:188} INFO - [2026-01-26T14:41:34.434+0000] {dagbag.py:545} INFO - Filling up the DagBag from /opt/airflow/dags/TesDatra.py
[2026-01-26T14:41:34.455+0000] {logging_mixin.py:188} INFO - [2026-01-26T14:41:34.451+0000] {dagbag.py:355} ERROR - Failed to import: /opt/airflow/dags/TesDatra.py
Traceback (most recent call last):
  File "/home/airflow/.local/lib/python3.10/site-packages/airflow/models/dagbag.py", line 351, in parse
    loader.exec_module(new_module)
  File "<frozen importlib._bootstrap_external>", line 883, in exec_module
  File "<frozen importlib._bootstrap>", line 241, in _call_with_frames_removed
  File "/opt/airflow/dags/TesDatra.py", line 3, in <module>
    from airflow.providers.standard.operators.empty import EmptyOperator
ModuleNotFoundError: No module named 'airflow.providers.standard'
[2026-01-26T14:41:34.457+0000] {processor.py:842} WARNING - No viable dags retrieved from /opt/airflow/dags/TesDatra.py
[2026-01-26T14:41:34.503+0000] {processor.py:183} INFO - Processing /opt/airflow/dags/TesDatra.py took 0.080 seconds
[2026-01-26T14:42:05.134+0000] {processor.py:161} INFO - Started process (PID=106) to work on /opt/airflow/dags/TesDatra.py
[2026-01-26T14:42:05.136+0000] {processor.py:830} INFO - Processing file /opt/airflow/dags/TesDatra.py for tasks to queue
[2026-01-26T14:42:05.138+0000] {logging_mixin.py:188} INFO - [2026-01-26T14:42:05.137+0000] {dagbag.py:545} INFO - Filling up the DagBag from /opt/airflow/dags/TesDatra.py
[2026-01-26T14:42:05.159+0000] {logging_mixin.py:188} INFO - [2026-01-26T14:42:05.154+0000] {dagbag.py:355} ERROR - Failed to import: /opt/airflow/dags/TesDatra.py
Traceback (most recent call last):
  File "/home/airflow/.local/lib/python3.10/site-packages/airflow/models/dagbag.py", line 351, in parse
    loader.exec_module(new_module)
  File "<frozen importlib._bootstrap_external>", line 883, in exec_module
  File "<frozen importlib._bootstrap>", line 241, in _call_with_frames_removed
  File "/opt/airflow/dags/TesDatra.py", line 3, in <module>
    from airflow.providers.standard.operators.empty import EmptyOperator
ModuleNotFoundError: No module named 'airflow.providers.standard'
[2026-01-26T14:42:05.161+0000] {processor.py:842} WARNING - No viable dags retrieved from /opt/airflow/dags/TesDatra.py
[2026-01-26T14:42:05.203+0000] {processor.py:183} INFO - Processing /opt/airflow/dags/TesDatra.py took 0.075 seconds
[2026-01-26T14:42:35.762+0000] {processor.py:161} INFO - Started process (PID=116) to work on /opt/airflow/dags/TesDatra.py
[2026-01-26T14:42:35.764+0000] {processor.py:830} INFO - Processing file /opt/airflow/dags/TesDatra.py for tasks to queue
[2026-01-26T14:42:35.767+0000] {logging_mixin.py:188} INFO - [2026-01-26T14:42:35.767+0000] {dagbag.py:545} INFO - Filling up the DagBag from /opt/airflow/dags/TesDatra.py
[2026-01-26T14:42:35.790+0000] {logging_mixin.py:188} INFO - [2026-01-26T14:42:35.784+0000] {dagbag.py:355} ERROR - Failed to import: /opt/airflow/dags/TesDatra.py
Traceback (most recent call last):
  File "/home/airflow/.local/lib/python3.10/site-packages/airflow/models/dagbag.py", line 351, in parse
    loader.exec_module(new_module)
  File "<frozen importlib._bootstrap_external>", line 883, in exec_module
  File "<frozen importlib._bootstrap>", line 241, in _call_with_frames_removed
  File "/opt/airflow/dags/TesDatra.py", line 3, in <module>
    from airflow.providers.standard.operators.empty import EmptyOperator
ModuleNotFoundError: No module named 'airflow.providers.standard'
[2026-01-26T14:42:35.792+0000] {processor.py:842} WARNING - No viable dags retrieved from /opt/airflow/dags/TesDatra.py
[2026-01-26T14:42:35.839+0000] {processor.py:183} INFO - Processing /opt/airflow/dags/TesDatra.py took 0.084 seconds
[2026-01-26T14:43:07.316+0000] {processor.py:161} INFO - Started process (PID=126) to work on /opt/airflow/dags/TesDatra.py
[2026-01-26T14:43:07.318+0000] {processor.py:830} INFO - Processing file /opt/airflow/dags/TesDatra.py for tasks to queue
[2026-01-26T14:43:07.320+0000] {logging_mixin.py:188} INFO - [2026-01-26T14:43:07.320+0000] {dagbag.py:545} INFO - Filling up the DagBag from /opt/airflow/dags/TesDatra.py
[2026-01-26T14:43:07.345+0000] {logging_mixin.py:188} INFO - [2026-01-26T14:43:07.340+0000] {dagbag.py:355} ERROR - Failed to import: /opt/airflow/dags/TesDatra.py
Traceback (most recent call last):
  File "/home/airflow/.local/lib/python3.10/site-packages/airflow/models/dagbag.py", line 351, in parse
    loader.exec_module(new_module)
  File "<frozen importlib._bootstrap_external>", line 883, in exec_module
  File "<frozen importlib._bootstrap>", line 241, in _call_with_frames_removed
  File "/opt/airflow/dags/TesDatra.py", line 3, in <module>
    from airflow.providers.standard.operators.empty import EmptyOperator
ModuleNotFoundError: No module named 'airflow.providers.standard'
[2026-01-26T14:43:07.347+0000] {processor.py:842} WARNING - No viable dags retrieved from /opt/airflow/dags/TesDatra.py
[2026-01-26T14:43:07.395+0000] {processor.py:183} INFO - Processing /opt/airflow/dags/TesDatra.py took 0.085 seconds
[2026-01-26T14:43:38.387+0000] {processor.py:161} INFO - Started process (PID=136) to work on /opt/airflow/dags/TesDatra.py
[2026-01-26T14:43:38.388+0000] {processor.py:830} INFO - Processing file /opt/airflow/dags/TesDatra.py for tasks to queue
[2026-01-26T14:43:38.391+0000] {logging_mixin.py:188} INFO - [2026-01-26T14:43:38.390+0000] {dagbag.py:545} INFO - Filling up the DagBag from /opt/airflow/dags/TesDatra.py
[2026-01-26T14:43:38.409+0000] {logging_mixin.py:188} INFO - [2026-01-26T14:43:38.404+0000] {dagbag.py:355} ERROR - Failed to import: /opt/airflow/dags/TesDatra.py
Traceback (most recent call last):
  File "/home/airflow/.local/lib/python3.10/site-packages/airflow/models/dagbag.py", line 351, in parse
    loader.exec_module(new_module)
  File "<frozen importlib._bootstrap_external>", line 883, in exec_module
  File "<frozen importlib._bootstrap>", line 241, in _call_with_frames_removed
  File "/opt/airflow/dags/TesDatra.py", line 3, in <module>
    from airflow.providers.standard.operators.empty import EmptyOperator
ModuleNotFoundError: No module named 'airflow.providers.standard'
[2026-01-26T14:43:38.410+0000] {processor.py:842} WARNING - No viable dags retrieved from /opt/airflow/dags/TesDatra.py
[2026-01-26T14:43:38.457+0000] {processor.py:183} INFO - Processing /opt/airflow/dags/TesDatra.py took 0.076 seconds
[2026-01-26T14:44:09.339+0000] {processor.py:161} INFO - Started process (PID=146) to work on /opt/airflow/dags/TesDatra.py
[2026-01-26T14:44:09.341+0000] {processor.py:830} INFO - Processing file /opt/airflow/dags/TesDatra.py for tasks to queue
[2026-01-26T14:44:09.344+0000] {logging_mixin.py:188} INFO - [2026-01-26T14:44:09.343+0000] {dagbag.py:545} INFO - Filling up the DagBag from /opt/airflow/dags/TesDatra.py
[2026-01-26T14:44:09.371+0000] {logging_mixin.py:188} INFO - [2026-01-26T14:44:09.364+0000] {dagbag.py:355} ERROR - Failed to import: /opt/airflow/dags/TesDatra.py
Traceback (most recent call last):
  File "/home/airflow/.local/lib/python3.10/site-packages/airflow/models/dagbag.py", line 351, in parse
    loader.exec_module(new_module)
  File "<frozen importlib._bootstrap_external>", line 883, in exec_module
  File "<frozen importlib._bootstrap>", line 241, in _call_with_frames_removed
  File "/opt/airflow/dags/TesDatra.py", line 3, in <module>
    from airflow.providers.standard.operators.empty import EmptyOperator
ModuleNotFoundError: No module named 'airflow.providers.standard'
[2026-01-26T14:44:09.374+0000] {processor.py:842} WARNING - No viable dags retrieved from /opt/airflow/dags/TesDatra.py
[2026-01-26T14:44:09.423+0000] {processor.py:183} INFO - Processing /opt/airflow/dags/TesDatra.py took 0.090 seconds
[2026-01-26T14:44:40.642+0000] {processor.py:161} INFO - Started process (PID=156) to work on /opt/airflow/dags/TesDatra.py
[2026-01-26T14:44:40.643+0000] {processor.py:830} INFO - Processing file /opt/airflow/dags/TesDatra.py for tasks to queue
[2026-01-26T14:44:40.645+0000] {logging_mixin.py:188} INFO - [2026-01-26T14:44:40.645+0000] {dagbag.py:545} INFO - Filling up the DagBag from /opt/airflow/dags/TesDatra.py
[2026-01-26T14:44:40.675+0000] {logging_mixin.py:188} INFO - [2026-01-26T14:44:40.670+0000] {dagbag.py:355} ERROR - Failed to import: /opt/airflow/dags/TesDatra.py
Traceback (most recent call last):
  File "/home/airflow/.local/lib/python3.10/site-packages/airflow/models/dagbag.py", line 351, in parse
    loader.exec_module(new_module)
  File "<frozen importlib._bootstrap_external>", line 883, in exec_module
  File "<frozen importlib._bootstrap>", line 241, in _call_with_frames_removed
  File "/opt/airflow/dags/TesDatra.py", line 3, in <module>
    from airflow.providers.standard.operators.empty import EmptyOperator
ModuleNotFoundError: No module named 'airflow.providers.standard'
[2026-01-26T14:44:40.677+0000] {processor.py:842} WARNING - No viable dags retrieved from /opt/airflow/dags/TesDatra.py
[2026-01-26T14:44:40.734+0000] {processor.py:183} INFO - Processing /opt/airflow/dags/TesDatra.py took 0.098 seconds
[2026-01-26T14:45:11.525+0000] {processor.py:161} INFO - Started process (PID=166) to work on /opt/airflow/dags/TesDatra.py
[2026-01-26T14:45:11.526+0000] {processor.py:830} INFO - Processing file /opt/airflow/dags/TesDatra.py for tasks to queue
[2026-01-26T14:45:11.528+0000] {logging_mixin.py:188} INFO - [2026-01-26T14:45:11.528+0000] {dagbag.py:545} INFO - Filling up the DagBag from /opt/airflow/dags/TesDatra.py
[2026-01-26T14:45:11.565+0000] {logging_mixin.py:188} INFO - [2026-01-26T14:45:11.554+0000] {dagbag.py:355} ERROR - Failed to import: /opt/airflow/dags/TesDatra.py
Traceback (most recent call last):
  File "/home/airflow/.local/lib/python3.10/site-packages/airflow/models/dagbag.py", line 351, in parse
    loader.exec_module(new_module)
  File "<frozen importlib._bootstrap_external>", line 883, in exec_module
  File "<frozen importlib._bootstrap>", line 241, in _call_with_frames_removed
  File "/opt/airflow/dags/TesDatra.py", line 3, in <module>
    from airflow.providers.standard.operators.empty import EmptyOperator
ModuleNotFoundError: No module named 'airflow.providers.standard'
[2026-01-26T14:45:11.567+0000] {processor.py:842} WARNING - No viable dags retrieved from /opt/airflow/dags/TesDatra.py
[2026-01-26T14:45:11.619+0000] {processor.py:183} INFO - Processing /opt/airflow/dags/TesDatra.py took 0.100 seconds
[2026-01-26T14:45:42.286+0000] {processor.py:161} INFO - Started process (PID=176) to work on /opt/airflow/dags/TesDatra.py
[2026-01-26T14:45:42.287+0000] {processor.py:830} INFO - Processing file /opt/airflow/dags/TesDatra.py for tasks to queue
[2026-01-26T14:45:42.290+0000] {logging_mixin.py:188} INFO - [2026-01-26T14:45:42.289+0000] {dagbag.py:545} INFO - Filling up the DagBag from /opt/airflow/dags/TesDatra.py
[2026-01-26T14:45:42.311+0000] {logging_mixin.py:188} INFO - [2026-01-26T14:45:42.306+0000] {dagbag.py:355} ERROR - Failed to import: /opt/airflow/dags/TesDatra.py
Traceback (most recent call last):
  File "/home/airflow/.local/lib/python3.10/site-packages/airflow/models/dagbag.py", line 351, in parse
    loader.exec_module(new_module)
  File "<frozen importlib._bootstrap_external>", line 883, in exec_module
  File "<frozen importlib._bootstrap>", line 241, in _call_with_frames_removed
  File "/opt/airflow/dags/TesDatra.py", line 3, in <module>
    from airflow.providers.standard.operators.empty import EmptyOperator
ModuleNotFoundError: No module named 'airflow.providers.standard'
[2026-01-26T14:45:42.313+0000] {processor.py:842} WARNING - No viable dags retrieved from /opt/airflow/dags/TesDatra.py
[2026-01-26T14:45:42.361+0000] {processor.py:183} INFO - Processing /opt/airflow/dags/TesDatra.py took 0.083 seconds
[2026-01-26T14:46:13.224+0000] {processor.py:161} INFO - Started process (PID=186) to work on /opt/airflow/dags/TesDatra.py
[2026-01-26T14:46:13.226+0000] {processor.py:830} INFO - Processing file /opt/airflow/dags/TesDatra.py for tasks to queue
[2026-01-26T14:46:13.228+0000] {logging_mixin.py:188} INFO - [2026-01-26T14:46:13.227+0000] {dagbag.py:545} INFO - Filling up the DagBag from /opt/airflow/dags/TesDatra.py
[2026-01-26T14:46:13.253+0000] {logging_mixin.py:188} INFO - [2026-01-26T14:46:13.248+0000] {dagbag.py:355} ERROR - Failed to import: /opt/airflow/dags/TesDatra.py
Traceback (most recent call last):
  File "/home/airflow/.local/lib/python3.10/site-packages/airflow/models/dagbag.py", line 351, in parse
    loader.exec_module(new_module)
  File "<frozen importlib._bootstrap_external>", line 883, in exec_module
  File "<frozen importlib._bootstrap>", line 241, in _call_with_frames_removed
  File "/opt/airflow/dags/TesDatra.py", line 3, in <module>
    from airflow.providers.standard.operators.empty import EmptyOperator
ModuleNotFoundError: No module named 'airflow.providers.standard'
[2026-01-26T14:46:13.254+0000] {processor.py:842} WARNING - No viable dags retrieved from /opt/airflow/dags/TesDatra.py
[2026-01-26T14:46:13.298+0000] {processor.py:183} INFO - Processing /opt/airflow/dags/TesDatra.py took 0.081 seconds
[2026-01-26T14:46:44.139+0000] {processor.py:161} INFO - Started process (PID=196) to work on /opt/airflow/dags/TesDatra.py
[2026-01-26T14:46:44.141+0000] {processor.py:830} INFO - Processing file /opt/airflow/dags/TesDatra.py for tasks to queue
[2026-01-26T14:46:44.143+0000] {logging_mixin.py:188} INFO - [2026-01-26T14:46:44.143+0000] {dagbag.py:545} INFO - Filling up the DagBag from /opt/airflow/dags/TesDatra.py
[2026-01-26T14:46:44.164+0000] {logging_mixin.py:188} INFO - [2026-01-26T14:46:44.159+0000] {dagbag.py:355} ERROR - Failed to import: /opt/airflow/dags/TesDatra.py
Traceback (most recent call last):
  File "/home/airflow/.local/lib/python3.10/site-packages/airflow/models/dagbag.py", line 351, in parse
    loader.exec_module(new_module)
  File "<frozen importlib._bootstrap_external>", line 883, in exec_module
  File "<frozen importlib._bootstrap>", line 241, in _call_with_frames_removed
  File "/opt/airflow/dags/TesDatra.py", line 3, in <module>
    from airflow.providers.standard.operators.empty import EmptyOperator
ModuleNotFoundError: No module named 'airflow.providers.standard'
[2026-01-26T14:46:44.167+0000] {processor.py:842} WARNING - No viable dags retrieved from /opt/airflow/dags/TesDatra.py
[2026-01-26T14:46:44.216+0000] {processor.py:183} INFO - Processing /opt/airflow/dags/TesDatra.py took 0.083 seconds
[2026-01-26T14:47:14.897+0000] {processor.py:161} INFO - Started process (PID=206) to work on /opt/airflow/dags/TesDatra.py
[2026-01-26T14:47:14.899+0000] {processor.py:830} INFO - Processing file /opt/airflow/dags/TesDatra.py for tasks to queue
[2026-01-26T14:47:14.901+0000] {logging_mixin.py:188} INFO - [2026-01-26T14:47:14.901+0000] {dagbag.py:545} INFO - Filling up the DagBag from /opt/airflow/dags/TesDatra.py
[2026-01-26T14:47:14.926+0000] {logging_mixin.py:188} INFO - [2026-01-26T14:47:14.920+0000] {dagbag.py:355} ERROR - Failed to import: /opt/airflow/dags/TesDatra.py
Traceback (most recent call last):
  File "/home/airflow/.local/lib/python3.10/site-packages/airflow/models/dagbag.py", line 351, in parse
    loader.exec_module(new_module)
  File "<frozen importlib._bootstrap_external>", line 883, in exec_module
  File "<frozen importlib._bootstrap>", line 241, in _call_with_frames_removed
  File "/opt/airflow/dags/TesDatra.py", line 3, in <module>
    from airflow.providers.standard.operators.empty import EmptyOperator
ModuleNotFoundError: No module named 'airflow.providers.standard'
[2026-01-26T14:47:14.928+0000] {processor.py:842} WARNING - No viable dags retrieved from /opt/airflow/dags/TesDatra.py
[2026-01-26T14:47:14.982+0000] {processor.py:183} INFO - Processing /opt/airflow/dags/TesDatra.py took 0.094 seconds
[2026-01-26T14:47:45.733+0000] {processor.py:161} INFO - Started process (PID=216) to work on /opt/airflow/dags/TesDatra.py
[2026-01-26T14:47:45.734+0000] {processor.py:830} INFO - Processing file /opt/airflow/dags/TesDatra.py for tasks to queue
[2026-01-26T14:47:45.737+0000] {logging_mixin.py:188} INFO - [2026-01-26T14:47:45.736+0000] {dagbag.py:545} INFO - Filling up the DagBag from /opt/airflow/dags/TesDatra.py
[2026-01-26T14:47:45.761+0000] {logging_mixin.py:188} INFO - [2026-01-26T14:47:45.755+0000] {dagbag.py:355} ERROR - Failed to import: /opt/airflow/dags/TesDatra.py
Traceback (most recent call last):
  File "/home/airflow/.local/lib/python3.10/site-packages/airflow/models/dagbag.py", line 351, in parse
    loader.exec_module(new_module)
  File "<frozen importlib._bootstrap_external>", line 883, in exec_module
  File "<frozen importlib._bootstrap>", line 241, in _call_with_frames_removed
  File "/opt/airflow/dags/TesDatra.py", line 3, in <module>
    from airflow.providers.standard.operators.empty import EmptyOperator
ModuleNotFoundError: No module named 'airflow.providers.standard'
[2026-01-26T14:47:45.764+0000] {processor.py:842} WARNING - No viable dags retrieved from /opt/airflow/dags/TesDatra.py
[2026-01-26T14:47:45.814+0000] {processor.py:183} INFO - Processing /opt/airflow/dags/TesDatra.py took 0.088 seconds
[2026-01-26T14:48:17.037+0000] {processor.py:161} INFO - Started process (PID=226) to work on /opt/airflow/dags/TesDatra.py
[2026-01-26T14:48:17.040+0000] {processor.py:830} INFO - Processing file /opt/airflow/dags/TesDatra.py for tasks to queue
[2026-01-26T14:48:17.046+0000] {logging_mixin.py:188} INFO - [2026-01-26T14:48:17.044+0000] {dagbag.py:545} INFO - Filling up the DagBag from /opt/airflow/dags/TesDatra.py
[2026-01-26T14:48:17.088+0000] {logging_mixin.py:188} INFO - [2026-01-26T14:48:17.079+0000] {dagbag.py:355} ERROR - Failed to import: /opt/airflow/dags/TesDatra.py
Traceback (most recent call last):
  File "/home/airflow/.local/lib/python3.10/site-packages/airflow/models/dagbag.py", line 351, in parse
    loader.exec_module(new_module)
  File "<frozen importlib._bootstrap_external>", line 883, in exec_module
  File "<frozen importlib._bootstrap>", line 241, in _call_with_frames_removed
  File "/opt/airflow/dags/TesDatra.py", line 3, in <module>
    from airflow.providers.standard.operators.empty import EmptyOperator
ModuleNotFoundError: No module named 'airflow.providers.standard'
[2026-01-26T14:48:17.093+0000] {processor.py:842} WARNING - No viable dags retrieved from /opt/airflow/dags/TesDatra.py
[2026-01-26T14:48:17.178+0000] {processor.py:183} INFO - Processing /opt/airflow/dags/TesDatra.py took 0.160 seconds
[2026-01-26T14:48:47.341+0000] {processor.py:161} INFO - Started process (PID=236) to work on /opt/airflow/dags/TesDatra.py
[2026-01-26T14:48:47.344+0000] {processor.py:830} INFO - Processing file /opt/airflow/dags/TesDatra.py for tasks to queue
[2026-01-26T14:48:47.346+0000] {logging_mixin.py:188} INFO - [2026-01-26T14:48:47.346+0000] {dagbag.py:545} INFO - Filling up the DagBag from /opt/airflow/dags/TesDatra.py
[2026-01-26T14:48:47.372+0000] {logging_mixin.py:188} INFO - [2026-01-26T14:48:47.366+0000] {dagbag.py:355} ERROR - Failed to import: /opt/airflow/dags/TesDatra.py
Traceback (most recent call last):
  File "/home/airflow/.local/lib/python3.10/site-packages/airflow/models/dagbag.py", line 351, in parse
    loader.exec_module(new_module)
  File "<frozen importlib._bootstrap_external>", line 883, in exec_module
  File "<frozen importlib._bootstrap>", line 241, in _call_with_frames_removed
  File "/opt/airflow/dags/TesDatra.py", line 3, in <module>
    from airflow.providers.standard.operators.empty import EmptyOperator
ModuleNotFoundError: No module named 'airflow.providers.standard'
[2026-01-26T14:48:47.373+0000] {processor.py:842} WARNING - No viable dags retrieved from /opt/airflow/dags/TesDatra.py
[2026-01-26T14:48:47.423+0000] {processor.py:183} INFO - Processing /opt/airflow/dags/TesDatra.py took 0.088 seconds
[2026-01-26T14:49:17.999+0000] {processor.py:161} INFO - Started process (PID=246) to work on /opt/airflow/dags/TesDatra.py
[2026-01-26T14:49:18.000+0000] {processor.py:830} INFO - Processing file /opt/airflow/dags/TesDatra.py for tasks to queue
[2026-01-26T14:49:18.002+0000] {logging_mixin.py:188} INFO - [2026-01-26T14:49:18.002+0000] {dagbag.py:545} INFO - Filling up the DagBag from /opt/airflow/dags/TesDatra.py
[2026-01-26T14:49:18.023+0000] {logging_mixin.py:188} INFO - [2026-01-26T14:49:18.019+0000] {dagbag.py:355} ERROR - Failed to import: /opt/airflow/dags/TesDatra.py
Traceback (most recent call last):
  File "/home/airflow/.local/lib/python3.10/site-packages/airflow/models/dagbag.py", line 351, in parse
    loader.exec_module(new_module)
  File "<frozen importlib._bootstrap_external>", line 883, in exec_module
  File "<frozen importlib._bootstrap>", line 241, in _call_with_frames_removed
  File "/opt/airflow/dags/TesDatra.py", line 3, in <module>
    from airflow.providers.standard.operators.empty import EmptyOperator
ModuleNotFoundError: No module named 'airflow.providers.standard'
[2026-01-26T14:49:18.024+0000] {processor.py:842} WARNING - No viable dags retrieved from /opt/airflow/dags/TesDatra.py
[2026-01-26T14:49:18.079+0000] {processor.py:183} INFO - Processing /opt/airflow/dags/TesDatra.py took 0.088 seconds
[2026-01-26T14:49:48.340+0000] {processor.py:161} INFO - Started process (PID=256) to work on /opt/airflow/dags/TesDatra.py
[2026-01-26T14:49:48.342+0000] {processor.py:830} INFO - Processing file /opt/airflow/dags/TesDatra.py for tasks to queue
[2026-01-26T14:49:48.344+0000] {logging_mixin.py:188} INFO - [2026-01-26T14:49:48.344+0000] {dagbag.py:545} INFO - Filling up the DagBag from /opt/airflow/dags/TesDatra.py
[2026-01-26T14:49:48.368+0000] {logging_mixin.py:188} INFO - [2026-01-26T14:49:48.362+0000] {dagbag.py:355} ERROR - Failed to import: /opt/airflow/dags/TesDatra.py
Traceback (most recent call last):
  File "/home/airflow/.local/lib/python3.10/site-packages/airflow/models/dagbag.py", line 351, in parse
    loader.exec_module(new_module)
  File "<frozen importlib._bootstrap_external>", line 883, in exec_module
  File "<frozen importlib._bootstrap>", line 241, in _call_with_frames_removed
  File "/opt/airflow/dags/TesDatra.py", line 3, in <module>
    from airflow.providers.standard.operators.empty import EmptyOperator
ModuleNotFoundError: No module named 'airflow.providers.standard'
[2026-01-26T14:49:48.369+0000] {processor.py:842} WARNING - No viable dags retrieved from /opt/airflow/dags/TesDatra.py
[2026-01-26T14:49:48.411+0000] {processor.py:183} INFO - Processing /opt/airflow/dags/TesDatra.py took 0.077 seconds
[2026-01-26T14:50:18.746+0000] {processor.py:161} INFO - Started process (PID=266) to work on /opt/airflow/dags/TesDatra.py
[2026-01-26T14:50:18.748+0000] {processor.py:830} INFO - Processing file /opt/airflow/dags/TesDatra.py for tasks to queue
[2026-01-26T14:50:18.751+0000] {logging_mixin.py:188} INFO - [2026-01-26T14:50:18.750+0000] {dagbag.py:545} INFO - Filling up the DagBag from /opt/airflow/dags/TesDatra.py
[2026-01-26T14:50:18.768+0000] {logging_mixin.py:188} INFO - [2026-01-26T14:50:18.763+0000] {dagbag.py:355} ERROR - Failed to import: /opt/airflow/dags/TesDatra.py
Traceback (most recent call last):
  File "/home/airflow/.local/lib/python3.10/site-packages/airflow/models/dagbag.py", line 351, in parse
    loader.exec_module(new_module)
  File "<frozen importlib._bootstrap_external>", line 883, in exec_module
  File "<frozen importlib._bootstrap>", line 241, in _call_with_frames_removed
  File "/opt/airflow/dags/TesDatra.py", line 3, in <module>
    from airflow.providers.standard.operators.empty import EmptyOperator
ModuleNotFoundError: No module named 'airflow.providers.standard'
[2026-01-26T14:50:18.769+0000] {processor.py:842} WARNING - No viable dags retrieved from /opt/airflow/dags/TesDatra.py
[2026-01-26T14:50:18.813+0000] {processor.py:183} INFO - Processing /opt/airflow/dags/TesDatra.py took 0.072 seconds
[2026-01-26T14:50:50.389+0000] {processor.py:161} INFO - Started process (PID=276) to work on /opt/airflow/dags/TesDatra.py
[2026-01-26T14:50:50.391+0000] {processor.py:830} INFO - Processing file /opt/airflow/dags/TesDatra.py for tasks to queue
[2026-01-26T14:50:50.395+0000] {logging_mixin.py:188} INFO - [2026-01-26T14:50:50.394+0000] {dagbag.py:545} INFO - Filling up the DagBag from /opt/airflow/dags/TesDatra.py
[2026-01-26T14:50:50.432+0000] {logging_mixin.py:188} INFO - [2026-01-26T14:50:50.423+0000] {dagbag.py:355} ERROR - Failed to import: /opt/airflow/dags/TesDatra.py
Traceback (most recent call last):
  File "/home/airflow/.local/lib/python3.10/site-packages/airflow/models/dagbag.py", line 351, in parse
    loader.exec_module(new_module)
  File "<frozen importlib._bootstrap_external>", line 883, in exec_module
  File "<frozen importlib._bootstrap>", line 241, in _call_with_frames_removed
  File "/opt/airflow/dags/TesDatra.py", line 3, in <module>
    from airflow.providers.standard.operators.empty import EmptyOperator
ModuleNotFoundError: No module named 'airflow.providers.standard'
[2026-01-26T14:50:50.437+0000] {processor.py:842} WARNING - No viable dags retrieved from /opt/airflow/dags/TesDatra.py
[2026-01-26T14:50:50.503+0000] {processor.py:183} INFO - Processing /opt/airflow/dags/TesDatra.py took 0.128 seconds
[2026-01-26T14:51:21.123+0000] {processor.py:161} INFO - Started process (PID=286) to work on /opt/airflow/dags/TesDatra.py
[2026-01-26T14:51:21.126+0000] {processor.py:830} INFO - Processing file /opt/airflow/dags/TesDatra.py for tasks to queue
[2026-01-26T14:51:21.129+0000] {logging_mixin.py:188} INFO - [2026-01-26T14:51:21.128+0000] {dagbag.py:545} INFO - Filling up the DagBag from /opt/airflow/dags/TesDatra.py
[2026-01-26T14:51:21.161+0000] {logging_mixin.py:188} INFO - [2026-01-26T14:51:21.153+0000] {dagbag.py:355} ERROR - Failed to import: /opt/airflow/dags/TesDatra.py
Traceback (most recent call last):
  File "/home/airflow/.local/lib/python3.10/site-packages/airflow/models/dagbag.py", line 351, in parse
    loader.exec_module(new_module)
  File "<frozen importlib._bootstrap_external>", line 883, in exec_module
  File "<frozen importlib._bootstrap>", line 241, in _call_with_frames_removed
  File "/opt/airflow/dags/TesDatra.py", line 3, in <module>
    from airflow.providers.standard.operators.empty import EmptyOperator
ModuleNotFoundError: No module named 'airflow.providers.standard'
[2026-01-26T14:51:21.163+0000] {processor.py:842} WARNING - No viable dags retrieved from /opt/airflow/dags/TesDatra.py
[2026-01-26T14:51:21.224+0000] {processor.py:183} INFO - Processing /opt/airflow/dags/TesDatra.py took 0.110 seconds
[2026-01-26T14:51:53.457+0000] {processor.py:161} INFO - Started process (PID=296) to work on /opt/airflow/dags/TesDatra.py
[2026-01-26T14:51:53.462+0000] {processor.py:830} INFO - Processing file /opt/airflow/dags/TesDatra.py for tasks to queue
[2026-01-26T14:51:53.466+0000] {logging_mixin.py:188} INFO - [2026-01-26T14:51:53.465+0000] {dagbag.py:545} INFO - Filling up the DagBag from /opt/airflow/dags/TesDatra.py
[2026-01-26T14:51:53.514+0000] {logging_mixin.py:188} INFO - [2026-01-26T14:51:53.506+0000] {dagbag.py:355} ERROR - Failed to import: /opt/airflow/dags/TesDatra.py
Traceback (most recent call last):
  File "/home/airflow/.local/lib/python3.10/site-packages/airflow/models/dagbag.py", line 351, in parse
    loader.exec_module(new_module)
  File "<frozen importlib._bootstrap_external>", line 883, in exec_module
  File "<frozen importlib._bootstrap>", line 241, in _call_with_frames_removed
  File "/opt/airflow/dags/TesDatra.py", line 3, in <module>
    from airflow.providers.standard.operators.empty import EmptyOperator
ModuleNotFoundError: No module named 'airflow.providers.standard'
[2026-01-26T14:51:53.518+0000] {processor.py:842} WARNING - No viable dags retrieved from /opt/airflow/dags/TesDatra.py
[2026-01-26T14:51:53.585+0000] {processor.py:183} INFO - Processing /opt/airflow/dags/TesDatra.py took 0.140 seconds
[2026-01-26T14:52:24.905+0000] {processor.py:161} INFO - Started process (PID=306) to work on /opt/airflow/dags/TesDatra.py
[2026-01-26T14:52:24.907+0000] {processor.py:830} INFO - Processing file /opt/airflow/dags/TesDatra.py for tasks to queue
[2026-01-26T14:52:24.910+0000] {logging_mixin.py:188} INFO - [2026-01-26T14:52:24.909+0000] {dagbag.py:545} INFO - Filling up the DagBag from /opt/airflow/dags/TesDatra.py
[2026-01-26T14:52:24.937+0000] {logging_mixin.py:188} INFO - [2026-01-26T14:52:24.932+0000] {dagbag.py:355} ERROR - Failed to import: /opt/airflow/dags/TesDatra.py
Traceback (most recent call last):
  File "/home/airflow/.local/lib/python3.10/site-packages/airflow/models/dagbag.py", line 351, in parse
    loader.exec_module(new_module)
  File "<frozen importlib._bootstrap_external>", line 883, in exec_module
  File "<frozen importlib._bootstrap>", line 241, in _call_with_frames_removed
  File "/opt/airflow/dags/TesDatra.py", line 3, in <module>
    from airflow.providers.standard.operators.empty import EmptyOperator
ModuleNotFoundError: No module named 'airflow.providers.standard'
[2026-01-26T14:52:24.939+0000] {processor.py:842} WARNING - No viable dags retrieved from /opt/airflow/dags/TesDatra.py
[2026-01-26T14:52:24.990+0000] {processor.py:183} INFO - Processing /opt/airflow/dags/TesDatra.py took 0.092 seconds
[2026-01-26T14:52:56.097+0000] {processor.py:161} INFO - Started process (PID=316) to work on /opt/airflow/dags/TesDatra.py
[2026-01-26T14:52:56.101+0000] {processor.py:830} INFO - Processing file /opt/airflow/dags/TesDatra.py for tasks to queue
[2026-01-26T14:52:56.106+0000] {logging_mixin.py:188} INFO - [2026-01-26T14:52:56.105+0000] {dagbag.py:545} INFO - Filling up the DagBag from /opt/airflow/dags/TesDatra.py
[2026-01-26T14:52:56.146+0000] {logging_mixin.py:188} INFO - [2026-01-26T14:52:56.139+0000] {dagbag.py:355} ERROR - Failed to import: /opt/airflow/dags/TesDatra.py
Traceback (most recent call last):
  File "/home/airflow/.local/lib/python3.10/site-packages/airflow/models/dagbag.py", line 351, in parse
    loader.exec_module(new_module)
  File "<frozen importlib._bootstrap_external>", line 883, in exec_module
  File "<frozen importlib._bootstrap>", line 241, in _call_with_frames_removed
  File "/opt/airflow/dags/TesDatra.py", line 3, in <module>
    from airflow.providers.standard.operators.empty import EmptyOperator
ModuleNotFoundError: No module named 'airflow.providers.standard'
[2026-01-26T14:52:56.149+0000] {processor.py:842} WARNING - No viable dags retrieved from /opt/airflow/dags/TesDatra.py
[2026-01-26T14:52:56.240+0000] {processor.py:183} INFO - Processing /opt/airflow/dags/TesDatra.py took 0.165 seconds
[2026-01-26T14:53:26.340+0000] {processor.py:161} INFO - Started process (PID=326) to work on /opt/airflow/dags/TesDatra.py
[2026-01-26T14:53:26.341+0000] {processor.py:830} INFO - Processing file /opt/airflow/dags/TesDatra.py for tasks to queue
[2026-01-26T14:53:26.344+0000] {logging_mixin.py:188} INFO - [2026-01-26T14:53:26.343+0000] {dagbag.py:545} INFO - Filling up the DagBag from /opt/airflow/dags/TesDatra.py
[2026-01-26T14:53:26.373+0000] {logging_mixin.py:188} INFO - [2026-01-26T14:53:26.366+0000] {dagbag.py:355} ERROR - Failed to import: /opt/airflow/dags/TesDatra.py
Traceback (most recent call last):
  File "/home/airflow/.local/lib/python3.10/site-packages/airflow/models/dagbag.py", line 351, in parse
    loader.exec_module(new_module)
  File "<frozen importlib._bootstrap_external>", line 883, in exec_module
  File "<frozen importlib._bootstrap>", line 241, in _call_with_frames_removed
  File "/opt/airflow/dags/TesDatra.py", line 3, in <module>
    from airflow.providers.standard.operators.empty import EmptyOperator
ModuleNotFoundError: No module named 'airflow.providers.standard'
[2026-01-26T14:53:26.376+0000] {processor.py:842} WARNING - No viable dags retrieved from /opt/airflow/dags/TesDatra.py
[2026-01-26T14:53:26.442+0000] {processor.py:183} INFO - Processing /opt/airflow/dags/TesDatra.py took 0.111 seconds
[2026-01-26T14:53:57.610+0000] {processor.py:161} INFO - Started process (PID=336) to work on /opt/airflow/dags/TesDatra.py
[2026-01-26T14:53:57.611+0000] {processor.py:830} INFO - Processing file /opt/airflow/dags/TesDatra.py for tasks to queue
[2026-01-26T14:53:57.614+0000] {logging_mixin.py:188} INFO - [2026-01-26T14:53:57.614+0000] {dagbag.py:545} INFO - Filling up the DagBag from /opt/airflow/dags/TesDatra.py
[2026-01-26T14:53:57.641+0000] {logging_mixin.py:188} INFO - [2026-01-26T14:53:57.635+0000] {dagbag.py:355} ERROR - Failed to import: /opt/airflow/dags/TesDatra.py
Traceback (most recent call last):
  File "/home/airflow/.local/lib/python3.10/site-packages/airflow/models/dagbag.py", line 351, in parse
    loader.exec_module(new_module)
  File "<frozen importlib._bootstrap_external>", line 883, in exec_module
  File "<frozen importlib._bootstrap>", line 241, in _call_with_frames_removed
  File "/opt/airflow/dags/TesDatra.py", line 3, in <module>
    from airflow.providers.standard.operators.empty import EmptyOperator
ModuleNotFoundError: No module named 'airflow.providers.standard'
[2026-01-26T14:53:57.642+0000] {processor.py:842} WARNING - No viable dags retrieved from /opt/airflow/dags/TesDatra.py
[2026-01-26T14:53:57.686+0000] {processor.py:183} INFO - Processing /opt/airflow/dags/TesDatra.py took 0.086 seconds
[2026-01-26T14:54:28.515+0000] {processor.py:161} INFO - Started process (PID=346) to work on /opt/airflow/dags/TesDatra.py
[2026-01-26T14:54:28.517+0000] {processor.py:830} INFO - Processing file /opt/airflow/dags/TesDatra.py for tasks to queue
[2026-01-26T14:54:28.521+0000] {logging_mixin.py:188} INFO - [2026-01-26T14:54:28.520+0000] {dagbag.py:545} INFO - Filling up the DagBag from /opt/airflow/dags/TesDatra.py
[2026-01-26T14:54:28.563+0000] {logging_mixin.py:188} INFO - [2026-01-26T14:54:28.552+0000] {dagbag.py:355} ERROR - Failed to import: /opt/airflow/dags/TesDatra.py
Traceback (most recent call last):
  File "/home/airflow/.local/lib/python3.10/site-packages/airflow/models/dagbag.py", line 351, in parse
    loader.exec_module(new_module)
  File "<frozen importlib._bootstrap_external>", line 883, in exec_module
  File "<frozen importlib._bootstrap>", line 241, in _call_with_frames_removed
  File "/opt/airflow/dags/TesDatra.py", line 3, in <module>
    from airflow.providers.standard.operators.empty import EmptyOperator
ModuleNotFoundError: No module named 'airflow.providers.standard'
[2026-01-26T14:54:28.567+0000] {processor.py:842} WARNING - No viable dags retrieved from /opt/airflow/dags/TesDatra.py
[2026-01-26T14:54:28.621+0000] {processor.py:183} INFO - Processing /opt/airflow/dags/TesDatra.py took 0.124 seconds
[2026-01-26T14:54:59.331+0000] {processor.py:161} INFO - Started process (PID=356) to work on /opt/airflow/dags/TesDatra.py
[2026-01-26T14:54:59.333+0000] {processor.py:830} INFO - Processing file /opt/airflow/dags/TesDatra.py for tasks to queue
[2026-01-26T14:54:59.336+0000] {logging_mixin.py:188} INFO - [2026-01-26T14:54:59.335+0000] {dagbag.py:545} INFO - Filling up the DagBag from /opt/airflow/dags/TesDatra.py
[2026-01-26T14:54:59.358+0000] {logging_mixin.py:188} INFO - [2026-01-26T14:54:59.353+0000] {dagbag.py:355} ERROR - Failed to import: /opt/airflow/dags/TesDatra.py
Traceback (most recent call last):
  File "/home/airflow/.local/lib/python3.10/site-packages/airflow/models/dagbag.py", line 351, in parse
    loader.exec_module(new_module)
  File "<frozen importlib._bootstrap_external>", line 883, in exec_module
  File "<frozen importlib._bootstrap>", line 241, in _call_with_frames_removed
  File "/opt/airflow/dags/TesDatra.py", line 3, in <module>
    from airflow.providers.standard.operators.empty import EmptyOperator
ModuleNotFoundError: No module named 'airflow.providers.standard'
[2026-01-26T14:54:59.360+0000] {processor.py:842} WARNING - No viable dags retrieved from /opt/airflow/dags/TesDatra.py
[2026-01-26T14:54:59.406+0000] {processor.py:183} INFO - Processing /opt/airflow/dags/TesDatra.py took 0.081 seconds
[2026-01-26T14:55:30.244+0000] {processor.py:161} INFO - Started process (PID=366) to work on /opt/airflow/dags/TesDatra.py
[2026-01-26T14:55:30.245+0000] {processor.py:830} INFO - Processing file /opt/airflow/dags/TesDatra.py for tasks to queue
[2026-01-26T14:55:30.247+0000] {logging_mixin.py:188} INFO - [2026-01-26T14:55:30.246+0000] {dagbag.py:545} INFO - Filling up the DagBag from /opt/airflow/dags/TesDatra.py
[2026-01-26T14:55:30.263+0000] {logging_mixin.py:188} INFO - [2026-01-26T14:55:30.259+0000] {dagbag.py:355} ERROR - Failed to import: /opt/airflow/dags/TesDatra.py
Traceback (most recent call last):
  File "/home/airflow/.local/lib/python3.10/site-packages/airflow/models/dagbag.py", line 351, in parse
    loader.exec_module(new_module)
  File "<frozen importlib._bootstrap_external>", line 883, in exec_module
  File "<frozen importlib._bootstrap>", line 241, in _call_with_frames_removed
  File "/opt/airflow/dags/TesDatra.py", line 3, in <module>
    from airflow.providers.standard.operators.empty import EmptyOperator
ModuleNotFoundError: No module named 'airflow.providers.standard'
[2026-01-26T14:55:30.264+0000] {processor.py:842} WARNING - No viable dags retrieved from /opt/airflow/dags/TesDatra.py
[2026-01-26T14:55:30.306+0000] {processor.py:183} INFO - Processing /opt/airflow/dags/TesDatra.py took 0.068 seconds
[2026-01-26T14:56:00.637+0000] {processor.py:161} INFO - Started process (PID=376) to work on /opt/airflow/dags/TesDatra.py
[2026-01-26T14:56:00.640+0000] {processor.py:830} INFO - Processing file /opt/airflow/dags/TesDatra.py for tasks to queue
[2026-01-26T14:56:00.644+0000] {logging_mixin.py:188} INFO - [2026-01-26T14:56:00.643+0000] {dagbag.py:545} INFO - Filling up the DagBag from /opt/airflow/dags/TesDatra.py
[2026-01-26T14:56:00.680+0000] {logging_mixin.py:188} INFO - [2026-01-26T14:56:00.673+0000] {dagbag.py:355} ERROR - Failed to import: /opt/airflow/dags/TesDatra.py
Traceback (most recent call last):
  File "/home/airflow/.local/lib/python3.10/site-packages/airflow/models/dagbag.py", line 351, in parse
    loader.exec_module(new_module)
  File "<frozen importlib._bootstrap_external>", line 883, in exec_module
  File "<frozen importlib._bootstrap>", line 241, in _call_with_frames_removed
  File "/opt/airflow/dags/TesDatra.py", line 3, in <module>
    from airflow.providers.standard.operators.empty import EmptyOperator
ModuleNotFoundError: No module named 'airflow.providers.standard'
[2026-01-26T14:56:00.684+0000] {processor.py:842} WARNING - No viable dags retrieved from /opt/airflow/dags/TesDatra.py
[2026-01-26T14:56:00.768+0000] {processor.py:183} INFO - Processing /opt/airflow/dags/TesDatra.py took 0.142 seconds
[2026-01-26T14:56:31.753+0000] {processor.py:161} INFO - Started process (PID=386) to work on /opt/airflow/dags/TesDatra.py
[2026-01-26T14:56:31.755+0000] {processor.py:830} INFO - Processing file /opt/airflow/dags/TesDatra.py for tasks to queue
[2026-01-26T14:56:31.757+0000] {logging_mixin.py:188} INFO - [2026-01-26T14:56:31.757+0000] {dagbag.py:545} INFO - Filling up the DagBag from /opt/airflow/dags/TesDatra.py
[2026-01-26T14:56:31.785+0000] {logging_mixin.py:188} INFO - [2026-01-26T14:56:31.779+0000] {dagbag.py:355} ERROR - Failed to import: /opt/airflow/dags/TesDatra.py
Traceback (most recent call last):
  File "/home/airflow/.local/lib/python3.10/site-packages/airflow/models/dagbag.py", line 351, in parse
    loader.exec_module(new_module)
  File "<frozen importlib._bootstrap_external>", line 883, in exec_module
  File "<frozen importlib._bootstrap>", line 241, in _call_with_frames_removed
  File "/opt/airflow/dags/TesDatra.py", line 3, in <module>
    from airflow.providers.standard.operators.empty import EmptyOperator
ModuleNotFoundError: No module named 'airflow.providers.standard'
[2026-01-26T14:56:31.788+0000] {processor.py:842} WARNING - No viable dags retrieved from /opt/airflow/dags/TesDatra.py
[2026-01-26T14:56:31.835+0000] {processor.py:183} INFO - Processing /opt/airflow/dags/TesDatra.py took 0.089 seconds
[2026-01-26T14:57:02.952+0000] {processor.py:161} INFO - Started process (PID=396) to work on /opt/airflow/dags/TesDatra.py
[2026-01-26T14:57:02.954+0000] {processor.py:830} INFO - Processing file /opt/airflow/dags/TesDatra.py for tasks to queue
[2026-01-26T14:57:02.956+0000] {logging_mixin.py:188} INFO - [2026-01-26T14:57:02.956+0000] {dagbag.py:545} INFO - Filling up the DagBag from /opt/airflow/dags/TesDatra.py
[2026-01-26T14:57:02.981+0000] {logging_mixin.py:188} INFO - [2026-01-26T14:57:02.976+0000] {dagbag.py:355} ERROR - Failed to import: /opt/airflow/dags/TesDatra.py
Traceback (most recent call last):
  File "/home/airflow/.local/lib/python3.10/site-packages/airflow/models/dagbag.py", line 351, in parse
    loader.exec_module(new_module)
  File "<frozen importlib._bootstrap_external>", line 883, in exec_module
  File "<frozen importlib._bootstrap>", line 241, in _call_with_frames_removed
  File "/opt/airflow/dags/TesDatra.py", line 3, in <module>
    from airflow.providers.standard.operators.empty import EmptyOperator
ModuleNotFoundError: No module named 'airflow.providers.standard'
[2026-01-26T14:57:02.984+0000] {processor.py:842} WARNING - No viable dags retrieved from /opt/airflow/dags/TesDatra.py
[2026-01-26T14:57:03.040+0000] {processor.py:183} INFO - Processing /opt/airflow/dags/TesDatra.py took 0.096 seconds
[2026-01-26T14:57:40.770+0000] {processor.py:161} INFO - Started process (PID=66) to work on /opt/airflow/dags/TesDatra.py
[2026-01-26T14:57:40.772+0000] {processor.py:830} INFO - Processing file /opt/airflow/dags/TesDatra.py for tasks to queue
[2026-01-26T14:57:40.775+0000] {logging_mixin.py:188} INFO - [2026-01-26T14:57:40.775+0000] {dagbag.py:545} INFO - Filling up the DagBag from /opt/airflow/dags/TesDatra.py
[2026-01-26T14:57:40.805+0000] {logging_mixin.py:188} INFO - [2026-01-26T14:57:40.799+0000] {dagbag.py:355} ERROR - Failed to import: /opt/airflow/dags/TesDatra.py
Traceback (most recent call last):
  File "/home/airflow/.local/lib/python3.10/site-packages/airflow/models/dagbag.py", line 351, in parse
    loader.exec_module(new_module)
  File "<frozen importlib._bootstrap_external>", line 883, in exec_module
  File "<frozen importlib._bootstrap>", line 241, in _call_with_frames_removed
  File "/opt/airflow/dags/TesDatra.py", line 3, in <module>
    from airflow.providers.standard.operators.empty import EmptyOperator
ModuleNotFoundError: No module named 'airflow.providers.standard'
[2026-01-26T14:57:40.808+0000] {processor.py:842} WARNING - No viable dags retrieved from /opt/airflow/dags/TesDatra.py
[2026-01-26T14:57:40.871+0000] {processor.py:183} INFO - Processing /opt/airflow/dags/TesDatra.py took 0.110 seconds
[2026-01-26T14:58:12.353+0000] {processor.py:161} INFO - Started process (PID=76) to work on /opt/airflow/dags/TesDatra.py
[2026-01-26T14:58:12.365+0000] {processor.py:830} INFO - Processing file /opt/airflow/dags/TesDatra.py for tasks to queue
[2026-01-26T14:58:12.370+0000] {logging_mixin.py:188} INFO - [2026-01-26T14:58:12.370+0000] {dagbag.py:545} INFO - Filling up the DagBag from /opt/airflow/dags/TesDatra.py
[2026-01-26T14:58:12.418+0000] {logging_mixin.py:188} INFO - [2026-01-26T14:58:12.410+0000] {dagbag.py:355} ERROR - Failed to import: /opt/airflow/dags/TesDatra.py
Traceback (most recent call last):
  File "/home/airflow/.local/lib/python3.10/site-packages/airflow/models/dagbag.py", line 351, in parse
    loader.exec_module(new_module)
  File "<frozen importlib._bootstrap_external>", line 883, in exec_module
  File "<frozen importlib._bootstrap>", line 241, in _call_with_frames_removed
  File "/opt/airflow/dags/TesDatra.py", line 3, in <module>
    from airflow.providers.standard.operators.empty import EmptyOperator
ModuleNotFoundError: No module named 'airflow.providers.standard'
[2026-01-26T14:58:12.421+0000] {processor.py:842} WARNING - No viable dags retrieved from /opt/airflow/dags/TesDatra.py
[2026-01-26T14:58:12.510+0000] {processor.py:183} INFO - Processing /opt/airflow/dags/TesDatra.py took 0.167 seconds
[2026-01-26T14:58:42.754+0000] {processor.py:161} INFO - Started process (PID=86) to work on /opt/airflow/dags/TesDatra.py
[2026-01-26T14:58:42.755+0000] {processor.py:830} INFO - Processing file /opt/airflow/dags/TesDatra.py for tasks to queue
[2026-01-26T14:58:42.758+0000] {logging_mixin.py:188} INFO - [2026-01-26T14:58:42.757+0000] {dagbag.py:545} INFO - Filling up the DagBag from /opt/airflow/dags/TesDatra.py
[2026-01-26T14:58:42.782+0000] {logging_mixin.py:188} INFO - [2026-01-26T14:58:42.777+0000] {dagbag.py:355} ERROR - Failed to import: /opt/airflow/dags/TesDatra.py
Traceback (most recent call last):
  File "/home/airflow/.local/lib/python3.10/site-packages/airflow/models/dagbag.py", line 351, in parse
    loader.exec_module(new_module)
  File "<frozen importlib._bootstrap_external>", line 883, in exec_module
  File "<frozen importlib._bootstrap>", line 241, in _call_with_frames_removed
  File "/opt/airflow/dags/TesDatra.py", line 3, in <module>
    from airflow.providers.standard.operators.empty import EmptyOperator
ModuleNotFoundError: No module named 'airflow.providers.standard'
[2026-01-26T14:58:42.784+0000] {processor.py:842} WARNING - No viable dags retrieved from /opt/airflow/dags/TesDatra.py
[2026-01-26T14:58:42.840+0000] {processor.py:183} INFO - Processing /opt/airflow/dags/TesDatra.py took 0.093 seconds
[2026-01-26T14:59:14.049+0000] {processor.py:161} INFO - Started process (PID=96) to work on /opt/airflow/dags/TesDatra.py
[2026-01-26T14:59:14.051+0000] {processor.py:830} INFO - Processing file /opt/airflow/dags/TesDatra.py for tasks to queue
[2026-01-26T14:59:14.055+0000] {logging_mixin.py:188} INFO - [2026-01-26T14:59:14.054+0000] {dagbag.py:545} INFO - Filling up the DagBag from /opt/airflow/dags/TesDatra.py
[2026-01-26T14:59:14.082+0000] {logging_mixin.py:188} INFO - [2026-01-26T14:59:14.076+0000] {dagbag.py:355} ERROR - Failed to import: /opt/airflow/dags/TesDatra.py
Traceback (most recent call last):
  File "/home/airflow/.local/lib/python3.10/site-packages/airflow/models/dagbag.py", line 351, in parse
    loader.exec_module(new_module)
  File "<frozen importlib._bootstrap_external>", line 883, in exec_module
  File "<frozen importlib._bootstrap>", line 241, in _call_with_frames_removed
  File "/opt/airflow/dags/TesDatra.py", line 3, in <module>
    from airflow.providers.standard.operators.empty import EmptyOperator
ModuleNotFoundError: No module named 'airflow.providers.standard'
[2026-01-26T14:59:14.085+0000] {processor.py:842} WARNING - No viable dags retrieved from /opt/airflow/dags/TesDatra.py
[2026-01-26T14:59:14.156+0000] {processor.py:183} INFO - Processing /opt/airflow/dags/TesDatra.py took 0.117 seconds
[2026-01-26T14:59:44.667+0000] {processor.py:161} INFO - Started process (PID=106) to work on /opt/airflow/dags/TesDatra.py
[2026-01-26T14:59:44.669+0000] {processor.py:830} INFO - Processing file /opt/airflow/dags/TesDatra.py for tasks to queue
[2026-01-26T14:59:44.673+0000] {logging_mixin.py:188} INFO - [2026-01-26T14:59:44.673+0000] {dagbag.py:545} INFO - Filling up the DagBag from /opt/airflow/dags/TesDatra.py
[2026-01-26T14:59:44.700+0000] {logging_mixin.py:188} INFO - [2026-01-26T14:59:44.695+0000] {dagbag.py:355} ERROR - Failed to import: /opt/airflow/dags/TesDatra.py
Traceback (most recent call last):
  File "/home/airflow/.local/lib/python3.10/site-packages/airflow/models/dagbag.py", line 351, in parse
    loader.exec_module(new_module)
  File "<frozen importlib._bootstrap_external>", line 883, in exec_module
  File "<frozen importlib._bootstrap>", line 241, in _call_with_frames_removed
  File "/opt/airflow/dags/TesDatra.py", line 3, in <module>
    from airflow.providers.standard.operators.empty import EmptyOperator
ModuleNotFoundError: No module named 'airflow.providers.standard'
[2026-01-26T14:59:44.703+0000] {processor.py:842} WARNING - No viable dags retrieved from /opt/airflow/dags/TesDatra.py
[2026-01-26T14:59:44.754+0000] {processor.py:183} INFO - Processing /opt/airflow/dags/TesDatra.py took 0.098 seconds
[2026-01-26T15:00:15.294+0000] {processor.py:161} INFO - Started process (PID=116) to work on /opt/airflow/dags/TesDatra.py
[2026-01-26T15:00:15.296+0000] {processor.py:830} INFO - Processing file /opt/airflow/dags/TesDatra.py for tasks to queue
[2026-01-26T15:00:15.299+0000] {logging_mixin.py:188} INFO - [2026-01-26T15:00:15.298+0000] {dagbag.py:545} INFO - Filling up the DagBag from /opt/airflow/dags/TesDatra.py
[2026-01-26T15:00:15.327+0000] {logging_mixin.py:188} INFO - [2026-01-26T15:00:15.320+0000] {dagbag.py:355} ERROR - Failed to import: /opt/airflow/dags/TesDatra.py
Traceback (most recent call last):
  File "/home/airflow/.local/lib/python3.10/site-packages/airflow/models/dagbag.py", line 351, in parse
    loader.exec_module(new_module)
  File "<frozen importlib._bootstrap_external>", line 883, in exec_module
  File "<frozen importlib._bootstrap>", line 241, in _call_with_frames_removed
  File "/opt/airflow/dags/TesDatra.py", line 3, in <module>
    from airflow.providers.standard.operators.empty import EmptyOperator
ModuleNotFoundError: No module named 'airflow.providers.standard'
[2026-01-26T15:00:15.329+0000] {processor.py:842} WARNING - No viable dags retrieved from /opt/airflow/dags/TesDatra.py
[2026-01-26T15:00:15.382+0000] {processor.py:183} INFO - Processing /opt/airflow/dags/TesDatra.py took 0.098 seconds
[2026-01-26T15:00:45.887+0000] {processor.py:161} INFO - Started process (PID=126) to work on /opt/airflow/dags/TesDatra.py
[2026-01-26T15:00:45.890+0000] {processor.py:830} INFO - Processing file /opt/airflow/dags/TesDatra.py for tasks to queue
[2026-01-26T15:00:45.894+0000] {logging_mixin.py:188} INFO - [2026-01-26T15:00:45.893+0000] {dagbag.py:545} INFO - Filling up the DagBag from /opt/airflow/dags/TesDatra.py
[2026-01-26T15:00:45.924+0000] {logging_mixin.py:188} INFO - [2026-01-26T15:00:45.918+0000] {dagbag.py:355} ERROR - Failed to import: /opt/airflow/dags/TesDatra.py
Traceback (most recent call last):
  File "/home/airflow/.local/lib/python3.10/site-packages/airflow/models/dagbag.py", line 351, in parse
    loader.exec_module(new_module)
  File "<frozen importlib._bootstrap_external>", line 883, in exec_module
  File "<frozen importlib._bootstrap>", line 241, in _call_with_frames_removed
  File "/opt/airflow/dags/TesDatra.py", line 3, in <module>
    from airflow.providers.standard.operators.empty import EmptyOperator
ModuleNotFoundError: No module named 'airflow.providers.standard'
[2026-01-26T15:00:45.927+0000] {processor.py:842} WARNING - No viable dags retrieved from /opt/airflow/dags/TesDatra.py
[2026-01-26T15:00:45.997+0000] {processor.py:183} INFO - Processing /opt/airflow/dags/TesDatra.py took 0.117 seconds
[2026-01-26T15:01:17.646+0000] {processor.py:161} INFO - Started process (PID=136) to work on /opt/airflow/dags/TesDatra.py
[2026-01-26T15:01:17.647+0000] {processor.py:830} INFO - Processing file /opt/airflow/dags/TesDatra.py for tasks to queue
[2026-01-26T15:01:17.650+0000] {logging_mixin.py:188} INFO - [2026-01-26T15:01:17.649+0000] {dagbag.py:545} INFO - Filling up the DagBag from /opt/airflow/dags/TesDatra.py
[2026-01-26T15:01:17.671+0000] {logging_mixin.py:188} INFO - [2026-01-26T15:01:17.666+0000] {dagbag.py:355} ERROR - Failed to import: /opt/airflow/dags/TesDatra.py
Traceback (most recent call last):
  File "/home/airflow/.local/lib/python3.10/site-packages/airflow/models/dagbag.py", line 351, in parse
    loader.exec_module(new_module)
  File "<frozen importlib._bootstrap_external>", line 883, in exec_module
  File "<frozen importlib._bootstrap>", line 241, in _call_with_frames_removed
  File "/opt/airflow/dags/TesDatra.py", line 3, in <module>
    from airflow.providers.standard.operators.empty import EmptyOperator
ModuleNotFoundError: No module named 'airflow.providers.standard'
[2026-01-26T15:01:17.672+0000] {processor.py:842} WARNING - No viable dags retrieved from /opt/airflow/dags/TesDatra.py
[2026-01-26T15:01:17.718+0000] {processor.py:183} INFO - Processing /opt/airflow/dags/TesDatra.py took 0.078 seconds
[2026-01-26T15:01:48.101+0000] {processor.py:161} INFO - Started process (PID=146) to work on /opt/airflow/dags/TesDatra.py
[2026-01-26T15:01:48.103+0000] {processor.py:830} INFO - Processing file /opt/airflow/dags/TesDatra.py for tasks to queue
[2026-01-26T15:01:48.107+0000] {logging_mixin.py:188} INFO - [2026-01-26T15:01:48.106+0000] {dagbag.py:545} INFO - Filling up the DagBag from /opt/airflow/dags/TesDatra.py
[2026-01-26T15:01:48.139+0000] {logging_mixin.py:188} INFO - [2026-01-26T15:01:48.133+0000] {dagbag.py:355} ERROR - Failed to import: /opt/airflow/dags/TesDatra.py
Traceback (most recent call last):
  File "/home/airflow/.local/lib/python3.10/site-packages/airflow/models/dagbag.py", line 351, in parse
    loader.exec_module(new_module)
  File "<frozen importlib._bootstrap_external>", line 883, in exec_module
  File "<frozen importlib._bootstrap>", line 241, in _call_with_frames_removed
  File "/opt/airflow/dags/TesDatra.py", line 3, in <module>
    from airflow.providers.standard.operators.empty import EmptyOperator
ModuleNotFoundError: No module named 'airflow.providers.standard'
[2026-01-26T15:01:48.141+0000] {processor.py:842} WARNING - No viable dags retrieved from /opt/airflow/dags/TesDatra.py
[2026-01-26T15:01:48.191+0000] {processor.py:183} INFO - Processing /opt/airflow/dags/TesDatra.py took 0.101 seconds
[2026-01-26T15:02:18.596+0000] {processor.py:161} INFO - Started process (PID=156) to work on /opt/airflow/dags/TesDatra.py
[2026-01-26T15:02:18.598+0000] {processor.py:830} INFO - Processing file /opt/airflow/dags/TesDatra.py for tasks to queue
[2026-01-26T15:02:18.601+0000] {logging_mixin.py:188} INFO - [2026-01-26T15:02:18.601+0000] {dagbag.py:545} INFO - Filling up the DagBag from /opt/airflow/dags/TesDatra.py
[2026-01-26T15:02:18.693+0000] {logging_mixin.py:188} INFO - [2026-01-26T15:02:18.680+0000] {dagbag.py:355} ERROR - Failed to import: /opt/airflow/dags/TesDatra.py
Traceback (most recent call last):
  File "/home/airflow/.local/lib/python3.10/site-packages/airflow/models/dagbag.py", line 351, in parse
    loader.exec_module(new_module)
  File "<frozen importlib._bootstrap_external>", line 883, in exec_module
  File "<frozen importlib._bootstrap>", line 241, in _call_with_frames_removed
  File "/opt/airflow/dags/TesDatra.py", line 3, in <module>
    from airflow.providers.standard.operators.empty import EmptyOperator
ModuleNotFoundError: No module named 'airflow.providers.standard'
[2026-01-26T15:02:18.695+0000] {processor.py:842} WARNING - No viable dags retrieved from /opt/airflow/dags/TesDatra.py
[2026-01-26T15:02:18.755+0000] {processor.py:183} INFO - Processing /opt/airflow/dags/TesDatra.py took 0.168 seconds
[2026-01-26T15:06:47.723+0000] {processor.py:161} INFO - Started process (PID=67) to work on /opt/airflow/dags/TesDatra.py
[2026-01-26T15:06:47.726+0000] {processor.py:830} INFO - Processing file /opt/airflow/dags/TesDatra.py for tasks to queue
[2026-01-26T15:06:47.730+0000] {logging_mixin.py:188} INFO - [2026-01-26T15:06:47.730+0000] {dagbag.py:545} INFO - Filling up the DagBag from /opt/airflow/dags/TesDatra.py
[2026-01-26T15:06:47.762+0000] {logging_mixin.py:188} INFO - [2026-01-26T15:06:47.755+0000] {dagbag.py:355} ERROR - Failed to import: /opt/airflow/dags/TesDatra.py
Traceback (most recent call last):
  File "/home/airflow/.local/lib/python3.10/site-packages/airflow/models/dagbag.py", line 351, in parse
    loader.exec_module(new_module)
  File "<frozen importlib._bootstrap_external>", line 883, in exec_module
  File "<frozen importlib._bootstrap>", line 241, in _call_with_frames_removed
  File "/opt/airflow/dags/TesDatra.py", line 3, in <module>
    from airflow.providers.standard.operators.empty import EmptyOperator
ModuleNotFoundError: No module named 'airflow.providers.standard'
[2026-01-26T15:06:47.765+0000] {processor.py:842} WARNING - No viable dags retrieved from /opt/airflow/dags/TesDatra.py
[2026-01-26T15:06:47.833+0000] {processor.py:183} INFO - Processing /opt/airflow/dags/TesDatra.py took 0.122 seconds
[2026-01-26T15:07:19.053+0000] {processor.py:161} INFO - Started process (PID=88) to work on /opt/airflow/dags/TesDatra.py
[2026-01-26T15:07:19.056+0000] {processor.py:830} INFO - Processing file /opt/airflow/dags/TesDatra.py for tasks to queue
[2026-01-26T15:07:19.068+0000] {logging_mixin.py:188} INFO - [2026-01-26T15:07:19.066+0000] {dagbag.py:545} INFO - Filling up the DagBag from /opt/airflow/dags/TesDatra.py
[2026-01-26T15:07:19.152+0000] {logging_mixin.py:188} INFO - [2026-01-26T15:07:19.128+0000] {dagbag.py:355} ERROR - Failed to import: /opt/airflow/dags/TesDatra.py
Traceback (most recent call last):
  File "/home/airflow/.local/lib/python3.10/site-packages/airflow/models/dagbag.py", line 351, in parse
    loader.exec_module(new_module)
  File "<frozen importlib._bootstrap_external>", line 883, in exec_module
  File "<frozen importlib._bootstrap>", line 241, in _call_with_frames_removed
  File "/opt/airflow/dags/TesDatra.py", line 3, in <module>
    from airflow.providers.standard.operators.empty import EmptyOperator
ModuleNotFoundError: No module named 'airflow.providers.standard'
[2026-01-26T15:07:19.182+0000] {processor.py:842} WARNING - No viable dags retrieved from /opt/airflow/dags/TesDatra.py
[2026-01-26T15:07:19.314+0000] {processor.py:183} INFO - Processing /opt/airflow/dags/TesDatra.py took 0.285 seconds
[2026-01-26T15:09:25.514+0000] {processor.py:161} INFO - Started process (PID=66) to work on /opt/airflow/dags/TesDatra.py
[2026-01-26T15:09:25.515+0000] {processor.py:830} INFO - Processing file /opt/airflow/dags/TesDatra.py for tasks to queue
[2026-01-26T15:09:25.518+0000] {logging_mixin.py:188} INFO - [2026-01-26T15:09:25.518+0000] {dagbag.py:545} INFO - Filling up the DagBag from /opt/airflow/dags/TesDatra.py
[2026-01-26T15:09:25.538+0000] {logging_mixin.py:188} INFO - [2026-01-26T15:09:25.533+0000] {dagbag.py:355} ERROR - Failed to import: /opt/airflow/dags/TesDatra.py
Traceback (most recent call last):
  File "/home/airflow/.local/lib/python3.10/site-packages/airflow/models/dagbag.py", line 351, in parse
    loader.exec_module(new_module)
  File "<frozen importlib._bootstrap_external>", line 883, in exec_module
  File "<frozen importlib._bootstrap>", line 241, in _call_with_frames_removed
  File "/opt/airflow/dags/TesDatra.py", line 3, in <module>
    from airflow.providers.standard.operators.empty import EmptyOperator
ModuleNotFoundError: No module named 'airflow.providers.standard'
[2026-01-26T15:09:25.539+0000] {processor.py:842} WARNING - No viable dags retrieved from /opt/airflow/dags/TesDatra.py
[2026-01-26T15:09:25.583+0000] {processor.py:183} INFO - Processing /opt/airflow/dags/TesDatra.py took 0.075 seconds
[2026-01-26T15:09:56.577+0000] {processor.py:161} INFO - Started process (PID=76) to work on /opt/airflow/dags/TesDatra.py
[2026-01-26T15:09:56.580+0000] {processor.py:830} INFO - Processing file /opt/airflow/dags/TesDatra.py for tasks to queue
[2026-01-26T15:09:56.585+0000] {logging_mixin.py:188} INFO - [2026-01-26T15:09:56.585+0000] {dagbag.py:545} INFO - Filling up the DagBag from /opt/airflow/dags/TesDatra.py
[2026-01-26T15:09:56.618+0000] {logging_mixin.py:188} INFO - [2026-01-26T15:09:56.612+0000] {dagbag.py:355} ERROR - Failed to import: /opt/airflow/dags/TesDatra.py
Traceback (most recent call last):
  File "/home/airflow/.local/lib/python3.10/site-packages/airflow/models/dagbag.py", line 351, in parse
    loader.exec_module(new_module)
  File "<frozen importlib._bootstrap_external>", line 883, in exec_module
  File "<frozen importlib._bootstrap>", line 241, in _call_with_frames_removed
  File "/opt/airflow/dags/TesDatra.py", line 3, in <module>
    from airflow.providers.standard.operators.empty import EmptyOperator
ModuleNotFoundError: No module named 'airflow.providers.standard'
[2026-01-26T15:09:56.621+0000] {processor.py:842} WARNING - No viable dags retrieved from /opt/airflow/dags/TesDatra.py
[2026-01-26T15:09:56.693+0000] {processor.py:183} INFO - Processing /opt/airflow/dags/TesDatra.py took 0.126 seconds
[2026-01-26T15:10:27.029+0000] {processor.py:161} INFO - Started process (PID=86) to work on /opt/airflow/dags/TesDatra.py
[2026-01-26T15:10:27.032+0000] {processor.py:830} INFO - Processing file /opt/airflow/dags/TesDatra.py for tasks to queue
[2026-01-26T15:10:27.036+0000] {logging_mixin.py:188} INFO - [2026-01-26T15:10:27.035+0000] {dagbag.py:545} INFO - Filling up the DagBag from /opt/airflow/dags/TesDatra.py
[2026-01-26T15:10:27.069+0000] {logging_mixin.py:188} INFO - [2026-01-26T15:10:27.061+0000] {dagbag.py:355} ERROR - Failed to import: /opt/airflow/dags/TesDatra.py
Traceback (most recent call last):
  File "/home/airflow/.local/lib/python3.10/site-packages/airflow/models/dagbag.py", line 351, in parse
    loader.exec_module(new_module)
  File "<frozen importlib._bootstrap_external>", line 883, in exec_module
  File "<frozen importlib._bootstrap>", line 241, in _call_with_frames_removed
  File "/opt/airflow/dags/TesDatra.py", line 3, in <module>
    from airflow.providers.standard.operators.empty import EmptyOperator
ModuleNotFoundError: No module named 'airflow.providers.standard'
[2026-01-26T15:10:27.071+0000] {processor.py:842} WARNING - No viable dags retrieved from /opt/airflow/dags/TesDatra.py
[2026-01-26T15:10:27.153+0000] {processor.py:183} INFO - Processing /opt/airflow/dags/TesDatra.py took 0.133 seconds
[2026-01-26T15:12:46.608+0000] {processor.py:161} INFO - Started process (PID=66) to work on /opt/airflow/dags/TesDatra.py
[2026-01-26T15:12:46.610+0000] {processor.py:830} INFO - Processing file /opt/airflow/dags/TesDatra.py for tasks to queue
[2026-01-26T15:12:46.613+0000] {logging_mixin.py:188} INFO - [2026-01-26T15:12:46.613+0000] {dagbag.py:545} INFO - Filling up the DagBag from /opt/airflow/dags/TesDatra.py
[2026-01-26T15:12:46.647+0000] {logging_mixin.py:188} INFO - [2026-01-26T15:12:46.639+0000] {dagbag.py:355} ERROR - Failed to import: /opt/airflow/dags/TesDatra.py
Traceback (most recent call last):
  File "/home/airflow/.local/lib/python3.10/site-packages/airflow/models/dagbag.py", line 351, in parse
    loader.exec_module(new_module)
  File "<frozen importlib._bootstrap_external>", line 883, in exec_module
  File "<frozen importlib._bootstrap>", line 241, in _call_with_frames_removed
  File "/opt/airflow/dags/TesDatra.py", line 3, in <module>
    from airflow.providers.standard.operators.empty import EmptyOperator
ModuleNotFoundError: No module named 'airflow.providers.standard'
[2026-01-26T15:12:46.649+0000] {processor.py:842} WARNING - No viable dags retrieved from /opt/airflow/dags/TesDatra.py
[2026-01-26T15:12:46.712+0000] {processor.py:183} INFO - Processing /opt/airflow/dags/TesDatra.py took 0.112 seconds
[2026-01-26T15:13:34.237+0000] {processor.py:161} INFO - Started process (PID=67) to work on /opt/airflow/dags/TesDatra.py
[2026-01-26T15:13:34.241+0000] {processor.py:830} INFO - Processing file /opt/airflow/dags/TesDatra.py for tasks to queue
[2026-01-26T15:13:34.246+0000] {logging_mixin.py:188} INFO - [2026-01-26T15:13:34.245+0000] {dagbag.py:545} INFO - Filling up the DagBag from /opt/airflow/dags/TesDatra.py
[2026-01-26T15:13:34.287+0000] {logging_mixin.py:188} INFO - [2026-01-26T15:13:34.278+0000] {dagbag.py:355} ERROR - Failed to import: /opt/airflow/dags/TesDatra.py
Traceback (most recent call last):
  File "/home/airflow/.local/lib/python3.10/site-packages/airflow/models/dagbag.py", line 351, in parse
    loader.exec_module(new_module)
  File "<frozen importlib._bootstrap_external>", line 883, in exec_module
  File "<frozen importlib._bootstrap>", line 241, in _call_with_frames_removed
  File "/opt/airflow/dags/TesDatra.py", line 3, in <module>
    from airflow.providers.standard.operators.empty import EmptyOperator
ModuleNotFoundError: No module named 'airflow.providers.standard'
[2026-01-26T15:13:34.290+0000] {processor.py:842} WARNING - No viable dags retrieved from /opt/airflow/dags/TesDatra.py
[2026-01-26T15:13:34.381+0000] {processor.py:183} INFO - Processing /opt/airflow/dags/TesDatra.py took 0.158 seconds
[2026-01-26T15:14:05.470+0000] {processor.py:161} INFO - Started process (PID=87) to work on /opt/airflow/dags/TesDatra.py
[2026-01-26T15:14:05.473+0000] {processor.py:830} INFO - Processing file /opt/airflow/dags/TesDatra.py for tasks to queue
[2026-01-26T15:14:05.477+0000] {logging_mixin.py:188} INFO - [2026-01-26T15:14:05.477+0000] {dagbag.py:545} INFO - Filling up the DagBag from /opt/airflow/dags/TesDatra.py
[2026-01-26T15:14:05.510+0000] {logging_mixin.py:188} INFO - [2026-01-26T15:14:05.502+0000] {dagbag.py:355} ERROR - Failed to import: /opt/airflow/dags/TesDatra.py
Traceback (most recent call last):
  File "/home/airflow/.local/lib/python3.10/site-packages/airflow/models/dagbag.py", line 351, in parse
    loader.exec_module(new_module)
  File "<frozen importlib._bootstrap_external>", line 883, in exec_module
  File "<frozen importlib._bootstrap>", line 241, in _call_with_frames_removed
  File "/opt/airflow/dags/TesDatra.py", line 3, in <module>
    from airflow.providers.standard.operators.empty import EmptyOperator
ModuleNotFoundError: No module named 'airflow.providers.standard'
[2026-01-26T15:14:05.512+0000] {processor.py:842} WARNING - No viable dags retrieved from /opt/airflow/dags/TesDatra.py
[2026-01-26T15:14:05.582+0000] {processor.py:183} INFO - Processing /opt/airflow/dags/TesDatra.py took 0.128 seconds
[2026-01-26T15:14:37.188+0000] {processor.py:161} INFO - Started process (PID=97) to work on /opt/airflow/dags/TesDatra.py
[2026-01-26T15:14:37.190+0000] {processor.py:830} INFO - Processing file /opt/airflow/dags/TesDatra.py for tasks to queue
[2026-01-26T15:14:37.193+0000] {logging_mixin.py:188} INFO - [2026-01-26T15:14:37.192+0000] {dagbag.py:545} INFO - Filling up the DagBag from /opt/airflow/dags/TesDatra.py
[2026-01-26T15:14:37.221+0000] {logging_mixin.py:188} INFO - [2026-01-26T15:14:37.215+0000] {dagbag.py:355} ERROR - Failed to import: /opt/airflow/dags/TesDatra.py
Traceback (most recent call last):
  File "/home/airflow/.local/lib/python3.10/site-packages/airflow/models/dagbag.py", line 351, in parse
    loader.exec_module(new_module)
  File "<frozen importlib._bootstrap_external>", line 883, in exec_module
  File "<frozen importlib._bootstrap>", line 241, in _call_with_frames_removed
  File "/opt/airflow/dags/TesDatra.py", line 3, in <module>
    from airflow.providers.standard.operators.empty import EmptyOperator
ModuleNotFoundError: No module named 'airflow.providers.standard'
[2026-01-26T15:14:37.223+0000] {processor.py:842} WARNING - No viable dags retrieved from /opt/airflow/dags/TesDatra.py
[2026-01-26T15:14:37.729+0000] {processor.py:183} INFO - Processing /opt/airflow/dags/TesDatra.py took 0.550 seconds
[2026-01-26T15:15:07.929+0000] {processor.py:161} INFO - Started process (PID=107) to work on /opt/airflow/dags/TesDatra.py
[2026-01-26T15:15:07.931+0000] {processor.py:830} INFO - Processing file /opt/airflow/dags/TesDatra.py for tasks to queue
[2026-01-26T15:15:07.934+0000] {logging_mixin.py:188} INFO - [2026-01-26T15:15:07.934+0000] {dagbag.py:545} INFO - Filling up the DagBag from /opt/airflow/dags/TesDatra.py
[2026-01-26T15:15:07.963+0000] {logging_mixin.py:188} INFO - [2026-01-26T15:15:07.958+0000] {dagbag.py:355} ERROR - Failed to import: /opt/airflow/dags/TesDatra.py
Traceback (most recent call last):
  File "/home/airflow/.local/lib/python3.10/site-packages/airflow/models/dagbag.py", line 351, in parse
    loader.exec_module(new_module)
  File "<frozen importlib._bootstrap_external>", line 883, in exec_module
  File "<frozen importlib._bootstrap>", line 241, in _call_with_frames_removed
  File "/opt/airflow/dags/TesDatra.py", line 3, in <module>
    from airflow.providers.standard.operators.empty import EmptyOperator
ModuleNotFoundError: No module named 'airflow.providers.standard'
[2026-01-26T15:15:07.966+0000] {processor.py:842} WARNING - No viable dags retrieved from /opt/airflow/dags/TesDatra.py
[2026-01-26T15:15:08.037+0000] {processor.py:183} INFO - Processing /opt/airflow/dags/TesDatra.py took 0.120 seconds
[2026-01-26T15:15:38.971+0000] {processor.py:161} INFO - Started process (PID=117) to work on /opt/airflow/dags/TesDatra.py
[2026-01-26T15:15:38.973+0000] {processor.py:830} INFO - Processing file /opt/airflow/dags/TesDatra.py for tasks to queue
[2026-01-26T15:15:38.977+0000] {logging_mixin.py:188} INFO - [2026-01-26T15:15:38.976+0000] {dagbag.py:545} INFO - Filling up the DagBag from /opt/airflow/dags/TesDatra.py
[2026-01-26T15:15:39.001+0000] {logging_mixin.py:188} INFO - [2026-01-26T15:15:38.996+0000] {dagbag.py:355} ERROR - Failed to import: /opt/airflow/dags/TesDatra.py
Traceback (most recent call last):
  File "/home/airflow/.local/lib/python3.10/site-packages/airflow/models/dagbag.py", line 351, in parse
    loader.exec_module(new_module)
  File "<frozen importlib._bootstrap_external>", line 883, in exec_module
  File "<frozen importlib._bootstrap>", line 241, in _call_with_frames_removed
  File "/opt/airflow/dags/TesDatra.py", line 3, in <module>
    from airflow.providers.standard.operators.empty import EmptyOperator
ModuleNotFoundError: No module named 'airflow.providers.standard'
[2026-01-26T15:15:39.003+0000] {processor.py:842} WARNING - No viable dags retrieved from /opt/airflow/dags/TesDatra.py
[2026-01-26T15:15:39.060+0000] {processor.py:183} INFO - Processing /opt/airflow/dags/TesDatra.py took 0.096 seconds
[2026-01-26T15:16:09.870+0000] {processor.py:161} INFO - Started process (PID=127) to work on /opt/airflow/dags/TesDatra.py
[2026-01-26T15:16:09.872+0000] {processor.py:830} INFO - Processing file /opt/airflow/dags/TesDatra.py for tasks to queue
[2026-01-26T15:16:09.877+0000] {logging_mixin.py:188} INFO - [2026-01-26T15:16:09.876+0000] {dagbag.py:545} INFO - Filling up the DagBag from /opt/airflow/dags/TesDatra.py
[2026-01-26T15:16:09.908+0000] {logging_mixin.py:188} INFO - [2026-01-26T15:16:09.902+0000] {dagbag.py:355} ERROR - Failed to import: /opt/airflow/dags/TesDatra.py
Traceback (most recent call last):
  File "/home/airflow/.local/lib/python3.10/site-packages/airflow/models/dagbag.py", line 351, in parse
    loader.exec_module(new_module)
  File "<frozen importlib._bootstrap_external>", line 883, in exec_module
  File "<frozen importlib._bootstrap>", line 241, in _call_with_frames_removed
  File "/opt/airflow/dags/TesDatra.py", line 3, in <module>
    from airflow.providers.standard.operators.empty import EmptyOperator
ModuleNotFoundError: No module named 'airflow.providers.standard'
[2026-01-26T15:16:09.911+0000] {processor.py:842} WARNING - No viable dags retrieved from /opt/airflow/dags/TesDatra.py
[2026-01-26T15:16:09.979+0000] {processor.py:183} INFO - Processing /opt/airflow/dags/TesDatra.py took 0.119 seconds
[2026-01-26T15:16:40.452+0000] {processor.py:161} INFO - Started process (PID=137) to work on /opt/airflow/dags/TesDatra.py
[2026-01-26T15:16:40.453+0000] {processor.py:830} INFO - Processing file /opt/airflow/dags/TesDatra.py for tasks to queue
[2026-01-26T15:16:40.455+0000] {logging_mixin.py:188} INFO - [2026-01-26T15:16:40.455+0000] {dagbag.py:545} INFO - Filling up the DagBag from /opt/airflow/dags/TesDatra.py
[2026-01-26T15:16:40.474+0000] {logging_mixin.py:188} INFO - [2026-01-26T15:16:40.469+0000] {dagbag.py:355} ERROR - Failed to import: /opt/airflow/dags/TesDatra.py
Traceback (most recent call last):
  File "/home/airflow/.local/lib/python3.10/site-packages/airflow/models/dagbag.py", line 351, in parse
    loader.exec_module(new_module)
  File "<frozen importlib._bootstrap_external>", line 883, in exec_module
  File "<frozen importlib._bootstrap>", line 241, in _call_with_frames_removed
  File "/opt/airflow/dags/TesDatra.py", line 3, in <module>
    from airflow.providers.standard.operators.empty import EmptyOperator
ModuleNotFoundError: No module named 'airflow.providers.standard'
[2026-01-26T15:16:40.475+0000] {processor.py:842} WARNING - No viable dags retrieved from /opt/airflow/dags/TesDatra.py
[2026-01-26T15:16:40.516+0000] {processor.py:183} INFO - Processing /opt/airflow/dags/TesDatra.py took 0.070 seconds
[2026-01-26T15:17:12.972+0000] {processor.py:161} INFO - Started process (PID=147) to work on /opt/airflow/dags/TesDatra.py
[2026-01-26T15:17:12.975+0000] {processor.py:830} INFO - Processing file /opt/airflow/dags/TesDatra.py for tasks to queue
[2026-01-26T15:17:12.979+0000] {logging_mixin.py:188} INFO - [2026-01-26T15:17:12.979+0000] {dagbag.py:545} INFO - Filling up the DagBag from /opt/airflow/dags/TesDatra.py
[2026-01-26T15:17:13.011+0000] {logging_mixin.py:188} INFO - [2026-01-26T15:17:13.004+0000] {dagbag.py:355} ERROR - Failed to import: /opt/airflow/dags/TesDatra.py
Traceback (most recent call last):
  File "/home/airflow/.local/lib/python3.10/site-packages/airflow/models/dagbag.py", line 351, in parse
    loader.exec_module(new_module)
  File "<frozen importlib._bootstrap_external>", line 883, in exec_module
  File "<frozen importlib._bootstrap>", line 241, in _call_with_frames_removed
  File "/opt/airflow/dags/TesDatra.py", line 3, in <module>
    from airflow.providers.standard.operators.empty import EmptyOperator
ModuleNotFoundError: No module named 'airflow.providers.standard'
[2026-01-26T15:17:13.014+0000] {processor.py:842} WARNING - No viable dags retrieved from /opt/airflow/dags/TesDatra.py
[2026-01-26T15:17:13.072+0000] {processor.py:183} INFO - Processing /opt/airflow/dags/TesDatra.py took 0.112 seconds
[2026-01-26T15:17:47.399+0000] {processor.py:161} INFO - Started process (PID=157) to work on /opt/airflow/dags/TesDatra.py
[2026-01-26T15:17:47.412+0000] {processor.py:830} INFO - Processing file /opt/airflow/dags/TesDatra.py for tasks to queue
[2026-01-26T15:17:47.432+0000] {logging_mixin.py:188} INFO - [2026-01-26T15:17:47.429+0000] {dagbag.py:545} INFO - Filling up the DagBag from /opt/airflow/dags/TesDatra.py
[2026-01-26T15:17:47.838+0000] {logging_mixin.py:188} INFO - [2026-01-26T15:17:47.758+0000] {dagbag.py:355} ERROR - Failed to import: /opt/airflow/dags/TesDatra.py
Traceback (most recent call last):
  File "/home/airflow/.local/lib/python3.10/site-packages/airflow/models/dagbag.py", line 351, in parse
    loader.exec_module(new_module)
  File "<frozen importlib._bootstrap_external>", line 883, in exec_module
  File "<frozen importlib._bootstrap>", line 241, in _call_with_frames_removed
  File "/opt/airflow/dags/TesDatra.py", line 3, in <module>
    from airflow.providers.standard.operators.empty import EmptyOperator
ModuleNotFoundError: No module named 'airflow.providers.standard'
[2026-01-26T15:17:47.842+0000] {processor.py:842} WARNING - No viable dags retrieved from /opt/airflow/dags/TesDatra.py
[2026-01-26T15:17:48.269+0000] {processor.py:183} INFO - Processing /opt/airflow/dags/TesDatra.py took 0.891 seconds
[2026-01-26T15:19:05.473+0000] {processor.py:161} INFO - Started process (PID=168) to work on /opt/airflow/dags/TesDatra.py
[2026-01-26T15:19:05.488+0000] {processor.py:830} INFO - Processing file /opt/airflow/dags/TesDatra.py for tasks to queue
[2026-01-26T15:19:05.507+0000] {logging_mixin.py:188} INFO - [2026-01-26T15:19:05.506+0000] {dagbag.py:545} INFO - Filling up the DagBag from /opt/airflow/dags/TesDatra.py
[2026-01-26T15:19:05.922+0000] {logging_mixin.py:188} INFO - [2026-01-26T15:19:05.847+0000] {dagbag.py:355} ERROR - Failed to import: /opt/airflow/dags/TesDatra.py
Traceback (most recent call last):
  File "/home/airflow/.local/lib/python3.10/site-packages/airflow/models/dagbag.py", line 351, in parse
    loader.exec_module(new_module)
  File "<frozen importlib._bootstrap_external>", line 883, in exec_module
  File "<frozen importlib._bootstrap>", line 241, in _call_with_frames_removed
  File "/opt/airflow/dags/TesDatra.py", line 3, in <module>
    from airflow.providers.standard.operators.empty import EmptyOperator
ModuleNotFoundError: No module named 'airflow.providers.standard'
[2026-01-26T15:19:05.952+0000] {processor.py:842} WARNING - No viable dags retrieved from /opt/airflow/dags/TesDatra.py
[2026-01-26T15:19:06.434+0000] {processor.py:183} INFO - Processing /opt/airflow/dags/TesDatra.py took 0.977 seconds
[2026-01-26T15:19:41.517+0000] {processor.py:161} INFO - Started process (PID=178) to work on /opt/airflow/dags/TesDatra.py
[2026-01-26T15:19:41.543+0000] {processor.py:830} INFO - Processing file /opt/airflow/dags/TesDatra.py for tasks to queue
[2026-01-26T15:19:41.559+0000] {logging_mixin.py:188} INFO - [2026-01-26T15:19:41.558+0000] {dagbag.py:545} INFO - Filling up the DagBag from /opt/airflow/dags/TesDatra.py
[2026-01-26T15:19:42.129+0000] {logging_mixin.py:188} INFO - [2026-01-26T15:19:41.951+0000] {dagbag.py:355} ERROR - Failed to import: /opt/airflow/dags/TesDatra.py
Traceback (most recent call last):
  File "/home/airflow/.local/lib/python3.10/site-packages/airflow/models/dagbag.py", line 351, in parse
    loader.exec_module(new_module)
  File "<frozen importlib._bootstrap_external>", line 883, in exec_module
  File "<frozen importlib._bootstrap>", line 241, in _call_with_frames_removed
  File "/opt/airflow/dags/TesDatra.py", line 3, in <module>
    from airflow.providers.standard.operators.empty import EmptyOperator
ModuleNotFoundError: No module named 'airflow.providers.standard'
[2026-01-26T15:19:42.133+0000] {processor.py:842} WARNING - No viable dags retrieved from /opt/airflow/dags/TesDatra.py
[2026-01-26T15:19:42.552+0000] {processor.py:183} INFO - Processing /opt/airflow/dags/TesDatra.py took 1.067 seconds
[2026-01-26T15:21:09.163+0000] {processor.py:161} INFO - Started process (PID=186) to work on /opt/airflow/dags/TesDatra.py
[2026-01-26T15:21:09.166+0000] {processor.py:830} INFO - Processing file /opt/airflow/dags/TesDatra.py for tasks to queue
[2026-01-26T15:21:09.175+0000] {logging_mixin.py:188} INFO - [2026-01-26T15:21:09.171+0000] {dagbag.py:545} INFO - Filling up the DagBag from /opt/airflow/dags/TesDatra.py
[2026-01-26T15:21:09.210+0000] {logging_mixin.py:188} INFO - [2026-01-26T15:21:09.202+0000] {dagbag.py:355} ERROR - Failed to import: /opt/airflow/dags/TesDatra.py
Traceback (most recent call last):
  File "/home/airflow/.local/lib/python3.10/site-packages/airflow/models/dagbag.py", line 351, in parse
    loader.exec_module(new_module)
  File "<frozen importlib._bootstrap_external>", line 883, in exec_module
  File "<frozen importlib._bootstrap>", line 241, in _call_with_frames_removed
  File "/opt/airflow/dags/TesDatra.py", line 3, in <module>
    from airflow.providers.standard.operators.empty import EmptyOperator
ModuleNotFoundError: No module named 'airflow.providers.standard'
[2026-01-26T15:21:09.214+0000] {processor.py:842} WARNING - No viable dags retrieved from /opt/airflow/dags/TesDatra.py
[2026-01-26T15:21:09.313+0000] {processor.py:183} INFO - Processing /opt/airflow/dags/TesDatra.py took 0.172 seconds
[2026-01-26T15:21:39.519+0000] {processor.py:161} INFO - Started process (PID=214) to work on /opt/airflow/dags/TesDatra.py
[2026-01-26T15:21:39.521+0000] {processor.py:830} INFO - Processing file /opt/airflow/dags/TesDatra.py for tasks to queue
[2026-01-26T15:21:39.525+0000] {logging_mixin.py:188} INFO - [2026-01-26T15:21:39.524+0000] {dagbag.py:545} INFO - Filling up the DagBag from /opt/airflow/dags/TesDatra.py
[2026-01-26T15:21:39.549+0000] {logging_mixin.py:188} INFO - [2026-01-26T15:21:39.544+0000] {dagbag.py:355} ERROR - Failed to import: /opt/airflow/dags/TesDatra.py
Traceback (most recent call last):
  File "/home/airflow/.local/lib/python3.10/site-packages/airflow/models/dagbag.py", line 351, in parse
    loader.exec_module(new_module)
  File "<frozen importlib._bootstrap_external>", line 883, in exec_module
  File "<frozen importlib._bootstrap>", line 241, in _call_with_frames_removed
  File "/opt/airflow/dags/TesDatra.py", line 3, in <module>
    from airflow.providers.standard.operators.empty import EmptyOperator
ModuleNotFoundError: No module named 'airflow.providers.standard'
[2026-01-26T15:21:39.552+0000] {processor.py:842} WARNING - No viable dags retrieved from /opt/airflow/dags/TesDatra.py
[2026-01-26T15:21:39.665+0000] {processor.py:183} INFO - Processing /opt/airflow/dags/TesDatra.py took 0.155 seconds
[2026-01-26T15:22:09.784+0000] {processor.py:161} INFO - Started process (PID=224) to work on /opt/airflow/dags/TesDatra.py
[2026-01-26T15:22:09.786+0000] {processor.py:830} INFO - Processing file /opt/airflow/dags/TesDatra.py for tasks to queue
[2026-01-26T15:22:09.789+0000] {logging_mixin.py:188} INFO - [2026-01-26T15:22:09.788+0000] {dagbag.py:545} INFO - Filling up the DagBag from /opt/airflow/dags/TesDatra.py
[2026-01-26T15:22:09.817+0000] {logging_mixin.py:188} INFO - [2026-01-26T15:22:09.811+0000] {dagbag.py:355} ERROR - Failed to import: /opt/airflow/dags/TesDatra.py
Traceback (most recent call last):
  File "/home/airflow/.local/lib/python3.10/site-packages/airflow/models/dagbag.py", line 351, in parse
    loader.exec_module(new_module)
  File "<frozen importlib._bootstrap_external>", line 883, in exec_module
  File "<frozen importlib._bootstrap>", line 241, in _call_with_frames_removed
  File "/opt/airflow/dags/TesDatra.py", line 3, in <module>
    from airflow.providers.standard.operators.empty import EmptyOperator
ModuleNotFoundError: No module named 'airflow.providers.standard'
[2026-01-26T15:22:09.819+0000] {processor.py:842} WARNING - No viable dags retrieved from /opt/airflow/dags/TesDatra.py
[2026-01-26T15:22:10.046+0000] {processor.py:183} INFO - Processing /opt/airflow/dags/TesDatra.py took 0.271 seconds
[2026-01-26T15:22:40.613+0000] {processor.py:161} INFO - Started process (PID=234) to work on /opt/airflow/dags/TesDatra.py
[2026-01-26T15:22:40.615+0000] {processor.py:830} INFO - Processing file /opt/airflow/dags/TesDatra.py for tasks to queue
[2026-01-26T15:22:40.617+0000] {logging_mixin.py:188} INFO - [2026-01-26T15:22:40.617+0000] {dagbag.py:545} INFO - Filling up the DagBag from /opt/airflow/dags/TesDatra.py
[2026-01-26T15:22:40.642+0000] {logging_mixin.py:188} INFO - [2026-01-26T15:22:40.635+0000] {dagbag.py:355} ERROR - Failed to import: /opt/airflow/dags/TesDatra.py
Traceback (most recent call last):
  File "/home/airflow/.local/lib/python3.10/site-packages/airflow/models/dagbag.py", line 351, in parse
    loader.exec_module(new_module)
  File "<frozen importlib._bootstrap_external>", line 883, in exec_module
  File "<frozen importlib._bootstrap>", line 241, in _call_with_frames_removed
  File "/opt/airflow/dags/TesDatra.py", line 3, in <module>
    from airflow.providers.standard.operators.empty import EmptyOperator
ModuleNotFoundError: No module named 'airflow.providers.standard'
[2026-01-26T15:22:40.645+0000] {processor.py:842} WARNING - No viable dags retrieved from /opt/airflow/dags/TesDatra.py
[2026-01-26T15:22:40.701+0000] {processor.py:183} INFO - Processing /opt/airflow/dags/TesDatra.py took 0.094 seconds
[2026-01-26T15:23:12.428+0000] {processor.py:161} INFO - Started process (PID=244) to work on /opt/airflow/dags/TesDatra.py
[2026-01-26T15:23:12.431+0000] {processor.py:830} INFO - Processing file /opt/airflow/dags/TesDatra.py for tasks to queue
[2026-01-26T15:23:12.434+0000] {logging_mixin.py:188} INFO - [2026-01-26T15:23:12.433+0000] {dagbag.py:545} INFO - Filling up the DagBag from /opt/airflow/dags/TesDatra.py
[2026-01-26T15:23:12.465+0000] {logging_mixin.py:188} INFO - [2026-01-26T15:23:12.458+0000] {dagbag.py:355} ERROR - Failed to import: /opt/airflow/dags/TesDatra.py
Traceback (most recent call last):
  File "/home/airflow/.local/lib/python3.10/site-packages/airflow/models/dagbag.py", line 351, in parse
    loader.exec_module(new_module)
  File "<frozen importlib._bootstrap_external>", line 883, in exec_module
  File "<frozen importlib._bootstrap>", line 241, in _call_with_frames_removed
  File "/opt/airflow/dags/TesDatra.py", line 3, in <module>
    from airflow.providers.standard.operators.empty import EmptyOperator
ModuleNotFoundError: No module named 'airflow.providers.standard'
[2026-01-26T15:23:12.468+0000] {processor.py:842} WARNING - No viable dags retrieved from /opt/airflow/dags/TesDatra.py
[2026-01-26T15:23:12.530+0000] {processor.py:183} INFO - Processing /opt/airflow/dags/TesDatra.py took 0.114 seconds
[2026-01-26T15:23:47.684+0000] {processor.py:161} INFO - Started process (PID=254) to work on /opt/airflow/dags/TesDatra.py
[2026-01-26T15:23:47.686+0000] {processor.py:830} INFO - Processing file /opt/airflow/dags/TesDatra.py for tasks to queue
[2026-01-26T15:23:47.690+0000] {logging_mixin.py:188} INFO - [2026-01-26T15:23:47.689+0000] {dagbag.py:545} INFO - Filling up the DagBag from /opt/airflow/dags/TesDatra.py
[2026-01-26T15:23:47.771+0000] {logging_mixin.py:188} INFO - [2026-01-26T15:23:47.750+0000] {dagbag.py:355} ERROR - Failed to import: /opt/airflow/dags/TesDatra.py
Traceback (most recent call last):
  File "/home/airflow/.local/lib/python3.10/site-packages/airflow/models/dagbag.py", line 351, in parse
    loader.exec_module(new_module)
  File "<frozen importlib._bootstrap_external>", line 883, in exec_module
  File "<frozen importlib._bootstrap>", line 241, in _call_with_frames_removed
  File "/opt/airflow/dags/TesDatra.py", line 3, in <module>
    from airflow.providers.standard.operators.empty import EmptyOperator
ModuleNotFoundError: No module named 'airflow.providers.standard'
[2026-01-26T15:23:47.777+0000] {processor.py:842} WARNING - No viable dags retrieved from /opt/airflow/dags/TesDatra.py
[2026-01-26T15:23:47.934+0000] {processor.py:183} INFO - Processing /opt/airflow/dags/TesDatra.py took 0.264 seconds
