[2026-01-26T14:38:55.186+0000] {local_task_job_runner.py:120} INFO - ::group::Pre task execution logs
[2026-01-26T14:38:55.284+0000] {taskinstance.py:2076} INFO - Dependencies all met for dep_context=non-requeueable deps ti=<TaskInstance: BackFileExampleDemo.load_task scheduled__2026-01-25T00:00:00+00:00 [queued]>
[2026-01-26T14:38:55.351+0000] {taskinstance.py:2076} INFO - Dependencies all met for dep_context=requeueable deps ti=<TaskInstance: BackFileExampleDemo.load_task scheduled__2026-01-25T00:00:00+00:00 [queued]>
[2026-01-26T14:38:55.353+0000] {taskinstance.py:2306} INFO - Starting attempt 1 of 1
[2026-01-26T14:38:55.486+0000] {taskinstance.py:2330} INFO - Executing <Task(PythonOperator): load_task> on 2026-01-25 00:00:00+00:00
[2026-01-26T14:38:55.495+0000] {standard_task_runner.py:63} INFO - Started process 70 to run task
[2026-01-26T14:38:55.504+0000] {standard_task_runner.py:90} INFO - Running: ['airflow', 'tasks', 'run', 'BackFileExampleDemo', 'load_task', 'scheduled__2026-01-25T00:00:00+00:00', '--job-id', '113', '--raw', '--subdir', 'DAGS_FOLDER/BackfillerExampleDemo.py', '--cfg-path', '/tmp/tmpewu7w9b8']
[2026-01-26T14:38:55.508+0000] {standard_task_runner.py:91} INFO - Job 113: Subtask load_task
[2026-01-26T14:38:55.729+0000] {task_command.py:426} INFO - Running <TaskInstance: BackFileExampleDemo.load_task scheduled__2026-01-25T00:00:00+00:00 [running]> on host 2606720bf4f4
[2026-01-26T14:38:55.950+0000] {taskinstance.py:2648} INFO - Exporting env vars: AIRFLOW_CTX_DAG_OWNER='airflow' AIRFLOW_CTX_DAG_ID='BackFileExampleDemo' AIRFLOW_CTX_TASK_ID='load_task' AIRFLOW_CTX_EXECUTION_DATE='2026-01-25T00:00:00+00:00' AIRFLOW_CTX_TRY_NUMBER='1' AIRFLOW_CTX_DAG_RUN_ID='scheduled__2026-01-25T00:00:00+00:00'
[2026-01-26T14:38:55.951+0000] {taskinstance.py:430} INFO - ::endgroup::
[2026-01-26T14:38:55.986+0000] {logging_mixin.py:188} INFO - ✅ Reading file from: gs://sales-bucket/daily_sales/date=2026-01-25/sales.csv
[2026-01-26T14:38:55.987+0000] {logging_mixin.py:188} INFO - ✅ Loading into BigQuery partition for date: 2026-01-25
[2026-01-26T14:38:55.988+0000] {python.py:237} INFO - Done. Returned value was: None
[2026-01-26T14:38:55.989+0000] {taskinstance.py:441} INFO - ::group::Post task execution logs
[2026-01-26T14:38:56.007+0000] {taskinstance.py:1206} INFO - Marking task as SUCCESS. dag_id=BackFileExampleDemo, task_id=load_task, run_id=scheduled__2026-01-25T00:00:00+00:00, execution_date=20260125T000000, start_date=20260126T143855, end_date=20260126T143856
[2026-01-26T14:38:56.078+0000] {local_task_job_runner.py:240} INFO - Task exited with return code 0
[2026-01-26T14:38:56.110+0000] {taskinstance.py:3498} INFO - 0 downstream tasks scheduled from follow-on schedule check
[2026-01-26T14:38:56.113+0000] {local_task_job_runner.py:222} INFO - ::endgroup::
[2026-01-26T15:21:17.052+0000] {local_task_job_runner.py:120} INFO - ::group::Pre task execution logs
[2026-01-26T15:21:17.114+0000] {taskinstance.py:2076} INFO - Dependencies all met for dep_context=non-requeueable deps ti=<TaskInstance: BackFileExampleDemo.load_task scheduled__2026-01-25T00:00:00+00:00 [queued]>
[2026-01-26T15:21:17.138+0000] {taskinstance.py:2076} INFO - Dependencies all met for dep_context=requeueable deps ti=<TaskInstance: BackFileExampleDemo.load_task scheduled__2026-01-25T00:00:00+00:00 [queued]>
[2026-01-26T15:21:17.139+0000] {taskinstance.py:2306} INFO - Starting attempt 1 of 1
[2026-01-26T15:21:17.209+0000] {taskinstance.py:2330} INFO - Executing <Task(PythonOperator): load_task> on 2026-01-25 00:00:00+00:00
[2026-01-26T15:21:17.220+0000] {standard_task_runner.py:63} INFO - Started process 195 to run task
[2026-01-26T15:21:17.225+0000] {standard_task_runner.py:90} INFO - Running: ['airflow', 'tasks', 'run', 'BackFileExampleDemo', 'load_task', 'scheduled__2026-01-25T00:00:00+00:00', '--job-id', '126', '--raw', '--subdir', 'DAGS_FOLDER/BackfillerExampleDemo.py', '--cfg-path', '/tmp/tmp7z4jbf6y']
[2026-01-26T15:21:17.232+0000] {standard_task_runner.py:91} INFO - Job 126: Subtask load_task
[2026-01-26T15:21:17.368+0000] {task_command.py:426} INFO - Running <TaskInstance: BackFileExampleDemo.load_task scheduled__2026-01-25T00:00:00+00:00 [running]> on host 2606720bf4f4
[2026-01-26T15:21:17.545+0000] {taskinstance.py:2648} INFO - Exporting env vars: AIRFLOW_CTX_DAG_OWNER='airflow' AIRFLOW_CTX_DAG_ID='BackFileExampleDemo' AIRFLOW_CTX_TASK_ID='load_task' AIRFLOW_CTX_EXECUTION_DATE='2026-01-25T00:00:00+00:00' AIRFLOW_CTX_TRY_NUMBER='1' AIRFLOW_CTX_DAG_RUN_ID='scheduled__2026-01-25T00:00:00+00:00'
[2026-01-26T15:21:17.546+0000] {taskinstance.py:430} INFO - ::endgroup::
[2026-01-26T15:21:17.575+0000] {logging_mixin.py:188} INFO - ✅ Reading file from: gs://sales-bucket/daily_sales/date=2026-01-25/sales.csv
[2026-01-26T15:21:17.576+0000] {logging_mixin.py:188} INFO - ✅ Loading into BigQuery partition for date: 2026-01-25
[2026-01-26T15:21:17.577+0000] {python.py:237} INFO - Done. Returned value was: None
[2026-01-26T15:21:17.578+0000] {taskinstance.py:441} INFO - ::group::Post task execution logs
[2026-01-26T15:21:17.601+0000] {taskinstance.py:1206} INFO - Marking task as SUCCESS. dag_id=BackFileExampleDemo, task_id=load_task, run_id=scheduled__2026-01-25T00:00:00+00:00, execution_date=20260125T000000, start_date=20260126T152117, end_date=20260126T152117
[2026-01-26T15:21:17.681+0000] {local_task_job_runner.py:240} INFO - Task exited with return code 0
[2026-01-26T15:21:17.708+0000] {taskinstance.py:3498} INFO - 0 downstream tasks scheduled from follow-on schedule check
[2026-01-26T15:21:17.711+0000] {local_task_job_runner.py:222} INFO - ::endgroup::
