[2026-01-03T13:02:54.116+0000] {local_task_job_runner.py:120} INFO - ::group::Pre task execution logs
[2026-01-03T13:02:54.151+0000] {taskinstance.py:2076} INFO - Dependencies all met for dep_context=non-requeueable deps ti=<TaskInstance: CustomerDataLoadBigQuery.bigquery_connect_task scheduled__2026-01-03T00:39:00+00:00 [queued]>
[2026-01-03T13:02:54.170+0000] {taskinstance.py:2076} INFO - Dependencies all met for dep_context=requeueable deps ti=<TaskInstance: CustomerDataLoadBigQuery.bigquery_connect_task scheduled__2026-01-03T00:39:00+00:00 [queued]>
[2026-01-03T13:02:54.171+0000] {taskinstance.py:2306} INFO - Starting attempt 1 of 1
[2026-01-03T13:02:54.214+0000] {taskinstance.py:2330} INFO - Executing <Task(PythonOperator): bigquery_connect_task> on 2026-01-03 00:39:00+00:00
[2026-01-03T13:02:54.219+0000] {standard_task_runner.py:63} INFO - Started process 2653 to run task
[2026-01-03T13:02:54.223+0000] {standard_task_runner.py:90} INFO - Running: ['airflow', 'tasks', 'run', 'CustomerDataLoadBigQuery', 'bigquery_connect_task', 'scheduled__2026-01-03T00:39:00+00:00', '--job-id', '50', '--raw', '--subdir', 'DAGS_FOLDER/CustomerDataLoad_BigQuery.py', '--cfg-path', '/tmp/tmpmavo78ug']
[2026-01-03T13:02:54.226+0000] {standard_task_runner.py:91} INFO - Job 50: Subtask bigquery_connect_task
[2026-01-03T13:02:54.336+0000] {task_command.py:426} INFO - Running <TaskInstance: CustomerDataLoadBigQuery.bigquery_connect_task scheduled__2026-01-03T00:39:00+00:00 [running]> on host 2606720bf4f4
[2026-01-03T13:02:54.537+0000] {taskinstance.py:2648} INFO - Exporting env vars: AIRFLOW_CTX_DAG_OWNER='airflow' AIRFLOW_CTX_DAG_ID='CustomerDataLoadBigQuery' AIRFLOW_CTX_TASK_ID='bigquery_connect_task' AIRFLOW_CTX_EXECUTION_DATE='2026-01-03T00:39:00+00:00' AIRFLOW_CTX_TRY_NUMBER='1' AIRFLOW_CTX_DAG_RUN_ID='scheduled__2026-01-03T00:39:00+00:00'
[2026-01-03T13:02:54.539+0000] {taskinstance.py:430} INFO - ::endgroup::
[2026-01-03T13:02:54.560+0000] {_metadata.py:139} WARNING - Compute Engine Metadata server unavailable on attempt 1 of 3. Reason: [Errno 111] Connection refused
[2026-01-03T13:02:54.563+0000] {_metadata.py:139} WARNING - Compute Engine Metadata server unavailable on attempt 2 of 3. Reason: [Errno 111] Connection refused
[2026-01-03T13:02:54.565+0000] {_metadata.py:139} WARNING - Compute Engine Metadata server unavailable on attempt 3 of 3. Reason: [Errno 111] Connection refused
[2026-01-03T13:02:54.566+0000] {_default.py:338} WARNING - Authentication failed using Compute Engine authentication due to unavailable metadata server.
[2026-01-03T13:02:54.573+0000] {logging_mixin.py:188} WARNING -   File "/home/airflow/.local/bin/airflow", line 8, in <module>
    sys.exit(main())
[2026-01-03T13:02:54.574+0000] {logging_mixin.py:188} WARNING -   File "/home/airflow/.local/lib/python3.10/site-packages/airflow/__main__.py", line 58, in main
    args.func(args)
[2026-01-03T13:02:54.574+0000] {logging_mixin.py:188} WARNING -   File "/home/airflow/.local/lib/python3.10/site-packages/airflow/cli/cli_config.py", line 49, in command
    return func(*args, **kwargs)
[2026-01-03T13:02:54.575+0000] {logging_mixin.py:188} WARNING -   File "/home/airflow/.local/lib/python3.10/site-packages/airflow/utils/cli.py", line 114, in wrapper
    return f(*args, **kwargs)
[2026-01-03T13:02:54.575+0000] {logging_mixin.py:188} WARNING -   File "/home/airflow/.local/lib/python3.10/site-packages/airflow/cli/commands/task_command.py", line 441, in task_run
    task_return_code = _run_task_by_selected_method(args, _dag, ti)
[2026-01-03T13:02:54.576+0000] {logging_mixin.py:188} WARNING -   File "/home/airflow/.local/lib/python3.10/site-packages/airflow/cli/commands/task_command.py", line 219, in _run_task_by_selected_method
    return _run_task_by_local_task_job(args, ti)
[2026-01-03T13:02:54.576+0000] {logging_mixin.py:188} WARNING -   File "/home/airflow/.local/lib/python3.10/site-packages/airflow/cli/commands/task_command.py", line 281, in _run_task_by_local_task_job
    ret = run_job(job=job_runner.job, execute_callable=job_runner._execute)
[2026-01-03T13:02:54.576+0000] {logging_mixin.py:188} WARNING -   File "/home/airflow/.local/lib/python3.10/site-packages/airflow/utils/session.py", line 79, in wrapper
    return func(*args, session=session, **kwargs)
[2026-01-03T13:02:54.577+0000] {logging_mixin.py:188} WARNING -   File "/home/airflow/.local/lib/python3.10/site-packages/airflow/jobs/job.py", line 402, in run_job
    return execute_job(job, execute_callable=execute_callable)
[2026-01-03T13:02:54.577+0000] {logging_mixin.py:188} WARNING -   File "/home/airflow/.local/lib/python3.10/site-packages/airflow/jobs/job.py", line 431, in execute_job
    ret = execute_callable()
[2026-01-03T13:02:54.577+0000] {logging_mixin.py:188} WARNING -   File "/home/airflow/.local/lib/python3.10/site-packages/airflow/jobs/local_task_job_runner.py", line 168, in _execute
    self.task_runner.start()
[2026-01-03T13:02:54.578+0000] {logging_mixin.py:188} WARNING -   File "/home/airflow/.local/lib/python3.10/site-packages/airflow/task/task_runner/standard_task_runner.py", line 51, in start
    self.process = self._start_by_fork()
[2026-01-03T13:02:54.578+0000] {logging_mixin.py:188} WARNING -   File "/home/airflow/.local/lib/python3.10/site-packages/airflow/task/task_runner/standard_task_runner.py", line 103, in _start_by_fork
    ret = args.func(args, dag=self.dag)
[2026-01-03T13:02:54.578+0000] {logging_mixin.py:188} WARNING -   File "/home/airflow/.local/lib/python3.10/site-packages/airflow/cli/cli_config.py", line 49, in command
    return func(*args, **kwargs)
[2026-01-03T13:02:54.578+0000] {logging_mixin.py:188} WARNING -   File "/home/airflow/.local/lib/python3.10/site-packages/airflow/utils/cli.py", line 114, in wrapper
    return f(*args, **kwargs)
[2026-01-03T13:02:54.579+0000] {logging_mixin.py:188} WARNING -   File "/home/airflow/.local/lib/python3.10/site-packages/airflow/cli/commands/task_command.py", line 441, in task_run
    task_return_code = _run_task_by_selected_method(args, _dag, ti)
[2026-01-03T13:02:54.579+0000] {logging_mixin.py:188} WARNING -   File "/home/airflow/.local/lib/python3.10/site-packages/airflow/cli/commands/task_command.py", line 221, in _run_task_by_selected_method
    return _run_raw_task(args, ti)
[2026-01-03T13:02:54.579+0000] {logging_mixin.py:188} WARNING -   File "/home/airflow/.local/lib/python3.10/site-packages/airflow/cli/commands/task_command.py", line 300, in _run_raw_task
    return ti._run_raw_task(
[2026-01-03T13:02:54.579+0000] {logging_mixin.py:188} WARNING -   File "/home/airflow/.local/lib/python3.10/site-packages/airflow/utils/session.py", line 79, in wrapper
    return func(*args, session=session, **kwargs)
[2026-01-03T13:02:54.580+0000] {logging_mixin.py:188} WARNING -   File "/home/airflow/.local/lib/python3.10/site-packages/airflow/models/taskinstance.py", line 2479, in _run_raw_task
    self._execute_task_with_callbacks(context, test_mode, session=session)
[2026-01-03T13:02:54.580+0000] {logging_mixin.py:188} WARNING -   File "/home/airflow/.local/lib/python3.10/site-packages/airflow/models/taskinstance.py", line 2676, in _execute_task_with_callbacks
    result = self._execute_task(context, task_orig)
[2026-01-03T13:02:54.580+0000] {logging_mixin.py:188} WARNING -   File "/home/airflow/.local/lib/python3.10/site-packages/airflow/models/taskinstance.py", line 2701, in _execute_task
    return _execute_task(self, context, task_orig)
[2026-01-03T13:02:54.581+0000] {logging_mixin.py:188} WARNING -   File "/home/airflow/.local/lib/python3.10/site-packages/airflow/models/taskinstance.py", line 465, in _execute_task
    result = _execute_callable(context=context, **execute_callable_kwargs)
[2026-01-03T13:02:54.581+0000] {logging_mixin.py:188} WARNING -   File "/home/airflow/.local/lib/python3.10/site-packages/airflow/models/taskinstance.py", line 432, in _execute_callable
    return execute_callable(context=context, **execute_callable_kwargs)
[2026-01-03T13:02:54.581+0000] {logging_mixin.py:188} WARNING -   File "/home/airflow/.local/lib/python3.10/site-packages/airflow/models/baseoperator.py", line 400, in wrapper
    return func(self, *args, **kwargs)
[2026-01-03T13:02:54.581+0000] {logging_mixin.py:188} WARNING -   File "/home/airflow/.local/lib/python3.10/site-packages/airflow/operators/python.py", line 235, in execute
    return_value = self.execute_callable()
[2026-01-03T13:02:54.582+0000] {logging_mixin.py:188} WARNING -   File "/home/airflow/.local/lib/python3.10/site-packages/airflow/operators/python.py", line 252, in execute_callable
    return self.python_callable(*self.op_args, **self.op_kwargs)
[2026-01-03T13:02:54.582+0000] {logging_mixin.py:188} WARNING -   File "/opt/airflow/dags/CustomerDataLoad_BigQuery.py", line 18, in getBigQueryConnection
    traceback.print_stack()
[2026-01-03T13:02:54.582+0000] {python.py:237} INFO - Done. Returned value was: None
[2026-01-03T13:02:54.583+0000] {taskinstance.py:441} INFO - ::group::Post task execution logs
[2026-01-03T13:02:54.597+0000] {taskinstance.py:1206} INFO - Marking task as SUCCESS. dag_id=CustomerDataLoadBigQuery, task_id=bigquery_connect_task, run_id=scheduled__2026-01-03T00:39:00+00:00, execution_date=20260103T003900, start_date=20260103T130254, end_date=20260103T130254
[2026-01-03T13:02:54.678+0000] {local_task_job_runner.py:240} INFO - Task exited with return code 0
[2026-01-03T13:02:54.708+0000] {taskinstance.py:3498} INFO - 0 downstream tasks scheduled from follow-on schedule check
[2026-01-03T13:02:54.711+0000] {local_task_job_runner.py:222} INFO - ::endgroup::
