[2026-01-03T14:37:22.962+0000] {local_task_job_runner.py:120} INFO - ::group::Pre task execution logs
[2026-01-03T14:37:23.024+0000] {taskinstance.py:2076} INFO - Dependencies all met for dep_context=non-requeueable deps ti=<TaskInstance: PythonAndBranPythonDemo.check_file scheduled__2026-01-03T08:10:00+00:00 [queued]>
[2026-01-03T14:37:23.072+0000] {taskinstance.py:2076} INFO - Dependencies all met for dep_context=requeueable deps ti=<TaskInstance: PythonAndBranPythonDemo.check_file scheduled__2026-01-03T08:10:00+00:00 [queued]>
[2026-01-03T14:37:23.073+0000] {taskinstance.py:2306} INFO - Starting attempt 1 of 1
[2026-01-03T14:37:23.161+0000] {taskinstance.py:2330} INFO - Executing <Task(BranchPythonOperator): check_file> on 2026-01-03 08:10:00+00:00
[2026-01-03T14:37:23.170+0000] {standard_task_runner.py:63} INFO - Started process 3858 to run task
[2026-01-03T14:37:23.179+0000] {standard_task_runner.py:90} INFO - Running: ['airflow', 'tasks', 'run', 'PythonAndBranPythonDemo', 'check_file', 'scheduled__2026-01-03T08:10:00+00:00', '--job-id', '92', '--raw', '--subdir', 'DAGS_FOLDER/PythonAndBranchPythonExample.py', '--cfg-path', '/tmp/tmpag86jr_u']
[2026-01-03T14:37:23.184+0000] {standard_task_runner.py:91} INFO - Job 92: Subtask check_file
[2026-01-03T14:37:23.391+0000] {task_command.py:426} INFO - Running <TaskInstance: PythonAndBranPythonDemo.check_file scheduled__2026-01-03T08:10:00+00:00 [running]> on host 2606720bf4f4
[2026-01-03T14:37:23.753+0000] {taskinstance.py:2648} INFO - Exporting env vars: AIRFLOW_CTX_DAG_OWNER='airflow' AIRFLOW_CTX_DAG_ID='PythonAndBranPythonDemo' AIRFLOW_CTX_TASK_ID='check_file' AIRFLOW_CTX_EXECUTION_DATE='2026-01-03T08:10:00+00:00' AIRFLOW_CTX_TRY_NUMBER='1' AIRFLOW_CTX_DAG_RUN_ID='scheduled__2026-01-03T08:10:00+00:00'
[2026-01-03T14:37:23.764+0000] {taskinstance.py:430} INFO - ::endgroup::
[2026-01-03T14:37:23.803+0000] {baseoperator.py:399} WARNING - BranchPythonOperator.execute cannot be called outside TaskInstance!
[2026-01-03T14:37:23.809+0000] {python.py:237} INFO - Done. Returned value was: end_task
[2026-01-03T14:37:23.814+0000] {branch.py:36} INFO - Branch into end_task
[2026-01-03T14:37:23.823+0000] {skipmixin.py:178} INFO - Following branch end_task
[2026-01-03T14:37:23.899+0000] {skipmixin.py:246} INFO - Skipping tasks [('load_data_bigquery_task', -1)]
[2026-01-03T14:37:24.085+0000] {taskinstance.py:441} INFO - ::group::Post task execution logs
[2026-01-03T14:37:24.201+0000] {taskinstance.py:1206} INFO - Marking task as SUCCESS. dag_id=PythonAndBranPythonDemo, task_id=check_file, run_id=scheduled__2026-01-03T08:10:00+00:00, execution_date=20260103T081000, start_date=20260103T143723, end_date=20260103T143724
[2026-01-03T14:37:24.319+0000] {local_task_job_runner.py:240} INFO - Task exited with return code 0
[2026-01-03T14:37:24.374+0000] {taskinstance.py:3498} INFO - 0 downstream tasks scheduled from follow-on schedule check
[2026-01-03T14:37:24.432+0000] {local_task_job_runner.py:222} INFO - ::endgroup::
