[2026-01-03T01:58:15.353+0000] {local_task_job_runner.py:120} INFO - ::group::Pre task execution logs
[2026-01-03T01:58:15.397+0000] {taskinstance.py:2076} INFO - Dependencies all met for dep_context=non-requeueable deps ti=<TaskInstance: simple_3_task_dag.task_3_end scheduled__2026-01-02T00:00:00+00:00 [queued]>
[2026-01-03T01:58:15.428+0000] {taskinstance.py:2076} INFO - Dependencies all met for dep_context=requeueable deps ti=<TaskInstance: simple_3_task_dag.task_3_end scheduled__2026-01-02T00:00:00+00:00 [queued]>
[2026-01-03T01:58:15.429+0000] {taskinstance.py:2306} INFO - Starting attempt 1 of 1
[2026-01-03T01:58:15.502+0000] {taskinstance.py:2330} INFO - Executing <Task(BashOperator): task_3_end> on 2026-01-02 00:00:00+00:00
[2026-01-03T01:58:15.521+0000] {standard_task_runner.py:63} INFO - Started process 764 to run task
[2026-01-03T01:58:15.537+0000] {standard_task_runner.py:90} INFO - Running: ['airflow', 'tasks', 'run', 'simple_3_task_dag', 'task_3_end', 'scheduled__2026-01-02T00:00:00+00:00', '--job-id', '12', '--raw', '--subdir', 'DAGS_FOLDER/irst_dag.py', '--cfg-path', '/tmp/tmp91my1cg8']
[2026-01-03T01:58:15.542+0000] {standard_task_runner.py:91} INFO - Job 12: Subtask task_3_end
[2026-01-03T01:58:15.729+0000] {task_command.py:426} INFO - Running <TaskInstance: simple_3_task_dag.task_3_end scheduled__2026-01-02T00:00:00+00:00 [running]> on host 2606720bf4f4
[2026-01-03T01:58:16.036+0000] {taskinstance.py:2648} INFO - Exporting env vars: AIRFLOW_CTX_DAG_OWNER='airflow' AIRFLOW_CTX_DAG_ID='simple_3_task_dag' AIRFLOW_CTX_TASK_ID='task_3_end' AIRFLOW_CTX_EXECUTION_DATE='2026-01-02T00:00:00+00:00' AIRFLOW_CTX_TRY_NUMBER='1' AIRFLOW_CTX_DAG_RUN_ID='scheduled__2026-01-02T00:00:00+00:00'
[2026-01-03T01:58:16.038+0000] {taskinstance.py:430} INFO - ::endgroup::
[2026-01-03T01:58:16.093+0000] {subprocess.py:63} INFO - Tmp dir root location: /tmp
[2026-01-03T01:58:16.096+0000] {subprocess.py:75} INFO - Running command: ['/usr/bin/bash', '-c', "echo 'Task 3: End'"]
[2026-01-03T01:58:16.121+0000] {subprocess.py:86} INFO - Output:
[2026-01-03T01:58:16.131+0000] {subprocess.py:93} INFO - Task 3: End
[2026-01-03T01:58:16.139+0000] {subprocess.py:97} INFO - Command exited with return code 0
[2026-01-03T01:58:16.142+0000] {taskinstance.py:441} INFO - ::group::Post task execution logs
[2026-01-03T01:58:16.235+0000] {taskinstance.py:1206} INFO - Marking task as SUCCESS. dag_id=simple_3_task_dag, task_id=task_3_end, run_id=scheduled__2026-01-02T00:00:00+00:00, execution_date=20260102T000000, start_date=20260103T015815, end_date=20260103T015816
[2026-01-03T01:58:16.348+0000] {local_task_job_runner.py:240} INFO - Task exited with return code 0
[2026-01-03T01:58:16.397+0000] {taskinstance.py:3498} INFO - 0 downstream tasks scheduled from follow-on schedule check
[2026-01-03T01:58:16.400+0000] {local_task_job_runner.py:222} INFO - ::endgroup::
