[2026-01-31T10:44:17.404+0000] {processor.py:161} INFO - Started process (PID=77) to work on /opt/airflow/dags/CustomerDataLoad_BigQuery.py
[2026-01-31T10:44:17.407+0000] {processor.py:830} INFO - Processing file /opt/airflow/dags/CustomerDataLoad_BigQuery.py for tasks to queue
[2026-01-31T10:44:17.413+0000] {logging_mixin.py:188} INFO - [2026-01-31T10:44:17.413+0000] {dagbag.py:545} INFO - Filling up the DagBag from /opt/airflow/dags/CustomerDataLoad_BigQuery.py
[2026-01-31T10:44:17.467+0000] {processor.py:840} INFO - DAG(s) 'CustomerDataLoadBigQuery' retrieved from /opt/airflow/dags/CustomerDataLoad_BigQuery.py
[2026-01-31T10:44:17.514+0000] {logging_mixin.py:188} INFO - [2026-01-31T10:44:17.514+0000] {dag.py:3096} INFO - Sync 1 DAGs
[2026-01-31T10:44:17.571+0000] {logging_mixin.py:188} INFO - [2026-01-31T10:44:17.570+0000] {dag.py:3954} INFO - Setting next_dagrun for CustomerDataLoadBigQuery to 2026-01-31 00:05:00+00:00, run_after=2026-01-31 01:05:00+00:00
[2026-01-31T10:44:17.676+0000] {processor.py:183} INFO - Processing /opt/airflow/dags/CustomerDataLoad_BigQuery.py took 0.284 seconds
[2026-01-31T10:44:48.117+0000] {processor.py:161} INFO - Started process (PID=87) to work on /opt/airflow/dags/CustomerDataLoad_BigQuery.py
[2026-01-31T10:44:48.118+0000] {processor.py:830} INFO - Processing file /opt/airflow/dags/CustomerDataLoad_BigQuery.py for tasks to queue
[2026-01-31T10:44:48.121+0000] {logging_mixin.py:188} INFO - [2026-01-31T10:44:48.121+0000] {dagbag.py:545} INFO - Filling up the DagBag from /opt/airflow/dags/CustomerDataLoad_BigQuery.py
[2026-01-31T10:44:48.144+0000] {processor.py:840} INFO - DAG(s) 'CustomerDataLoadBigQuery' retrieved from /opt/airflow/dags/CustomerDataLoad_BigQuery.py
[2026-01-31T10:44:48.270+0000] {logging_mixin.py:188} INFO - [2026-01-31T10:44:48.270+0000] {dag.py:3096} INFO - Sync 1 DAGs
[2026-01-31T10:44:48.299+0000] {logging_mixin.py:188} INFO - [2026-01-31T10:44:48.299+0000] {dag.py:3954} INFO - Setting next_dagrun for CustomerDataLoadBigQuery to 2026-01-31 00:05:00+00:00, run_after=2026-01-31 01:05:00+00:00
[2026-01-31T10:44:48.384+0000] {processor.py:183} INFO - Processing /opt/airflow/dags/CustomerDataLoad_BigQuery.py took 0.272 seconds
[2026-01-31T10:45:18.935+0000] {processor.py:161} INFO - Started process (PID=97) to work on /opt/airflow/dags/CustomerDataLoad_BigQuery.py
[2026-01-31T10:45:18.936+0000] {processor.py:830} INFO - Processing file /opt/airflow/dags/CustomerDataLoad_BigQuery.py for tasks to queue
[2026-01-31T10:45:18.938+0000] {logging_mixin.py:188} INFO - [2026-01-31T10:45:18.938+0000] {dagbag.py:545} INFO - Filling up the DagBag from /opt/airflow/dags/CustomerDataLoad_BigQuery.py
[2026-01-31T10:45:18.963+0000] {processor.py:840} INFO - DAG(s) 'CustomerDataLoadBigQuery' retrieved from /opt/airflow/dags/CustomerDataLoad_BigQuery.py
[2026-01-31T10:45:19.003+0000] {logging_mixin.py:188} INFO - [2026-01-31T10:45:19.003+0000] {dag.py:3096} INFO - Sync 1 DAGs
[2026-01-31T10:45:19.039+0000] {logging_mixin.py:188} INFO - [2026-01-31T10:45:19.039+0000] {dag.py:3954} INFO - Setting next_dagrun for CustomerDataLoadBigQuery to 2026-01-31 00:05:00+00:00, run_after=2026-01-31 01:05:00+00:00
[2026-01-31T10:45:19.113+0000] {processor.py:183} INFO - Processing /opt/airflow/dags/CustomerDataLoad_BigQuery.py took 0.184 seconds
[2026-01-31T10:45:49.654+0000] {processor.py:161} INFO - Started process (PID=107) to work on /opt/airflow/dags/CustomerDataLoad_BigQuery.py
[2026-01-31T10:45:49.655+0000] {processor.py:830} INFO - Processing file /opt/airflow/dags/CustomerDataLoad_BigQuery.py for tasks to queue
[2026-01-31T10:45:49.657+0000] {logging_mixin.py:188} INFO - [2026-01-31T10:45:49.657+0000] {dagbag.py:545} INFO - Filling up the DagBag from /opt/airflow/dags/CustomerDataLoad_BigQuery.py
[2026-01-31T10:45:49.686+0000] {processor.py:840} INFO - DAG(s) 'CustomerDataLoadBigQuery' retrieved from /opt/airflow/dags/CustomerDataLoad_BigQuery.py
[2026-01-31T10:45:49.716+0000] {logging_mixin.py:188} INFO - [2026-01-31T10:45:49.716+0000] {dag.py:3096} INFO - Sync 1 DAGs
[2026-01-31T10:45:49.745+0000] {logging_mixin.py:188} INFO - [2026-01-31T10:45:49.745+0000] {dag.py:3954} INFO - Setting next_dagrun for CustomerDataLoadBigQuery to 2026-01-31 00:05:00+00:00, run_after=2026-01-31 01:05:00+00:00
[2026-01-31T10:45:49.819+0000] {processor.py:183} INFO - Processing /opt/airflow/dags/CustomerDataLoad_BigQuery.py took 0.176 seconds
[2026-01-31T10:46:20.232+0000] {processor.py:161} INFO - Started process (PID=117) to work on /opt/airflow/dags/CustomerDataLoad_BigQuery.py
[2026-01-31T10:46:20.237+0000] {processor.py:830} INFO - Processing file /opt/airflow/dags/CustomerDataLoad_BigQuery.py for tasks to queue
[2026-01-31T10:46:20.248+0000] {logging_mixin.py:188} INFO - [2026-01-31T10:46:20.248+0000] {dagbag.py:545} INFO - Filling up the DagBag from /opt/airflow/dags/CustomerDataLoad_BigQuery.py
[2026-01-31T10:46:20.410+0000] {processor.py:840} INFO - DAG(s) 'CustomerDataLoadBigQuery' retrieved from /opt/airflow/dags/CustomerDataLoad_BigQuery.py
[2026-01-31T10:46:20.544+0000] {logging_mixin.py:188} INFO - [2026-01-31T10:46:20.543+0000] {dag.py:3096} INFO - Sync 1 DAGs
[2026-01-31T10:46:20.763+0000] {logging_mixin.py:188} INFO - [2026-01-31T10:46:20.762+0000] {dag.py:3954} INFO - Setting next_dagrun for CustomerDataLoadBigQuery to 2026-01-31 00:05:00+00:00, run_after=2026-01-31 01:05:00+00:00
[2026-01-31T10:46:20.952+0000] {processor.py:183} INFO - Processing /opt/airflow/dags/CustomerDataLoad_BigQuery.py took 0.740 seconds
[2026-01-31T10:46:51.449+0000] {processor.py:161} INFO - Started process (PID=127) to work on /opt/airflow/dags/CustomerDataLoad_BigQuery.py
[2026-01-31T10:46:51.451+0000] {processor.py:830} INFO - Processing file /opt/airflow/dags/CustomerDataLoad_BigQuery.py for tasks to queue
[2026-01-31T10:46:51.453+0000] {logging_mixin.py:188} INFO - [2026-01-31T10:46:51.453+0000] {dagbag.py:545} INFO - Filling up the DagBag from /opt/airflow/dags/CustomerDataLoad_BigQuery.py
[2026-01-31T10:46:51.473+0000] {processor.py:840} INFO - DAG(s) 'CustomerDataLoadBigQuery' retrieved from /opt/airflow/dags/CustomerDataLoad_BigQuery.py
[2026-01-31T10:46:51.506+0000] {logging_mixin.py:188} INFO - [2026-01-31T10:46:51.505+0000] {dag.py:3096} INFO - Sync 1 DAGs
[2026-01-31T10:46:51.536+0000] {logging_mixin.py:188} INFO - [2026-01-31T10:46:51.536+0000] {dag.py:3954} INFO - Setting next_dagrun for CustomerDataLoadBigQuery to 2026-01-31 00:05:00+00:00, run_after=2026-01-31 01:05:00+00:00
[2026-01-31T10:46:51.601+0000] {processor.py:183} INFO - Processing /opt/airflow/dags/CustomerDataLoad_BigQuery.py took 0.158 seconds
