[2026-01-31T10:44:15.814+0000] {processor.py:161} INFO - Started process (PID=76) to work on /opt/airflow/dags/PythonAndBranchPythonExample.py
[2026-01-31T10:44:15.819+0000] {processor.py:830} INFO - Processing file /opt/airflow/dags/PythonAndBranchPythonExample.py for tasks to queue
[2026-01-31T10:44:15.827+0000] {logging_mixin.py:188} INFO - [2026-01-31T10:44:15.827+0000] {dagbag.py:545} INFO - Filling up the DagBag from /opt/airflow/dags/PythonAndBranchPythonExample.py
[2026-01-31T10:44:16.017+0000] {logging_mixin.py:188} INFO - [2026-01-31T10:44:16.010+0000] {dagbag.py:355} ERROR - Failed to import: /opt/airflow/dags/PythonAndBranchPythonExample.py
Traceback (most recent call last):
  File "/home/airflow/.local/lib/python3.10/site-packages/airflow/models/dagbag.py", line 351, in parse
    loader.exec_module(new_module)
  File "<frozen importlib._bootstrap_external>", line 879, in exec_module
  File "<frozen importlib._bootstrap_external>", line 1017, in get_code
  File "<frozen importlib._bootstrap_external>", line 947, in source_to_code
  File "<frozen importlib._bootstrap>", line 241, in _call_with_frames_removed
  File "/opt/airflow/dags/PythonAndBranchPythonExample.py", line 10
    from airflow.providers.google
                                 ^
SyntaxError: invalid syntax
[2026-01-31T10:44:16.021+0000] {processor.py:842} WARNING - No viable dags retrieved from /opt/airflow/dags/PythonAndBranchPythonExample.py
[2026-01-31T10:44:16.146+0000] {processor.py:183} INFO - Processing /opt/airflow/dags/PythonAndBranchPythonExample.py took 0.359 seconds
[2026-01-31T10:44:46.894+0000] {processor.py:161} INFO - Started process (PID=86) to work on /opt/airflow/dags/PythonAndBranchPythonExample.py
[2026-01-31T10:44:46.895+0000] {processor.py:830} INFO - Processing file /opt/airflow/dags/PythonAndBranchPythonExample.py for tasks to queue
[2026-01-31T10:44:46.897+0000] {logging_mixin.py:188} INFO - [2026-01-31T10:44:46.897+0000] {dagbag.py:545} INFO - Filling up the DagBag from /opt/airflow/dags/PythonAndBranchPythonExample.py
[2026-01-31T10:44:46.924+0000] {logging_mixin.py:188} INFO - [2026-01-31T10:44:46.923+0000] {dagbag.py:355} ERROR - Failed to import: /opt/airflow/dags/PythonAndBranchPythonExample.py
Traceback (most recent call last):
  File "/home/airflow/.local/lib/python3.10/site-packages/airflow/models/dagbag.py", line 351, in parse
    loader.exec_module(new_module)
  File "<frozen importlib._bootstrap_external>", line 879, in exec_module
  File "<frozen importlib._bootstrap_external>", line 1017, in get_code
  File "<frozen importlib._bootstrap_external>", line 947, in source_to_code
  File "<frozen importlib._bootstrap>", line 241, in _call_with_frames_removed
  File "/opt/airflow/dags/PythonAndBranchPythonExample.py", line 10
    from airflow.providers.google
                                 ^
SyntaxError: invalid syntax
[2026-01-31T10:44:46.925+0000] {processor.py:842} WARNING - No viable dags retrieved from /opt/airflow/dags/PythonAndBranchPythonExample.py
[2026-01-31T10:44:46.970+0000] {processor.py:183} INFO - Processing /opt/airflow/dags/PythonAndBranchPythonExample.py took 0.082 seconds
[2026-01-31T10:45:17.555+0000] {processor.py:161} INFO - Started process (PID=96) to work on /opt/airflow/dags/PythonAndBranchPythonExample.py
[2026-01-31T10:45:17.557+0000] {processor.py:830} INFO - Processing file /opt/airflow/dags/PythonAndBranchPythonExample.py for tasks to queue
[2026-01-31T10:45:17.561+0000] {logging_mixin.py:188} INFO - [2026-01-31T10:45:17.561+0000] {dagbag.py:545} INFO - Filling up the DagBag from /opt/airflow/dags/PythonAndBranchPythonExample.py
[2026-01-31T10:45:17.582+0000] {logging_mixin.py:188} INFO - [2026-01-31T10:45:17.581+0000] {dagbag.py:355} ERROR - Failed to import: /opt/airflow/dags/PythonAndBranchPythonExample.py
Traceback (most recent call last):
  File "/home/airflow/.local/lib/python3.10/site-packages/airflow/models/dagbag.py", line 351, in parse
    loader.exec_module(new_module)
  File "<frozen importlib._bootstrap_external>", line 879, in exec_module
  File "<frozen importlib._bootstrap_external>", line 1017, in get_code
  File "<frozen importlib._bootstrap_external>", line 947, in source_to_code
  File "<frozen importlib._bootstrap>", line 241, in _call_with_frames_removed
  File "/opt/airflow/dags/PythonAndBranchPythonExample.py", line 10
    from airflow.providers.google
                                 ^
SyntaxError: invalid syntax
[2026-01-31T10:45:17.582+0000] {processor.py:842} WARNING - No viable dags retrieved from /opt/airflow/dags/PythonAndBranchPythonExample.py
[2026-01-31T10:45:17.653+0000] {processor.py:183} INFO - Processing /opt/airflow/dags/PythonAndBranchPythonExample.py took 0.104 seconds
[2026-01-31T10:45:48.251+0000] {processor.py:161} INFO - Started process (PID=106) to work on /opt/airflow/dags/PythonAndBranchPythonExample.py
[2026-01-31T10:45:48.252+0000] {processor.py:830} INFO - Processing file /opt/airflow/dags/PythonAndBranchPythonExample.py for tasks to queue
[2026-01-31T10:45:48.254+0000] {logging_mixin.py:188} INFO - [2026-01-31T10:45:48.254+0000] {dagbag.py:545} INFO - Filling up the DagBag from /opt/airflow/dags/PythonAndBranchPythonExample.py
[2026-01-31T10:45:48.276+0000] {logging_mixin.py:188} INFO - [2026-01-31T10:45:48.275+0000] {dagbag.py:355} ERROR - Failed to import: /opt/airflow/dags/PythonAndBranchPythonExample.py
Traceback (most recent call last):
  File "/home/airflow/.local/lib/python3.10/site-packages/airflow/models/dagbag.py", line 351, in parse
    loader.exec_module(new_module)
  File "<frozen importlib._bootstrap_external>", line 879, in exec_module
  File "<frozen importlib._bootstrap_external>", line 1017, in get_code
  File "<frozen importlib._bootstrap_external>", line 947, in source_to_code
  File "<frozen importlib._bootstrap>", line 241, in _call_with_frames_removed
  File "/opt/airflow/dags/PythonAndBranchPythonExample.py", line 10
    from airflow.providers.google
                                 ^
SyntaxError: invalid syntax
[2026-01-31T10:45:48.276+0000] {processor.py:842} WARNING - No viable dags retrieved from /opt/airflow/dags/PythonAndBranchPythonExample.py
[2026-01-31T10:45:48.334+0000] {processor.py:183} INFO - Processing /opt/airflow/dags/PythonAndBranchPythonExample.py took 0.090 seconds
[2026-01-31T10:46:18.734+0000] {processor.py:161} INFO - Started process (PID=116) to work on /opt/airflow/dags/PythonAndBranchPythonExample.py
[2026-01-31T10:46:18.736+0000] {processor.py:830} INFO - Processing file /opt/airflow/dags/PythonAndBranchPythonExample.py for tasks to queue
[2026-01-31T10:46:18.739+0000] {logging_mixin.py:188} INFO - [2026-01-31T10:46:18.739+0000] {dagbag.py:545} INFO - Filling up the DagBag from /opt/airflow/dags/PythonAndBranchPythonExample.py
[2026-01-31T10:46:18.755+0000] {logging_mixin.py:188} INFO - [2026-01-31T10:46:18.755+0000] {dagbag.py:355} ERROR - Failed to import: /opt/airflow/dags/PythonAndBranchPythonExample.py
Traceback (most recent call last):
  File "/home/airflow/.local/lib/python3.10/site-packages/airflow/models/dagbag.py", line 351, in parse
    loader.exec_module(new_module)
  File "<frozen importlib._bootstrap_external>", line 879, in exec_module
  File "<frozen importlib._bootstrap_external>", line 1017, in get_code
  File "<frozen importlib._bootstrap_external>", line 947, in source_to_code
  File "<frozen importlib._bootstrap>", line 241, in _call_with_frames_removed
  File "/opt/airflow/dags/PythonAndBranchPythonExample.py", line 10
    from airflow.providers.google
                                 ^
SyntaxError: invalid syntax
[2026-01-31T10:46:18.756+0000] {processor.py:842} WARNING - No viable dags retrieved from /opt/airflow/dags/PythonAndBranchPythonExample.py
[2026-01-31T10:46:18.810+0000] {processor.py:183} INFO - Processing /opt/airflow/dags/PythonAndBranchPythonExample.py took 0.083 seconds
[2026-01-31T10:46:49.479+0000] {processor.py:161} INFO - Started process (PID=126) to work on /opt/airflow/dags/PythonAndBranchPythonExample.py
[2026-01-31T10:46:49.481+0000] {processor.py:830} INFO - Processing file /opt/airflow/dags/PythonAndBranchPythonExample.py for tasks to queue
[2026-01-31T10:46:49.485+0000] {logging_mixin.py:188} INFO - [2026-01-31T10:46:49.485+0000] {dagbag.py:545} INFO - Filling up the DagBag from /opt/airflow/dags/PythonAndBranchPythonExample.py
[2026-01-31T10:46:49.511+0000] {logging_mixin.py:188} INFO - [2026-01-31T10:46:49.510+0000] {dagbag.py:355} ERROR - Failed to import: /opt/airflow/dags/PythonAndBranchPythonExample.py
Traceback (most recent call last):
  File "/home/airflow/.local/lib/python3.10/site-packages/airflow/models/dagbag.py", line 351, in parse
    loader.exec_module(new_module)
  File "<frozen importlib._bootstrap_external>", line 879, in exec_module
  File "<frozen importlib._bootstrap_external>", line 1017, in get_code
  File "<frozen importlib._bootstrap_external>", line 947, in source_to_code
  File "<frozen importlib._bootstrap>", line 241, in _call_with_frames_removed
  File "/opt/airflow/dags/PythonAndBranchPythonExample.py", line 10
    from airflow.providers.google
                                 ^
SyntaxError: invalid syntax
[2026-01-31T10:46:49.512+0000] {processor.py:842} WARNING - No viable dags retrieved from /opt/airflow/dags/PythonAndBranchPythonExample.py
[2026-01-31T10:46:49.573+0000] {processor.py:183} INFO - Processing /opt/airflow/dags/PythonAndBranchPythonExample.py took 0.101 seconds
[2026-01-31T10:47:19.838+0000] {processor.py:161} INFO - Started process (PID=136) to work on /opt/airflow/dags/PythonAndBranchPythonExample.py
[2026-01-31T10:47:19.840+0000] {processor.py:830} INFO - Processing file /opt/airflow/dags/PythonAndBranchPythonExample.py for tasks to queue
[2026-01-31T10:47:19.842+0000] {logging_mixin.py:188} INFO - [2026-01-31T10:47:19.841+0000] {dagbag.py:545} INFO - Filling up the DagBag from /opt/airflow/dags/PythonAndBranchPythonExample.py
[2026-01-31T10:47:19.856+0000] {logging_mixin.py:188} INFO - [2026-01-31T10:47:19.855+0000] {dagbag.py:355} ERROR - Failed to import: /opt/airflow/dags/PythonAndBranchPythonExample.py
Traceback (most recent call last):
  File "/home/airflow/.local/lib/python3.10/site-packages/airflow/models/dagbag.py", line 351, in parse
    loader.exec_module(new_module)
  File "<frozen importlib._bootstrap_external>", line 879, in exec_module
  File "<frozen importlib._bootstrap_external>", line 1017, in get_code
  File "<frozen importlib._bootstrap_external>", line 947, in source_to_code
  File "<frozen importlib._bootstrap>", line 241, in _call_with_frames_removed
  File "/opt/airflow/dags/PythonAndBranchPythonExample.py", line 10
    from airflow.providers.google
                                 ^
SyntaxError: invalid syntax
[2026-01-31T10:47:19.857+0000] {processor.py:842} WARNING - No viable dags retrieved from /opt/airflow/dags/PythonAndBranchPythonExample.py
[2026-01-31T10:47:19.903+0000] {processor.py:183} INFO - Processing /opt/airflow/dags/PythonAndBranchPythonExample.py took 0.071 seconds
