[2026-01-31T10:44:14.383+0000] {processor.py:161} INFO - Started process (PID=75) to work on /opt/airflow/dags/TesDatra.py
[2026-01-31T10:44:14.385+0000] {processor.py:830} INFO - Processing file /opt/airflow/dags/TesDatra.py for tasks to queue
[2026-01-31T10:44:14.388+0000] {logging_mixin.py:188} INFO - [2026-01-31T10:44:14.387+0000] {dagbag.py:545} INFO - Filling up the DagBag from /opt/airflow/dags/TesDatra.py
[2026-01-31T10:44:14.414+0000] {logging_mixin.py:188} INFO - [2026-01-31T10:44:14.407+0000] {dagbag.py:355} ERROR - Failed to import: /opt/airflow/dags/TesDatra.py
Traceback (most recent call last):
  File "/home/airflow/.local/lib/python3.10/site-packages/airflow/models/dagbag.py", line 351, in parse
    loader.exec_module(new_module)
  File "<frozen importlib._bootstrap_external>", line 883, in exec_module
  File "<frozen importlib._bootstrap>", line 241, in _call_with_frames_removed
  File "/opt/airflow/dags/TesDatra.py", line 3, in <module>
    from airflow.providers.standard.operators.empty import EmptyOperator
ModuleNotFoundError: No module named 'airflow.providers.standard'
[2026-01-31T10:44:14.417+0000] {processor.py:842} WARNING - No viable dags retrieved from /opt/airflow/dags/TesDatra.py
[2026-01-31T10:44:14.497+0000] {processor.py:183} INFO - Processing /opt/airflow/dags/TesDatra.py took 0.121 seconds
[2026-01-31T10:44:45.359+0000] {processor.py:161} INFO - Started process (PID=85) to work on /opt/airflow/dags/TesDatra.py
[2026-01-31T10:44:45.360+0000] {processor.py:830} INFO - Processing file /opt/airflow/dags/TesDatra.py for tasks to queue
[2026-01-31T10:44:45.363+0000] {logging_mixin.py:188} INFO - [2026-01-31T10:44:45.362+0000] {dagbag.py:545} INFO - Filling up the DagBag from /opt/airflow/dags/TesDatra.py
[2026-01-31T10:44:45.378+0000] {logging_mixin.py:188} INFO - [2026-01-31T10:44:45.375+0000] {dagbag.py:355} ERROR - Failed to import: /opt/airflow/dags/TesDatra.py
Traceback (most recent call last):
  File "/home/airflow/.local/lib/python3.10/site-packages/airflow/models/dagbag.py", line 351, in parse
    loader.exec_module(new_module)
  File "<frozen importlib._bootstrap_external>", line 883, in exec_module
  File "<frozen importlib._bootstrap>", line 241, in _call_with_frames_removed
  File "/opt/airflow/dags/TesDatra.py", line 3, in <module>
    from airflow.providers.standard.operators.empty import EmptyOperator
ModuleNotFoundError: No module named 'airflow.providers.standard'
[2026-01-31T10:44:45.380+0000] {processor.py:842} WARNING - No viable dags retrieved from /opt/airflow/dags/TesDatra.py
[2026-01-31T10:44:45.428+0000] {processor.py:183} INFO - Processing /opt/airflow/dags/TesDatra.py took 0.075 seconds
[2026-01-31T10:45:15.905+0000] {processor.py:161} INFO - Started process (PID=95) to work on /opt/airflow/dags/TesDatra.py
[2026-01-31T10:45:15.907+0000] {processor.py:830} INFO - Processing file /opt/airflow/dags/TesDatra.py for tasks to queue
[2026-01-31T10:45:15.910+0000] {logging_mixin.py:188} INFO - [2026-01-31T10:45:15.909+0000] {dagbag.py:545} INFO - Filling up the DagBag from /opt/airflow/dags/TesDatra.py
[2026-01-31T10:45:15.931+0000] {logging_mixin.py:188} INFO - [2026-01-31T10:45:15.925+0000] {dagbag.py:355} ERROR - Failed to import: /opt/airflow/dags/TesDatra.py
Traceback (most recent call last):
  File "/home/airflow/.local/lib/python3.10/site-packages/airflow/models/dagbag.py", line 351, in parse
    loader.exec_module(new_module)
  File "<frozen importlib._bootstrap_external>", line 883, in exec_module
  File "<frozen importlib._bootstrap>", line 241, in _call_with_frames_removed
  File "/opt/airflow/dags/TesDatra.py", line 3, in <module>
    from airflow.providers.standard.operators.empty import EmptyOperator
ModuleNotFoundError: No module named 'airflow.providers.standard'
[2026-01-31T10:45:15.932+0000] {processor.py:842} WARNING - No viable dags retrieved from /opt/airflow/dags/TesDatra.py
[2026-01-31T10:45:15.988+0000] {processor.py:183} INFO - Processing /opt/airflow/dags/TesDatra.py took 0.089 seconds
[2026-01-31T10:45:46.448+0000] {processor.py:161} INFO - Started process (PID=105) to work on /opt/airflow/dags/TesDatra.py
[2026-01-31T10:45:46.449+0000] {processor.py:830} INFO - Processing file /opt/airflow/dags/TesDatra.py for tasks to queue
[2026-01-31T10:45:46.452+0000] {logging_mixin.py:188} INFO - [2026-01-31T10:45:46.451+0000] {dagbag.py:545} INFO - Filling up the DagBag from /opt/airflow/dags/TesDatra.py
[2026-01-31T10:45:46.474+0000] {logging_mixin.py:188} INFO - [2026-01-31T10:45:46.468+0000] {dagbag.py:355} ERROR - Failed to import: /opt/airflow/dags/TesDatra.py
Traceback (most recent call last):
  File "/home/airflow/.local/lib/python3.10/site-packages/airflow/models/dagbag.py", line 351, in parse
    loader.exec_module(new_module)
  File "<frozen importlib._bootstrap_external>", line 883, in exec_module
  File "<frozen importlib._bootstrap>", line 241, in _call_with_frames_removed
  File "/opt/airflow/dags/TesDatra.py", line 3, in <module>
    from airflow.providers.standard.operators.empty import EmptyOperator
ModuleNotFoundError: No module named 'airflow.providers.standard'
[2026-01-31T10:45:46.476+0000] {processor.py:842} WARNING - No viable dags retrieved from /opt/airflow/dags/TesDatra.py
[2026-01-31T10:45:46.525+0000] {processor.py:183} INFO - Processing /opt/airflow/dags/TesDatra.py took 0.084 seconds
[2026-01-31T10:46:16.868+0000] {processor.py:161} INFO - Started process (PID=115) to work on /opt/airflow/dags/TesDatra.py
[2026-01-31T10:46:16.870+0000] {processor.py:830} INFO - Processing file /opt/airflow/dags/TesDatra.py for tasks to queue
[2026-01-31T10:46:16.873+0000] {logging_mixin.py:188} INFO - [2026-01-31T10:46:16.872+0000] {dagbag.py:545} INFO - Filling up the DagBag from /opt/airflow/dags/TesDatra.py
[2026-01-31T10:46:16.889+0000] {logging_mixin.py:188} INFO - [2026-01-31T10:46:16.885+0000] {dagbag.py:355} ERROR - Failed to import: /opt/airflow/dags/TesDatra.py
Traceback (most recent call last):
  File "/home/airflow/.local/lib/python3.10/site-packages/airflow/models/dagbag.py", line 351, in parse
    loader.exec_module(new_module)
  File "<frozen importlib._bootstrap_external>", line 883, in exec_module
  File "<frozen importlib._bootstrap>", line 241, in _call_with_frames_removed
  File "/opt/airflow/dags/TesDatra.py", line 3, in <module>
    from airflow.providers.standard.operators.empty import EmptyOperator
ModuleNotFoundError: No module named 'airflow.providers.standard'
[2026-01-31T10:46:16.890+0000] {processor.py:842} WARNING - No viable dags retrieved from /opt/airflow/dags/TesDatra.py
[2026-01-31T10:46:16.932+0000] {processor.py:183} INFO - Processing /opt/airflow/dags/TesDatra.py took 0.072 seconds
[2026-01-31T10:46:47.475+0000] {processor.py:161} INFO - Started process (PID=125) to work on /opt/airflow/dags/TesDatra.py
[2026-01-31T10:46:47.476+0000] {processor.py:830} INFO - Processing file /opt/airflow/dags/TesDatra.py for tasks to queue
[2026-01-31T10:46:47.479+0000] {logging_mixin.py:188} INFO - [2026-01-31T10:46:47.478+0000] {dagbag.py:545} INFO - Filling up the DagBag from /opt/airflow/dags/TesDatra.py
[2026-01-31T10:46:47.503+0000] {logging_mixin.py:188} INFO - [2026-01-31T10:46:47.498+0000] {dagbag.py:355} ERROR - Failed to import: /opt/airflow/dags/TesDatra.py
Traceback (most recent call last):
  File "/home/airflow/.local/lib/python3.10/site-packages/airflow/models/dagbag.py", line 351, in parse
    loader.exec_module(new_module)
  File "<frozen importlib._bootstrap_external>", line 883, in exec_module
  File "<frozen importlib._bootstrap>", line 241, in _call_with_frames_removed
  File "/opt/airflow/dags/TesDatra.py", line 3, in <module>
    from airflow.providers.standard.operators.empty import EmptyOperator
ModuleNotFoundError: No module named 'airflow.providers.standard'
[2026-01-31T10:46:47.505+0000] {processor.py:842} WARNING - No viable dags retrieved from /opt/airflow/dags/TesDatra.py
[2026-01-31T10:46:47.563+0000] {processor.py:183} INFO - Processing /opt/airflow/dags/TesDatra.py took 0.095 seconds
[2026-01-31T10:47:18.742+0000] {processor.py:161} INFO - Started process (PID=135) to work on /opt/airflow/dags/TesDatra.py
[2026-01-31T10:47:18.744+0000] {processor.py:830} INFO - Processing file /opt/airflow/dags/TesDatra.py for tasks to queue
[2026-01-31T10:47:18.746+0000] {logging_mixin.py:188} INFO - [2026-01-31T10:47:18.746+0000] {dagbag.py:545} INFO - Filling up the DagBag from /opt/airflow/dags/TesDatra.py
[2026-01-31T10:47:18.768+0000] {logging_mixin.py:188} INFO - [2026-01-31T10:47:18.764+0000] {dagbag.py:355} ERROR - Failed to import: /opt/airflow/dags/TesDatra.py
Traceback (most recent call last):
  File "/home/airflow/.local/lib/python3.10/site-packages/airflow/models/dagbag.py", line 351, in parse
    loader.exec_module(new_module)
  File "<frozen importlib._bootstrap_external>", line 883, in exec_module
  File "<frozen importlib._bootstrap>", line 241, in _call_with_frames_removed
  File "/opt/airflow/dags/TesDatra.py", line 3, in <module>
    from airflow.providers.standard.operators.empty import EmptyOperator
ModuleNotFoundError: No module named 'airflow.providers.standard'
[2026-01-31T10:47:18.769+0000] {processor.py:842} WARNING - No viable dags retrieved from /opt/airflow/dags/TesDatra.py
[2026-01-31T10:47:18.826+0000] {processor.py:183} INFO - Processing /opt/airflow/dags/TesDatra.py took 0.089 seconds
