[2026-01-31T10:44:13.659+0000] {processor.py:161} INFO - Started process (PID=74) to work on /opt/airflow/dags/XcomExmpleDag.py
[2026-01-31T10:44:13.661+0000] {processor.py:830} INFO - Processing file /opt/airflow/dags/XcomExmpleDag.py for tasks to queue
[2026-01-31T10:44:13.665+0000] {logging_mixin.py:188} INFO - [2026-01-31T10:44:13.664+0000] {dagbag.py:545} INFO - Filling up the DagBag from /opt/airflow/dags/XcomExmpleDag.py
[2026-01-31T10:44:13.696+0000] {logging_mixin.py:188} INFO - [2026-01-31T10:44:13.695+0000] {dagbag.py:355} ERROR - Failed to import: /opt/airflow/dags/XcomExmpleDag.py
Traceback (most recent call last):
  File "/home/airflow/.local/lib/python3.10/site-packages/airflow/models/dagbag.py", line 351, in parse
    loader.exec_module(new_module)
  File "<frozen importlib._bootstrap_external>", line 879, in exec_module
  File "<frozen importlib._bootstrap_external>", line 1017, in get_code
  File "<frozen importlib._bootstrap_external>", line 947, in source_to_code
  File "<frozen importlib._bootstrap>", line 241, in _call_with_frames_removed
  File "/opt/airflow/dags/XcomExmpleDag.py", line 11
    context['it'].xcom_pull('file_size_count':100)
                                             ^
SyntaxError: invalid syntax
[2026-01-31T10:44:13.698+0000] {processor.py:842} WARNING - No viable dags retrieved from /opt/airflow/dags/XcomExmpleDag.py
[2026-01-31T10:44:13.770+0000] {processor.py:183} INFO - Processing /opt/airflow/dags/XcomExmpleDag.py took 0.120 seconds
[2026-01-31T10:44:44.157+0000] {processor.py:161} INFO - Started process (PID=84) to work on /opt/airflow/dags/XcomExmpleDag.py
[2026-01-31T10:44:44.158+0000] {processor.py:830} INFO - Processing file /opt/airflow/dags/XcomExmpleDag.py for tasks to queue
[2026-01-31T10:44:44.160+0000] {logging_mixin.py:188} INFO - [2026-01-31T10:44:44.160+0000] {dagbag.py:545} INFO - Filling up the DagBag from /opt/airflow/dags/XcomExmpleDag.py
[2026-01-31T10:44:44.173+0000] {logging_mixin.py:188} INFO - [2026-01-31T10:44:44.172+0000] {dagbag.py:355} ERROR - Failed to import: /opt/airflow/dags/XcomExmpleDag.py
Traceback (most recent call last):
  File "/home/airflow/.local/lib/python3.10/site-packages/airflow/models/dagbag.py", line 351, in parse
    loader.exec_module(new_module)
  File "<frozen importlib._bootstrap_external>", line 879, in exec_module
  File "<frozen importlib._bootstrap_external>", line 1017, in get_code
  File "<frozen importlib._bootstrap_external>", line 947, in source_to_code
  File "<frozen importlib._bootstrap>", line 241, in _call_with_frames_removed
  File "/opt/airflow/dags/XcomExmpleDag.py", line 11
    context['it'].xcom_pull('file_size_count':100)
                                             ^
SyntaxError: invalid syntax
[2026-01-31T10:44:44.174+0000] {processor.py:842} WARNING - No viable dags retrieved from /opt/airflow/dags/XcomExmpleDag.py
[2026-01-31T10:44:44.214+0000] {processor.py:183} INFO - Processing /opt/airflow/dags/XcomExmpleDag.py took 0.062 seconds
[2026-01-31T10:45:14.709+0000] {processor.py:161} INFO - Started process (PID=94) to work on /opt/airflow/dags/XcomExmpleDag.py
[2026-01-31T10:45:14.711+0000] {processor.py:830} INFO - Processing file /opt/airflow/dags/XcomExmpleDag.py for tasks to queue
[2026-01-31T10:45:14.713+0000] {logging_mixin.py:188} INFO - [2026-01-31T10:45:14.713+0000] {dagbag.py:545} INFO - Filling up the DagBag from /opt/airflow/dags/XcomExmpleDag.py
[2026-01-31T10:45:14.726+0000] {logging_mixin.py:188} INFO - [2026-01-31T10:45:14.726+0000] {dagbag.py:355} ERROR - Failed to import: /opt/airflow/dags/XcomExmpleDag.py
Traceback (most recent call last):
  File "/home/airflow/.local/lib/python3.10/site-packages/airflow/models/dagbag.py", line 351, in parse
    loader.exec_module(new_module)
  File "<frozen importlib._bootstrap_external>", line 879, in exec_module
  File "<frozen importlib._bootstrap_external>", line 1017, in get_code
  File "<frozen importlib._bootstrap_external>", line 947, in source_to_code
  File "<frozen importlib._bootstrap>", line 241, in _call_with_frames_removed
  File "/opt/airflow/dags/XcomExmpleDag.py", line 11
    context['it'].xcom_pull('file_size_count':100)
                                             ^
SyntaxError: invalid syntax
[2026-01-31T10:45:14.727+0000] {processor.py:842} WARNING - No viable dags retrieved from /opt/airflow/dags/XcomExmpleDag.py
[2026-01-31T10:45:14.766+0000] {processor.py:183} INFO - Processing /opt/airflow/dags/XcomExmpleDag.py took 0.062 seconds
[2026-01-31T10:45:45.144+0000] {processor.py:161} INFO - Started process (PID=104) to work on /opt/airflow/dags/XcomExmpleDag.py
[2026-01-31T10:45:45.146+0000] {processor.py:830} INFO - Processing file /opt/airflow/dags/XcomExmpleDag.py for tasks to queue
[2026-01-31T10:45:45.152+0000] {logging_mixin.py:188} INFO - [2026-01-31T10:45:45.151+0000] {dagbag.py:545} INFO - Filling up the DagBag from /opt/airflow/dags/XcomExmpleDag.py
[2026-01-31T10:45:45.179+0000] {logging_mixin.py:188} INFO - [2026-01-31T10:45:45.178+0000] {dagbag.py:355} ERROR - Failed to import: /opt/airflow/dags/XcomExmpleDag.py
Traceback (most recent call last):
  File "/home/airflow/.local/lib/python3.10/site-packages/airflow/models/dagbag.py", line 351, in parse
    loader.exec_module(new_module)
  File "<frozen importlib._bootstrap_external>", line 879, in exec_module
  File "<frozen importlib._bootstrap_external>", line 1017, in get_code
  File "<frozen importlib._bootstrap_external>", line 947, in source_to_code
  File "<frozen importlib._bootstrap>", line 241, in _call_with_frames_removed
  File "/opt/airflow/dags/XcomExmpleDag.py", line 11
    context['it'].xcom_pull('file_size_count':100)
                                             ^
SyntaxError: invalid syntax
[2026-01-31T10:45:45.180+0000] {processor.py:842} WARNING - No viable dags retrieved from /opt/airflow/dags/XcomExmpleDag.py
[2026-01-31T10:45:45.238+0000] {processor.py:183} INFO - Processing /opt/airflow/dags/XcomExmpleDag.py took 0.104 seconds
[2026-01-31T10:46:15.663+0000] {processor.py:161} INFO - Started process (PID=114) to work on /opt/airflow/dags/XcomExmpleDag.py
[2026-01-31T10:46:15.666+0000] {processor.py:830} INFO - Processing file /opt/airflow/dags/XcomExmpleDag.py for tasks to queue
[2026-01-31T10:46:15.668+0000] {logging_mixin.py:188} INFO - [2026-01-31T10:46:15.667+0000] {dagbag.py:545} INFO - Filling up the DagBag from /opt/airflow/dags/XcomExmpleDag.py
[2026-01-31T10:46:15.679+0000] {logging_mixin.py:188} INFO - [2026-01-31T10:46:15.678+0000] {dagbag.py:355} ERROR - Failed to import: /opt/airflow/dags/XcomExmpleDag.py
Traceback (most recent call last):
  File "/home/airflow/.local/lib/python3.10/site-packages/airflow/models/dagbag.py", line 351, in parse
    loader.exec_module(new_module)
  File "<frozen importlib._bootstrap_external>", line 879, in exec_module
  File "<frozen importlib._bootstrap_external>", line 1017, in get_code
  File "<frozen importlib._bootstrap_external>", line 947, in source_to_code
  File "<frozen importlib._bootstrap>", line 241, in _call_with_frames_removed
  File "/opt/airflow/dags/XcomExmpleDag.py", line 11
    context['it'].xcom_pull('file_size_count':100)
                                             ^
SyntaxError: invalid syntax
[2026-01-31T10:46:15.680+0000] {processor.py:842} WARNING - No viable dags retrieved from /opt/airflow/dags/XcomExmpleDag.py
[2026-01-31T10:46:15.719+0000] {processor.py:183} INFO - Processing /opt/airflow/dags/XcomExmpleDag.py took 0.063 seconds
[2026-01-31T10:46:46.037+0000] {processor.py:161} INFO - Started process (PID=124) to work on /opt/airflow/dags/XcomExmpleDag.py
[2026-01-31T10:46:46.039+0000] {processor.py:830} INFO - Processing file /opt/airflow/dags/XcomExmpleDag.py for tasks to queue
[2026-01-31T10:46:46.042+0000] {logging_mixin.py:188} INFO - [2026-01-31T10:46:46.042+0000] {dagbag.py:545} INFO - Filling up the DagBag from /opt/airflow/dags/XcomExmpleDag.py
[2026-01-31T10:46:46.067+0000] {logging_mixin.py:188} INFO - [2026-01-31T10:46:46.065+0000] {dagbag.py:355} ERROR - Failed to import: /opt/airflow/dags/XcomExmpleDag.py
Traceback (most recent call last):
  File "/home/airflow/.local/lib/python3.10/site-packages/airflow/models/dagbag.py", line 351, in parse
    loader.exec_module(new_module)
  File "<frozen importlib._bootstrap_external>", line 879, in exec_module
  File "<frozen importlib._bootstrap_external>", line 1017, in get_code
  File "<frozen importlib._bootstrap_external>", line 947, in source_to_code
  File "<frozen importlib._bootstrap>", line 241, in _call_with_frames_removed
  File "/opt/airflow/dags/XcomExmpleDag.py", line 11
    context['it'].xcom_pull('file_size_count':100)
                                             ^
SyntaxError: invalid syntax
[2026-01-31T10:46:46.067+0000] {processor.py:842} WARNING - No viable dags retrieved from /opt/airflow/dags/XcomExmpleDag.py
[2026-01-31T10:46:46.122+0000] {processor.py:183} INFO - Processing /opt/airflow/dags/XcomExmpleDag.py took 0.092 seconds
[2026-01-31T10:47:17.287+0000] {processor.py:161} INFO - Started process (PID=134) to work on /opt/airflow/dags/XcomExmpleDag.py
[2026-01-31T10:47:17.289+0000] {processor.py:830} INFO - Processing file /opt/airflow/dags/XcomExmpleDag.py for tasks to queue
[2026-01-31T10:47:17.290+0000] {logging_mixin.py:188} INFO - [2026-01-31T10:47:17.290+0000] {dagbag.py:545} INFO - Filling up the DagBag from /opt/airflow/dags/XcomExmpleDag.py
[2026-01-31T10:47:17.304+0000] {logging_mixin.py:188} INFO - [2026-01-31T10:47:17.303+0000] {dagbag.py:355} ERROR - Failed to import: /opt/airflow/dags/XcomExmpleDag.py
Traceback (most recent call last):
  File "/home/airflow/.local/lib/python3.10/site-packages/airflow/models/dagbag.py", line 351, in parse
    loader.exec_module(new_module)
  File "<frozen importlib._bootstrap_external>", line 879, in exec_module
  File "<frozen importlib._bootstrap_external>", line 1017, in get_code
  File "<frozen importlib._bootstrap_external>", line 947, in source_to_code
  File "<frozen importlib._bootstrap>", line 241, in _call_with_frames_removed
  File "/opt/airflow/dags/XcomExmpleDag.py", line 11
    context['it'].xcom_pull('file_size_count':100)
                                             ^
SyntaxError: invalid syntax
[2026-01-31T10:47:17.305+0000] {processor.py:842} WARNING - No viable dags retrieved from /opt/airflow/dags/XcomExmpleDag.py
[2026-01-31T10:47:17.349+0000] {processor.py:183} INFO - Processing /opt/airflow/dags/XcomExmpleDag.py took 0.067 seconds
