[2026-01-23T05:00:37.626+0000] {local_task_job_runner.py:120} INFO - ::group::Pre task execution logs
[2026-01-23T05:00:37.670+0000] {taskinstance.py:2076} INFO - Dependencies all met for dep_context=non-requeueable deps ti=<TaskInstance: BackFileExampleDemo.load_task scheduled__2026-01-22T00:00:00+00:00 [queued]>
[2026-01-23T05:00:37.690+0000] {taskinstance.py:2076} INFO - Dependencies all met for dep_context=requeueable deps ti=<TaskInstance: BackFileExampleDemo.load_task scheduled__2026-01-22T00:00:00+00:00 [queued]>
[2026-01-23T05:00:37.691+0000] {taskinstance.py:2306} INFO - Starting attempt 1 of 1
[2026-01-23T05:00:37.738+0000] {taskinstance.py:2330} INFO - Executing <Task(PythonOperator): load_task> on 2026-01-22 00:00:00+00:00
[2026-01-23T05:00:37.744+0000] {standard_task_runner.py:63} INFO - Started process 1960 to run task
[2026-01-23T05:00:37.751+0000] {standard_task_runner.py:90} INFO - Running: ['airflow', 'tasks', 'run', 'BackFileExampleDemo', 'load_task', 'scheduled__2026-01-22T00:00:00+00:00', '--job-id', '130', '--raw', '--subdir', 'DAGS_FOLDER/BackfillerExampleDemo.py', '--cfg-path', '/tmp/tmp1yhx9ol9']
[2026-01-23T05:00:37.756+0000] {standard_task_runner.py:91} INFO - Job 130: Subtask load_task
[2026-01-23T05:00:37.898+0000] {task_command.py:426} INFO - Running <TaskInstance: BackFileExampleDemo.load_task scheduled__2026-01-22T00:00:00+00:00 [running]> on host 2606720bf4f4
[2026-01-23T05:00:38.116+0000] {taskinstance.py:2648} INFO - Exporting env vars: AIRFLOW_CTX_DAG_OWNER='airflow' AIRFLOW_CTX_DAG_ID='BackFileExampleDemo' AIRFLOW_CTX_TASK_ID='load_task' AIRFLOW_CTX_EXECUTION_DATE='2026-01-22T00:00:00+00:00' AIRFLOW_CTX_TRY_NUMBER='1' AIRFLOW_CTX_DAG_RUN_ID='scheduled__2026-01-22T00:00:00+00:00'
[2026-01-23T05:00:38.117+0000] {taskinstance.py:430} INFO - ::endgroup::
[2026-01-23T05:00:38.142+0000] {logging_mixin.py:188} INFO - ✅ Reading file from: gs://sales-bucket/daily_sales/date=2026-01-22/sales.csv
[2026-01-23T05:00:38.142+0000] {logging_mixin.py:188} INFO - ✅ Loading into BigQuery partition for date: 2026-01-22
[2026-01-23T05:00:38.143+0000] {python.py:237} INFO - Done. Returned value was: None
[2026-01-23T05:00:38.144+0000] {taskinstance.py:441} INFO - ::group::Post task execution logs
[2026-01-23T05:00:38.163+0000] {taskinstance.py:1206} INFO - Marking task as SUCCESS. dag_id=BackFileExampleDemo, task_id=load_task, run_id=scheduled__2026-01-22T00:00:00+00:00, execution_date=20260122T000000, start_date=20260123T050037, end_date=20260123T050038
[2026-01-23T05:00:38.287+0000] {local_task_job_runner.py:240} INFO - Task exited with return code 0
[2026-01-23T05:00:38.339+0000] {taskinstance.py:3498} INFO - 0 downstream tasks scheduled from follow-on schedule check
[2026-01-23T05:00:38.342+0000] {local_task_job_runner.py:222} INFO - ::endgroup::
[2026-01-23T12:01:53.036+0000] {local_task_job_runner.py:120} INFO - ::group::Pre task execution logs
[2026-01-23T12:01:53.120+0000] {taskinstance.py:2076} INFO - Dependencies all met for dep_context=non-requeueable deps ti=<TaskInstance: BackFileExampleDemo.load_task scheduled__2026-01-22T00:00:00+00:00 [queued]>
[2026-01-23T12:01:53.154+0000] {taskinstance.py:2076} INFO - Dependencies all met for dep_context=requeueable deps ti=<TaskInstance: BackFileExampleDemo.load_task scheduled__2026-01-22T00:00:00+00:00 [queued]>
[2026-01-23T12:01:53.155+0000] {taskinstance.py:2306} INFO - Starting attempt 1 of 1
[2026-01-23T12:01:53.262+0000] {taskinstance.py:2330} INFO - Executing <Task(PythonOperator): load_task> on 2026-01-22 00:00:00+00:00
[2026-01-23T12:01:53.271+0000] {standard_task_runner.py:63} INFO - Started process 4407 to run task
[2026-01-23T12:01:53.279+0000] {standard_task_runner.py:90} INFO - Running: ['airflow', 'tasks', 'run', 'BackFileExampleDemo', 'load_task', 'scheduled__2026-01-22T00:00:00+00:00', '--job-id', '108', '--raw', '--subdir', 'DAGS_FOLDER/BackfillerExampleDemo.py', '--cfg-path', '/tmp/tmpt3aojarb']
[2026-01-23T12:01:53.283+0000] {standard_task_runner.py:91} INFO - Job 108: Subtask load_task
[2026-01-23T12:01:53.509+0000] {task_command.py:426} INFO - Running <TaskInstance: BackFileExampleDemo.load_task scheduled__2026-01-22T00:00:00+00:00 [running]> on host 2606720bf4f4
[2026-01-23T12:01:53.984+0000] {taskinstance.py:2648} INFO - Exporting env vars: AIRFLOW_CTX_DAG_OWNER='airflow' AIRFLOW_CTX_DAG_ID='BackFileExampleDemo' AIRFLOW_CTX_TASK_ID='load_task' AIRFLOW_CTX_EXECUTION_DATE='2026-01-22T00:00:00+00:00' AIRFLOW_CTX_TRY_NUMBER='1' AIRFLOW_CTX_DAG_RUN_ID='scheduled__2026-01-22T00:00:00+00:00'
[2026-01-23T12:01:53.986+0000] {taskinstance.py:430} INFO - ::endgroup::
[2026-01-23T12:01:54.027+0000] {logging_mixin.py:188} INFO - ✅ Reading file from: gs://sales-bucket/daily_sales/date=2026-01-22/sales.csv
[2026-01-23T12:01:54.029+0000] {logging_mixin.py:188} INFO - ✅ Loading into BigQuery partition for date: 2026-01-22
[2026-01-23T12:01:54.030+0000] {python.py:237} INFO - Done. Returned value was: None
[2026-01-23T12:01:54.032+0000] {taskinstance.py:441} INFO - ::group::Post task execution logs
[2026-01-23T12:01:54.076+0000] {taskinstance.py:1206} INFO - Marking task as SUCCESS. dag_id=BackFileExampleDemo, task_id=load_task, run_id=scheduled__2026-01-22T00:00:00+00:00, execution_date=20260122T000000, start_date=20260123T120153, end_date=20260123T120154
[2026-01-23T12:01:54.218+0000] {local_task_job_runner.py:240} INFO - Task exited with return code 0
[2026-01-23T12:01:54.269+0000] {taskinstance.py:3498} INFO - 0 downstream tasks scheduled from follow-on schedule check
[2026-01-23T12:01:54.273+0000] {local_task_job_runner.py:222} INFO - ::endgroup::
[2026-01-23T12:11:04.441+0000] {local_task_job_runner.py:120} INFO - ::group::Pre task execution logs
[2026-01-23T12:11:04.502+0000] {taskinstance.py:2076} INFO - Dependencies all met for dep_context=non-requeueable deps ti=<TaskInstance: BackFileExampleDemo.load_task scheduled__2026-01-22T00:00:00+00:00 [queued]>
[2026-01-23T12:11:04.523+0000] {taskinstance.py:2076} INFO - Dependencies all met for dep_context=requeueable deps ti=<TaskInstance: BackFileExampleDemo.load_task scheduled__2026-01-22T00:00:00+00:00 [queued]>
[2026-01-23T12:11:04.524+0000] {taskinstance.py:2306} INFO - Starting attempt 1 of 1
[2026-01-23T12:11:05.312+0000] {taskinstance.py:2330} INFO - Executing <Task(PythonOperator): load_task> on 2026-01-22 00:00:00+00:00
[2026-01-23T12:11:05.319+0000] {standard_task_runner.py:63} INFO - Started process 4599 to run task
[2026-01-23T12:11:05.328+0000] {standard_task_runner.py:90} INFO - Running: ['airflow', 'tasks', 'run', 'BackFileExampleDemo', 'load_task', 'scheduled__2026-01-22T00:00:00+00:00', '--job-id', '108', '--raw', '--subdir', 'DAGS_FOLDER/BackfillerExampleDemo.py', '--cfg-path', '/tmp/tmpomhpvjbn']
[2026-01-23T12:11:05.332+0000] {standard_task_runner.py:91} INFO - Job 108: Subtask load_task
[2026-01-23T12:11:06.046+0000] {task_command.py:426} INFO - Running <TaskInstance: BackFileExampleDemo.load_task scheduled__2026-01-22T00:00:00+00:00 [running]> on host 2606720bf4f4
[2026-01-23T12:11:06.345+0000] {taskinstance.py:2648} INFO - Exporting env vars: AIRFLOW_CTX_DAG_OWNER='airflow' AIRFLOW_CTX_DAG_ID='BackFileExampleDemo' AIRFLOW_CTX_TASK_ID='load_task' AIRFLOW_CTX_EXECUTION_DATE='2026-01-22T00:00:00+00:00' AIRFLOW_CTX_TRY_NUMBER='1' AIRFLOW_CTX_DAG_RUN_ID='scheduled__2026-01-22T00:00:00+00:00'
[2026-01-23T12:11:06.347+0000] {taskinstance.py:430} INFO - ::endgroup::
[2026-01-23T12:11:06.364+0000] {logging_mixin.py:188} INFO - ✅ Reading file from: gs://sales-bucket/daily_sales/date=2026-01-22/sales.csv
[2026-01-23T12:11:06.366+0000] {logging_mixin.py:188} INFO - ✅ Loading into BigQuery partition for date: 2026-01-22
[2026-01-23T12:11:06.367+0000] {python.py:237} INFO - Done. Returned value was: None
[2026-01-23T12:11:06.368+0000] {taskinstance.py:441} INFO - ::group::Post task execution logs
[2026-01-23T12:11:06.387+0000] {taskinstance.py:1206} INFO - Marking task as SUCCESS. dag_id=BackFileExampleDemo, task_id=load_task, run_id=scheduled__2026-01-22T00:00:00+00:00, execution_date=20260122T000000, start_date=20260123T121104, end_date=20260123T121106
[2026-01-23T12:11:06.469+0000] {local_task_job_runner.py:240} INFO - Task exited with return code 0
[2026-01-23T12:11:06.502+0000] {taskinstance.py:3498} INFO - 0 downstream tasks scheduled from follow-on schedule check
[2026-01-23T12:11:06.505+0000] {local_task_job_runner.py:222} INFO - ::endgroup::
[2026-01-23T12:14:18.009+0000] {local_task_job_runner.py:120} INFO - ::group::Pre task execution logs
[2026-01-23T12:14:18.049+0000] {taskinstance.py:2076} INFO - Dependencies all met for dep_context=non-requeueable deps ti=<TaskInstance: BackFileExampleDemo.load_task scheduled__2026-01-22T00:00:00+00:00 [queued]>
[2026-01-23T12:14:18.066+0000] {taskinstance.py:2076} INFO - Dependencies all met for dep_context=requeueable deps ti=<TaskInstance: BackFileExampleDemo.load_task scheduled__2026-01-22T00:00:00+00:00 [queued]>
[2026-01-23T12:14:18.067+0000] {taskinstance.py:2306} INFO - Starting attempt 1 of 1
[2026-01-23T12:14:18.134+0000] {taskinstance.py:2330} INFO - Executing <Task(PythonOperator): load_task> on 2026-01-22 00:00:00+00:00
[2026-01-23T12:14:18.139+0000] {standard_task_runner.py:63} INFO - Started process 4678 to run task
[2026-01-23T12:14:18.145+0000] {standard_task_runner.py:90} INFO - Running: ['airflow', 'tasks', 'run', 'BackFileExampleDemo', 'load_task', 'scheduled__2026-01-22T00:00:00+00:00', '--job-id', '108', '--raw', '--subdir', 'DAGS_FOLDER/BackfillerExampleDemo.py', '--cfg-path', '/tmp/tmplvdhypef']
[2026-01-23T12:14:18.148+0000] {standard_task_runner.py:91} INFO - Job 108: Subtask load_task
[2026-01-23T12:14:18.285+0000] {task_command.py:426} INFO - Running <TaskInstance: BackFileExampleDemo.load_task scheduled__2026-01-22T00:00:00+00:00 [running]> on host 2606720bf4f4
[2026-01-23T12:14:18.512+0000] {taskinstance.py:2648} INFO - Exporting env vars: AIRFLOW_CTX_DAG_OWNER='airflow' AIRFLOW_CTX_DAG_ID='BackFileExampleDemo' AIRFLOW_CTX_TASK_ID='load_task' AIRFLOW_CTX_EXECUTION_DATE='2026-01-22T00:00:00+00:00' AIRFLOW_CTX_TRY_NUMBER='1' AIRFLOW_CTX_DAG_RUN_ID='scheduled__2026-01-22T00:00:00+00:00'
[2026-01-23T12:14:18.514+0000] {taskinstance.py:430} INFO - ::endgroup::
[2026-01-23T12:14:18.528+0000] {logging_mixin.py:188} INFO - ✅ Reading file from: gs://sales-bucket/daily_sales/date=2026-01-22/sales.csv
[2026-01-23T12:14:18.529+0000] {logging_mixin.py:188} INFO - ✅ Loading into BigQuery partition for date: 2026-01-22
[2026-01-23T12:14:18.530+0000] {python.py:237} INFO - Done. Returned value was: None
[2026-01-23T12:14:18.531+0000] {taskinstance.py:441} INFO - ::group::Post task execution logs
[2026-01-23T12:14:18.552+0000] {taskinstance.py:1206} INFO - Marking task as SUCCESS. dag_id=BackFileExampleDemo, task_id=load_task, run_id=scheduled__2026-01-22T00:00:00+00:00, execution_date=20260122T000000, start_date=20260123T121418, end_date=20260123T121418
[2026-01-23T12:14:18.640+0000] {local_task_job_runner.py:240} INFO - Task exited with return code 0
[2026-01-23T12:14:18.677+0000] {taskinstance.py:3498} INFO - 0 downstream tasks scheduled from follow-on schedule check
[2026-01-23T12:14:18.681+0000] {local_task_job_runner.py:222} INFO - ::endgroup::
