[2026-01-24T02:48:27.030+0000] {processor.py:161} INFO - Started process (PID=5568) to work on /opt/airflow/dags/BackfillerExampleDemo.py
[2026-01-24T02:48:27.047+0000] {processor.py:830} INFO - Processing file /opt/airflow/dags/BackfillerExampleDemo.py for tasks to queue
[2026-01-24T02:48:27.064+0000] {logging_mixin.py:188} INFO - [2026-01-24T02:48:27.056+0000] {dagbag.py:545} INFO - Filling up the DagBag from /opt/airflow/dags/BackfillerExampleDemo.py
[2026-01-24T02:48:27.437+0000] {processor.py:840} INFO - DAG(s) 'BackFileExampleDemo' retrieved from /opt/airflow/dags/BackfillerExampleDemo.py
[2026-01-24T02:48:27.808+0000] {logging_mixin.py:188} INFO - [2026-01-24T02:48:27.807+0000] {dag.py:3096} INFO - Sync 1 DAGs
[2026-01-24T02:48:28.369+0000] {logging_mixin.py:188} INFO - [2026-01-24T02:48:28.368+0000] {dag.py:3954} INFO - Setting next_dagrun for BackFileExampleDemo to 2026-01-24 00:00:00+00:00, run_after=2026-01-25 00:00:00+00:00
[2026-01-24T02:48:29.322+0000] {processor.py:183} INFO - Processing /opt/airflow/dags/BackfillerExampleDemo.py took 2.349 seconds
[2026-01-24T02:49:09.350+0000] {processor.py:161} INFO - Started process (PID=5586) to work on /opt/airflow/dags/BackfillerExampleDemo.py
[2026-01-24T02:49:09.355+0000] {processor.py:830} INFO - Processing file /opt/airflow/dags/BackfillerExampleDemo.py for tasks to queue
[2026-01-24T02:49:09.362+0000] {logging_mixin.py:188} INFO - [2026-01-24T02:49:09.361+0000] {dagbag.py:545} INFO - Filling up the DagBag from /opt/airflow/dags/BackfillerExampleDemo.py
[2026-01-24T02:49:09.431+0000] {processor.py:840} INFO - DAG(s) 'BackFileExampleDemo' retrieved from /opt/airflow/dags/BackfillerExampleDemo.py
[2026-01-24T02:49:09.514+0000] {logging_mixin.py:188} INFO - [2026-01-24T02:49:09.513+0000] {dag.py:3096} INFO - Sync 1 DAGs
[2026-01-24T02:49:09.593+0000] {logging_mixin.py:188} INFO - [2026-01-24T02:49:09.592+0000] {dag.py:3954} INFO - Setting next_dagrun for BackFileExampleDemo to 2026-01-24 00:00:00+00:00, run_after=2026-01-25 00:00:00+00:00
[2026-01-24T02:49:09.794+0000] {processor.py:183} INFO - Processing /opt/airflow/dags/BackfillerExampleDemo.py took 0.464 seconds
[2026-01-24T02:49:41.533+0000] {processor.py:161} INFO - Started process (PID=5596) to work on /opt/airflow/dags/BackfillerExampleDemo.py
[2026-01-24T02:49:41.536+0000] {processor.py:830} INFO - Processing file /opt/airflow/dags/BackfillerExampleDemo.py for tasks to queue
[2026-01-24T02:49:41.542+0000] {logging_mixin.py:188} INFO - [2026-01-24T02:49:41.541+0000] {dagbag.py:545} INFO - Filling up the DagBag from /opt/airflow/dags/BackfillerExampleDemo.py
[2026-01-24T02:49:41.614+0000] {processor.py:840} INFO - DAG(s) 'BackFileExampleDemo' retrieved from /opt/airflow/dags/BackfillerExampleDemo.py
[2026-01-24T02:49:41.695+0000] {logging_mixin.py:188} INFO - [2026-01-24T02:49:41.694+0000] {dag.py:3096} INFO - Sync 1 DAGs
[2026-01-24T02:49:41.766+0000] {logging_mixin.py:188} INFO - [2026-01-24T02:49:41.766+0000] {dag.py:3954} INFO - Setting next_dagrun for BackFileExampleDemo to 2026-01-24 00:00:00+00:00, run_after=2026-01-25 00:00:00+00:00
[2026-01-24T02:49:42.511+0000] {processor.py:183} INFO - Processing /opt/airflow/dags/BackfillerExampleDemo.py took 0.995 seconds
[2026-01-24T02:50:12.886+0000] {processor.py:161} INFO - Started process (PID=5606) to work on /opt/airflow/dags/BackfillerExampleDemo.py
[2026-01-24T02:50:12.891+0000] {processor.py:830} INFO - Processing file /opt/airflow/dags/BackfillerExampleDemo.py for tasks to queue
[2026-01-24T02:50:12.902+0000] {logging_mixin.py:188} INFO - [2026-01-24T02:50:12.900+0000] {dagbag.py:545} INFO - Filling up the DagBag from /opt/airflow/dags/BackfillerExampleDemo.py
[2026-01-24T02:50:12.971+0000] {processor.py:840} INFO - DAG(s) 'BackFileExampleDemo' retrieved from /opt/airflow/dags/BackfillerExampleDemo.py
[2026-01-24T02:50:13.095+0000] {logging_mixin.py:188} INFO - [2026-01-24T02:50:13.093+0000] {dag.py:3096} INFO - Sync 1 DAGs
[2026-01-24T02:50:13.173+0000] {logging_mixin.py:188} INFO - [2026-01-24T02:50:13.173+0000] {dag.py:3954} INFO - Setting next_dagrun for BackFileExampleDemo to 2026-01-24 00:00:00+00:00, run_after=2026-01-25 00:00:00+00:00
[2026-01-24T02:50:13.367+0000] {processor.py:183} INFO - Processing /opt/airflow/dags/BackfillerExampleDemo.py took 0.502 seconds
[2026-01-24T02:50:45.013+0000] {processor.py:161} INFO - Started process (PID=5616) to work on /opt/airflow/dags/BackfillerExampleDemo.py
[2026-01-24T02:50:45.017+0000] {processor.py:830} INFO - Processing file /opt/airflow/dags/BackfillerExampleDemo.py for tasks to queue
[2026-01-24T02:50:45.029+0000] {logging_mixin.py:188} INFO - [2026-01-24T02:50:45.027+0000] {dagbag.py:545} INFO - Filling up the DagBag from /opt/airflow/dags/BackfillerExampleDemo.py
[2026-01-24T02:50:45.099+0000] {processor.py:840} INFO - DAG(s) 'BackFileExampleDemo' retrieved from /opt/airflow/dags/BackfillerExampleDemo.py
[2026-01-24T02:50:45.190+0000] {logging_mixin.py:188} INFO - [2026-01-24T02:50:45.189+0000] {dag.py:3096} INFO - Sync 1 DAGs
[2026-01-24T02:50:45.279+0000] {logging_mixin.py:188} INFO - [2026-01-24T02:50:45.279+0000] {dag.py:3954} INFO - Setting next_dagrun for BackFileExampleDemo to 2026-01-24 00:00:00+00:00, run_after=2026-01-25 00:00:00+00:00
[2026-01-24T02:50:45.493+0000] {processor.py:183} INFO - Processing /opt/airflow/dags/BackfillerExampleDemo.py took 0.504 seconds
[2026-01-24T02:51:16.580+0000] {processor.py:161} INFO - Started process (PID=5626) to work on /opt/airflow/dags/BackfillerExampleDemo.py
[2026-01-24T02:51:16.584+0000] {processor.py:830} INFO - Processing file /opt/airflow/dags/BackfillerExampleDemo.py for tasks to queue
[2026-01-24T02:51:16.590+0000] {logging_mixin.py:188} INFO - [2026-01-24T02:51:16.589+0000] {dagbag.py:545} INFO - Filling up the DagBag from /opt/airflow/dags/BackfillerExampleDemo.py
[2026-01-24T02:51:16.655+0000] {processor.py:840} INFO - DAG(s) 'BackFileExampleDemo' retrieved from /opt/airflow/dags/BackfillerExampleDemo.py
[2026-01-24T02:51:16.745+0000] {logging_mixin.py:188} INFO - [2026-01-24T02:51:16.742+0000] {dag.py:3096} INFO - Sync 1 DAGs
[2026-01-24T02:51:16.831+0000] {logging_mixin.py:188} INFO - [2026-01-24T02:51:16.831+0000] {dag.py:3954} INFO - Setting next_dagrun for BackFileExampleDemo to 2026-01-24 00:00:00+00:00, run_after=2026-01-25 00:00:00+00:00
[2026-01-24T02:51:17.037+0000] {processor.py:183} INFO - Processing /opt/airflow/dags/BackfillerExampleDemo.py took 0.473 seconds
[2026-01-24T02:51:48.571+0000] {processor.py:161} INFO - Started process (PID=5636) to work on /opt/airflow/dags/BackfillerExampleDemo.py
[2026-01-24T02:51:48.575+0000] {processor.py:830} INFO - Processing file /opt/airflow/dags/BackfillerExampleDemo.py for tasks to queue
[2026-01-24T02:51:48.583+0000] {logging_mixin.py:188} INFO - [2026-01-24T02:51:48.581+0000] {dagbag.py:545} INFO - Filling up the DagBag from /opt/airflow/dags/BackfillerExampleDemo.py
[2026-01-24T02:51:48.658+0000] {processor.py:840} INFO - DAG(s) 'BackFileExampleDemo' retrieved from /opt/airflow/dags/BackfillerExampleDemo.py
[2026-01-24T02:51:48.736+0000] {logging_mixin.py:188} INFO - [2026-01-24T02:51:48.735+0000] {dag.py:3096} INFO - Sync 1 DAGs
[2026-01-24T02:51:48.800+0000] {logging_mixin.py:188} INFO - [2026-01-24T02:51:48.799+0000] {dag.py:3954} INFO - Setting next_dagrun for BackFileExampleDemo to 2026-01-24 00:00:00+00:00, run_after=2026-01-25 00:00:00+00:00
[2026-01-24T02:51:48.995+0000] {processor.py:183} INFO - Processing /opt/airflow/dags/BackfillerExampleDemo.py took 0.448 seconds
[2026-01-24T02:52:19.218+0000] {processor.py:161} INFO - Started process (PID=5646) to work on /opt/airflow/dags/BackfillerExampleDemo.py
[2026-01-24T02:52:19.222+0000] {processor.py:830} INFO - Processing file /opt/airflow/dags/BackfillerExampleDemo.py for tasks to queue
[2026-01-24T02:52:19.228+0000] {logging_mixin.py:188} INFO - [2026-01-24T02:52:19.227+0000] {dagbag.py:545} INFO - Filling up the DagBag from /opt/airflow/dags/BackfillerExampleDemo.py
[2026-01-24T02:52:19.307+0000] {processor.py:840} INFO - DAG(s) 'BackFileExampleDemo' retrieved from /opt/airflow/dags/BackfillerExampleDemo.py
[2026-01-24T02:52:19.404+0000] {logging_mixin.py:188} INFO - [2026-01-24T02:52:19.404+0000] {dag.py:3096} INFO - Sync 1 DAGs
[2026-01-24T02:52:19.490+0000] {logging_mixin.py:188} INFO - [2026-01-24T02:52:19.489+0000] {dag.py:3954} INFO - Setting next_dagrun for BackFileExampleDemo to 2026-01-24 00:00:00+00:00, run_after=2026-01-25 00:00:00+00:00
[2026-01-24T02:52:19.760+0000] {processor.py:183} INFO - Processing /opt/airflow/dags/BackfillerExampleDemo.py took 0.559 seconds
[2026-01-24T02:52:51.302+0000] {processor.py:161} INFO - Started process (PID=5656) to work on /opt/airflow/dags/BackfillerExampleDemo.py
[2026-01-24T02:52:51.306+0000] {processor.py:830} INFO - Processing file /opt/airflow/dags/BackfillerExampleDemo.py for tasks to queue
[2026-01-24T02:52:51.315+0000] {logging_mixin.py:188} INFO - [2026-01-24T02:52:51.313+0000] {dagbag.py:545} INFO - Filling up the DagBag from /opt/airflow/dags/BackfillerExampleDemo.py
[2026-01-24T02:52:51.392+0000] {processor.py:840} INFO - DAG(s) 'BackFileExampleDemo' retrieved from /opt/airflow/dags/BackfillerExampleDemo.py
[2026-01-24T02:52:51.482+0000] {logging_mixin.py:188} INFO - [2026-01-24T02:52:51.480+0000] {dag.py:3096} INFO - Sync 1 DAGs
[2026-01-24T02:52:51.576+0000] {logging_mixin.py:188} INFO - [2026-01-24T02:52:51.575+0000] {dag.py:3954} INFO - Setting next_dagrun for BackFileExampleDemo to 2026-01-24 00:00:00+00:00, run_after=2026-01-25 00:00:00+00:00
[2026-01-24T02:52:51.776+0000] {processor.py:183} INFO - Processing /opt/airflow/dags/BackfillerExampleDemo.py took 0.494 seconds
[2026-01-24T02:53:22.492+0000] {processor.py:161} INFO - Started process (PID=5666) to work on /opt/airflow/dags/BackfillerExampleDemo.py
[2026-01-24T02:53:22.495+0000] {processor.py:830} INFO - Processing file /opt/airflow/dags/BackfillerExampleDemo.py for tasks to queue
[2026-01-24T02:53:22.502+0000] {logging_mixin.py:188} INFO - [2026-01-24T02:53:22.501+0000] {dagbag.py:545} INFO - Filling up the DagBag from /opt/airflow/dags/BackfillerExampleDemo.py
[2026-01-24T02:53:22.592+0000] {processor.py:840} INFO - DAG(s) 'BackFileExampleDemo' retrieved from /opt/airflow/dags/BackfillerExampleDemo.py
[2026-01-24T02:53:22.683+0000] {logging_mixin.py:188} INFO - [2026-01-24T02:53:22.682+0000] {dag.py:3096} INFO - Sync 1 DAGs
[2026-01-24T02:53:22.758+0000] {logging_mixin.py:188} INFO - [2026-01-24T02:53:22.758+0000] {dag.py:3954} INFO - Setting next_dagrun for BackFileExampleDemo to 2026-01-24 00:00:00+00:00, run_after=2026-01-25 00:00:00+00:00
[2026-01-24T02:53:22.968+0000] {processor.py:183} INFO - Processing /opt/airflow/dags/BackfillerExampleDemo.py took 0.496 seconds
[2026-01-24T02:53:53.825+0000] {processor.py:161} INFO - Started process (PID=5676) to work on /opt/airflow/dags/BackfillerExampleDemo.py
[2026-01-24T02:53:53.828+0000] {processor.py:830} INFO - Processing file /opt/airflow/dags/BackfillerExampleDemo.py for tasks to queue
[2026-01-24T02:53:53.834+0000] {logging_mixin.py:188} INFO - [2026-01-24T02:53:53.833+0000] {dagbag.py:545} INFO - Filling up the DagBag from /opt/airflow/dags/BackfillerExampleDemo.py
[2026-01-24T02:53:53.917+0000] {processor.py:840} INFO - DAG(s) 'BackFileExampleDemo' retrieved from /opt/airflow/dags/BackfillerExampleDemo.py
[2026-01-24T02:53:54.011+0000] {logging_mixin.py:188} INFO - [2026-01-24T02:53:54.010+0000] {dag.py:3096} INFO - Sync 1 DAGs
[2026-01-24T02:53:54.083+0000] {logging_mixin.py:188} INFO - [2026-01-24T02:53:54.082+0000] {dag.py:3954} INFO - Setting next_dagrun for BackFileExampleDemo to 2026-01-24 00:00:00+00:00, run_after=2026-01-25 00:00:00+00:00
[2026-01-24T02:53:54.295+0000] {processor.py:183} INFO - Processing /opt/airflow/dags/BackfillerExampleDemo.py took 0.486 seconds
[2026-01-24T02:54:25.376+0000] {processor.py:161} INFO - Started process (PID=5686) to work on /opt/airflow/dags/BackfillerExampleDemo.py
[2026-01-24T02:54:25.380+0000] {processor.py:830} INFO - Processing file /opt/airflow/dags/BackfillerExampleDemo.py for tasks to queue
[2026-01-24T02:54:25.389+0000] {logging_mixin.py:188} INFO - [2026-01-24T02:54:25.388+0000] {dagbag.py:545} INFO - Filling up the DagBag from /opt/airflow/dags/BackfillerExampleDemo.py
[2026-01-24T02:54:25.473+0000] {processor.py:840} INFO - DAG(s) 'BackFileExampleDemo' retrieved from /opt/airflow/dags/BackfillerExampleDemo.py
[2026-01-24T02:54:25.618+0000] {logging_mixin.py:188} INFO - [2026-01-24T02:54:25.616+0000] {dag.py:3096} INFO - Sync 1 DAGs
[2026-01-24T02:54:25.740+0000] {logging_mixin.py:188} INFO - [2026-01-24T02:54:25.739+0000] {dag.py:3954} INFO - Setting next_dagrun for BackFileExampleDemo to 2026-01-24 00:00:00+00:00, run_after=2026-01-25 00:00:00+00:00
[2026-01-24T02:54:26.046+0000] {processor.py:183} INFO - Processing /opt/airflow/dags/BackfillerExampleDemo.py took 0.696 seconds
[2026-01-24T02:54:57.183+0000] {processor.py:161} INFO - Started process (PID=5696) to work on /opt/airflow/dags/BackfillerExampleDemo.py
[2026-01-24T02:54:57.184+0000] {processor.py:830} INFO - Processing file /opt/airflow/dags/BackfillerExampleDemo.py for tasks to queue
[2026-01-24T02:54:57.187+0000] {logging_mixin.py:188} INFO - [2026-01-24T02:54:57.186+0000] {dagbag.py:545} INFO - Filling up the DagBag from /opt/airflow/dags/BackfillerExampleDemo.py
[2026-01-24T02:54:57.219+0000] {processor.py:840} INFO - DAG(s) 'BackFileExampleDemo' retrieved from /opt/airflow/dags/BackfillerExampleDemo.py
[2026-01-24T02:54:57.260+0000] {logging_mixin.py:188} INFO - [2026-01-24T02:54:57.259+0000] {dag.py:3096} INFO - Sync 1 DAGs
[2026-01-24T02:54:57.296+0000] {logging_mixin.py:188} INFO - [2026-01-24T02:54:57.295+0000] {dag.py:3954} INFO - Setting next_dagrun for BackFileExampleDemo to 2026-01-24 00:00:00+00:00, run_after=2026-01-25 00:00:00+00:00
[2026-01-24T02:54:57.387+0000] {processor.py:183} INFO - Processing /opt/airflow/dags/BackfillerExampleDemo.py took 0.210 seconds
[2026-01-24T02:55:28.571+0000] {processor.py:161} INFO - Started process (PID=5706) to work on /opt/airflow/dags/BackfillerExampleDemo.py
[2026-01-24T02:55:28.572+0000] {processor.py:830} INFO - Processing file /opt/airflow/dags/BackfillerExampleDemo.py for tasks to queue
[2026-01-24T02:55:28.575+0000] {logging_mixin.py:188} INFO - [2026-01-24T02:55:28.575+0000] {dagbag.py:545} INFO - Filling up the DagBag from /opt/airflow/dags/BackfillerExampleDemo.py
[2026-01-24T02:55:28.604+0000] {processor.py:840} INFO - DAG(s) 'BackFileExampleDemo' retrieved from /opt/airflow/dags/BackfillerExampleDemo.py
[2026-01-24T02:55:28.647+0000] {logging_mixin.py:188} INFO - [2026-01-24T02:55:28.647+0000] {dag.py:3096} INFO - Sync 1 DAGs
[2026-01-24T02:55:28.684+0000] {logging_mixin.py:188} INFO - [2026-01-24T02:55:28.684+0000] {dag.py:3954} INFO - Setting next_dagrun for BackFileExampleDemo to 2026-01-24 00:00:00+00:00, run_after=2026-01-25 00:00:00+00:00
[2026-01-24T02:55:28.770+0000] {processor.py:183} INFO - Processing /opt/airflow/dags/BackfillerExampleDemo.py took 0.207 seconds
[2026-01-24T02:55:59.076+0000] {processor.py:161} INFO - Started process (PID=5716) to work on /opt/airflow/dags/BackfillerExampleDemo.py
[2026-01-24T02:55:59.077+0000] {processor.py:830} INFO - Processing file /opt/airflow/dags/BackfillerExampleDemo.py for tasks to queue
[2026-01-24T02:55:59.079+0000] {logging_mixin.py:188} INFO - [2026-01-24T02:55:59.079+0000] {dagbag.py:545} INFO - Filling up the DagBag from /opt/airflow/dags/BackfillerExampleDemo.py
[2026-01-24T02:55:59.105+0000] {processor.py:840} INFO - DAG(s) 'BackFileExampleDemo' retrieved from /opt/airflow/dags/BackfillerExampleDemo.py
[2026-01-24T02:55:59.144+0000] {logging_mixin.py:188} INFO - [2026-01-24T02:55:59.143+0000] {dag.py:3096} INFO - Sync 1 DAGs
[2026-01-24T02:55:59.177+0000] {logging_mixin.py:188} INFO - [2026-01-24T02:55:59.176+0000] {dag.py:3954} INFO - Setting next_dagrun for BackFileExampleDemo to 2026-01-24 00:00:00+00:00, run_after=2026-01-25 00:00:00+00:00
[2026-01-24T02:55:59.252+0000] {processor.py:183} INFO - Processing /opt/airflow/dags/BackfillerExampleDemo.py took 0.184 seconds
[2026-01-24T02:56:29.437+0000] {processor.py:161} INFO - Started process (PID=5726) to work on /opt/airflow/dags/BackfillerExampleDemo.py
[2026-01-24T02:56:29.438+0000] {processor.py:830} INFO - Processing file /opt/airflow/dags/BackfillerExampleDemo.py for tasks to queue
[2026-01-24T02:56:29.441+0000] {logging_mixin.py:188} INFO - [2026-01-24T02:56:29.441+0000] {dagbag.py:545} INFO - Filling up the DagBag from /opt/airflow/dags/BackfillerExampleDemo.py
[2026-01-24T02:56:29.458+0000] {processor.py:840} INFO - DAG(s) 'BackFileExampleDemo' retrieved from /opt/airflow/dags/BackfillerExampleDemo.py
[2026-01-24T02:56:29.496+0000] {logging_mixin.py:188} INFO - [2026-01-24T02:56:29.496+0000] {dag.py:3096} INFO - Sync 1 DAGs
[2026-01-24T02:56:29.533+0000] {logging_mixin.py:188} INFO - [2026-01-24T02:56:29.533+0000] {dag.py:3954} INFO - Setting next_dagrun for BackFileExampleDemo to 2026-01-24 00:00:00+00:00, run_after=2026-01-25 00:00:00+00:00
[2026-01-24T02:56:29.645+0000] {processor.py:183} INFO - Processing /opt/airflow/dags/BackfillerExampleDemo.py took 0.213 seconds
[2026-01-24T02:56:59.893+0000] {processor.py:161} INFO - Started process (PID=5736) to work on /opt/airflow/dags/BackfillerExampleDemo.py
[2026-01-24T02:56:59.894+0000] {processor.py:830} INFO - Processing file /opt/airflow/dags/BackfillerExampleDemo.py for tasks to queue
[2026-01-24T02:56:59.896+0000] {logging_mixin.py:188} INFO - [2026-01-24T02:56:59.896+0000] {dagbag.py:545} INFO - Filling up the DagBag from /opt/airflow/dags/BackfillerExampleDemo.py
[2026-01-24T02:56:59.919+0000] {processor.py:840} INFO - DAG(s) 'BackFileExampleDemo' retrieved from /opt/airflow/dags/BackfillerExampleDemo.py
[2026-01-24T02:56:59.964+0000] {logging_mixin.py:188} INFO - [2026-01-24T02:56:59.963+0000] {dag.py:3096} INFO - Sync 1 DAGs
[2026-01-24T02:56:59.997+0000] {logging_mixin.py:188} INFO - [2026-01-24T02:56:59.996+0000] {dag.py:3954} INFO - Setting next_dagrun for BackFileExampleDemo to 2026-01-24 00:00:00+00:00, run_after=2026-01-25 00:00:00+00:00
[2026-01-24T02:57:00.083+0000] {processor.py:183} INFO - Processing /opt/airflow/dags/BackfillerExampleDemo.py took 0.196 seconds
[2026-01-24T02:57:30.715+0000] {processor.py:161} INFO - Started process (PID=5746) to work on /opt/airflow/dags/BackfillerExampleDemo.py
[2026-01-24T02:57:30.716+0000] {processor.py:830} INFO - Processing file /opt/airflow/dags/BackfillerExampleDemo.py for tasks to queue
[2026-01-24T02:57:30.718+0000] {logging_mixin.py:188} INFO - [2026-01-24T02:57:30.718+0000] {dagbag.py:545} INFO - Filling up the DagBag from /opt/airflow/dags/BackfillerExampleDemo.py
[2026-01-24T02:57:30.741+0000] {processor.py:840} INFO - DAG(s) 'BackFileExampleDemo' retrieved from /opt/airflow/dags/BackfillerExampleDemo.py
[2026-01-24T02:57:30.779+0000] {logging_mixin.py:188} INFO - [2026-01-24T02:57:30.778+0000] {dag.py:3096} INFO - Sync 1 DAGs
[2026-01-24T02:57:30.813+0000] {logging_mixin.py:188} INFO - [2026-01-24T02:57:30.813+0000] {dag.py:3954} INFO - Setting next_dagrun for BackFileExampleDemo to 2026-01-24 00:00:00+00:00, run_after=2026-01-25 00:00:00+00:00
[2026-01-24T02:57:30.898+0000] {processor.py:183} INFO - Processing /opt/airflow/dags/BackfillerExampleDemo.py took 0.190 seconds
