[2026-01-24T02:49:02.478+0000] {processor.py:161} INFO - Started process (PID=5583) to work on /opt/airflow/dags/CustomerDataLoad_BigQuery.py
[2026-01-24T02:49:02.482+0000] {processor.py:830} INFO - Processing file /opt/airflow/dags/CustomerDataLoad_BigQuery.py for tasks to queue
[2026-01-24T02:49:02.487+0000] {logging_mixin.py:188} INFO - [2026-01-24T02:49:02.486+0000] {dagbag.py:545} INFO - Filling up the DagBag from /opt/airflow/dags/CustomerDataLoad_BigQuery.py
[2026-01-24T02:49:02.557+0000] {processor.py:840} INFO - DAG(s) 'CustomerDataLoadBigQuery' retrieved from /opt/airflow/dags/CustomerDataLoad_BigQuery.py
[2026-01-24T02:49:03.353+0000] {logging_mixin.py:188} INFO - [2026-01-24T02:49:03.353+0000] {dag.py:3096} INFO - Sync 1 DAGs
[2026-01-24T02:49:03.453+0000] {logging_mixin.py:188} INFO - [2026-01-24T02:49:03.453+0000] {dag.py:3954} INFO - Setting next_dagrun for CustomerDataLoadBigQuery to 2026-01-24 00:05:00+00:00, run_after=2026-01-24 01:05:00+00:00
[2026-01-24T02:49:03.715+0000] {processor.py:183} INFO - Processing /opt/airflow/dags/CustomerDataLoad_BigQuery.py took 1.254 seconds
[2026-01-24T02:49:35.104+0000] {processor.py:161} INFO - Started process (PID=5593) to work on /opt/airflow/dags/CustomerDataLoad_BigQuery.py
[2026-01-24T02:49:35.109+0000] {processor.py:830} INFO - Processing file /opt/airflow/dags/CustomerDataLoad_BigQuery.py for tasks to queue
[2026-01-24T02:49:35.118+0000] {logging_mixin.py:188} INFO - [2026-01-24T02:49:35.116+0000] {dagbag.py:545} INFO - Filling up the DagBag from /opt/airflow/dags/CustomerDataLoad_BigQuery.py
[2026-01-24T02:49:35.193+0000] {processor.py:840} INFO - DAG(s) 'CustomerDataLoadBigQuery' retrieved from /opt/airflow/dags/CustomerDataLoad_BigQuery.py
[2026-01-24T02:49:35.283+0000] {logging_mixin.py:188} INFO - [2026-01-24T02:49:35.282+0000] {dag.py:3096} INFO - Sync 1 DAGs
[2026-01-24T02:49:35.357+0000] {logging_mixin.py:188} INFO - [2026-01-24T02:49:35.357+0000] {dag.py:3954} INFO - Setting next_dagrun for CustomerDataLoadBigQuery to 2026-01-24 00:05:00+00:00, run_after=2026-01-24 01:05:00+00:00
[2026-01-24T02:49:35.607+0000] {processor.py:183} INFO - Processing /opt/airflow/dags/CustomerDataLoad_BigQuery.py took 0.526 seconds
[2026-01-24T02:50:06.892+0000] {processor.py:161} INFO - Started process (PID=5603) to work on /opt/airflow/dags/CustomerDataLoad_BigQuery.py
[2026-01-24T02:50:06.895+0000] {processor.py:830} INFO - Processing file /opt/airflow/dags/CustomerDataLoad_BigQuery.py for tasks to queue
[2026-01-24T02:50:06.902+0000] {logging_mixin.py:188} INFO - [2026-01-24T02:50:06.901+0000] {dagbag.py:545} INFO - Filling up the DagBag from /opt/airflow/dags/CustomerDataLoad_BigQuery.py
[2026-01-24T02:50:06.994+0000] {processor.py:840} INFO - DAG(s) 'CustomerDataLoadBigQuery' retrieved from /opt/airflow/dags/CustomerDataLoad_BigQuery.py
[2026-01-24T02:50:07.094+0000] {logging_mixin.py:188} INFO - [2026-01-24T02:50:07.093+0000] {dag.py:3096} INFO - Sync 1 DAGs
[2026-01-24T02:50:07.173+0000] {logging_mixin.py:188} INFO - [2026-01-24T02:50:07.173+0000] {dag.py:3954} INFO - Setting next_dagrun for CustomerDataLoadBigQuery to 2026-01-24 00:05:00+00:00, run_after=2026-01-24 01:05:00+00:00
[2026-01-24T02:50:07.343+0000] {processor.py:183} INFO - Processing /opt/airflow/dags/CustomerDataLoad_BigQuery.py took 0.516 seconds
[2026-01-24T02:50:38.325+0000] {processor.py:161} INFO - Started process (PID=5613) to work on /opt/airflow/dags/CustomerDataLoad_BigQuery.py
[2026-01-24T02:50:38.329+0000] {processor.py:830} INFO - Processing file /opt/airflow/dags/CustomerDataLoad_BigQuery.py for tasks to queue
[2026-01-24T02:50:38.337+0000] {logging_mixin.py:188} INFO - [2026-01-24T02:50:38.335+0000] {dagbag.py:545} INFO - Filling up the DagBag from /opt/airflow/dags/CustomerDataLoad_BigQuery.py
[2026-01-24T02:50:38.454+0000] {processor.py:840} INFO - DAG(s) 'CustomerDataLoadBigQuery' retrieved from /opt/airflow/dags/CustomerDataLoad_BigQuery.py
[2026-01-24T02:50:38.643+0000] {logging_mixin.py:188} INFO - [2026-01-24T02:50:38.641+0000] {dag.py:3096} INFO - Sync 1 DAGs
[2026-01-24T02:50:38.798+0000] {logging_mixin.py:188} INFO - [2026-01-24T02:50:38.797+0000] {dag.py:3954} INFO - Setting next_dagrun for CustomerDataLoadBigQuery to 2026-01-24 00:05:00+00:00, run_after=2026-01-24 01:05:00+00:00
[2026-01-24T02:50:39.195+0000] {processor.py:183} INFO - Processing /opt/airflow/dags/CustomerDataLoad_BigQuery.py took 0.894 seconds
[2026-01-24T02:51:10.488+0000] {processor.py:161} INFO - Started process (PID=5623) to work on /opt/airflow/dags/CustomerDataLoad_BigQuery.py
[2026-01-24T02:51:10.491+0000] {processor.py:830} INFO - Processing file /opt/airflow/dags/CustomerDataLoad_BigQuery.py for tasks to queue
[2026-01-24T02:51:10.497+0000] {logging_mixin.py:188} INFO - [2026-01-24T02:51:10.496+0000] {dagbag.py:545} INFO - Filling up the DagBag from /opt/airflow/dags/CustomerDataLoad_BigQuery.py
[2026-01-24T02:51:10.586+0000] {processor.py:840} INFO - DAG(s) 'CustomerDataLoadBigQuery' retrieved from /opt/airflow/dags/CustomerDataLoad_BigQuery.py
[2026-01-24T02:51:10.683+0000] {logging_mixin.py:188} INFO - [2026-01-24T02:51:10.683+0000] {dag.py:3096} INFO - Sync 1 DAGs
[2026-01-24T02:51:10.758+0000] {logging_mixin.py:188} INFO - [2026-01-24T02:51:10.757+0000] {dag.py:3954} INFO - Setting next_dagrun for CustomerDataLoadBigQuery to 2026-01-24 00:05:00+00:00, run_after=2026-01-24 01:05:00+00:00
[2026-01-24T02:51:10.967+0000] {processor.py:183} INFO - Processing /opt/airflow/dags/CustomerDataLoad_BigQuery.py took 0.500 seconds
[2026-01-24T02:51:42.278+0000] {processor.py:161} INFO - Started process (PID=5633) to work on /opt/airflow/dags/CustomerDataLoad_BigQuery.py
[2026-01-24T02:51:42.282+0000] {processor.py:830} INFO - Processing file /opt/airflow/dags/CustomerDataLoad_BigQuery.py for tasks to queue
[2026-01-24T02:51:42.293+0000] {logging_mixin.py:188} INFO - [2026-01-24T02:51:42.292+0000] {dagbag.py:545} INFO - Filling up the DagBag from /opt/airflow/dags/CustomerDataLoad_BigQuery.py
[2026-01-24T02:51:42.385+0000] {processor.py:840} INFO - DAG(s) 'CustomerDataLoadBigQuery' retrieved from /opt/airflow/dags/CustomerDataLoad_BigQuery.py
[2026-01-24T02:51:42.492+0000] {logging_mixin.py:188} INFO - [2026-01-24T02:51:42.492+0000] {dag.py:3096} INFO - Sync 1 DAGs
[2026-01-24T02:51:42.586+0000] {logging_mixin.py:188} INFO - [2026-01-24T02:51:42.585+0000] {dag.py:3954} INFO - Setting next_dagrun for CustomerDataLoadBigQuery to 2026-01-24 00:05:00+00:00, run_after=2026-01-24 01:05:00+00:00
[2026-01-24T02:51:42.820+0000] {processor.py:183} INFO - Processing /opt/airflow/dags/CustomerDataLoad_BigQuery.py took 0.561 seconds
[2026-01-24T02:52:13.139+0000] {processor.py:161} INFO - Started process (PID=5643) to work on /opt/airflow/dags/CustomerDataLoad_BigQuery.py
[2026-01-24T02:52:13.144+0000] {processor.py:830} INFO - Processing file /opt/airflow/dags/CustomerDataLoad_BigQuery.py for tasks to queue
[2026-01-24T02:52:13.160+0000] {logging_mixin.py:188} INFO - [2026-01-24T02:52:13.158+0000] {dagbag.py:545} INFO - Filling up the DagBag from /opt/airflow/dags/CustomerDataLoad_BigQuery.py
[2026-01-24T02:52:13.345+0000] {processor.py:840} INFO - DAG(s) 'CustomerDataLoadBigQuery' retrieved from /opt/airflow/dags/CustomerDataLoad_BigQuery.py
[2026-01-24T02:52:13.502+0000] {logging_mixin.py:188} INFO - [2026-01-24T02:52:13.501+0000] {dag.py:3096} INFO - Sync 1 DAGs
[2026-01-24T02:52:13.621+0000] {logging_mixin.py:188} INFO - [2026-01-24T02:52:13.620+0000] {dag.py:3954} INFO - Setting next_dagrun for CustomerDataLoadBigQuery to 2026-01-24 00:05:00+00:00, run_after=2026-01-24 01:05:00+00:00
[2026-01-24T02:52:13.865+0000] {processor.py:183} INFO - Processing /opt/airflow/dags/CustomerDataLoad_BigQuery.py took 0.766 seconds
[2026-01-24T02:52:44.507+0000] {processor.py:161} INFO - Started process (PID=5653) to work on /opt/airflow/dags/CustomerDataLoad_BigQuery.py
[2026-01-24T02:52:44.518+0000] {processor.py:830} INFO - Processing file /opt/airflow/dags/CustomerDataLoad_BigQuery.py for tasks to queue
[2026-01-24T02:52:44.524+0000] {logging_mixin.py:188} INFO - [2026-01-24T02:52:44.523+0000] {dagbag.py:545} INFO - Filling up the DagBag from /opt/airflow/dags/CustomerDataLoad_BigQuery.py
[2026-01-24T02:52:44.600+0000] {processor.py:840} INFO - DAG(s) 'CustomerDataLoadBigQuery' retrieved from /opt/airflow/dags/CustomerDataLoad_BigQuery.py
[2026-01-24T02:52:44.691+0000] {logging_mixin.py:188} INFO - [2026-01-24T02:52:44.691+0000] {dag.py:3096} INFO - Sync 1 DAGs
[2026-01-24T02:52:44.778+0000] {logging_mixin.py:188} INFO - [2026-01-24T02:52:44.777+0000] {dag.py:3954} INFO - Setting next_dagrun for CustomerDataLoadBigQuery to 2026-01-24 00:05:00+00:00, run_after=2026-01-24 01:05:00+00:00
[2026-01-24T02:52:44.986+0000] {processor.py:183} INFO - Processing /opt/airflow/dags/CustomerDataLoad_BigQuery.py took 0.498 seconds
[2026-01-24T02:53:16.122+0000] {processor.py:161} INFO - Started process (PID=5663) to work on /opt/airflow/dags/CustomerDataLoad_BigQuery.py
[2026-01-24T02:53:16.125+0000] {processor.py:830} INFO - Processing file /opt/airflow/dags/CustomerDataLoad_BigQuery.py for tasks to queue
[2026-01-24T02:53:16.132+0000] {logging_mixin.py:188} INFO - [2026-01-24T02:53:16.131+0000] {dagbag.py:545} INFO - Filling up the DagBag from /opt/airflow/dags/CustomerDataLoad_BigQuery.py
[2026-01-24T02:53:16.215+0000] {processor.py:840} INFO - DAG(s) 'CustomerDataLoadBigQuery' retrieved from /opt/airflow/dags/CustomerDataLoad_BigQuery.py
[2026-01-24T02:53:16.327+0000] {logging_mixin.py:188} INFO - [2026-01-24T02:53:16.327+0000] {dag.py:3096} INFO - Sync 1 DAGs
[2026-01-24T02:53:16.401+0000] {logging_mixin.py:188} INFO - [2026-01-24T02:53:16.401+0000] {dag.py:3954} INFO - Setting next_dagrun for CustomerDataLoadBigQuery to 2026-01-24 00:05:00+00:00, run_after=2026-01-24 01:05:00+00:00
[2026-01-24T02:53:16.633+0000] {processor.py:183} INFO - Processing /opt/airflow/dags/CustomerDataLoad_BigQuery.py took 0.528 seconds
[2026-01-24T02:53:47.749+0000] {processor.py:161} INFO - Started process (PID=5673) to work on /opt/airflow/dags/CustomerDataLoad_BigQuery.py
[2026-01-24T02:53:47.756+0000] {processor.py:830} INFO - Processing file /opt/airflow/dags/CustomerDataLoad_BigQuery.py for tasks to queue
[2026-01-24T02:53:47.763+0000] {logging_mixin.py:188} INFO - [2026-01-24T02:53:47.761+0000] {dagbag.py:545} INFO - Filling up the DagBag from /opt/airflow/dags/CustomerDataLoad_BigQuery.py
[2026-01-24T02:53:47.851+0000] {processor.py:840} INFO - DAG(s) 'CustomerDataLoadBigQuery' retrieved from /opt/airflow/dags/CustomerDataLoad_BigQuery.py
[2026-01-24T02:53:47.955+0000] {logging_mixin.py:188} INFO - [2026-01-24T02:53:47.954+0000] {dag.py:3096} INFO - Sync 1 DAGs
[2026-01-24T02:53:48.035+0000] {logging_mixin.py:188} INFO - [2026-01-24T02:53:48.035+0000] {dag.py:3954} INFO - Setting next_dagrun for CustomerDataLoadBigQuery to 2026-01-24 00:05:00+00:00, run_after=2026-01-24 01:05:00+00:00
[2026-01-24T02:53:48.244+0000] {processor.py:183} INFO - Processing /opt/airflow/dags/CustomerDataLoad_BigQuery.py took 0.516 seconds
[2026-01-24T02:54:19.461+0000] {processor.py:161} INFO - Started process (PID=5683) to work on /opt/airflow/dags/CustomerDataLoad_BigQuery.py
[2026-01-24T02:54:19.465+0000] {processor.py:830} INFO - Processing file /opt/airflow/dags/CustomerDataLoad_BigQuery.py for tasks to queue
[2026-01-24T02:54:19.470+0000] {logging_mixin.py:188} INFO - [2026-01-24T02:54:19.469+0000] {dagbag.py:545} INFO - Filling up the DagBag from /opt/airflow/dags/CustomerDataLoad_BigQuery.py
[2026-01-24T02:54:19.555+0000] {processor.py:840} INFO - DAG(s) 'CustomerDataLoadBigQuery' retrieved from /opt/airflow/dags/CustomerDataLoad_BigQuery.py
[2026-01-24T02:54:19.651+0000] {logging_mixin.py:188} INFO - [2026-01-24T02:54:19.650+0000] {dag.py:3096} INFO - Sync 1 DAGs
[2026-01-24T02:54:19.739+0000] {logging_mixin.py:188} INFO - [2026-01-24T02:54:19.738+0000] {dag.py:3954} INFO - Setting next_dagrun for CustomerDataLoadBigQuery to 2026-01-24 00:05:00+00:00, run_after=2026-01-24 01:05:00+00:00
[2026-01-24T02:54:19.936+0000] {processor.py:183} INFO - Processing /opt/airflow/dags/CustomerDataLoad_BigQuery.py took 0.492 seconds
[2026-01-24T02:54:50.184+0000] {processor.py:161} INFO - Started process (PID=5693) to work on /opt/airflow/dags/CustomerDataLoad_BigQuery.py
[2026-01-24T02:54:50.185+0000] {processor.py:830} INFO - Processing file /opt/airflow/dags/CustomerDataLoad_BigQuery.py for tasks to queue
[2026-01-24T02:54:50.188+0000] {logging_mixin.py:188} INFO - [2026-01-24T02:54:50.187+0000] {dagbag.py:545} INFO - Filling up the DagBag from /opt/airflow/dags/CustomerDataLoad_BigQuery.py
[2026-01-24T02:54:50.218+0000] {processor.py:840} INFO - DAG(s) 'CustomerDataLoadBigQuery' retrieved from /opt/airflow/dags/CustomerDataLoad_BigQuery.py
[2026-01-24T02:54:50.268+0000] {logging_mixin.py:188} INFO - [2026-01-24T02:54:50.268+0000] {dag.py:3096} INFO - Sync 1 DAGs
[2026-01-24T02:54:50.301+0000] {logging_mixin.py:188} INFO - [2026-01-24T02:54:50.301+0000] {dag.py:3954} INFO - Setting next_dagrun for CustomerDataLoadBigQuery to 2026-01-24 00:05:00+00:00, run_after=2026-01-24 01:05:00+00:00
[2026-01-24T02:54:50.368+0000] {processor.py:183} INFO - Processing /opt/airflow/dags/CustomerDataLoad_BigQuery.py took 0.191 seconds
[2026-01-24T02:55:20.976+0000] {processor.py:161} INFO - Started process (PID=5703) to work on /opt/airflow/dags/CustomerDataLoad_BigQuery.py
[2026-01-24T02:55:20.979+0000] {processor.py:830} INFO - Processing file /opt/airflow/dags/CustomerDataLoad_BigQuery.py for tasks to queue
[2026-01-24T02:55:20.982+0000] {logging_mixin.py:188} INFO - [2026-01-24T02:55:20.982+0000] {dagbag.py:545} INFO - Filling up the DagBag from /opt/airflow/dags/CustomerDataLoad_BigQuery.py
[2026-01-24T02:55:21.023+0000] {processor.py:840} INFO - DAG(s) 'CustomerDataLoadBigQuery' retrieved from /opt/airflow/dags/CustomerDataLoad_BigQuery.py
[2026-01-24T02:55:21.125+0000] {logging_mixin.py:188} INFO - [2026-01-24T02:55:21.124+0000] {dag.py:3096} INFO - Sync 1 DAGs
[2026-01-24T02:55:21.182+0000] {logging_mixin.py:188} INFO - [2026-01-24T02:55:21.182+0000] {dag.py:3954} INFO - Setting next_dagrun for CustomerDataLoadBigQuery to 2026-01-24 00:05:00+00:00, run_after=2026-01-24 01:05:00+00:00
[2026-01-24T02:55:21.279+0000] {processor.py:183} INFO - Processing /opt/airflow/dags/CustomerDataLoad_BigQuery.py took 0.313 seconds
[2026-01-24T02:55:51.818+0000] {processor.py:161} INFO - Started process (PID=5713) to work on /opt/airflow/dags/CustomerDataLoad_BigQuery.py
[2026-01-24T02:55:51.820+0000] {processor.py:830} INFO - Processing file /opt/airflow/dags/CustomerDataLoad_BigQuery.py for tasks to queue
[2026-01-24T02:55:51.822+0000] {logging_mixin.py:188} INFO - [2026-01-24T02:55:51.822+0000] {dagbag.py:545} INFO - Filling up the DagBag from /opt/airflow/dags/CustomerDataLoad_BigQuery.py
[2026-01-24T02:55:51.849+0000] {processor.py:840} INFO - DAG(s) 'CustomerDataLoadBigQuery' retrieved from /opt/airflow/dags/CustomerDataLoad_BigQuery.py
[2026-01-24T02:55:51.892+0000] {logging_mixin.py:188} INFO - [2026-01-24T02:55:51.892+0000] {dag.py:3096} INFO - Sync 1 DAGs
[2026-01-24T02:55:51.924+0000] {logging_mixin.py:188} INFO - [2026-01-24T02:55:51.924+0000] {dag.py:3954} INFO - Setting next_dagrun for CustomerDataLoadBigQuery to 2026-01-24 00:05:00+00:00, run_after=2026-01-24 01:05:00+00:00
[2026-01-24T02:55:52.018+0000] {processor.py:183} INFO - Processing /opt/airflow/dags/CustomerDataLoad_BigQuery.py took 0.206 seconds
[2026-01-24T02:56:22.216+0000] {processor.py:161} INFO - Started process (PID=5723) to work on /opt/airflow/dags/CustomerDataLoad_BigQuery.py
[2026-01-24T02:56:22.218+0000] {processor.py:830} INFO - Processing file /opt/airflow/dags/CustomerDataLoad_BigQuery.py for tasks to queue
[2026-01-24T02:56:22.220+0000] {logging_mixin.py:188} INFO - [2026-01-24T02:56:22.220+0000] {dagbag.py:545} INFO - Filling up the DagBag from /opt/airflow/dags/CustomerDataLoad_BigQuery.py
[2026-01-24T02:56:22.247+0000] {processor.py:840} INFO - DAG(s) 'CustomerDataLoadBigQuery' retrieved from /opt/airflow/dags/CustomerDataLoad_BigQuery.py
[2026-01-24T02:56:22.288+0000] {logging_mixin.py:188} INFO - [2026-01-24T02:56:22.288+0000] {dag.py:3096} INFO - Sync 1 DAGs
[2026-01-24T02:56:22.324+0000] {logging_mixin.py:188} INFO - [2026-01-24T02:56:22.324+0000] {dag.py:3954} INFO - Setting next_dagrun for CustomerDataLoadBigQuery to 2026-01-24 00:05:00+00:00, run_after=2026-01-24 01:05:00+00:00
[2026-01-24T02:56:22.419+0000] {processor.py:183} INFO - Processing /opt/airflow/dags/CustomerDataLoad_BigQuery.py took 0.210 seconds
[2026-01-24T02:56:52.591+0000] {processor.py:161} INFO - Started process (PID=5733) to work on /opt/airflow/dags/CustomerDataLoad_BigQuery.py
[2026-01-24T02:56:52.592+0000] {processor.py:830} INFO - Processing file /opt/airflow/dags/CustomerDataLoad_BigQuery.py for tasks to queue
[2026-01-24T02:56:52.596+0000] {logging_mixin.py:188} INFO - [2026-01-24T02:56:52.596+0000] {dagbag.py:545} INFO - Filling up the DagBag from /opt/airflow/dags/CustomerDataLoad_BigQuery.py
[2026-01-24T02:56:52.627+0000] {processor.py:840} INFO - DAG(s) 'CustomerDataLoadBigQuery' retrieved from /opt/airflow/dags/CustomerDataLoad_BigQuery.py
[2026-01-24T02:56:52.675+0000] {logging_mixin.py:188} INFO - [2026-01-24T02:56:52.675+0000] {dag.py:3096} INFO - Sync 1 DAGs
[2026-01-24T02:56:52.710+0000] {logging_mixin.py:188} INFO - [2026-01-24T02:56:52.710+0000] {dag.py:3954} INFO - Setting next_dagrun for CustomerDataLoadBigQuery to 2026-01-24 00:05:00+00:00, run_after=2026-01-24 01:05:00+00:00
[2026-01-24T02:56:52.796+0000] {processor.py:183} INFO - Processing /opt/airflow/dags/CustomerDataLoad_BigQuery.py took 0.211 seconds
[2026-01-24T02:57:23.739+0000] {processor.py:161} INFO - Started process (PID=5743) to work on /opt/airflow/dags/CustomerDataLoad_BigQuery.py
[2026-01-24T02:57:23.740+0000] {processor.py:830} INFO - Processing file /opt/airflow/dags/CustomerDataLoad_BigQuery.py for tasks to queue
[2026-01-24T02:57:23.742+0000] {logging_mixin.py:188} INFO - [2026-01-24T02:57:23.742+0000] {dagbag.py:545} INFO - Filling up the DagBag from /opt/airflow/dags/CustomerDataLoad_BigQuery.py
[2026-01-24T02:57:23.763+0000] {processor.py:840} INFO - DAG(s) 'CustomerDataLoadBigQuery' retrieved from /opt/airflow/dags/CustomerDataLoad_BigQuery.py
[2026-01-24T02:57:23.801+0000] {logging_mixin.py:188} INFO - [2026-01-24T02:57:23.801+0000] {dag.py:3096} INFO - Sync 1 DAGs
[2026-01-24T02:57:23.835+0000] {logging_mixin.py:188} INFO - [2026-01-24T02:57:23.835+0000] {dag.py:3954} INFO - Setting next_dagrun for CustomerDataLoadBigQuery to 2026-01-24 00:05:00+00:00, run_after=2026-01-24 01:05:00+00:00
[2026-01-24T02:57:23.895+0000] {processor.py:183} INFO - Processing /opt/airflow/dags/CustomerDataLoad_BigQuery.py took 0.161 seconds
