[2026-01-24T02:48:55.638+0000] {processor.py:161} INFO - Started process (PID=5579) to work on /opt/airflow/dags/DagDependency.py
[2026-01-24T02:48:55.642+0000] {processor.py:830} INFO - Processing file /opt/airflow/dags/DagDependency.py for tasks to queue
[2026-01-24T02:48:55.653+0000] {logging_mixin.py:188} INFO - [2026-01-24T02:48:55.651+0000] {dagbag.py:545} INFO - Filling up the DagBag from /opt/airflow/dags/DagDependency.py
[2026-01-24T02:48:55.733+0000] {logging_mixin.py:188} INFO - [2026-01-24T02:48:55.715+0000] {dagbag.py:355} ERROR - Failed to import: /opt/airflow/dags/DagDependency.py
Traceback (most recent call last):
  File "/home/airflow/.local/lib/python3.10/site-packages/airflow/models/dagbag.py", line 351, in parse
    loader.exec_module(new_module)
  File "<frozen importlib._bootstrap_external>", line 883, in exec_module
  File "<frozen importlib._bootstrap>", line 241, in _call_with_frames_removed
  File "/opt/airflow/dags/DagDependency.py", line 39, in <module>
    sleep_task=PythonOperator(
  File "/home/airflow/.local/lib/python3.10/site-packages/airflow/models/baseoperator.py", line 484, in apply_defaults
    result = func(self, **kwargs, default_args=default_args)
  File "/home/airflow/.local/lib/python3.10/site-packages/airflow/operators/python.py", line 220, in __init__
    super().__init__(**kwargs)
  File "/home/airflow/.local/lib/python3.10/site-packages/airflow/models/baseoperator.py", line 484, in apply_defaults
    result = func(self, **kwargs, default_args=default_args)
  File "/home/airflow/.local/lib/python3.10/site-packages/airflow/models/baseoperator.py", line 881, in __init__
    raise AirflowException(
airflow.exceptions.AirflowException: Invalid arguments were passed to PythonOperator (task_id: sleep_task). Invalid arguments were:
**kwargs: {'provider_context': True}
[2026-01-24T02:48:55.736+0000] {processor.py:842} WARNING - No viable dags retrieved from /opt/airflow/dags/DagDependency.py
[2026-01-24T02:48:55.871+0000] {processor.py:183} INFO - Processing /opt/airflow/dags/DagDependency.py took 0.265 seconds
[2026-01-24T02:49:27.935+0000] {processor.py:161} INFO - Started process (PID=5589) to work on /opt/airflow/dags/DagDependency.py
[2026-01-24T02:49:27.942+0000] {processor.py:830} INFO - Processing file /opt/airflow/dags/DagDependency.py for tasks to queue
[2026-01-24T02:49:27.955+0000] {logging_mixin.py:188} INFO - [2026-01-24T02:49:27.953+0000] {dagbag.py:545} INFO - Filling up the DagBag from /opt/airflow/dags/DagDependency.py
[2026-01-24T02:49:28.173+0000] {logging_mixin.py:188} INFO - [2026-01-24T02:49:28.127+0000] {dagbag.py:355} ERROR - Failed to import: /opt/airflow/dags/DagDependency.py
Traceback (most recent call last):
  File "/home/airflow/.local/lib/python3.10/site-packages/airflow/models/dagbag.py", line 351, in parse
    loader.exec_module(new_module)
  File "<frozen importlib._bootstrap_external>", line 883, in exec_module
  File "<frozen importlib._bootstrap>", line 241, in _call_with_frames_removed
  File "/opt/airflow/dags/DagDependency.py", line 39, in <module>
    sleep_task=PythonOperator(
  File "/home/airflow/.local/lib/python3.10/site-packages/airflow/models/baseoperator.py", line 484, in apply_defaults
    result = func(self, **kwargs, default_args=default_args)
  File "/home/airflow/.local/lib/python3.10/site-packages/airflow/operators/python.py", line 220, in __init__
    super().__init__(**kwargs)
  File "/home/airflow/.local/lib/python3.10/site-packages/airflow/models/baseoperator.py", line 484, in apply_defaults
    result = func(self, **kwargs, default_args=default_args)
  File "/home/airflow/.local/lib/python3.10/site-packages/airflow/models/baseoperator.py", line 881, in __init__
    raise AirflowException(
airflow.exceptions.AirflowException: Invalid arguments were passed to PythonOperator (task_id: sleep_task). Invalid arguments were:
**kwargs: {'provider_context': True}
[2026-01-24T02:49:28.178+0000] {processor.py:842} WARNING - No viable dags retrieved from /opt/airflow/dags/DagDependency.py
[2026-01-24T02:49:28.521+0000] {processor.py:183} INFO - Processing /opt/airflow/dags/DagDependency.py took 0.622 seconds
[2026-01-24T02:49:59.163+0000] {processor.py:161} INFO - Started process (PID=5599) to work on /opt/airflow/dags/DagDependency.py
[2026-01-24T02:49:59.166+0000] {processor.py:830} INFO - Processing file /opt/airflow/dags/DagDependency.py for tasks to queue
[2026-01-24T02:49:59.172+0000] {logging_mixin.py:188} INFO - [2026-01-24T02:49:59.171+0000] {dagbag.py:545} INFO - Filling up the DagBag from /opt/airflow/dags/DagDependency.py
[2026-01-24T02:49:59.258+0000] {logging_mixin.py:188} INFO - [2026-01-24T02:49:59.238+0000] {dagbag.py:355} ERROR - Failed to import: /opt/airflow/dags/DagDependency.py
Traceback (most recent call last):
  File "/home/airflow/.local/lib/python3.10/site-packages/airflow/models/dagbag.py", line 351, in parse
    loader.exec_module(new_module)
  File "<frozen importlib._bootstrap_external>", line 883, in exec_module
  File "<frozen importlib._bootstrap>", line 241, in _call_with_frames_removed
  File "/opt/airflow/dags/DagDependency.py", line 39, in <module>
    sleep_task=PythonOperator(
  File "/home/airflow/.local/lib/python3.10/site-packages/airflow/models/baseoperator.py", line 484, in apply_defaults
    result = func(self, **kwargs, default_args=default_args)
  File "/home/airflow/.local/lib/python3.10/site-packages/airflow/operators/python.py", line 220, in __init__
    super().__init__(**kwargs)
  File "/home/airflow/.local/lib/python3.10/site-packages/airflow/models/baseoperator.py", line 484, in apply_defaults
    result = func(self, **kwargs, default_args=default_args)
  File "/home/airflow/.local/lib/python3.10/site-packages/airflow/models/baseoperator.py", line 881, in __init__
    raise AirflowException(
airflow.exceptions.AirflowException: Invalid arguments were passed to PythonOperator (task_id: sleep_task). Invalid arguments were:
**kwargs: {'provider_context': True}
[2026-01-24T02:49:59.260+0000] {processor.py:842} WARNING - No viable dags retrieved from /opt/airflow/dags/DagDependency.py
[2026-01-24T02:49:59.401+0000] {processor.py:183} INFO - Processing /opt/airflow/dags/DagDependency.py took 0.255 seconds
[2026-01-24T02:50:30.959+0000] {processor.py:161} INFO - Started process (PID=5609) to work on /opt/airflow/dags/DagDependency.py
[2026-01-24T02:50:30.964+0000] {processor.py:830} INFO - Processing file /opt/airflow/dags/DagDependency.py for tasks to queue
[2026-01-24T02:50:30.975+0000] {logging_mixin.py:188} INFO - [2026-01-24T02:50:30.974+0000] {dagbag.py:545} INFO - Filling up the DagBag from /opt/airflow/dags/DagDependency.py
[2026-01-24T02:50:31.051+0000] {logging_mixin.py:188} INFO - [2026-01-24T02:50:31.035+0000] {dagbag.py:355} ERROR - Failed to import: /opt/airflow/dags/DagDependency.py
Traceback (most recent call last):
  File "/home/airflow/.local/lib/python3.10/site-packages/airflow/models/dagbag.py", line 351, in parse
    loader.exec_module(new_module)
  File "<frozen importlib._bootstrap_external>", line 883, in exec_module
  File "<frozen importlib._bootstrap>", line 241, in _call_with_frames_removed
  File "/opt/airflow/dags/DagDependency.py", line 39, in <module>
    sleep_task=PythonOperator(
  File "/home/airflow/.local/lib/python3.10/site-packages/airflow/models/baseoperator.py", line 484, in apply_defaults
    result = func(self, **kwargs, default_args=default_args)
  File "/home/airflow/.local/lib/python3.10/site-packages/airflow/operators/python.py", line 220, in __init__
    super().__init__(**kwargs)
  File "/home/airflow/.local/lib/python3.10/site-packages/airflow/models/baseoperator.py", line 484, in apply_defaults
    result = func(self, **kwargs, default_args=default_args)
  File "/home/airflow/.local/lib/python3.10/site-packages/airflow/models/baseoperator.py", line 881, in __init__
    raise AirflowException(
airflow.exceptions.AirflowException: Invalid arguments were passed to PythonOperator (task_id: sleep_task). Invalid arguments were:
**kwargs: {'provider_context': True}
[2026-01-24T02:50:31.054+0000] {processor.py:842} WARNING - No viable dags retrieved from /opt/airflow/dags/DagDependency.py
[2026-01-24T02:50:31.220+0000] {processor.py:183} INFO - Processing /opt/airflow/dags/DagDependency.py took 0.291 seconds
[2026-01-24T02:51:01.680+0000] {processor.py:161} INFO - Started process (PID=5619) to work on /opt/airflow/dags/DagDependency.py
[2026-01-24T02:51:01.683+0000] {processor.py:830} INFO - Processing file /opt/airflow/dags/DagDependency.py for tasks to queue
[2026-01-24T02:51:01.691+0000] {logging_mixin.py:188} INFO - [2026-01-24T02:51:01.689+0000] {dagbag.py:545} INFO - Filling up the DagBag from /opt/airflow/dags/DagDependency.py
[2026-01-24T02:51:01.766+0000] {logging_mixin.py:188} INFO - [2026-01-24T02:51:01.752+0000] {dagbag.py:355} ERROR - Failed to import: /opt/airflow/dags/DagDependency.py
Traceback (most recent call last):
  File "/home/airflow/.local/lib/python3.10/site-packages/airflow/models/dagbag.py", line 351, in parse
    loader.exec_module(new_module)
  File "<frozen importlib._bootstrap_external>", line 883, in exec_module
  File "<frozen importlib._bootstrap>", line 241, in _call_with_frames_removed
  File "/opt/airflow/dags/DagDependency.py", line 39, in <module>
    sleep_task=PythonOperator(
  File "/home/airflow/.local/lib/python3.10/site-packages/airflow/models/baseoperator.py", line 484, in apply_defaults
    result = func(self, **kwargs, default_args=default_args)
  File "/home/airflow/.local/lib/python3.10/site-packages/airflow/operators/python.py", line 220, in __init__
    super().__init__(**kwargs)
  File "/home/airflow/.local/lib/python3.10/site-packages/airflow/models/baseoperator.py", line 484, in apply_defaults
    result = func(self, **kwargs, default_args=default_args)
  File "/home/airflow/.local/lib/python3.10/site-packages/airflow/models/baseoperator.py", line 881, in __init__
    raise AirflowException(
airflow.exceptions.AirflowException: Invalid arguments were passed to PythonOperator (task_id: sleep_task). Invalid arguments were:
**kwargs: {'provider_context': True}
[2026-01-24T02:51:01.768+0000] {processor.py:842} WARNING - No viable dags retrieved from /opt/airflow/dags/DagDependency.py
[2026-01-24T02:51:01.889+0000] {processor.py:183} INFO - Processing /opt/airflow/dags/DagDependency.py took 0.228 seconds
[2026-01-24T02:51:33.303+0000] {processor.py:161} INFO - Started process (PID=5629) to work on /opt/airflow/dags/DagDependency.py
[2026-01-24T02:51:33.306+0000] {processor.py:830} INFO - Processing file /opt/airflow/dags/DagDependency.py for tasks to queue
[2026-01-24T02:51:33.311+0000] {logging_mixin.py:188} INFO - [2026-01-24T02:51:33.310+0000] {dagbag.py:545} INFO - Filling up the DagBag from /opt/airflow/dags/DagDependency.py
[2026-01-24T02:51:33.393+0000] {logging_mixin.py:188} INFO - [2026-01-24T02:51:33.373+0000] {dagbag.py:355} ERROR - Failed to import: /opt/airflow/dags/DagDependency.py
Traceback (most recent call last):
  File "/home/airflow/.local/lib/python3.10/site-packages/airflow/models/dagbag.py", line 351, in parse
    loader.exec_module(new_module)
  File "<frozen importlib._bootstrap_external>", line 883, in exec_module
  File "<frozen importlib._bootstrap>", line 241, in _call_with_frames_removed
  File "/opt/airflow/dags/DagDependency.py", line 39, in <module>
    sleep_task=PythonOperator(
  File "/home/airflow/.local/lib/python3.10/site-packages/airflow/models/baseoperator.py", line 484, in apply_defaults
    result = func(self, **kwargs, default_args=default_args)
  File "/home/airflow/.local/lib/python3.10/site-packages/airflow/operators/python.py", line 220, in __init__
    super().__init__(**kwargs)
  File "/home/airflow/.local/lib/python3.10/site-packages/airflow/models/baseoperator.py", line 484, in apply_defaults
    result = func(self, **kwargs, default_args=default_args)
  File "/home/airflow/.local/lib/python3.10/site-packages/airflow/models/baseoperator.py", line 881, in __init__
    raise AirflowException(
airflow.exceptions.AirflowException: Invalid arguments were passed to PythonOperator (task_id: sleep_task). Invalid arguments were:
**kwargs: {'provider_context': True}
[2026-01-24T02:51:33.395+0000] {processor.py:842} WARNING - No viable dags retrieved from /opt/airflow/dags/DagDependency.py
[2026-01-24T02:51:33.544+0000] {processor.py:183} INFO - Processing /opt/airflow/dags/DagDependency.py took 0.257 seconds
[2026-01-24T02:52:04.984+0000] {processor.py:161} INFO - Started process (PID=5639) to work on /opt/airflow/dags/DagDependency.py
[2026-01-24T02:52:04.988+0000] {processor.py:830} INFO - Processing file /opt/airflow/dags/DagDependency.py for tasks to queue
[2026-01-24T02:52:04.999+0000] {logging_mixin.py:188} INFO - [2026-01-24T02:52:04.996+0000] {dagbag.py:545} INFO - Filling up the DagBag from /opt/airflow/dags/DagDependency.py
[2026-01-24T02:52:05.081+0000] {logging_mixin.py:188} INFO - [2026-01-24T02:52:05.063+0000] {dagbag.py:355} ERROR - Failed to import: /opt/airflow/dags/DagDependency.py
Traceback (most recent call last):
  File "/home/airflow/.local/lib/python3.10/site-packages/airflow/models/dagbag.py", line 351, in parse
    loader.exec_module(new_module)
  File "<frozen importlib._bootstrap_external>", line 883, in exec_module
  File "<frozen importlib._bootstrap>", line 241, in _call_with_frames_removed
  File "/opt/airflow/dags/DagDependency.py", line 39, in <module>
    sleep_task=PythonOperator(
  File "/home/airflow/.local/lib/python3.10/site-packages/airflow/models/baseoperator.py", line 484, in apply_defaults
    result = func(self, **kwargs, default_args=default_args)
  File "/home/airflow/.local/lib/python3.10/site-packages/airflow/operators/python.py", line 220, in __init__
    super().__init__(**kwargs)
  File "/home/airflow/.local/lib/python3.10/site-packages/airflow/models/baseoperator.py", line 484, in apply_defaults
    result = func(self, **kwargs, default_args=default_args)
  File "/home/airflow/.local/lib/python3.10/site-packages/airflow/models/baseoperator.py", line 881, in __init__
    raise AirflowException(
airflow.exceptions.AirflowException: Invalid arguments were passed to PythonOperator (task_id: sleep_task). Invalid arguments were:
**kwargs: {'provider_context': True}
[2026-01-24T02:52:05.083+0000] {processor.py:842} WARNING - No viable dags retrieved from /opt/airflow/dags/DagDependency.py
[2026-01-24T02:52:05.221+0000] {processor.py:183} INFO - Processing /opt/airflow/dags/DagDependency.py took 0.267 seconds
[2026-01-24T02:52:36.231+0000] {processor.py:161} INFO - Started process (PID=5649) to work on /opt/airflow/dags/DagDependency.py
[2026-01-24T02:52:36.234+0000] {processor.py:830} INFO - Processing file /opt/airflow/dags/DagDependency.py for tasks to queue
[2026-01-24T02:52:36.240+0000] {logging_mixin.py:188} INFO - [2026-01-24T02:52:36.239+0000] {dagbag.py:545} INFO - Filling up the DagBag from /opt/airflow/dags/DagDependency.py
[2026-01-24T02:52:36.349+0000] {logging_mixin.py:188} INFO - [2026-01-24T02:52:36.326+0000] {dagbag.py:355} ERROR - Failed to import: /opt/airflow/dags/DagDependency.py
Traceback (most recent call last):
  File "/home/airflow/.local/lib/python3.10/site-packages/airflow/models/dagbag.py", line 351, in parse
    loader.exec_module(new_module)
  File "<frozen importlib._bootstrap_external>", line 883, in exec_module
  File "<frozen importlib._bootstrap>", line 241, in _call_with_frames_removed
  File "/opt/airflow/dags/DagDependency.py", line 39, in <module>
    sleep_task=PythonOperator(
  File "/home/airflow/.local/lib/python3.10/site-packages/airflow/models/baseoperator.py", line 484, in apply_defaults
    result = func(self, **kwargs, default_args=default_args)
  File "/home/airflow/.local/lib/python3.10/site-packages/airflow/operators/python.py", line 220, in __init__
    super().__init__(**kwargs)
  File "/home/airflow/.local/lib/python3.10/site-packages/airflow/models/baseoperator.py", line 484, in apply_defaults
    result = func(self, **kwargs, default_args=default_args)
  File "/home/airflow/.local/lib/python3.10/site-packages/airflow/models/baseoperator.py", line 881, in __init__
    raise AirflowException(
airflow.exceptions.AirflowException: Invalid arguments were passed to PythonOperator (task_id: sleep_task). Invalid arguments were:
**kwargs: {'provider_context': True}
[2026-01-24T02:52:36.351+0000] {processor.py:842} WARNING - No viable dags retrieved from /opt/airflow/dags/DagDependency.py
[2026-01-24T02:52:36.500+0000] {processor.py:183} INFO - Processing /opt/airflow/dags/DagDependency.py took 0.285 seconds
[2026-01-24T02:53:07.156+0000] {processor.py:161} INFO - Started process (PID=5659) to work on /opt/airflow/dags/DagDependency.py
[2026-01-24T02:53:07.160+0000] {processor.py:830} INFO - Processing file /opt/airflow/dags/DagDependency.py for tasks to queue
[2026-01-24T02:53:07.168+0000] {logging_mixin.py:188} INFO - [2026-01-24T02:53:07.167+0000] {dagbag.py:545} INFO - Filling up the DagBag from /opt/airflow/dags/DagDependency.py
[2026-01-24T02:53:07.227+0000] {logging_mixin.py:188} INFO - [2026-01-24T02:53:07.206+0000] {dagbag.py:355} ERROR - Failed to import: /opt/airflow/dags/DagDependency.py
Traceback (most recent call last):
  File "/home/airflow/.local/lib/python3.10/site-packages/airflow/models/dagbag.py", line 351, in parse
    loader.exec_module(new_module)
  File "<frozen importlib._bootstrap_external>", line 883, in exec_module
  File "<frozen importlib._bootstrap>", line 241, in _call_with_frames_removed
  File "/opt/airflow/dags/DagDependency.py", line 39, in <module>
    sleep_task=PythonOperator(
  File "/home/airflow/.local/lib/python3.10/site-packages/airflow/models/baseoperator.py", line 484, in apply_defaults
    result = func(self, **kwargs, default_args=default_args)
  File "/home/airflow/.local/lib/python3.10/site-packages/airflow/operators/python.py", line 220, in __init__
    super().__init__(**kwargs)
  File "/home/airflow/.local/lib/python3.10/site-packages/airflow/models/baseoperator.py", line 484, in apply_defaults
    result = func(self, **kwargs, default_args=default_args)
  File "/home/airflow/.local/lib/python3.10/site-packages/airflow/models/baseoperator.py", line 881, in __init__
    raise AirflowException(
airflow.exceptions.AirflowException: Invalid arguments were passed to PythonOperator (task_id: sleep_task). Invalid arguments were:
**kwargs: {'provider_context': True}
[2026-01-24T02:53:07.229+0000] {processor.py:842} WARNING - No viable dags retrieved from /opt/airflow/dags/DagDependency.py
[2026-01-24T02:53:07.373+0000] {processor.py:183} INFO - Processing /opt/airflow/dags/DagDependency.py took 0.259 seconds
[2026-01-24T02:53:38.727+0000] {processor.py:161} INFO - Started process (PID=5669) to work on /opt/airflow/dags/DagDependency.py
[2026-01-24T02:53:38.730+0000] {processor.py:830} INFO - Processing file /opt/airflow/dags/DagDependency.py for tasks to queue
[2026-01-24T02:53:38.738+0000] {logging_mixin.py:188} INFO - [2026-01-24T02:53:38.737+0000] {dagbag.py:545} INFO - Filling up the DagBag from /opt/airflow/dags/DagDependency.py
[2026-01-24T02:53:38.814+0000] {logging_mixin.py:188} INFO - [2026-01-24T02:53:38.797+0000] {dagbag.py:355} ERROR - Failed to import: /opt/airflow/dags/DagDependency.py
Traceback (most recent call last):
  File "/home/airflow/.local/lib/python3.10/site-packages/airflow/models/dagbag.py", line 351, in parse
    loader.exec_module(new_module)
  File "<frozen importlib._bootstrap_external>", line 883, in exec_module
  File "<frozen importlib._bootstrap>", line 241, in _call_with_frames_removed
  File "/opt/airflow/dags/DagDependency.py", line 39, in <module>
    sleep_task=PythonOperator(
  File "/home/airflow/.local/lib/python3.10/site-packages/airflow/models/baseoperator.py", line 484, in apply_defaults
    result = func(self, **kwargs, default_args=default_args)
  File "/home/airflow/.local/lib/python3.10/site-packages/airflow/operators/python.py", line 220, in __init__
    super().__init__(**kwargs)
  File "/home/airflow/.local/lib/python3.10/site-packages/airflow/models/baseoperator.py", line 484, in apply_defaults
    result = func(self, **kwargs, default_args=default_args)
  File "/home/airflow/.local/lib/python3.10/site-packages/airflow/models/baseoperator.py", line 881, in __init__
    raise AirflowException(
airflow.exceptions.AirflowException: Invalid arguments were passed to PythonOperator (task_id: sleep_task). Invalid arguments were:
**kwargs: {'provider_context': True}
[2026-01-24T02:53:38.815+0000] {processor.py:842} WARNING - No viable dags retrieved from /opt/airflow/dags/DagDependency.py
[2026-01-24T02:53:38.951+0000] {processor.py:183} INFO - Processing /opt/airflow/dags/DagDependency.py took 0.243 seconds
[2026-01-24T02:54:09.320+0000] {processor.py:161} INFO - Started process (PID=5679) to work on /opt/airflow/dags/DagDependency.py
[2026-01-24T02:54:09.324+0000] {processor.py:830} INFO - Processing file /opt/airflow/dags/DagDependency.py for tasks to queue
[2026-01-24T02:54:09.330+0000] {logging_mixin.py:188} INFO - [2026-01-24T02:54:09.329+0000] {dagbag.py:545} INFO - Filling up the DagBag from /opt/airflow/dags/DagDependency.py
[2026-01-24T02:54:09.426+0000] {logging_mixin.py:188} INFO - [2026-01-24T02:54:09.405+0000] {dagbag.py:355} ERROR - Failed to import: /opt/airflow/dags/DagDependency.py
Traceback (most recent call last):
  File "/home/airflow/.local/lib/python3.10/site-packages/airflow/models/dagbag.py", line 351, in parse
    loader.exec_module(new_module)
  File "<frozen importlib._bootstrap_external>", line 883, in exec_module
  File "<frozen importlib._bootstrap>", line 241, in _call_with_frames_removed
  File "/opt/airflow/dags/DagDependency.py", line 39, in <module>
    sleep_task=PythonOperator(
  File "/home/airflow/.local/lib/python3.10/site-packages/airflow/models/baseoperator.py", line 484, in apply_defaults
    result = func(self, **kwargs, default_args=default_args)
  File "/home/airflow/.local/lib/python3.10/site-packages/airflow/operators/python.py", line 220, in __init__
    super().__init__(**kwargs)
  File "/home/airflow/.local/lib/python3.10/site-packages/airflow/models/baseoperator.py", line 484, in apply_defaults
    result = func(self, **kwargs, default_args=default_args)
  File "/home/airflow/.local/lib/python3.10/site-packages/airflow/models/baseoperator.py", line 881, in __init__
    raise AirflowException(
airflow.exceptions.AirflowException: Invalid arguments were passed to PythonOperator (task_id: sleep_task). Invalid arguments were:
**kwargs: {'provider_context': True}
[2026-01-24T02:54:09.428+0000] {processor.py:842} WARNING - No viable dags retrieved from /opt/airflow/dags/DagDependency.py
[2026-01-24T02:54:09.583+0000] {processor.py:183} INFO - Processing /opt/airflow/dags/DagDependency.py took 0.280 seconds
[2026-01-24T02:54:40.019+0000] {processor.py:161} INFO - Started process (PID=5689) to work on /opt/airflow/dags/DagDependency.py
[2026-01-24T02:54:40.021+0000] {processor.py:830} INFO - Processing file /opt/airflow/dags/DagDependency.py for tasks to queue
[2026-01-24T02:54:40.026+0000] {logging_mixin.py:188} INFO - [2026-01-24T02:54:40.025+0000] {dagbag.py:545} INFO - Filling up the DagBag from /opt/airflow/dags/DagDependency.py
[2026-01-24T02:54:40.054+0000] {logging_mixin.py:188} INFO - [2026-01-24T02:54:40.050+0000] {dagbag.py:355} ERROR - Failed to import: /opt/airflow/dags/DagDependency.py
Traceback (most recent call last):
  File "/home/airflow/.local/lib/python3.10/site-packages/airflow/models/dagbag.py", line 351, in parse
    loader.exec_module(new_module)
  File "<frozen importlib._bootstrap_external>", line 883, in exec_module
  File "<frozen importlib._bootstrap>", line 241, in _call_with_frames_removed
  File "/opt/airflow/dags/DagDependency.py", line 39, in <module>
    sleep_task=PythonOperator(
  File "/home/airflow/.local/lib/python3.10/site-packages/airflow/models/baseoperator.py", line 484, in apply_defaults
    result = func(self, **kwargs, default_args=default_args)
  File "/home/airflow/.local/lib/python3.10/site-packages/airflow/operators/python.py", line 220, in __init__
    super().__init__(**kwargs)
  File "/home/airflow/.local/lib/python3.10/site-packages/airflow/models/baseoperator.py", line 484, in apply_defaults
    result = func(self, **kwargs, default_args=default_args)
  File "/home/airflow/.local/lib/python3.10/site-packages/airflow/models/baseoperator.py", line 881, in __init__
    raise AirflowException(
airflow.exceptions.AirflowException: Invalid arguments were passed to PythonOperator (task_id: sleep_task). Invalid arguments were:
**kwargs: {'provider_context': True}
[2026-01-24T02:54:40.055+0000] {processor.py:842} WARNING - No viable dags retrieved from /opt/airflow/dags/DagDependency.py
[2026-01-24T02:54:40.111+0000] {processor.py:183} INFO - Processing /opt/airflow/dags/DagDependency.py took 0.101 seconds
[2026-01-24T02:55:10.758+0000] {processor.py:161} INFO - Started process (PID=5699) to work on /opt/airflow/dags/DagDependency.py
[2026-01-24T02:55:10.760+0000] {processor.py:830} INFO - Processing file /opt/airflow/dags/DagDependency.py for tasks to queue
[2026-01-24T02:55:10.764+0000] {logging_mixin.py:188} INFO - [2026-01-24T02:55:10.763+0000] {dagbag.py:545} INFO - Filling up the DagBag from /opt/airflow/dags/DagDependency.py
[2026-01-24T02:55:10.792+0000] {logging_mixin.py:188} INFO - [2026-01-24T02:55:10.786+0000] {dagbag.py:355} ERROR - Failed to import: /opt/airflow/dags/DagDependency.py
Traceback (most recent call last):
  File "/home/airflow/.local/lib/python3.10/site-packages/airflow/models/dagbag.py", line 351, in parse
    loader.exec_module(new_module)
  File "<frozen importlib._bootstrap_external>", line 883, in exec_module
  File "<frozen importlib._bootstrap>", line 241, in _call_with_frames_removed
  File "/opt/airflow/dags/DagDependency.py", line 39, in <module>
    sleep_task=PythonOperator(
  File "/home/airflow/.local/lib/python3.10/site-packages/airflow/models/baseoperator.py", line 484, in apply_defaults
    result = func(self, **kwargs, default_args=default_args)
  File "/home/airflow/.local/lib/python3.10/site-packages/airflow/operators/python.py", line 220, in __init__
    super().__init__(**kwargs)
  File "/home/airflow/.local/lib/python3.10/site-packages/airflow/models/baseoperator.py", line 484, in apply_defaults
    result = func(self, **kwargs, default_args=default_args)
  File "/home/airflow/.local/lib/python3.10/site-packages/airflow/models/baseoperator.py", line 881, in __init__
    raise AirflowException(
airflow.exceptions.AirflowException: Invalid arguments were passed to PythonOperator (task_id: sleep_task). Invalid arguments were:
**kwargs: {'provider_context': True}
[2026-01-24T02:55:10.793+0000] {processor.py:842} WARNING - No viable dags retrieved from /opt/airflow/dags/DagDependency.py
[2026-01-24T02:55:10.849+0000] {processor.py:183} INFO - Processing /opt/airflow/dags/DagDependency.py took 0.097 seconds
[2026-01-24T02:55:41.407+0000] {processor.py:161} INFO - Started process (PID=5709) to work on /opt/airflow/dags/DagDependency.py
[2026-01-24T02:55:41.408+0000] {processor.py:830} INFO - Processing file /opt/airflow/dags/DagDependency.py for tasks to queue
[2026-01-24T02:55:41.410+0000] {logging_mixin.py:188} INFO - [2026-01-24T02:55:41.410+0000] {dagbag.py:545} INFO - Filling up the DagBag from /opt/airflow/dags/DagDependency.py
[2026-01-24T02:55:41.438+0000] {logging_mixin.py:188} INFO - [2026-01-24T02:55:41.431+0000] {dagbag.py:355} ERROR - Failed to import: /opt/airflow/dags/DagDependency.py
Traceback (most recent call last):
  File "/home/airflow/.local/lib/python3.10/site-packages/airflow/models/dagbag.py", line 351, in parse
    loader.exec_module(new_module)
  File "<frozen importlib._bootstrap_external>", line 883, in exec_module
  File "<frozen importlib._bootstrap>", line 241, in _call_with_frames_removed
  File "/opt/airflow/dags/DagDependency.py", line 39, in <module>
    sleep_task=PythonOperator(
  File "/home/airflow/.local/lib/python3.10/site-packages/airflow/models/baseoperator.py", line 484, in apply_defaults
    result = func(self, **kwargs, default_args=default_args)
  File "/home/airflow/.local/lib/python3.10/site-packages/airflow/operators/python.py", line 220, in __init__
    super().__init__(**kwargs)
  File "/home/airflow/.local/lib/python3.10/site-packages/airflow/models/baseoperator.py", line 484, in apply_defaults
    result = func(self, **kwargs, default_args=default_args)
  File "/home/airflow/.local/lib/python3.10/site-packages/airflow/models/baseoperator.py", line 881, in __init__
    raise AirflowException(
airflow.exceptions.AirflowException: Invalid arguments were passed to PythonOperator (task_id: sleep_task). Invalid arguments were:
**kwargs: {'provider_context': True}
[2026-01-24T02:55:41.439+0000] {processor.py:842} WARNING - No viable dags retrieved from /opt/airflow/dags/DagDependency.py
[2026-01-24T02:55:41.494+0000] {processor.py:183} INFO - Processing /opt/airflow/dags/DagDependency.py took 0.094 seconds
[2026-01-24T02:56:11.942+0000] {processor.py:161} INFO - Started process (PID=5719) to work on /opt/airflow/dags/DagDependency.py
[2026-01-24T02:56:11.944+0000] {processor.py:830} INFO - Processing file /opt/airflow/dags/DagDependency.py for tasks to queue
[2026-01-24T02:56:11.946+0000] {logging_mixin.py:188} INFO - [2026-01-24T02:56:11.946+0000] {dagbag.py:545} INFO - Filling up the DagBag from /opt/airflow/dags/DagDependency.py
[2026-01-24T02:56:11.975+0000] {logging_mixin.py:188} INFO - [2026-01-24T02:56:11.969+0000] {dagbag.py:355} ERROR - Failed to import: /opt/airflow/dags/DagDependency.py
Traceback (most recent call last):
  File "/home/airflow/.local/lib/python3.10/site-packages/airflow/models/dagbag.py", line 351, in parse
    loader.exec_module(new_module)
  File "<frozen importlib._bootstrap_external>", line 883, in exec_module
  File "<frozen importlib._bootstrap>", line 241, in _call_with_frames_removed
  File "/opt/airflow/dags/DagDependency.py", line 39, in <module>
    sleep_task=PythonOperator(
  File "/home/airflow/.local/lib/python3.10/site-packages/airflow/models/baseoperator.py", line 484, in apply_defaults
    result = func(self, **kwargs, default_args=default_args)
  File "/home/airflow/.local/lib/python3.10/site-packages/airflow/operators/python.py", line 220, in __init__
    super().__init__(**kwargs)
  File "/home/airflow/.local/lib/python3.10/site-packages/airflow/models/baseoperator.py", line 484, in apply_defaults
    result = func(self, **kwargs, default_args=default_args)
  File "/home/airflow/.local/lib/python3.10/site-packages/airflow/models/baseoperator.py", line 881, in __init__
    raise AirflowException(
airflow.exceptions.AirflowException: Invalid arguments were passed to PythonOperator (task_id: sleep_task). Invalid arguments were:
**kwargs: {'provider_context': True}
[2026-01-24T02:56:11.976+0000] {processor.py:842} WARNING - No viable dags retrieved from /opt/airflow/dags/DagDependency.py
[2026-01-24T02:56:12.036+0000] {processor.py:183} INFO - Processing /opt/airflow/dags/DagDependency.py took 0.103 seconds
[2026-01-24T02:56:42.307+0000] {processor.py:161} INFO - Started process (PID=5729) to work on /opt/airflow/dags/DagDependency.py
[2026-01-24T02:56:42.309+0000] {processor.py:830} INFO - Processing file /opt/airflow/dags/DagDependency.py for tasks to queue
[2026-01-24T02:56:42.311+0000] {logging_mixin.py:188} INFO - [2026-01-24T02:56:42.310+0000] {dagbag.py:545} INFO - Filling up the DagBag from /opt/airflow/dags/DagDependency.py
[2026-01-24T02:56:42.338+0000] {logging_mixin.py:188} INFO - [2026-01-24T02:56:42.331+0000] {dagbag.py:355} ERROR - Failed to import: /opt/airflow/dags/DagDependency.py
Traceback (most recent call last):
  File "/home/airflow/.local/lib/python3.10/site-packages/airflow/models/dagbag.py", line 351, in parse
    loader.exec_module(new_module)
  File "<frozen importlib._bootstrap_external>", line 883, in exec_module
  File "<frozen importlib._bootstrap>", line 241, in _call_with_frames_removed
  File "/opt/airflow/dags/DagDependency.py", line 39, in <module>
    sleep_task=PythonOperator(
  File "/home/airflow/.local/lib/python3.10/site-packages/airflow/models/baseoperator.py", line 484, in apply_defaults
    result = func(self, **kwargs, default_args=default_args)
  File "/home/airflow/.local/lib/python3.10/site-packages/airflow/operators/python.py", line 220, in __init__
    super().__init__(**kwargs)
  File "/home/airflow/.local/lib/python3.10/site-packages/airflow/models/baseoperator.py", line 484, in apply_defaults
    result = func(self, **kwargs, default_args=default_args)
  File "/home/airflow/.local/lib/python3.10/site-packages/airflow/models/baseoperator.py", line 881, in __init__
    raise AirflowException(
airflow.exceptions.AirflowException: Invalid arguments were passed to PythonOperator (task_id: sleep_task). Invalid arguments were:
**kwargs: {'provider_context': True}
[2026-01-24T02:56:42.339+0000] {processor.py:842} WARNING - No viable dags retrieved from /opt/airflow/dags/DagDependency.py
[2026-01-24T02:56:42.388+0000] {processor.py:183} INFO - Processing /opt/airflow/dags/DagDependency.py took 0.086 seconds
[2026-01-24T02:57:13.044+0000] {processor.py:161} INFO - Started process (PID=5739) to work on /opt/airflow/dags/DagDependency.py
[2026-01-24T02:57:13.046+0000] {processor.py:830} INFO - Processing file /opt/airflow/dags/DagDependency.py for tasks to queue
[2026-01-24T02:57:13.049+0000] {logging_mixin.py:188} INFO - [2026-01-24T02:57:13.048+0000] {dagbag.py:545} INFO - Filling up the DagBag from /opt/airflow/dags/DagDependency.py
[2026-01-24T02:57:13.086+0000] {logging_mixin.py:188} INFO - [2026-01-24T02:57:13.078+0000] {dagbag.py:355} ERROR - Failed to import: /opt/airflow/dags/DagDependency.py
Traceback (most recent call last):
  File "/home/airflow/.local/lib/python3.10/site-packages/airflow/models/dagbag.py", line 351, in parse
    loader.exec_module(new_module)
  File "<frozen importlib._bootstrap_external>", line 883, in exec_module
  File "<frozen importlib._bootstrap>", line 241, in _call_with_frames_removed
  File "/opt/airflow/dags/DagDependency.py", line 39, in <module>
    sleep_task=PythonOperator(
  File "/home/airflow/.local/lib/python3.10/site-packages/airflow/models/baseoperator.py", line 484, in apply_defaults
    result = func(self, **kwargs, default_args=default_args)
  File "/home/airflow/.local/lib/python3.10/site-packages/airflow/operators/python.py", line 220, in __init__
    super().__init__(**kwargs)
  File "/home/airflow/.local/lib/python3.10/site-packages/airflow/models/baseoperator.py", line 484, in apply_defaults
    result = func(self, **kwargs, default_args=default_args)
  File "/home/airflow/.local/lib/python3.10/site-packages/airflow/models/baseoperator.py", line 881, in __init__
    raise AirflowException(
airflow.exceptions.AirflowException: Invalid arguments were passed to PythonOperator (task_id: sleep_task). Invalid arguments were:
**kwargs: {'provider_context': True}
[2026-01-24T02:57:13.087+0000] {processor.py:842} WARNING - No viable dags retrieved from /opt/airflow/dags/DagDependency.py
[2026-01-24T02:57:13.149+0000] {processor.py:183} INFO - Processing /opt/airflow/dags/DagDependency.py took 0.112 seconds
