[2026-01-24T02:48:53.810+0000] {processor.py:161} INFO - Started process (PID=5578) to work on /opt/airflow/dags/DagDependencyChaild.py
[2026-01-24T02:48:53.814+0000] {processor.py:830} INFO - Processing file /opt/airflow/dags/DagDependencyChaild.py for tasks to queue
[2026-01-24T02:48:53.822+0000] {logging_mixin.py:188} INFO - [2026-01-24T02:48:53.821+0000] {dagbag.py:545} INFO - Filling up the DagBag from /opt/airflow/dags/DagDependencyChaild.py
[2026-01-24T02:48:53.888+0000] {logging_mixin.py:188} INFO - [2026-01-24T02:48:53.877+0000] {dagbag.py:355} ERROR - Failed to import: /opt/airflow/dags/DagDependencyChaild.py
Traceback (most recent call last):
  File "/home/airflow/.local/lib/python3.10/site-packages/airflow/models/dagbag.py", line 351, in parse
    loader.exec_module(new_module)
  File "<frozen importlib._bootstrap_external>", line 883, in exec_module
  File "<frozen importlib._bootstrap>", line 241, in _call_with_frames_removed
  File "/opt/airflow/dags/DagDependencyChaild.py", line 7, in <module>
    from airflow.providers.standard.sensors.external_task import ExternalTaskSensor
ModuleNotFoundError: No module named 'airflow.providers.standard'
[2026-01-24T02:48:53.896+0000] {processor.py:842} WARNING - No viable dags retrieved from /opt/airflow/dags/DagDependencyChaild.py
[2026-01-24T02:48:54.051+0000] {processor.py:183} INFO - Processing /opt/airflow/dags/DagDependencyChaild.py took 0.258 seconds
[2026-01-24T02:49:24.735+0000] {processor.py:161} INFO - Started process (PID=5588) to work on /opt/airflow/dags/DagDependencyChaild.py
[2026-01-24T02:49:24.743+0000] {processor.py:830} INFO - Processing file /opt/airflow/dags/DagDependencyChaild.py for tasks to queue
[2026-01-24T02:49:24.753+0000] {logging_mixin.py:188} INFO - [2026-01-24T02:49:24.751+0000] {dagbag.py:545} INFO - Filling up the DagBag from /opt/airflow/dags/DagDependencyChaild.py
[2026-01-24T02:49:24.858+0000] {logging_mixin.py:188} INFO - [2026-01-24T02:49:24.837+0000] {dagbag.py:355} ERROR - Failed to import: /opt/airflow/dags/DagDependencyChaild.py
Traceback (most recent call last):
  File "/home/airflow/.local/lib/python3.10/site-packages/airflow/models/dagbag.py", line 351, in parse
    loader.exec_module(new_module)
  File "<frozen importlib._bootstrap_external>", line 883, in exec_module
  File "<frozen importlib._bootstrap>", line 241, in _call_with_frames_removed
  File "/opt/airflow/dags/DagDependencyChaild.py", line 7, in <module>
    from airflow.providers.standard.sensors.external_task import ExternalTaskSensor
ModuleNotFoundError: No module named 'airflow.providers.standard'
[2026-01-24T02:49:24.866+0000] {processor.py:842} WARNING - No viable dags retrieved from /opt/airflow/dags/DagDependencyChaild.py
[2026-01-24T02:49:25.022+0000] {processor.py:183} INFO - Processing /opt/airflow/dags/DagDependencyChaild.py took 0.316 seconds
[2026-01-24T02:49:55.524+0000] {processor.py:161} INFO - Started process (PID=5598) to work on /opt/airflow/dags/DagDependencyChaild.py
[2026-01-24T02:49:55.528+0000] {processor.py:830} INFO - Processing file /opt/airflow/dags/DagDependencyChaild.py for tasks to queue
[2026-01-24T02:49:55.536+0000] {logging_mixin.py:188} INFO - [2026-01-24T02:49:55.534+0000] {dagbag.py:545} INFO - Filling up the DagBag from /opt/airflow/dags/DagDependencyChaild.py
[2026-01-24T02:49:55.615+0000] {logging_mixin.py:188} INFO - [2026-01-24T02:49:55.597+0000] {dagbag.py:355} ERROR - Failed to import: /opt/airflow/dags/DagDependencyChaild.py
Traceback (most recent call last):
  File "/home/airflow/.local/lib/python3.10/site-packages/airflow/models/dagbag.py", line 351, in parse
    loader.exec_module(new_module)
  File "<frozen importlib._bootstrap_external>", line 883, in exec_module
  File "<frozen importlib._bootstrap>", line 241, in _call_with_frames_removed
  File "/opt/airflow/dags/DagDependencyChaild.py", line 7, in <module>
    from airflow.providers.standard.sensors.external_task import ExternalTaskSensor
ModuleNotFoundError: No module named 'airflow.providers.standard'
[2026-01-24T02:49:55.621+0000] {processor.py:842} WARNING - No viable dags retrieved from /opt/airflow/dags/DagDependencyChaild.py
[2026-01-24T02:49:55.754+0000] {processor.py:183} INFO - Processing /opt/airflow/dags/DagDependencyChaild.py took 0.251 seconds
[2026-01-24T02:50:26.803+0000] {processor.py:161} INFO - Started process (PID=5608) to work on /opt/airflow/dags/DagDependencyChaild.py
[2026-01-24T02:50:26.807+0000] {processor.py:830} INFO - Processing file /opt/airflow/dags/DagDependencyChaild.py for tasks to queue
[2026-01-24T02:50:26.835+0000] {logging_mixin.py:188} INFO - [2026-01-24T02:50:26.824+0000] {dagbag.py:545} INFO - Filling up the DagBag from /opt/airflow/dags/DagDependencyChaild.py
[2026-01-24T02:50:26.982+0000] {logging_mixin.py:188} INFO - [2026-01-24T02:50:26.962+0000] {dagbag.py:355} ERROR - Failed to import: /opt/airflow/dags/DagDependencyChaild.py
Traceback (most recent call last):
  File "/home/airflow/.local/lib/python3.10/site-packages/airflow/models/dagbag.py", line 351, in parse
    loader.exec_module(new_module)
  File "<frozen importlib._bootstrap_external>", line 883, in exec_module
  File "<frozen importlib._bootstrap>", line 241, in _call_with_frames_removed
  File "/opt/airflow/dags/DagDependencyChaild.py", line 7, in <module>
    from airflow.providers.standard.sensors.external_task import ExternalTaskSensor
ModuleNotFoundError: No module named 'airflow.providers.standard'
[2026-01-24T02:50:26.990+0000] {processor.py:842} WARNING - No viable dags retrieved from /opt/airflow/dags/DagDependencyChaild.py
[2026-01-24T02:50:27.292+0000] {processor.py:183} INFO - Processing /opt/airflow/dags/DagDependencyChaild.py took 0.540 seconds
[2026-01-24T02:50:57.954+0000] {processor.py:161} INFO - Started process (PID=5618) to work on /opt/airflow/dags/DagDependencyChaild.py
[2026-01-24T02:50:57.959+0000] {processor.py:830} INFO - Processing file /opt/airflow/dags/DagDependencyChaild.py for tasks to queue
[2026-01-24T02:50:57.979+0000] {logging_mixin.py:188} INFO - [2026-01-24T02:50:57.977+0000] {dagbag.py:545} INFO - Filling up the DagBag from /opt/airflow/dags/DagDependencyChaild.py
[2026-01-24T02:50:58.065+0000] {logging_mixin.py:188} INFO - [2026-01-24T02:50:58.045+0000] {dagbag.py:355} ERROR - Failed to import: /opt/airflow/dags/DagDependencyChaild.py
Traceback (most recent call last):
  File "/home/airflow/.local/lib/python3.10/site-packages/airflow/models/dagbag.py", line 351, in parse
    loader.exec_module(new_module)
  File "<frozen importlib._bootstrap_external>", line 883, in exec_module
  File "<frozen importlib._bootstrap>", line 241, in _call_with_frames_removed
  File "/opt/airflow/dags/DagDependencyChaild.py", line 7, in <module>
    from airflow.providers.standard.sensors.external_task import ExternalTaskSensor
ModuleNotFoundError: No module named 'airflow.providers.standard'
[2026-01-24T02:50:58.071+0000] {processor.py:842} WARNING - No viable dags retrieved from /opt/airflow/dags/DagDependencyChaild.py
[2026-01-24T02:50:58.236+0000] {processor.py:183} INFO - Processing /opt/airflow/dags/DagDependencyChaild.py took 0.352 seconds
[2026-01-24T02:51:28.858+0000] {processor.py:161} INFO - Started process (PID=5628) to work on /opt/airflow/dags/DagDependencyChaild.py
[2026-01-24T02:51:28.862+0000] {processor.py:830} INFO - Processing file /opt/airflow/dags/DagDependencyChaild.py for tasks to queue
[2026-01-24T02:51:28.871+0000] {logging_mixin.py:188} INFO - [2026-01-24T02:51:28.869+0000] {dagbag.py:545} INFO - Filling up the DagBag from /opt/airflow/dags/DagDependencyChaild.py
[2026-01-24T02:51:28.956+0000] {logging_mixin.py:188} INFO - [2026-01-24T02:51:28.937+0000] {dagbag.py:355} ERROR - Failed to import: /opt/airflow/dags/DagDependencyChaild.py
Traceback (most recent call last):
  File "/home/airflow/.local/lib/python3.10/site-packages/airflow/models/dagbag.py", line 351, in parse
    loader.exec_module(new_module)
  File "<frozen importlib._bootstrap_external>", line 883, in exec_module
  File "<frozen importlib._bootstrap>", line 241, in _call_with_frames_removed
  File "/opt/airflow/dags/DagDependencyChaild.py", line 7, in <module>
    from airflow.providers.standard.sensors.external_task import ExternalTaskSensor
ModuleNotFoundError: No module named 'airflow.providers.standard'
[2026-01-24T02:51:28.964+0000] {processor.py:842} WARNING - No viable dags retrieved from /opt/airflow/dags/DagDependencyChaild.py
[2026-01-24T02:51:29.121+0000] {processor.py:183} INFO - Processing /opt/airflow/dags/DagDependencyChaild.py took 0.283 seconds
[2026-01-24T02:51:59.385+0000] {processor.py:161} INFO - Started process (PID=5638) to work on /opt/airflow/dags/DagDependencyChaild.py
[2026-01-24T02:51:59.389+0000] {processor.py:830} INFO - Processing file /opt/airflow/dags/DagDependencyChaild.py for tasks to queue
[2026-01-24T02:51:59.397+0000] {logging_mixin.py:188} INFO - [2026-01-24T02:51:59.396+0000] {dagbag.py:545} INFO - Filling up the DagBag from /opt/airflow/dags/DagDependencyChaild.py
[2026-01-24T02:51:59.469+0000] {logging_mixin.py:188} INFO - [2026-01-24T02:51:59.453+0000] {dagbag.py:355} ERROR - Failed to import: /opt/airflow/dags/DagDependencyChaild.py
Traceback (most recent call last):
  File "/home/airflow/.local/lib/python3.10/site-packages/airflow/models/dagbag.py", line 351, in parse
    loader.exec_module(new_module)
  File "<frozen importlib._bootstrap_external>", line 883, in exec_module
  File "<frozen importlib._bootstrap>", line 241, in _call_with_frames_removed
  File "/opt/airflow/dags/DagDependencyChaild.py", line 7, in <module>
    from airflow.providers.standard.sensors.external_task import ExternalTaskSensor
ModuleNotFoundError: No module named 'airflow.providers.standard'
[2026-01-24T02:51:59.474+0000] {processor.py:842} WARNING - No viable dags retrieved from /opt/airflow/dags/DagDependencyChaild.py
[2026-01-24T02:51:59.633+0000] {processor.py:183} INFO - Processing /opt/airflow/dags/DagDependencyChaild.py took 0.265 seconds
[2026-01-24T02:52:30.393+0000] {processor.py:161} INFO - Started process (PID=5648) to work on /opt/airflow/dags/DagDependencyChaild.py
[2026-01-24T02:52:30.396+0000] {processor.py:830} INFO - Processing file /opt/airflow/dags/DagDependencyChaild.py for tasks to queue
[2026-01-24T02:52:30.403+0000] {logging_mixin.py:188} INFO - [2026-01-24T02:52:30.402+0000] {dagbag.py:545} INFO - Filling up the DagBag from /opt/airflow/dags/DagDependencyChaild.py
[2026-01-24T02:52:30.475+0000] {logging_mixin.py:188} INFO - [2026-01-24T02:52:30.459+0000] {dagbag.py:355} ERROR - Failed to import: /opt/airflow/dags/DagDependencyChaild.py
Traceback (most recent call last):
  File "/home/airflow/.local/lib/python3.10/site-packages/airflow/models/dagbag.py", line 351, in parse
    loader.exec_module(new_module)
  File "<frozen importlib._bootstrap_external>", line 883, in exec_module
  File "<frozen importlib._bootstrap>", line 241, in _call_with_frames_removed
  File "/opt/airflow/dags/DagDependencyChaild.py", line 7, in <module>
    from airflow.providers.standard.sensors.external_task import ExternalTaskSensor
ModuleNotFoundError: No module named 'airflow.providers.standard'
[2026-01-24T02:52:30.481+0000] {processor.py:842} WARNING - No viable dags retrieved from /opt/airflow/dags/DagDependencyChaild.py
[2026-01-24T02:52:30.645+0000] {processor.py:183} INFO - Processing /opt/airflow/dags/DagDependencyChaild.py took 0.271 seconds
[2026-01-24T02:53:01.550+0000] {processor.py:161} INFO - Started process (PID=5658) to work on /opt/airflow/dags/DagDependencyChaild.py
[2026-01-24T02:53:01.554+0000] {processor.py:830} INFO - Processing file /opt/airflow/dags/DagDependencyChaild.py for tasks to queue
[2026-01-24T02:53:01.559+0000] {logging_mixin.py:188} INFO - [2026-01-24T02:53:01.558+0000] {dagbag.py:545} INFO - Filling up the DagBag from /opt/airflow/dags/DagDependencyChaild.py
[2026-01-24T02:53:01.636+0000] {logging_mixin.py:188} INFO - [2026-01-24T02:53:01.618+0000] {dagbag.py:355} ERROR - Failed to import: /opt/airflow/dags/DagDependencyChaild.py
Traceback (most recent call last):
  File "/home/airflow/.local/lib/python3.10/site-packages/airflow/models/dagbag.py", line 351, in parse
    loader.exec_module(new_module)
  File "<frozen importlib._bootstrap_external>", line 883, in exec_module
  File "<frozen importlib._bootstrap>", line 241, in _call_with_frames_removed
  File "/opt/airflow/dags/DagDependencyChaild.py", line 7, in <module>
    from airflow.providers.standard.sensors.external_task import ExternalTaskSensor
ModuleNotFoundError: No module named 'airflow.providers.standard'
[2026-01-24T02:53:01.643+0000] {processor.py:842} WARNING - No viable dags retrieved from /opt/airflow/dags/DagDependencyChaild.py
[2026-01-24T02:53:01.779+0000] {processor.py:183} INFO - Processing /opt/airflow/dags/DagDependencyChaild.py took 0.248 seconds
[2026-01-24T02:53:32.864+0000] {processor.py:161} INFO - Started process (PID=5668) to work on /opt/airflow/dags/DagDependencyChaild.py
[2026-01-24T02:53:32.867+0000] {processor.py:830} INFO - Processing file /opt/airflow/dags/DagDependencyChaild.py for tasks to queue
[2026-01-24T02:53:32.874+0000] {logging_mixin.py:188} INFO - [2026-01-24T02:53:32.873+0000] {dagbag.py:545} INFO - Filling up the DagBag from /opt/airflow/dags/DagDependencyChaild.py
[2026-01-24T02:53:32.941+0000] {logging_mixin.py:188} INFO - [2026-01-24T02:53:32.928+0000] {dagbag.py:355} ERROR - Failed to import: /opt/airflow/dags/DagDependencyChaild.py
Traceback (most recent call last):
  File "/home/airflow/.local/lib/python3.10/site-packages/airflow/models/dagbag.py", line 351, in parse
    loader.exec_module(new_module)
  File "<frozen importlib._bootstrap_external>", line 883, in exec_module
  File "<frozen importlib._bootstrap>", line 241, in _call_with_frames_removed
  File "/opt/airflow/dags/DagDependencyChaild.py", line 7, in <module>
    from airflow.providers.standard.sensors.external_task import ExternalTaskSensor
ModuleNotFoundError: No module named 'airflow.providers.standard'
[2026-01-24T02:53:32.946+0000] {processor.py:842} WARNING - No viable dags retrieved from /opt/airflow/dags/DagDependencyChaild.py
[2026-01-24T02:53:33.069+0000] {processor.py:183} INFO - Processing /opt/airflow/dags/DagDependencyChaild.py took 0.223 seconds
[2026-01-24T02:54:04.000+0000] {processor.py:161} INFO - Started process (PID=5678) to work on /opt/airflow/dags/DagDependencyChaild.py
[2026-01-24T02:54:04.004+0000] {processor.py:830} INFO - Processing file /opt/airflow/dags/DagDependencyChaild.py for tasks to queue
[2026-01-24T02:54:04.009+0000] {logging_mixin.py:188} INFO - [2026-01-24T02:54:04.008+0000] {dagbag.py:545} INFO - Filling up the DagBag from /opt/airflow/dags/DagDependencyChaild.py
[2026-01-24T02:54:04.091+0000] {logging_mixin.py:188} INFO - [2026-01-24T02:54:04.073+0000] {dagbag.py:355} ERROR - Failed to import: /opt/airflow/dags/DagDependencyChaild.py
Traceback (most recent call last):
  File "/home/airflow/.local/lib/python3.10/site-packages/airflow/models/dagbag.py", line 351, in parse
    loader.exec_module(new_module)
  File "<frozen importlib._bootstrap_external>", line 883, in exec_module
  File "<frozen importlib._bootstrap>", line 241, in _call_with_frames_removed
  File "/opt/airflow/dags/DagDependencyChaild.py", line 7, in <module>
    from airflow.providers.standard.sensors.external_task import ExternalTaskSensor
ModuleNotFoundError: No module named 'airflow.providers.standard'
[2026-01-24T02:54:04.098+0000] {processor.py:842} WARNING - No viable dags retrieved from /opt/airflow/dags/DagDependencyChaild.py
[2026-01-24T02:54:04.238+0000] {processor.py:183} INFO - Processing /opt/airflow/dags/DagDependencyChaild.py took 0.256 seconds
[2026-01-24T02:54:34.564+0000] {processor.py:161} INFO - Started process (PID=5688) to work on /opt/airflow/dags/DagDependencyChaild.py
[2026-01-24T02:54:34.565+0000] {processor.py:830} INFO - Processing file /opt/airflow/dags/DagDependencyChaild.py for tasks to queue
[2026-01-24T02:54:34.569+0000] {logging_mixin.py:188} INFO - [2026-01-24T02:54:34.569+0000] {dagbag.py:545} INFO - Filling up the DagBag from /opt/airflow/dags/DagDependencyChaild.py
[2026-01-24T02:54:34.593+0000] {logging_mixin.py:188} INFO - [2026-01-24T02:54:34.588+0000] {dagbag.py:355} ERROR - Failed to import: /opt/airflow/dags/DagDependencyChaild.py
Traceback (most recent call last):
  File "/home/airflow/.local/lib/python3.10/site-packages/airflow/models/dagbag.py", line 351, in parse
    loader.exec_module(new_module)
  File "<frozen importlib._bootstrap_external>", line 883, in exec_module
  File "<frozen importlib._bootstrap>", line 241, in _call_with_frames_removed
  File "/opt/airflow/dags/DagDependencyChaild.py", line 7, in <module>
    from airflow.providers.standard.sensors.external_task import ExternalTaskSensor
ModuleNotFoundError: No module named 'airflow.providers.standard'
[2026-01-24T02:54:34.595+0000] {processor.py:842} WARNING - No viable dags retrieved from /opt/airflow/dags/DagDependencyChaild.py
[2026-01-24T02:54:34.648+0000] {processor.py:183} INFO - Processing /opt/airflow/dags/DagDependencyChaild.py took 0.090 seconds
[2026-01-24T02:55:05.804+0000] {processor.py:161} INFO - Started process (PID=5698) to work on /opt/airflow/dags/DagDependencyChaild.py
[2026-01-24T02:55:05.809+0000] {processor.py:830} INFO - Processing file /opt/airflow/dags/DagDependencyChaild.py for tasks to queue
[2026-01-24T02:55:05.816+0000] {logging_mixin.py:188} INFO - [2026-01-24T02:55:05.815+0000] {dagbag.py:545} INFO - Filling up the DagBag from /opt/airflow/dags/DagDependencyChaild.py
[2026-01-24T02:55:05.874+0000] {logging_mixin.py:188} INFO - [2026-01-24T02:55:05.863+0000] {dagbag.py:355} ERROR - Failed to import: /opt/airflow/dags/DagDependencyChaild.py
Traceback (most recent call last):
  File "/home/airflow/.local/lib/python3.10/site-packages/airflow/models/dagbag.py", line 351, in parse
    loader.exec_module(new_module)
  File "<frozen importlib._bootstrap_external>", line 883, in exec_module
  File "<frozen importlib._bootstrap>", line 241, in _call_with_frames_removed
  File "/opt/airflow/dags/DagDependencyChaild.py", line 7, in <module>
    from airflow.providers.standard.sensors.external_task import ExternalTaskSensor
ModuleNotFoundError: No module named 'airflow.providers.standard'
[2026-01-24T02:55:05.878+0000] {processor.py:842} WARNING - No viable dags retrieved from /opt/airflow/dags/DagDependencyChaild.py
[2026-01-24T02:55:06.000+0000] {processor.py:183} INFO - Processing /opt/airflow/dags/DagDependencyChaild.py took 0.225 seconds
[2026-01-24T02:55:36.316+0000] {processor.py:161} INFO - Started process (PID=5708) to work on /opt/airflow/dags/DagDependencyChaild.py
[2026-01-24T02:55:36.317+0000] {processor.py:830} INFO - Processing file /opt/airflow/dags/DagDependencyChaild.py for tasks to queue
[2026-01-24T02:55:36.319+0000] {logging_mixin.py:188} INFO - [2026-01-24T02:55:36.319+0000] {dagbag.py:545} INFO - Filling up the DagBag from /opt/airflow/dags/DagDependencyChaild.py
[2026-01-24T02:55:36.339+0000] {logging_mixin.py:188} INFO - [2026-01-24T02:55:36.334+0000] {dagbag.py:355} ERROR - Failed to import: /opt/airflow/dags/DagDependencyChaild.py
Traceback (most recent call last):
  File "/home/airflow/.local/lib/python3.10/site-packages/airflow/models/dagbag.py", line 351, in parse
    loader.exec_module(new_module)
  File "<frozen importlib._bootstrap_external>", line 883, in exec_module
  File "<frozen importlib._bootstrap>", line 241, in _call_with_frames_removed
  File "/opt/airflow/dags/DagDependencyChaild.py", line 7, in <module>
    from airflow.providers.standard.sensors.external_task import ExternalTaskSensor
ModuleNotFoundError: No module named 'airflow.providers.standard'
[2026-01-24T02:55:36.341+0000] {processor.py:842} WARNING - No viable dags retrieved from /opt/airflow/dags/DagDependencyChaild.py
[2026-01-24T02:55:36.396+0000] {processor.py:183} INFO - Processing /opt/airflow/dags/DagDependencyChaild.py took 0.086 seconds
[2026-01-24T02:56:07.366+0000] {processor.py:161} INFO - Started process (PID=5718) to work on /opt/airflow/dags/DagDependencyChaild.py
[2026-01-24T02:56:07.367+0000] {processor.py:830} INFO - Processing file /opt/airflow/dags/DagDependencyChaild.py for tasks to queue
[2026-01-24T02:56:07.370+0000] {logging_mixin.py:188} INFO - [2026-01-24T02:56:07.370+0000] {dagbag.py:545} INFO - Filling up the DagBag from /opt/airflow/dags/DagDependencyChaild.py
[2026-01-24T02:56:07.398+0000] {logging_mixin.py:188} INFO - [2026-01-24T02:56:07.392+0000] {dagbag.py:355} ERROR - Failed to import: /opt/airflow/dags/DagDependencyChaild.py
Traceback (most recent call last):
  File "/home/airflow/.local/lib/python3.10/site-packages/airflow/models/dagbag.py", line 351, in parse
    loader.exec_module(new_module)
  File "<frozen importlib._bootstrap_external>", line 883, in exec_module
  File "<frozen importlib._bootstrap>", line 241, in _call_with_frames_removed
  File "/opt/airflow/dags/DagDependencyChaild.py", line 7, in <module>
    from airflow.providers.standard.sensors.external_task import ExternalTaskSensor
ModuleNotFoundError: No module named 'airflow.providers.standard'
[2026-01-24T02:56:07.400+0000] {processor.py:842} WARNING - No viable dags retrieved from /opt/airflow/dags/DagDependencyChaild.py
[2026-01-24T02:56:07.456+0000] {processor.py:183} INFO - Processing /opt/airflow/dags/DagDependencyChaild.py took 0.096 seconds
[2026-01-24T02:56:38.232+0000] {processor.py:161} INFO - Started process (PID=5728) to work on /opt/airflow/dags/DagDependencyChaild.py
[2026-01-24T02:56:38.234+0000] {processor.py:830} INFO - Processing file /opt/airflow/dags/DagDependencyChaild.py for tasks to queue
[2026-01-24T02:56:38.236+0000] {logging_mixin.py:188} INFO - [2026-01-24T02:56:38.236+0000] {dagbag.py:545} INFO - Filling up the DagBag from /opt/airflow/dags/DagDependencyChaild.py
[2026-01-24T02:56:38.256+0000] {logging_mixin.py:188} INFO - [2026-01-24T02:56:38.251+0000] {dagbag.py:355} ERROR - Failed to import: /opt/airflow/dags/DagDependencyChaild.py
Traceback (most recent call last):
  File "/home/airflow/.local/lib/python3.10/site-packages/airflow/models/dagbag.py", line 351, in parse
    loader.exec_module(new_module)
  File "<frozen importlib._bootstrap_external>", line 883, in exec_module
  File "<frozen importlib._bootstrap>", line 241, in _call_with_frames_removed
  File "/opt/airflow/dags/DagDependencyChaild.py", line 7, in <module>
    from airflow.providers.standard.sensors.external_task import ExternalTaskSensor
ModuleNotFoundError: No module named 'airflow.providers.standard'
[2026-01-24T02:56:38.257+0000] {processor.py:842} WARNING - No viable dags retrieved from /opt/airflow/dags/DagDependencyChaild.py
[2026-01-24T02:56:38.309+0000] {processor.py:183} INFO - Processing /opt/airflow/dags/DagDependencyChaild.py took 0.082 seconds
[2026-01-24T02:57:08.991+0000] {processor.py:161} INFO - Started process (PID=5738) to work on /opt/airflow/dags/DagDependencyChaild.py
[2026-01-24T02:57:08.992+0000] {processor.py:830} INFO - Processing file /opt/airflow/dags/DagDependencyChaild.py for tasks to queue
[2026-01-24T02:57:08.994+0000] {logging_mixin.py:188} INFO - [2026-01-24T02:57:08.993+0000] {dagbag.py:545} INFO - Filling up the DagBag from /opt/airflow/dags/DagDependencyChaild.py
[2026-01-24T02:57:09.007+0000] {logging_mixin.py:188} INFO - [2026-01-24T02:57:09.005+0000] {dagbag.py:355} ERROR - Failed to import: /opt/airflow/dags/DagDependencyChaild.py
Traceback (most recent call last):
  File "/home/airflow/.local/lib/python3.10/site-packages/airflow/models/dagbag.py", line 351, in parse
    loader.exec_module(new_module)
  File "<frozen importlib._bootstrap_external>", line 883, in exec_module
  File "<frozen importlib._bootstrap>", line 241, in _call_with_frames_removed
  File "/opt/airflow/dags/DagDependencyChaild.py", line 7, in <module>
    from airflow.providers.standard.sensors.external_task import ExternalTaskSensor
ModuleNotFoundError: No module named 'airflow.providers.standard'
[2026-01-24T02:57:09.009+0000] {processor.py:842} WARNING - No viable dags retrieved from /opt/airflow/dags/DagDependencyChaild.py
[2026-01-24T02:57:09.047+0000] {processor.py:183} INFO - Processing /opt/airflow/dags/DagDependencyChaild.py took 0.062 seconds
