[2026-01-24T02:49:07.317+0000] {processor.py:161} INFO - Started process (PID=5585) to work on /opt/airflow/dags/irst_dag.py
[2026-01-24T02:49:07.321+0000] {processor.py:830} INFO - Processing file /opt/airflow/dags/irst_dag.py for tasks to queue
[2026-01-24T02:49:07.326+0000] {logging_mixin.py:188} INFO - [2026-01-24T02:49:07.325+0000] {dagbag.py:545} INFO - Filling up the DagBag from /opt/airflow/dags/irst_dag.py
[2026-01-24T02:49:07.325+0000] {processor.py:840} INFO - DAG(s) 'simple_3_task_dag' retrieved from /opt/airflow/dags/irst_dag.py
[2026-01-24T02:49:07.403+0000] {logging_mixin.py:188} INFO - [2026-01-24T02:49:07.402+0000] {dag.py:3096} INFO - Sync 1 DAGs
[2026-01-24T02:49:07.473+0000] {logging_mixin.py:188} INFO - [2026-01-24T02:49:07.473+0000] {dag.py:3954} INFO - Setting next_dagrun for simple_3_task_dag to 2026-01-23 00:00:00+00:00, run_after=2026-01-24 00:00:00+00:00
[2026-01-24T02:49:07.878+0000] {processor.py:183} INFO - Processing /opt/airflow/dags/irst_dag.py took 0.646 seconds
[2026-01-24T02:49:39.305+0000] {processor.py:161} INFO - Started process (PID=5595) to work on /opt/airflow/dags/irst_dag.py
[2026-01-24T02:49:39.308+0000] {processor.py:830} INFO - Processing file /opt/airflow/dags/irst_dag.py for tasks to queue
[2026-01-24T02:49:39.314+0000] {logging_mixin.py:188} INFO - [2026-01-24T02:49:39.313+0000] {dagbag.py:545} INFO - Filling up the DagBag from /opt/airflow/dags/irst_dag.py
[2026-01-24T02:49:39.386+0000] {processor.py:840} INFO - DAG(s) 'simple_3_task_dag' retrieved from /opt/airflow/dags/irst_dag.py
[2026-01-24T02:49:39.471+0000] {logging_mixin.py:188} INFO - [2026-01-24T02:49:39.470+0000] {dag.py:3096} INFO - Sync 1 DAGs
[2026-01-24T02:49:39.538+0000] {logging_mixin.py:188} INFO - [2026-01-24T02:49:39.538+0000] {dag.py:3954} INFO - Setting next_dagrun for simple_3_task_dag to 2026-01-23 00:00:00+00:00, run_after=2026-01-24 00:00:00+00:00
[2026-01-24T02:49:40.039+0000] {processor.py:183} INFO - Processing /opt/airflow/dags/irst_dag.py took 0.752 seconds
[2026-01-24T02:50:10.752+0000] {processor.py:161} INFO - Started process (PID=5605) to work on /opt/airflow/dags/irst_dag.py
[2026-01-24T02:50:10.756+0000] {processor.py:830} INFO - Processing file /opt/airflow/dags/irst_dag.py for tasks to queue
[2026-01-24T02:50:10.764+0000] {logging_mixin.py:188} INFO - [2026-01-24T02:50:10.763+0000] {dagbag.py:545} INFO - Filling up the DagBag from /opt/airflow/dags/irst_dag.py
[2026-01-24T02:50:10.843+0000] {processor.py:840} INFO - DAG(s) 'simple_3_task_dag' retrieved from /opt/airflow/dags/irst_dag.py
[2026-01-24T02:50:10.929+0000] {logging_mixin.py:188} INFO - [2026-01-24T02:50:10.928+0000] {dag.py:3096} INFO - Sync 1 DAGs
[2026-01-24T02:50:11.006+0000] {logging_mixin.py:188} INFO - [2026-01-24T02:50:11.006+0000] {dag.py:3954} INFO - Setting next_dagrun for simple_3_task_dag to 2026-01-23 00:00:00+00:00, run_after=2026-01-24 00:00:00+00:00
[2026-01-24T02:50:11.209+0000] {processor.py:183} INFO - Processing /opt/airflow/dags/irst_dag.py took 0.476 seconds
[2026-01-24T02:50:43.389+0000] {processor.py:161} INFO - Started process (PID=5615) to work on /opt/airflow/dags/irst_dag.py
[2026-01-24T02:50:43.394+0000] {processor.py:830} INFO - Processing file /opt/airflow/dags/irst_dag.py for tasks to queue
[2026-01-24T02:50:43.400+0000] {logging_mixin.py:188} INFO - [2026-01-24T02:50:43.399+0000] {dagbag.py:545} INFO - Filling up the DagBag from /opt/airflow/dags/irst_dag.py
[2026-01-24T02:50:43.501+0000] {processor.py:840} INFO - DAG(s) 'simple_3_task_dag' retrieved from /opt/airflow/dags/irst_dag.py
[2026-01-24T02:50:43.634+0000] {logging_mixin.py:188} INFO - [2026-01-24T02:50:43.633+0000] {dag.py:3096} INFO - Sync 1 DAGs
[2026-01-24T02:50:43.728+0000] {logging_mixin.py:188} INFO - [2026-01-24T02:50:43.727+0000] {dag.py:3954} INFO - Setting next_dagrun for simple_3_task_dag to 2026-01-23 00:00:00+00:00, run_after=2026-01-24 00:00:00+00:00
[2026-01-24T02:50:44.008+0000] {processor.py:183} INFO - Processing /opt/airflow/dags/irst_dag.py took 0.642 seconds
[2026-01-24T02:51:14.646+0000] {processor.py:161} INFO - Started process (PID=5625) to work on /opt/airflow/dags/irst_dag.py
[2026-01-24T02:51:14.651+0000] {processor.py:830} INFO - Processing file /opt/airflow/dags/irst_dag.py for tasks to queue
[2026-01-24T02:51:14.658+0000] {logging_mixin.py:188} INFO - [2026-01-24T02:51:14.657+0000] {dagbag.py:545} INFO - Filling up the DagBag from /opt/airflow/dags/irst_dag.py
[2026-01-24T02:51:14.762+0000] {processor.py:840} INFO - DAG(s) 'simple_3_task_dag' retrieved from /opt/airflow/dags/irst_dag.py
[2026-01-24T02:51:14.858+0000] {logging_mixin.py:188} INFO - [2026-01-24T02:51:14.857+0000] {dag.py:3096} INFO - Sync 1 DAGs
[2026-01-24T02:51:14.929+0000] {logging_mixin.py:188} INFO - [2026-01-24T02:51:14.928+0000] {dag.py:3954} INFO - Setting next_dagrun for simple_3_task_dag to 2026-01-23 00:00:00+00:00, run_after=2026-01-24 00:00:00+00:00
[2026-01-24T02:51:15.136+0000] {processor.py:183} INFO - Processing /opt/airflow/dags/irst_dag.py took 0.511 seconds
[2026-01-24T02:51:46.013+0000] {processor.py:161} INFO - Started process (PID=5635) to work on /opt/airflow/dags/irst_dag.py
[2026-01-24T02:51:46.017+0000] {processor.py:830} INFO - Processing file /opt/airflow/dags/irst_dag.py for tasks to queue
[2026-01-24T02:51:46.036+0000] {logging_mixin.py:188} INFO - [2026-01-24T02:51:46.035+0000] {dagbag.py:545} INFO - Filling up the DagBag from /opt/airflow/dags/irst_dag.py
[2026-01-24T02:51:46.186+0000] {processor.py:840} INFO - DAG(s) 'simple_3_task_dag' retrieved from /opt/airflow/dags/irst_dag.py
[2026-01-24T02:51:46.361+0000] {logging_mixin.py:188} INFO - [2026-01-24T02:51:46.360+0000] {dag.py:3096} INFO - Sync 1 DAGs
[2026-01-24T02:51:46.529+0000] {logging_mixin.py:188} INFO - [2026-01-24T02:51:46.528+0000] {dag.py:3954} INFO - Setting next_dagrun for simple_3_task_dag to 2026-01-23 00:00:00+00:00, run_after=2026-01-24 00:00:00+00:00
[2026-01-24T02:51:46.874+0000] {processor.py:183} INFO - Processing /opt/airflow/dags/irst_dag.py took 0.890 seconds
[2026-01-24T02:52:17.416+0000] {processor.py:161} INFO - Started process (PID=5645) to work on /opt/airflow/dags/irst_dag.py
[2026-01-24T02:52:17.419+0000] {processor.py:830} INFO - Processing file /opt/airflow/dags/irst_dag.py for tasks to queue
[2026-01-24T02:52:17.425+0000] {logging_mixin.py:188} INFO - [2026-01-24T02:52:17.424+0000] {dagbag.py:545} INFO - Filling up the DagBag from /opt/airflow/dags/irst_dag.py
[2026-01-24T02:52:17.495+0000] {processor.py:840} INFO - DAG(s) 'simple_3_task_dag' retrieved from /opt/airflow/dags/irst_dag.py
[2026-01-24T02:52:17.583+0000] {logging_mixin.py:188} INFO - [2026-01-24T02:52:17.582+0000] {dag.py:3096} INFO - Sync 1 DAGs
[2026-01-24T02:52:17.655+0000] {logging_mixin.py:188} INFO - [2026-01-24T02:52:17.654+0000] {dag.py:3954} INFO - Setting next_dagrun for simple_3_task_dag to 2026-01-23 00:00:00+00:00, run_after=2026-01-24 00:00:00+00:00
[2026-01-24T02:52:17.878+0000] {processor.py:183} INFO - Processing /opt/airflow/dags/irst_dag.py took 0.480 seconds
[2026-01-24T02:52:49.198+0000] {processor.py:161} INFO - Started process (PID=5655) to work on /opt/airflow/dags/irst_dag.py
[2026-01-24T02:52:49.205+0000] {processor.py:830} INFO - Processing file /opt/airflow/dags/irst_dag.py for tasks to queue
[2026-01-24T02:52:49.219+0000] {logging_mixin.py:188} INFO - [2026-01-24T02:52:49.218+0000] {dagbag.py:545} INFO - Filling up the DagBag from /opt/airflow/dags/irst_dag.py
[2026-01-24T02:52:49.422+0000] {processor.py:840} INFO - DAG(s) 'simple_3_task_dag' retrieved from /opt/airflow/dags/irst_dag.py
[2026-01-24T02:52:49.565+0000] {logging_mixin.py:188} INFO - [2026-01-24T02:52:49.564+0000] {dag.py:3096} INFO - Sync 1 DAGs
[2026-01-24T02:52:49.655+0000] {logging_mixin.py:188} INFO - [2026-01-24T02:52:49.654+0000] {dag.py:3954} INFO - Setting next_dagrun for simple_3_task_dag to 2026-01-23 00:00:00+00:00, run_after=2026-01-24 00:00:00+00:00
[2026-01-24T02:52:49.858+0000] {processor.py:183} INFO - Processing /opt/airflow/dags/irst_dag.py took 0.699 seconds
[2026-01-24T02:53:20.328+0000] {processor.py:161} INFO - Started process (PID=5665) to work on /opt/airflow/dags/irst_dag.py
[2026-01-24T02:53:20.331+0000] {processor.py:830} INFO - Processing file /opt/airflow/dags/irst_dag.py for tasks to queue
[2026-01-24T02:53:20.337+0000] {logging_mixin.py:188} INFO - [2026-01-24T02:53:20.336+0000] {dagbag.py:545} INFO - Filling up the DagBag from /opt/airflow/dags/irst_dag.py
[2026-01-24T02:53:20.403+0000] {processor.py:840} INFO - DAG(s) 'simple_3_task_dag' retrieved from /opt/airflow/dags/irst_dag.py
[2026-01-24T02:53:20.489+0000] {logging_mixin.py:188} INFO - [2026-01-24T02:53:20.489+0000] {dag.py:3096} INFO - Sync 1 DAGs
[2026-01-24T02:53:20.563+0000] {logging_mixin.py:188} INFO - [2026-01-24T02:53:20.562+0000] {dag.py:3954} INFO - Setting next_dagrun for simple_3_task_dag to 2026-01-23 00:00:00+00:00, run_after=2026-01-24 00:00:00+00:00
[2026-01-24T02:53:20.781+0000] {processor.py:183} INFO - Processing /opt/airflow/dags/irst_dag.py took 0.470 seconds
[2026-01-24T02:53:51.793+0000] {processor.py:161} INFO - Started process (PID=5675) to work on /opt/airflow/dags/irst_dag.py
[2026-01-24T02:53:51.798+0000] {processor.py:830} INFO - Processing file /opt/airflow/dags/irst_dag.py for tasks to queue
[2026-01-24T02:53:51.804+0000] {logging_mixin.py:188} INFO - [2026-01-24T02:53:51.803+0000] {dagbag.py:545} INFO - Filling up the DagBag from /opt/airflow/dags/irst_dag.py
[2026-01-24T02:53:52.094+0000] {processor.py:840} INFO - DAG(s) 'simple_3_task_dag' retrieved from /opt/airflow/dags/irst_dag.py
[2026-01-24T02:53:52.180+0000] {logging_mixin.py:188} INFO - [2026-01-24T02:53:52.179+0000] {dag.py:3096} INFO - Sync 1 DAGs
[2026-01-24T02:53:52.244+0000] {logging_mixin.py:188} INFO - [2026-01-24T02:53:52.243+0000] {dag.py:3954} INFO - Setting next_dagrun for simple_3_task_dag to 2026-01-23 00:00:00+00:00, run_after=2026-01-24 00:00:00+00:00
[2026-01-24T02:53:52.462+0000] {processor.py:183} INFO - Processing /opt/airflow/dags/irst_dag.py took 0.697 seconds
[2026-01-24T02:54:23.310+0000] {processor.py:161} INFO - Started process (PID=5685) to work on /opt/airflow/dags/irst_dag.py
[2026-01-24T02:54:23.314+0000] {processor.py:830} INFO - Processing file /opt/airflow/dags/irst_dag.py for tasks to queue
[2026-01-24T02:54:23.320+0000] {logging_mixin.py:188} INFO - [2026-01-24T02:54:23.319+0000] {dagbag.py:545} INFO - Filling up the DagBag from /opt/airflow/dags/irst_dag.py
[2026-01-24T02:54:23.395+0000] {processor.py:840} INFO - DAG(s) 'simple_3_task_dag' retrieved from /opt/airflow/dags/irst_dag.py
[2026-01-24T02:54:23.481+0000] {logging_mixin.py:188} INFO - [2026-01-24T02:54:23.481+0000] {dag.py:3096} INFO - Sync 1 DAGs
[2026-01-24T02:54:23.570+0000] {logging_mixin.py:188} INFO - [2026-01-24T02:54:23.562+0000] {dag.py:3954} INFO - Setting next_dagrun for simple_3_task_dag to 2026-01-23 00:00:00+00:00, run_after=2026-01-24 00:00:00+00:00
[2026-01-24T02:54:23.856+0000] {processor.py:183} INFO - Processing /opt/airflow/dags/irst_dag.py took 0.565 seconds
[2026-01-24T02:54:54.347+0000] {processor.py:161} INFO - Started process (PID=5695) to work on /opt/airflow/dags/irst_dag.py
[2026-01-24T02:54:54.348+0000] {processor.py:830} INFO - Processing file /opt/airflow/dags/irst_dag.py for tasks to queue
[2026-01-24T02:54:54.351+0000] {logging_mixin.py:188} INFO - [2026-01-24T02:54:54.350+0000] {dagbag.py:545} INFO - Filling up the DagBag from /opt/airflow/dags/irst_dag.py
[2026-01-24T02:54:54.371+0000] {processor.py:840} INFO - DAG(s) 'simple_3_task_dag' retrieved from /opt/airflow/dags/irst_dag.py
[2026-01-24T02:54:54.409+0000] {logging_mixin.py:188} INFO - [2026-01-24T02:54:54.409+0000] {dag.py:3096} INFO - Sync 1 DAGs
[2026-01-24T02:54:54.438+0000] {logging_mixin.py:188} INFO - [2026-01-24T02:54:54.438+0000] {dag.py:3954} INFO - Setting next_dagrun for simple_3_task_dag to 2026-01-23 00:00:00+00:00, run_after=2026-01-24 00:00:00+00:00
[2026-01-24T02:54:54.509+0000] {processor.py:183} INFO - Processing /opt/airflow/dags/irst_dag.py took 0.168 seconds
[2026-01-24T02:55:24.783+0000] {processor.py:161} INFO - Started process (PID=5705) to work on /opt/airflow/dags/irst_dag.py
[2026-01-24T02:55:24.784+0000] {processor.py:830} INFO - Processing file /opt/airflow/dags/irst_dag.py for tasks to queue
[2026-01-24T02:55:24.787+0000] {logging_mixin.py:188} INFO - [2026-01-24T02:55:24.787+0000] {dagbag.py:545} INFO - Filling up the DagBag from /opt/airflow/dags/irst_dag.py
[2026-01-24T02:55:24.814+0000] {processor.py:840} INFO - DAG(s) 'simple_3_task_dag' retrieved from /opt/airflow/dags/irst_dag.py
[2026-01-24T02:55:24.847+0000] {logging_mixin.py:188} INFO - [2026-01-24T02:55:24.846+0000] {dag.py:3096} INFO - Sync 1 DAGs
[2026-01-24T02:55:24.882+0000] {logging_mixin.py:188} INFO - [2026-01-24T02:55:24.882+0000] {dag.py:3954} INFO - Setting next_dagrun for simple_3_task_dag to 2026-01-23 00:00:00+00:00, run_after=2026-01-24 00:00:00+00:00
[2026-01-24T02:55:24.966+0000] {processor.py:183} INFO - Processing /opt/airflow/dags/irst_dag.py took 0.190 seconds
[2026-01-24T02:55:55.403+0000] {processor.py:161} INFO - Started process (PID=5715) to work on /opt/airflow/dags/irst_dag.py
[2026-01-24T02:55:55.405+0000] {processor.py:830} INFO - Processing file /opt/airflow/dags/irst_dag.py for tasks to queue
[2026-01-24T02:55:55.408+0000] {logging_mixin.py:188} INFO - [2026-01-24T02:55:55.407+0000] {dagbag.py:545} INFO - Filling up the DagBag from /opt/airflow/dags/irst_dag.py
[2026-01-24T02:55:55.437+0000] {processor.py:840} INFO - DAG(s) 'simple_3_task_dag' retrieved from /opt/airflow/dags/irst_dag.py
[2026-01-24T02:55:55.478+0000] {logging_mixin.py:188} INFO - [2026-01-24T02:55:55.477+0000] {dag.py:3096} INFO - Sync 1 DAGs
[2026-01-24T02:55:55.511+0000] {logging_mixin.py:188} INFO - [2026-01-24T02:55:55.510+0000] {dag.py:3954} INFO - Setting next_dagrun for simple_3_task_dag to 2026-01-23 00:00:00+00:00, run_after=2026-01-24 00:00:00+00:00
[2026-01-24T02:55:55.612+0000] {processor.py:183} INFO - Processing /opt/airflow/dags/irst_dag.py took 0.216 seconds
[2026-01-24T02:56:25.935+0000] {processor.py:161} INFO - Started process (PID=5725) to work on /opt/airflow/dags/irst_dag.py
[2026-01-24T02:56:25.937+0000] {processor.py:830} INFO - Processing file /opt/airflow/dags/irst_dag.py for tasks to queue
[2026-01-24T02:56:25.939+0000] {logging_mixin.py:188} INFO - [2026-01-24T02:56:25.939+0000] {dagbag.py:545} INFO - Filling up the DagBag from /opt/airflow/dags/irst_dag.py
[2026-01-24T02:56:25.970+0000] {processor.py:840} INFO - DAG(s) 'simple_3_task_dag' retrieved from /opt/airflow/dags/irst_dag.py
[2026-01-24T02:56:26.004+0000] {logging_mixin.py:188} INFO - [2026-01-24T02:56:26.004+0000] {dag.py:3096} INFO - Sync 1 DAGs
[2026-01-24T02:56:26.032+0000] {logging_mixin.py:188} INFO - [2026-01-24T02:56:26.031+0000] {dag.py:3954} INFO - Setting next_dagrun for simple_3_task_dag to 2026-01-23 00:00:00+00:00, run_after=2026-01-24 00:00:00+00:00
[2026-01-24T02:56:26.110+0000] {processor.py:183} INFO - Processing /opt/airflow/dags/irst_dag.py took 0.181 seconds
[2026-01-24T02:56:56.314+0000] {processor.py:161} INFO - Started process (PID=5735) to work on /opt/airflow/dags/irst_dag.py
[2026-01-24T02:56:56.316+0000] {processor.py:830} INFO - Processing file /opt/airflow/dags/irst_dag.py for tasks to queue
[2026-01-24T02:56:56.317+0000] {logging_mixin.py:188} INFO - [2026-01-24T02:56:56.317+0000] {dagbag.py:545} INFO - Filling up the DagBag from /opt/airflow/dags/irst_dag.py
[2026-01-24T02:56:56.338+0000] {processor.py:840} INFO - DAG(s) 'simple_3_task_dag' retrieved from /opt/airflow/dags/irst_dag.py
[2026-01-24T02:56:56.365+0000] {logging_mixin.py:188} INFO - [2026-01-24T02:56:56.365+0000] {dag.py:3096} INFO - Sync 1 DAGs
[2026-01-24T02:56:56.393+0000] {logging_mixin.py:188} INFO - [2026-01-24T02:56:56.393+0000] {dag.py:3954} INFO - Setting next_dagrun for simple_3_task_dag to 2026-01-23 00:00:00+00:00, run_after=2026-01-24 00:00:00+00:00
[2026-01-24T02:56:56.473+0000] {processor.py:183} INFO - Processing /opt/airflow/dags/irst_dag.py took 0.165 seconds
[2026-01-24T02:57:26.760+0000] {processor.py:161} INFO - Started process (PID=5745) to work on /opt/airflow/dags/irst_dag.py
[2026-01-24T02:57:26.761+0000] {processor.py:830} INFO - Processing file /opt/airflow/dags/irst_dag.py for tasks to queue
[2026-01-24T02:57:26.765+0000] {logging_mixin.py:188} INFO - [2026-01-24T02:57:26.764+0000] {dagbag.py:545} INFO - Filling up the DagBag from /opt/airflow/dags/irst_dag.py
[2026-01-24T02:57:26.793+0000] {processor.py:840} INFO - DAG(s) 'simple_3_task_dag' retrieved from /opt/airflow/dags/irst_dag.py
[2026-01-24T02:57:26.829+0000] {logging_mixin.py:188} INFO - [2026-01-24T02:57:26.829+0000] {dag.py:3096} INFO - Sync 1 DAGs
[2026-01-24T02:57:26.864+0000] {logging_mixin.py:188} INFO - [2026-01-24T02:57:26.864+0000] {dag.py:3954} INFO - Setting next_dagrun for simple_3_task_dag to 2026-01-23 00:00:00+00:00, run_after=2026-01-24 00:00:00+00:00
[2026-01-24T02:57:26.942+0000] {processor.py:183} INFO - Processing /opt/airflow/dags/irst_dag.py took 0.189 seconds
