[2026-01-24T02:48:57.440+0000] {processor.py:161} INFO - Started process (PID=5580) to work on /opt/airflow/dags/XcomExmpleDag.py
[2026-01-24T02:48:57.444+0000] {processor.py:830} INFO - Processing file /opt/airflow/dags/XcomExmpleDag.py for tasks to queue
[2026-01-24T02:48:57.451+0000] {logging_mixin.py:188} INFO - [2026-01-24T02:48:57.450+0000] {dagbag.py:545} INFO - Filling up the DagBag from /opt/airflow/dags/XcomExmpleDag.py
[2026-01-24T02:48:57.504+0000] {logging_mixin.py:188} INFO - [2026-01-24T02:48:57.502+0000] {dagbag.py:355} ERROR - Failed to import: /opt/airflow/dags/XcomExmpleDag.py
Traceback (most recent call last):
  File "/home/airflow/.local/lib/python3.10/site-packages/airflow/models/dagbag.py", line 351, in parse
    loader.exec_module(new_module)
  File "<frozen importlib._bootstrap_external>", line 879, in exec_module
  File "<frozen importlib._bootstrap_external>", line 1017, in get_code
  File "<frozen importlib._bootstrap_external>", line 947, in source_to_code
  File "<frozen importlib._bootstrap>", line 241, in _call_with_frames_removed
  File "/opt/airflow/dags/XcomExmpleDag.py", line 11
    context['it'].xcom_pull('file_size_count':100)
                                             ^
SyntaxError: invalid syntax
[2026-01-24T02:48:57.507+0000] {processor.py:842} WARNING - No viable dags retrieved from /opt/airflow/dags/XcomExmpleDag.py
[2026-01-24T02:48:57.618+0000] {processor.py:183} INFO - Processing /opt/airflow/dags/XcomExmpleDag.py took 0.207 seconds
[2026-01-24T02:49:30.077+0000] {processor.py:161} INFO - Started process (PID=5590) to work on /opt/airflow/dags/XcomExmpleDag.py
[2026-01-24T02:49:30.081+0000] {processor.py:830} INFO - Processing file /opt/airflow/dags/XcomExmpleDag.py for tasks to queue
[2026-01-24T02:49:30.087+0000] {logging_mixin.py:188} INFO - [2026-01-24T02:49:30.086+0000] {dagbag.py:545} INFO - Filling up the DagBag from /opt/airflow/dags/XcomExmpleDag.py
[2026-01-24T02:49:30.146+0000] {logging_mixin.py:188} INFO - [2026-01-24T02:49:30.145+0000] {dagbag.py:355} ERROR - Failed to import: /opt/airflow/dags/XcomExmpleDag.py
Traceback (most recent call last):
  File "/home/airflow/.local/lib/python3.10/site-packages/airflow/models/dagbag.py", line 351, in parse
    loader.exec_module(new_module)
  File "<frozen importlib._bootstrap_external>", line 879, in exec_module
  File "<frozen importlib._bootstrap_external>", line 1017, in get_code
  File "<frozen importlib._bootstrap_external>", line 947, in source_to_code
  File "<frozen importlib._bootstrap>", line 241, in _call_with_frames_removed
  File "/opt/airflow/dags/XcomExmpleDag.py", line 11
    context['it'].xcom_pull('file_size_count':100)
                                             ^
SyntaxError: invalid syntax
[2026-01-24T02:49:30.148+0000] {processor.py:842} WARNING - No viable dags retrieved from /opt/airflow/dags/XcomExmpleDag.py
[2026-01-24T02:49:30.271+0000] {processor.py:183} INFO - Processing /opt/airflow/dags/XcomExmpleDag.py took 0.211 seconds
[2026-01-24T02:50:01.808+0000] {processor.py:161} INFO - Started process (PID=5600) to work on /opt/airflow/dags/XcomExmpleDag.py
[2026-01-24T02:50:01.812+0000] {processor.py:830} INFO - Processing file /opt/airflow/dags/XcomExmpleDag.py for tasks to queue
[2026-01-24T02:50:01.817+0000] {logging_mixin.py:188} INFO - [2026-01-24T02:50:01.816+0000] {dagbag.py:545} INFO - Filling up the DagBag from /opt/airflow/dags/XcomExmpleDag.py
[2026-01-24T02:50:01.879+0000] {logging_mixin.py:188} INFO - [2026-01-24T02:50:01.877+0000] {dagbag.py:355} ERROR - Failed to import: /opt/airflow/dags/XcomExmpleDag.py
Traceback (most recent call last):
  File "/home/airflow/.local/lib/python3.10/site-packages/airflow/models/dagbag.py", line 351, in parse
    loader.exec_module(new_module)
  File "<frozen importlib._bootstrap_external>", line 879, in exec_module
  File "<frozen importlib._bootstrap_external>", line 1017, in get_code
  File "<frozen importlib._bootstrap_external>", line 947, in source_to_code
  File "<frozen importlib._bootstrap>", line 241, in _call_with_frames_removed
  File "/opt/airflow/dags/XcomExmpleDag.py", line 11
    context['it'].xcom_pull('file_size_count':100)
                                             ^
SyntaxError: invalid syntax
[2026-01-24T02:50:01.881+0000] {processor.py:842} WARNING - No viable dags retrieved from /opt/airflow/dags/XcomExmpleDag.py
[2026-01-24T02:50:02.014+0000] {processor.py:183} INFO - Processing /opt/airflow/dags/XcomExmpleDag.py took 0.222 seconds
[2026-01-24T02:50:32.716+0000] {processor.py:161} INFO - Started process (PID=5610) to work on /opt/airflow/dags/XcomExmpleDag.py
[2026-01-24T02:50:32.720+0000] {processor.py:830} INFO - Processing file /opt/airflow/dags/XcomExmpleDag.py for tasks to queue
[2026-01-24T02:50:32.727+0000] {logging_mixin.py:188} INFO - [2026-01-24T02:50:32.726+0000] {dagbag.py:545} INFO - Filling up the DagBag from /opt/airflow/dags/XcomExmpleDag.py
[2026-01-24T02:50:32.794+0000] {logging_mixin.py:188} INFO - [2026-01-24T02:50:32.791+0000] {dagbag.py:355} ERROR - Failed to import: /opt/airflow/dags/XcomExmpleDag.py
Traceback (most recent call last):
  File "/home/airflow/.local/lib/python3.10/site-packages/airflow/models/dagbag.py", line 351, in parse
    loader.exec_module(new_module)
  File "<frozen importlib._bootstrap_external>", line 879, in exec_module
  File "<frozen importlib._bootstrap_external>", line 1017, in get_code
  File "<frozen importlib._bootstrap_external>", line 947, in source_to_code
  File "<frozen importlib._bootstrap>", line 241, in _call_with_frames_removed
  File "/opt/airflow/dags/XcomExmpleDag.py", line 11
    context['it'].xcom_pull('file_size_count':100)
                                             ^
SyntaxError: invalid syntax
[2026-01-24T02:50:32.797+0000] {processor.py:842} WARNING - No viable dags retrieved from /opt/airflow/dags/XcomExmpleDag.py
[2026-01-24T02:50:33.011+0000] {processor.py:183} INFO - Processing /opt/airflow/dags/XcomExmpleDag.py took 0.322 seconds
[2026-01-24T02:51:03.424+0000] {processor.py:161} INFO - Started process (PID=5620) to work on /opt/airflow/dags/XcomExmpleDag.py
[2026-01-24T02:51:03.428+0000] {processor.py:830} INFO - Processing file /opt/airflow/dags/XcomExmpleDag.py for tasks to queue
[2026-01-24T02:51:03.435+0000] {logging_mixin.py:188} INFO - [2026-01-24T02:51:03.433+0000] {dagbag.py:545} INFO - Filling up the DagBag from /opt/airflow/dags/XcomExmpleDag.py
[2026-01-24T02:51:03.487+0000] {logging_mixin.py:188} INFO - [2026-01-24T02:51:03.485+0000] {dagbag.py:355} ERROR - Failed to import: /opt/airflow/dags/XcomExmpleDag.py
Traceback (most recent call last):
  File "/home/airflow/.local/lib/python3.10/site-packages/airflow/models/dagbag.py", line 351, in parse
    loader.exec_module(new_module)
  File "<frozen importlib._bootstrap_external>", line 879, in exec_module
  File "<frozen importlib._bootstrap_external>", line 1017, in get_code
  File "<frozen importlib._bootstrap_external>", line 947, in source_to_code
  File "<frozen importlib._bootstrap>", line 241, in _call_with_frames_removed
  File "/opt/airflow/dags/XcomExmpleDag.py", line 11
    context['it'].xcom_pull('file_size_count':100)
                                             ^
SyntaxError: invalid syntax
[2026-01-24T02:51:03.489+0000] {processor.py:842} WARNING - No viable dags retrieved from /opt/airflow/dags/XcomExmpleDag.py
[2026-01-24T02:51:03.602+0000] {processor.py:183} INFO - Processing /opt/airflow/dags/XcomExmpleDag.py took 0.198 seconds
[2026-01-24T02:51:35.007+0000] {processor.py:161} INFO - Started process (PID=5630) to work on /opt/airflow/dags/XcomExmpleDag.py
[2026-01-24T02:51:35.011+0000] {processor.py:830} INFO - Processing file /opt/airflow/dags/XcomExmpleDag.py for tasks to queue
[2026-01-24T02:51:35.018+0000] {logging_mixin.py:188} INFO - [2026-01-24T02:51:35.017+0000] {dagbag.py:545} INFO - Filling up the DagBag from /opt/airflow/dags/XcomExmpleDag.py
[2026-01-24T02:51:35.108+0000] {logging_mixin.py:188} INFO - [2026-01-24T02:51:35.106+0000] {dagbag.py:355} ERROR - Failed to import: /opt/airflow/dags/XcomExmpleDag.py
Traceback (most recent call last):
  File "/home/airflow/.local/lib/python3.10/site-packages/airflow/models/dagbag.py", line 351, in parse
    loader.exec_module(new_module)
  File "<frozen importlib._bootstrap_external>", line 879, in exec_module
  File "<frozen importlib._bootstrap_external>", line 1017, in get_code
  File "<frozen importlib._bootstrap_external>", line 947, in source_to_code
  File "<frozen importlib._bootstrap>", line 241, in _call_with_frames_removed
  File "/opt/airflow/dags/XcomExmpleDag.py", line 11
    context['it'].xcom_pull('file_size_count':100)
                                             ^
SyntaxError: invalid syntax
[2026-01-24T02:51:35.110+0000] {processor.py:842} WARNING - No viable dags retrieved from /opt/airflow/dags/XcomExmpleDag.py
[2026-01-24T02:51:35.260+0000] {processor.py:183} INFO - Processing /opt/airflow/dags/XcomExmpleDag.py took 0.274 seconds
[2026-01-24T02:52:06.681+0000] {processor.py:161} INFO - Started process (PID=5640) to work on /opt/airflow/dags/XcomExmpleDag.py
[2026-01-24T02:52:06.684+0000] {processor.py:830} INFO - Processing file /opt/airflow/dags/XcomExmpleDag.py for tasks to queue
[2026-01-24T02:52:06.690+0000] {logging_mixin.py:188} INFO - [2026-01-24T02:52:06.689+0000] {dagbag.py:545} INFO - Filling up the DagBag from /opt/airflow/dags/XcomExmpleDag.py
[2026-01-24T02:52:06.750+0000] {logging_mixin.py:188} INFO - [2026-01-24T02:52:06.747+0000] {dagbag.py:355} ERROR - Failed to import: /opt/airflow/dags/XcomExmpleDag.py
Traceback (most recent call last):
  File "/home/airflow/.local/lib/python3.10/site-packages/airflow/models/dagbag.py", line 351, in parse
    loader.exec_module(new_module)
  File "<frozen importlib._bootstrap_external>", line 879, in exec_module
  File "<frozen importlib._bootstrap_external>", line 1017, in get_code
  File "<frozen importlib._bootstrap_external>", line 947, in source_to_code
  File "<frozen importlib._bootstrap>", line 241, in _call_with_frames_removed
  File "/opt/airflow/dags/XcomExmpleDag.py", line 11
    context['it'].xcom_pull('file_size_count':100)
                                             ^
SyntaxError: invalid syntax
[2026-01-24T02:52:06.752+0000] {processor.py:842} WARNING - No viable dags retrieved from /opt/airflow/dags/XcomExmpleDag.py
[2026-01-24T02:52:06.890+0000] {processor.py:183} INFO - Processing /opt/airflow/dags/XcomExmpleDag.py took 0.228 seconds
[2026-01-24T02:52:38.182+0000] {processor.py:161} INFO - Started process (PID=5650) to work on /opt/airflow/dags/XcomExmpleDag.py
[2026-01-24T02:52:38.186+0000] {processor.py:830} INFO - Processing file /opt/airflow/dags/XcomExmpleDag.py for tasks to queue
[2026-01-24T02:52:38.193+0000] {logging_mixin.py:188} INFO - [2026-01-24T02:52:38.192+0000] {dagbag.py:545} INFO - Filling up the DagBag from /opt/airflow/dags/XcomExmpleDag.py
[2026-01-24T02:52:38.265+0000] {logging_mixin.py:188} INFO - [2026-01-24T02:52:38.263+0000] {dagbag.py:355} ERROR - Failed to import: /opt/airflow/dags/XcomExmpleDag.py
Traceback (most recent call last):
  File "/home/airflow/.local/lib/python3.10/site-packages/airflow/models/dagbag.py", line 351, in parse
    loader.exec_module(new_module)
  File "<frozen importlib._bootstrap_external>", line 879, in exec_module
  File "<frozen importlib._bootstrap_external>", line 1017, in get_code
  File "<frozen importlib._bootstrap_external>", line 947, in source_to_code
  File "<frozen importlib._bootstrap>", line 241, in _call_with_frames_removed
  File "/opt/airflow/dags/XcomExmpleDag.py", line 11
    context['it'].xcom_pull('file_size_count':100)
                                             ^
SyntaxError: invalid syntax
[2026-01-24T02:52:38.267+0000] {processor.py:842} WARNING - No viable dags retrieved from /opt/airflow/dags/XcomExmpleDag.py
[2026-01-24T02:52:38.396+0000] {processor.py:183} INFO - Processing /opt/airflow/dags/XcomExmpleDag.py took 0.236 seconds
[2026-01-24T02:53:08.887+0000] {processor.py:161} INFO - Started process (PID=5660) to work on /opt/airflow/dags/XcomExmpleDag.py
[2026-01-24T02:53:08.890+0000] {processor.py:830} INFO - Processing file /opt/airflow/dags/XcomExmpleDag.py for tasks to queue
[2026-01-24T02:53:08.896+0000] {logging_mixin.py:188} INFO - [2026-01-24T02:53:08.895+0000] {dagbag.py:545} INFO - Filling up the DagBag from /opt/airflow/dags/XcomExmpleDag.py
[2026-01-24T02:53:08.961+0000] {logging_mixin.py:188} INFO - [2026-01-24T02:53:08.959+0000] {dagbag.py:355} ERROR - Failed to import: /opt/airflow/dags/XcomExmpleDag.py
Traceback (most recent call last):
  File "/home/airflow/.local/lib/python3.10/site-packages/airflow/models/dagbag.py", line 351, in parse
    loader.exec_module(new_module)
  File "<frozen importlib._bootstrap_external>", line 879, in exec_module
  File "<frozen importlib._bootstrap_external>", line 1017, in get_code
  File "<frozen importlib._bootstrap_external>", line 947, in source_to_code
  File "<frozen importlib._bootstrap>", line 241, in _call_with_frames_removed
  File "/opt/airflow/dags/XcomExmpleDag.py", line 11
    context['it'].xcom_pull('file_size_count':100)
                                             ^
SyntaxError: invalid syntax
[2026-01-24T02:53:08.964+0000] {processor.py:842} WARNING - No viable dags retrieved from /opt/airflow/dags/XcomExmpleDag.py
[2026-01-24T02:53:09.089+0000] {processor.py:183} INFO - Processing /opt/airflow/dags/XcomExmpleDag.py took 0.218 seconds
[2026-01-24T02:53:40.385+0000] {processor.py:161} INFO - Started process (PID=5670) to work on /opt/airflow/dags/XcomExmpleDag.py
[2026-01-24T02:53:40.388+0000] {processor.py:830} INFO - Processing file /opt/airflow/dags/XcomExmpleDag.py for tasks to queue
[2026-01-24T02:53:40.395+0000] {logging_mixin.py:188} INFO - [2026-01-24T02:53:40.394+0000] {dagbag.py:545} INFO - Filling up the DagBag from /opt/airflow/dags/XcomExmpleDag.py
[2026-01-24T02:53:40.450+0000] {logging_mixin.py:188} INFO - [2026-01-24T02:53:40.447+0000] {dagbag.py:355} ERROR - Failed to import: /opt/airflow/dags/XcomExmpleDag.py
Traceback (most recent call last):
  File "/home/airflow/.local/lib/python3.10/site-packages/airflow/models/dagbag.py", line 351, in parse
    loader.exec_module(new_module)
  File "<frozen importlib._bootstrap_external>", line 879, in exec_module
  File "<frozen importlib._bootstrap_external>", line 1017, in get_code
  File "<frozen importlib._bootstrap_external>", line 947, in source_to_code
  File "<frozen importlib._bootstrap>", line 241, in _call_with_frames_removed
  File "/opt/airflow/dags/XcomExmpleDag.py", line 11
    context['it'].xcom_pull('file_size_count':100)
                                             ^
SyntaxError: invalid syntax
[2026-01-24T02:53:40.451+0000] {processor.py:842} WARNING - No viable dags retrieved from /opt/airflow/dags/XcomExmpleDag.py
[2026-01-24T02:53:40.564+0000] {processor.py:183} INFO - Processing /opt/airflow/dags/XcomExmpleDag.py took 0.201 seconds
[2026-01-24T02:54:10.929+0000] {processor.py:161} INFO - Started process (PID=5680) to work on /opt/airflow/dags/XcomExmpleDag.py
[2026-01-24T02:54:10.933+0000] {processor.py:830} INFO - Processing file /opt/airflow/dags/XcomExmpleDag.py for tasks to queue
[2026-01-24T02:54:10.940+0000] {logging_mixin.py:188} INFO - [2026-01-24T02:54:10.939+0000] {dagbag.py:545} INFO - Filling up the DagBag from /opt/airflow/dags/XcomExmpleDag.py
[2026-01-24T02:54:10.988+0000] {logging_mixin.py:188} INFO - [2026-01-24T02:54:10.987+0000] {dagbag.py:355} ERROR - Failed to import: /opt/airflow/dags/XcomExmpleDag.py
Traceback (most recent call last):
  File "/home/airflow/.local/lib/python3.10/site-packages/airflow/models/dagbag.py", line 351, in parse
    loader.exec_module(new_module)
  File "<frozen importlib._bootstrap_external>", line 879, in exec_module
  File "<frozen importlib._bootstrap_external>", line 1017, in get_code
  File "<frozen importlib._bootstrap_external>", line 947, in source_to_code
  File "<frozen importlib._bootstrap>", line 241, in _call_with_frames_removed
  File "/opt/airflow/dags/XcomExmpleDag.py", line 11
    context['it'].xcom_pull('file_size_count':100)
                                             ^
SyntaxError: invalid syntax
[2026-01-24T02:54:10.990+0000] {processor.py:842} WARNING - No viable dags retrieved from /opt/airflow/dags/XcomExmpleDag.py
[2026-01-24T02:54:11.114+0000] {processor.py:183} INFO - Processing /opt/airflow/dags/XcomExmpleDag.py took 0.205 seconds
[2026-01-24T02:54:41.837+0000] {processor.py:161} INFO - Started process (PID=5690) to work on /opt/airflow/dags/XcomExmpleDag.py
[2026-01-24T02:54:41.839+0000] {processor.py:830} INFO - Processing file /opt/airflow/dags/XcomExmpleDag.py for tasks to queue
[2026-01-24T02:54:41.841+0000] {logging_mixin.py:188} INFO - [2026-01-24T02:54:41.841+0000] {dagbag.py:545} INFO - Filling up the DagBag from /opt/airflow/dags/XcomExmpleDag.py
[2026-01-24T02:54:41.855+0000] {logging_mixin.py:188} INFO - [2026-01-24T02:54:41.854+0000] {dagbag.py:355} ERROR - Failed to import: /opt/airflow/dags/XcomExmpleDag.py
Traceback (most recent call last):
  File "/home/airflow/.local/lib/python3.10/site-packages/airflow/models/dagbag.py", line 351, in parse
    loader.exec_module(new_module)
  File "<frozen importlib._bootstrap_external>", line 879, in exec_module
  File "<frozen importlib._bootstrap_external>", line 1017, in get_code
  File "<frozen importlib._bootstrap_external>", line 947, in source_to_code
  File "<frozen importlib._bootstrap>", line 241, in _call_with_frames_removed
  File "/opt/airflow/dags/XcomExmpleDag.py", line 11
    context['it'].xcom_pull('file_size_count':100)
                                             ^
SyntaxError: invalid syntax
[2026-01-24T02:54:41.856+0000] {processor.py:842} WARNING - No viable dags retrieved from /opt/airflow/dags/XcomExmpleDag.py
[2026-01-24T02:54:41.898+0000] {processor.py:183} INFO - Processing /opt/airflow/dags/XcomExmpleDag.py took 0.067 seconds
[2026-01-24T02:55:12.764+0000] {processor.py:161} INFO - Started process (PID=5700) to work on /opt/airflow/dags/XcomExmpleDag.py
[2026-01-24T02:55:12.766+0000] {processor.py:830} INFO - Processing file /opt/airflow/dags/XcomExmpleDag.py for tasks to queue
[2026-01-24T02:55:12.769+0000] {logging_mixin.py:188} INFO - [2026-01-24T02:55:12.769+0000] {dagbag.py:545} INFO - Filling up the DagBag from /opt/airflow/dags/XcomExmpleDag.py
[2026-01-24T02:55:12.790+0000] {logging_mixin.py:188} INFO - [2026-01-24T02:55:12.790+0000] {dagbag.py:355} ERROR - Failed to import: /opt/airflow/dags/XcomExmpleDag.py
Traceback (most recent call last):
  File "/home/airflow/.local/lib/python3.10/site-packages/airflow/models/dagbag.py", line 351, in parse
    loader.exec_module(new_module)
  File "<frozen importlib._bootstrap_external>", line 879, in exec_module
  File "<frozen importlib._bootstrap_external>", line 1017, in get_code
  File "<frozen importlib._bootstrap_external>", line 947, in source_to_code
  File "<frozen importlib._bootstrap>", line 241, in _call_with_frames_removed
  File "/opt/airflow/dags/XcomExmpleDag.py", line 11
    context['it'].xcom_pull('file_size_count':100)
                                             ^
SyntaxError: invalid syntax
[2026-01-24T02:55:12.791+0000] {processor.py:842} WARNING - No viable dags retrieved from /opt/airflow/dags/XcomExmpleDag.py
[2026-01-24T02:55:12.840+0000] {processor.py:183} INFO - Processing /opt/airflow/dags/XcomExmpleDag.py took 0.083 seconds
[2026-01-24T02:55:43.484+0000] {processor.py:161} INFO - Started process (PID=5710) to work on /opt/airflow/dags/XcomExmpleDag.py
[2026-01-24T02:55:43.485+0000] {processor.py:830} INFO - Processing file /opt/airflow/dags/XcomExmpleDag.py for tasks to queue
[2026-01-24T02:55:43.490+0000] {logging_mixin.py:188} INFO - [2026-01-24T02:55:43.488+0000] {dagbag.py:545} INFO - Filling up the DagBag from /opt/airflow/dags/XcomExmpleDag.py
[2026-01-24T02:55:43.528+0000] {logging_mixin.py:188} INFO - [2026-01-24T02:55:43.527+0000] {dagbag.py:355} ERROR - Failed to import: /opt/airflow/dags/XcomExmpleDag.py
Traceback (most recent call last):
  File "/home/airflow/.local/lib/python3.10/site-packages/airflow/models/dagbag.py", line 351, in parse
    loader.exec_module(new_module)
  File "<frozen importlib._bootstrap_external>", line 879, in exec_module
  File "<frozen importlib._bootstrap_external>", line 1017, in get_code
  File "<frozen importlib._bootstrap_external>", line 947, in source_to_code
  File "<frozen importlib._bootstrap>", line 241, in _call_with_frames_removed
  File "/opt/airflow/dags/XcomExmpleDag.py", line 11
    context['it'].xcom_pull('file_size_count':100)
                                             ^
SyntaxError: invalid syntax
[2026-01-24T02:55:43.529+0000] {processor.py:842} WARNING - No viable dags retrieved from /opt/airflow/dags/XcomExmpleDag.py
[2026-01-24T02:55:43.601+0000] {processor.py:183} INFO - Processing /opt/airflow/dags/XcomExmpleDag.py took 0.125 seconds
[2026-01-24T02:56:13.897+0000] {processor.py:161} INFO - Started process (PID=5720) to work on /opt/airflow/dags/XcomExmpleDag.py
[2026-01-24T02:56:13.899+0000] {processor.py:830} INFO - Processing file /opt/airflow/dags/XcomExmpleDag.py for tasks to queue
[2026-01-24T02:56:13.902+0000] {logging_mixin.py:188} INFO - [2026-01-24T02:56:13.902+0000] {dagbag.py:545} INFO - Filling up the DagBag from /opt/airflow/dags/XcomExmpleDag.py
[2026-01-24T02:56:13.922+0000] {logging_mixin.py:188} INFO - [2026-01-24T02:56:13.921+0000] {dagbag.py:355} ERROR - Failed to import: /opt/airflow/dags/XcomExmpleDag.py
Traceback (most recent call last):
  File "/home/airflow/.local/lib/python3.10/site-packages/airflow/models/dagbag.py", line 351, in parse
    loader.exec_module(new_module)
  File "<frozen importlib._bootstrap_external>", line 879, in exec_module
  File "<frozen importlib._bootstrap_external>", line 1017, in get_code
  File "<frozen importlib._bootstrap_external>", line 947, in source_to_code
  File "<frozen importlib._bootstrap>", line 241, in _call_with_frames_removed
  File "/opt/airflow/dags/XcomExmpleDag.py", line 11
    context['it'].xcom_pull('file_size_count':100)
                                             ^
SyntaxError: invalid syntax
[2026-01-24T02:56:13.922+0000] {processor.py:842} WARNING - No viable dags retrieved from /opt/airflow/dags/XcomExmpleDag.py
[2026-01-24T02:56:13.967+0000] {processor.py:183} INFO - Processing /opt/airflow/dags/XcomExmpleDag.py took 0.077 seconds
[2026-01-24T02:56:44.540+0000] {processor.py:161} INFO - Started process (PID=5730) to work on /opt/airflow/dags/XcomExmpleDag.py
[2026-01-24T02:56:44.541+0000] {processor.py:830} INFO - Processing file /opt/airflow/dags/XcomExmpleDag.py for tasks to queue
[2026-01-24T02:56:44.544+0000] {logging_mixin.py:188} INFO - [2026-01-24T02:56:44.544+0000] {dagbag.py:545} INFO - Filling up the DagBag from /opt/airflow/dags/XcomExmpleDag.py
[2026-01-24T02:56:44.564+0000] {logging_mixin.py:188} INFO - [2026-01-24T02:56:44.563+0000] {dagbag.py:355} ERROR - Failed to import: /opt/airflow/dags/XcomExmpleDag.py
Traceback (most recent call last):
  File "/home/airflow/.local/lib/python3.10/site-packages/airflow/models/dagbag.py", line 351, in parse
    loader.exec_module(new_module)
  File "<frozen importlib._bootstrap_external>", line 879, in exec_module
  File "<frozen importlib._bootstrap_external>", line 1017, in get_code
  File "<frozen importlib._bootstrap_external>", line 947, in source_to_code
  File "<frozen importlib._bootstrap>", line 241, in _call_with_frames_removed
  File "/opt/airflow/dags/XcomExmpleDag.py", line 11
    context['it'].xcom_pull('file_size_count':100)
                                             ^
SyntaxError: invalid syntax
[2026-01-24T02:56:44.564+0000] {processor.py:842} WARNING - No viable dags retrieved from /opt/airflow/dags/XcomExmpleDag.py
[2026-01-24T02:56:44.607+0000] {processor.py:183} INFO - Processing /opt/airflow/dags/XcomExmpleDag.py took 0.073 seconds
[2026-01-24T02:57:15.395+0000] {processor.py:161} INFO - Started process (PID=5740) to work on /opt/airflow/dags/XcomExmpleDag.py
[2026-01-24T02:57:15.396+0000] {processor.py:830} INFO - Processing file /opt/airflow/dags/XcomExmpleDag.py for tasks to queue
[2026-01-24T02:57:15.399+0000] {logging_mixin.py:188} INFO - [2026-01-24T02:57:15.398+0000] {dagbag.py:545} INFO - Filling up the DagBag from /opt/airflow/dags/XcomExmpleDag.py
[2026-01-24T02:57:15.413+0000] {logging_mixin.py:188} INFO - [2026-01-24T02:57:15.412+0000] {dagbag.py:355} ERROR - Failed to import: /opt/airflow/dags/XcomExmpleDag.py
Traceback (most recent call last):
  File "/home/airflow/.local/lib/python3.10/site-packages/airflow/models/dagbag.py", line 351, in parse
    loader.exec_module(new_module)
  File "<frozen importlib._bootstrap_external>", line 879, in exec_module
  File "<frozen importlib._bootstrap_external>", line 1017, in get_code
  File "<frozen importlib._bootstrap_external>", line 947, in source_to_code
  File "<frozen importlib._bootstrap>", line 241, in _call_with_frames_removed
  File "/opt/airflow/dags/XcomExmpleDag.py", line 11
    context['it'].xcom_pull('file_size_count':100)
                                             ^
SyntaxError: invalid syntax
[2026-01-24T02:57:15.413+0000] {processor.py:842} WARNING - No viable dags retrieved from /opt/airflow/dags/XcomExmpleDag.py
[2026-01-24T02:57:15.464+0000] {processor.py:183} INFO - Processing /opt/airflow/dags/XcomExmpleDag.py took 0.074 seconds
