[2026-01-03T14:37:48.016+0000] {local_task_job_runner.py:120} INFO - ::group::Pre task execution logs
[2026-01-03T14:37:48.092+0000] {taskinstance.py:2076} INFO - Dependencies all met for dep_context=non-requeueable deps ti=<TaskInstance: PythonAndBranPythonDemo.check_file scheduled__2026-01-03T10:10:00+00:00 [queued]>
[2026-01-03T14:37:48.125+0000] {taskinstance.py:2076} INFO - Dependencies all met for dep_context=requeueable deps ti=<TaskInstance: PythonAndBranPythonDemo.check_file scheduled__2026-01-03T10:10:00+00:00 [queued]>
[2026-01-03T14:37:48.127+0000] {taskinstance.py:2306} INFO - Starting attempt 1 of 1
[2026-01-03T14:37:48.236+0000] {taskinstance.py:2330} INFO - Executing <Task(BranchPythonOperator): check_file> on 2026-01-03 10:10:00+00:00
[2026-01-03T14:37:48.250+0000] {standard_task_runner.py:63} INFO - Started process 3883 to run task
[2026-01-03T14:37:48.262+0000] {standard_task_runner.py:90} INFO - Running: ['airflow', 'tasks', 'run', 'PythonAndBranPythonDemo', 'check_file', 'scheduled__2026-01-03T10:10:00+00:00', '--job-id', '94', '--raw', '--subdir', 'DAGS_FOLDER/PythonAndBranchPythonExample.py', '--cfg-path', '/tmp/tmpbbwdewz0']
[2026-01-03T14:37:48.268+0000] {standard_task_runner.py:91} INFO - Job 94: Subtask check_file
[2026-01-03T14:37:48.508+0000] {task_command.py:426} INFO - Running <TaskInstance: PythonAndBranPythonDemo.check_file scheduled__2026-01-03T10:10:00+00:00 [running]> on host 2606720bf4f4
[2026-01-03T14:37:48.852+0000] {taskinstance.py:2648} INFO - Exporting env vars: AIRFLOW_CTX_DAG_OWNER='airflow' AIRFLOW_CTX_DAG_ID='PythonAndBranPythonDemo' AIRFLOW_CTX_TASK_ID='check_file' AIRFLOW_CTX_EXECUTION_DATE='2026-01-03T10:10:00+00:00' AIRFLOW_CTX_TRY_NUMBER='1' AIRFLOW_CTX_DAG_RUN_ID='scheduled__2026-01-03T10:10:00+00:00'
[2026-01-03T14:37:48.854+0000] {taskinstance.py:430} INFO - ::endgroup::
[2026-01-03T14:37:48.882+0000] {baseoperator.py:399} WARNING - BranchPythonOperator.execute cannot be called outside TaskInstance!
[2026-01-03T14:37:48.883+0000] {python.py:237} INFO - Done. Returned value was: end_task
[2026-01-03T14:37:48.884+0000] {branch.py:36} INFO - Branch into end_task
[2026-01-03T14:37:48.885+0000] {skipmixin.py:178} INFO - Following branch end_task
[2026-01-03T14:37:48.914+0000] {skipmixin.py:246} INFO - Skipping tasks [('load_data_bigquery_task', -1)]
[2026-01-03T14:37:49.143+0000] {taskinstance.py:441} INFO - ::group::Post task execution logs
[2026-01-03T14:37:49.234+0000] {taskinstance.py:1206} INFO - Marking task as SUCCESS. dag_id=PythonAndBranPythonDemo, task_id=check_file, run_id=scheduled__2026-01-03T10:10:00+00:00, execution_date=20260103T101000, start_date=20260103T143748, end_date=20260103T143749
[2026-01-03T14:37:49.362+0000] {local_task_job_runner.py:240} INFO - Task exited with return code 0
[2026-01-03T14:37:49.436+0000] {taskinstance.py:3498} INFO - 0 downstream tasks scheduled from follow-on schedule check
[2026-01-03T14:37:49.514+0000] {local_task_job_runner.py:222} INFO - ::endgroup::
