[2026-01-03T14:35:05.861+0000] {local_task_job_runner.py:120} INFO - ::group::Pre task execution logs
[2026-01-03T14:35:06.046+0000] {taskinstance.py:2076} INFO - Dependencies all met for dep_context=non-requeueable deps ti=<TaskInstance: PythonAndBranPythonDemo.check_file scheduled__2026-01-03T00:10:00+00:00 [queued]>
[2026-01-03T14:35:06.076+0000] {taskinstance.py:2076} INFO - Dependencies all met for dep_context=requeueable deps ti=<TaskInstance: PythonAndBranPythonDemo.check_file scheduled__2026-01-03T00:10:00+00:00 [queued]>
[2026-01-03T14:35:06.077+0000] {taskinstance.py:2306} INFO - Starting attempt 1 of 1
[2026-01-03T14:35:06.159+0000] {taskinstance.py:2330} INFO - Executing <Task(BranchPythonOperator): check_file> on 2026-01-03 00:10:00+00:00
[2026-01-03T14:35:06.168+0000] {standard_task_runner.py:63} INFO - Started process 3691 to run task
[2026-01-03T14:35:06.179+0000] {standard_task_runner.py:90} INFO - Running: ['airflow', 'tasks', 'run', 'PythonAndBranPythonDemo', 'check_file', 'scheduled__2026-01-03T00:10:00+00:00', '--job-id', '77', '--raw', '--subdir', 'DAGS_FOLDER/PythonAndBranchPythonExample.py', '--cfg-path', '/tmp/tmp3_iey01v']
[2026-01-03T14:35:06.183+0000] {standard_task_runner.py:91} INFO - Job 77: Subtask check_file
[2026-01-03T14:35:06.404+0000] {task_command.py:426} INFO - Running <TaskInstance: PythonAndBranPythonDemo.check_file scheduled__2026-01-03T00:10:00+00:00 [running]> on host 2606720bf4f4
[2026-01-03T14:35:06.846+0000] {taskinstance.py:2648} INFO - Exporting env vars: AIRFLOW_CTX_DAG_OWNER='airflow' AIRFLOW_CTX_DAG_ID='PythonAndBranPythonDemo' AIRFLOW_CTX_TASK_ID='check_file' AIRFLOW_CTX_EXECUTION_DATE='2026-01-03T00:10:00+00:00' AIRFLOW_CTX_TRY_NUMBER='1' AIRFLOW_CTX_DAG_RUN_ID='scheduled__2026-01-03T00:10:00+00:00'
[2026-01-03T14:35:06.850+0000] {taskinstance.py:430} INFO - ::endgroup::
[2026-01-03T14:35:06.880+0000] {baseoperator.py:399} WARNING - BranchPythonOperator.execute cannot be called outside TaskInstance!
[2026-01-03T14:35:06.882+0000] {python.py:237} INFO - Done. Returned value was: load_data_bigquery_task
[2026-01-03T14:35:06.883+0000] {branch.py:36} INFO - Branch into load_data_bigquery_task
[2026-01-03T14:35:06.885+0000] {skipmixin.py:178} INFO - Following branch load_data_bigquery_task
[2026-01-03T14:35:06.941+0000] {skipmixin.py:246} INFO - Skipping tasks []
[2026-01-03T14:35:07.082+0000] {taskinstance.py:441} INFO - ::group::Post task execution logs
[2026-01-03T14:35:07.205+0000] {taskinstance.py:1206} INFO - Marking task as SUCCESS. dag_id=PythonAndBranPythonDemo, task_id=check_file, run_id=scheduled__2026-01-03T00:10:00+00:00, execution_date=20260103T001000, start_date=20260103T143506, end_date=20260103T143507
[2026-01-03T14:35:07.321+0000] {local_task_job_runner.py:240} INFO - Task exited with return code 0
[2026-01-03T14:35:07.444+0000] {taskinstance.py:3498} INFO - 1 downstream tasks scheduled from follow-on schedule check
[2026-01-03T14:35:07.484+0000] {local_task_job_runner.py:222} INFO - ::endgroup::
